2025-06-29 23:38:20 WARN  - [2025-06-29 23:38:20] POST /api/users/login Anonymous - Status 401 - Error: User not found with this email
2025-06-29 23:40:25 WARN  - [2025-06-29 23:40:25] POST /api/users/login Anonymous - Status 401 - Error: User not found with this email
2025-06-29 23:40:29 WARN  - [2025-06-29 23:40:29] POST /api/users/login Anonymous - Status 401 - Error: User not found with this email
2025-06-29 23:41:35 INFO  - [2025-06-29 23:41:34] POST /api/users/login Anonymous - Status 200
2025-06-29 23:41:37 INFO  - [2025-06-29 23:41:35] GET /api/users/email/ghodkeayush22@gmail.com ghodkeayush22@gmail.com - Status 200
2025-06-29 23:41:38 INFO  - [2025-06-29 23:41:37] GET /api/users/email/ghodkeayush22@gmail.com ghodkeayush22@gmail.com - Status 200
2025-06-29 23:41:40 INFO  - [2025-06-29 23:41:39] GET /api/tenants/3/projects ghodkeayush22@gmail.com - Status 200
2025-06-29 23:41:41 INFO  - [2025-06-29 23:41:40] GET /api/tenants/3/projects ghodkeayush22@gmail.com - Status 200
2025-06-29 23:41:42 INFO  - [2025-06-29 23:41:39] GET /api/tenants/3/users ghodkeayush22@gmail.com - Status 200
2025-06-29 23:41:44 INFO  - [2025-06-29 23:41:42] GET /api/tenants/3/users ghodkeayush22@gmail.com - Status 200
2025-06-29 23:41:46 INFO  - [2025-06-29 23:41:44] GET /api/tenants/3/users ghodkeayush22@gmail.com - Status 200
2025-06-29 23:41:48 INFO  - [2025-06-29 23:41:46] GET /api/tenants/3/users ghodkeayush22@gmail.com - Status 200
2025-06-29 23:41:53 INFO  - [2025-06-29 23:41:53] GET /api/timesheet-tasks/admin/summary ghodkeayush22@gmail.com - Status 200
2025-06-29 23:41:53 INFO  - [2025-06-29 23:41:53] GET /api/timesheet-tasks/admin/summary ghodkeayush22@gmail.com - Status 200
2025-06-29 23:42:10 INFO  - [2025-06-29 23:42:10] GET /api/access/getRoles ghodkeayush22@gmail.com - Status 200
2025-06-29 23:42:10 INFO  - [2025-06-29 23:42:10] GET /api/access/getRoles ghodkeayush22@gmail.com - Status 200
2025-06-29 23:42:10 INFO  - [2025-06-29 23:42:10] GET /api/tenants/3/users ghodkeayush22@gmail.com - Status 200
2025-06-29 23:42:11 INFO  - [2025-06-29 23:42:11] GET /api/timesheet-tasks/admin/summary ghodkeayush22@gmail.com - Status 200
2025-06-29 23:42:11 INFO  - [2025-06-29 23:42:11] GET /api/timesheet-tasks/admin/summary ghodkeayush22@gmail.com - Status 200
2025-06-29 23:42:11 INFO  - [2025-06-29 23:42:10] GET /api/tenants/3/users ghodkeayush22@gmail.com - Status 200
2025-06-29 23:43:30 INFO  - [2025-06-29 23:43:30] GET /api/timesheet-tasks/admin/summary ghodkeayush22@gmail.com - Status 200
2025-06-29 23:43:35 INFO  - [2025-06-29 23:43:35] GET /api/timesheet-tasks/admin/summary ghodkeayush22@gmail.com - Status 200
2025-06-29 23:43:37 INFO  - [2025-06-29 23:43:37] GET /api/tenants/3/users ghodkeayush22@gmail.com - Status 200
2025-06-29 23:43:38 INFO  - [2025-06-29 23:43:37] GET /api/tenants/3/users ghodkeayush22@gmail.com - Status 200
2025-06-29 23:43:40 INFO  - [2025-06-29 23:43:40] GET /api/access/getRoles ghodkeayush22@gmail.com - Status 200
2025-06-29 23:43:40 INFO  - [2025-06-29 23:43:40] GET /api/access/getRoles ghodkeayush22@gmail.com - Status 200
2025-06-29 23:43:40 INFO  - [2025-06-29 23:43:40] GET /api/tenants/3/users ghodkeayush22@gmail.com - Status 200
2025-06-29 23:43:41 INFO  - [2025-06-29 23:43:40] GET /api/tenants/3/users ghodkeayush22@gmail.com - Status 200
2025-06-29 23:43:48 INFO  - [2025-06-29 23:43:48] GET /api/access/getRoles ghodkeayush22@gmail.com - Status 200
2025-06-29 23:43:48 INFO  - [2025-06-29 23:43:48] GET /api/access/getRoles ghodkeayush22@gmail.com - Status 200
2025-06-29 23:44:52 INFO  - [2025-06-29 23:44:52] GET /api/timesheet-tasks/admin/summary ghodkeayush22@gmail.com - Status 200
2025-06-29 23:44:52 INFO  - [2025-06-29 23:44:52] GET /api/timesheet-tasks/admin/summary ghodkeayush22@gmail.com - Status 200
2025-06-29 23:44:52 INFO  - [2025-06-29 23:44:52] GET /api/access/getRoles ghodkeayush22@gmail.com - Status 200
2025-06-29 23:44:52 INFO  - [2025-06-29 23:44:52] GET /api/access/getRoles ghodkeayush22@gmail.com - Status 200
2025-06-29 23:44:53 INFO  - [2025-06-29 23:44:52] GET /api/tenants/3/users ghodkeayush22@gmail.com - Status 200
2025-06-29 23:44:54 INFO  - [2025-06-29 23:44:53] GET /api/tenants/3/users ghodkeayush22@gmail.com - Status 200
2025-06-29 23:45:01 INFO  - [2025-06-29 23:45:01] GET /api/users/email/ghodkeayush22@gmail.com ghodkeayush22@gmail.com - Status 200
2025-06-29 23:45:13 INFO  - [2025-06-29 23:45:12] GET /api/tenants/3/projects ghodkeayush22@gmail.com - Status 200
2025-06-29 23:45:13 INFO  - [2025-06-29 23:45:13] GET /api/tenants/3/projects ghodkeayush22@gmail.com - Status 200
2025-06-29 23:45:13 INFO  - [2025-06-29 23:45:12] GET /api/tenants/3/users ghodkeayush22@gmail.com - Status 200
2025-06-29 23:45:14 INFO  - [2025-06-29 23:45:13] GET /api/tenants/3/users ghodkeayush22@gmail.com - Status 200
2025-06-29 23:45:18 INFO  - [2025-06-29 23:45:18] GET /api/tenants/3/users ghodkeayush22@gmail.com - Status 200
2025-06-29 23:45:19 INFO  - [2025-06-29 23:45:18] GET /api/tenants/3/users ghodkeayush22@gmail.com - Status 200
2025-06-29 23:45:23 INFO  - [2025-06-29 23:45:23] GET /api/timesheet-tasks/admin/summary ghodkeayush22@gmail.com - Status 200
2025-06-29 23:45:23 INFO  - [2025-06-29 23:45:23] GET /api/timesheet-tasks/admin/summary ghodkeayush22@gmail.com - Status 200
2025-06-29 23:45:25 INFO  - [2025-06-29 23:45:25] GET /api/access/getRoles ghodkeayush22@gmail.com - Status 200
2025-06-29 23:45:25 INFO  - [2025-06-29 23:45:25] GET /api/access/getRoles ghodkeayush22@gmail.com - Status 200
2025-06-29 23:45:26 INFO  - [2025-06-29 23:45:25] GET /api/tenants/3/users ghodkeayush22@gmail.com - Status 200
2025-06-29 23:45:27 INFO  - [2025-06-29 23:45:26] GET /api/tenants/3/users ghodkeayush22@gmail.com - Status 200
2025-06-29 23:45:27 INFO  - [2025-06-29 23:45:27] GET /api/users/email/ghodkeayush22@gmail.com ghodkeayush22@gmail.com - Status 200
2025-06-29 23:45:40 INFO  - [2025-06-29 23:45:40] GET /api/access/getRoles ghodkeayush22@gmail.com - Status 200
2025-06-29 23:45:40 INFO  - [2025-06-29 23:45:40] GET /api/access/getRoles ghodkeayush22@gmail.com - Status 200
2025-06-29 23:45:49 INFO  - [2025-06-29 23:45:48] GET /api/tenants/3/projects ghodkeayush22@gmail.com - Status 200
2025-06-29 23:45:49 INFO  - [2025-06-29 23:45:49] GET /api/tenants/3/projects ghodkeayush22@gmail.com - Status 200
2025-06-29 23:45:49 INFO  - [2025-06-29 23:45:48] GET /api/tenants/3/users ghodkeayush22@gmail.com - Status 200
2025-06-29 23:45:50 INFO  - [2025-06-29 23:45:49] GET /api/tenants/3/users ghodkeayush22@gmail.com - Status 200
2025-06-29 23:45:50 INFO  - [2025-06-29 23:45:50] GET /api/users/email/ghodkeayush22@gmail.com ghodkeayush22@gmail.com - Status 200
2025-06-29 23:45:51 INFO  - [2025-06-29 23:45:51] POST /api/users/logout/5 ghodkeayush22@gmail.com - Status 200
2025-06-29 23:46:10 INFO  - [2025-06-29 23:46:10] POST /api/users/login Anonymous - Status 200
2025-06-29 23:46:11 INFO  - [2025-06-29 23:46:11] GET /api/users/email/bhagirath961778@gmail.com bhagirath961778@gmail.com - Status 200
2025-06-29 23:46:11 INFO  - [2025-06-29 23:46:11] GET /api/users/email/bhagirath961778@gmail.com bhagirath961778@gmail.com - Status 200
2025-06-29 23:46:13 INFO  - [2025-06-29 23:46:13] GET /api/access/getRoles bhagirath961778@gmail.com - Status 200
2025-06-29 23:46:13 INFO  - [2025-06-29 23:46:13] GET /api/access/getRoles bhagirath961778@gmail.com - Status 200
2025-06-29 23:46:14 INFO  - [2025-06-29 23:46:13] GET /api/tenants/3/users bhagirath961778@gmail.com - Status 200
2025-06-29 23:46:15 INFO  - [2025-06-29 23:46:14] GET /api/tenants/3/users bhagirath961778@gmail.com - Status 200
2025-06-29 23:46:20 INFO  - [2025-06-29 23:46:20] GET /api/tenants/3/users bhagirath961778@gmail.com - Status 200
2025-06-29 23:46:22 INFO  - [2025-06-29 23:46:20] GET /api/tenants/3/users bhagirath961778@gmail.com - Status 200
2025-06-29 23:46:22 INFO  - [2025-06-29 23:46:22] GET /api/timesheet-tasks/between bhagirath961778@gmail.com - Status 200
2025-06-29 23:46:22 INFO  - [2025-06-29 23:46:22] GET /api/timesheet-tasks/between bhagirath961778@gmail.com - Status 200
2025-06-29 23:46:31 INFO  - [2025-06-29 23:46:31] GET /api/timesheet-tasks/between bhagirath961778@gmail.com - Status 200
2025-06-29 23:46:32 INFO  - [2025-06-29 23:46:32] GET /api/timesheet-tasks/between bhagirath961778@gmail.com - Status 200
2025-06-29 23:46:32 INFO  - [2025-06-29 23:46:32] GET /api/timesheet-tasks/between bhagirath961778@gmail.com - Status 200
2025-06-29 23:46:34 INFO  - [2025-06-29 23:46:34] GET /api/timesheet-tasks/between bhagirath961778@gmail.com - Status 200
2025-06-29 23:46:36 INFO  - [2025-06-29 23:46:36] GET /api/timesheet-tasks/between bhagirath961778@gmail.com - Status 200
2025-06-29 23:46:36 INFO  - [2025-06-29 23:46:36] GET /api/timesheet-tasks/between bhagirath961778@gmail.com - Status 200
2025-06-29 23:46:37 INFO  - [2025-06-29 23:46:37] GET /api/timesheet-tasks/between bhagirath961778@gmail.com - Status 200
2025-06-29 23:46:37 INFO  - [2025-06-29 23:46:37] GET /api/timesheet-tasks/between bhagirath961778@gmail.com - Status 200
2025-06-29 23:46:38 INFO  - [2025-06-29 23:46:38] GET /api/timesheet-tasks/between bhagirath961778@gmail.com - Status 200
2025-06-29 23:46:38 INFO  - [2025-06-29 23:46:38] GET /api/timesheet-tasks/between bhagirath961778@gmail.com - Status 200
2025-06-29 23:46:38 INFO  - [2025-06-29 23:46:38] GET /api/timesheet-tasks/between bhagirath961778@gmail.com - Status 200
2025-06-29 23:46:38 INFO  - [2025-06-29 23:46:38] GET /api/timesheet-tasks/between bhagirath961778@gmail.com - Status 200
2025-06-29 23:46:39 INFO  - [2025-06-29 23:46:39] GET /api/timesheet-tasks/between bhagirath961778@gmail.com - Status 200
