2025-05-20 13:26:12 INFO  - [2025-05-20 13:26:11] POST /api/users/login Anonymous - Status 200
2025-05-20 13:26:12 WARN  - [2025-05-20 13:26:12] GET /api/users/email/ghodkeayush22@gmail.com ghodkeayush22@gmail.com - Status 500 - Error: Could not write JSON: Document nesting depth (1001) exceeds the maximum allowed (1000
2025-05-20 13:26:12 WARN  - [2025-05-20 13:26:12] GET /api/users/email/ghodkeayush22@gmail.com ghodkeayush22@gmail.com - Status 500 - Error: Could not write JSON: Document nesting depth (1001) exceeds the maximum allowed (1000
2025-05-20 13:33:02 INFO  - [2025-05-20 13:33:01] POST /api/users/login Anonymous - Status 200
2025-05-20 13:33:02 WARN  - [2025-05-20 13:33:02] GET /api/users/email/ghodkeayush22@gmail.com ghodkeayush22@gmail.com - Status 500 - Error: Could not write JSON: Document nesting depth (1001) exceeds the maximum allowed (1000
2025-05-20 13:33:02 WARN  - [2025-05-20 13:33:02] GET /api/users/email/ghodkeayush22@gmail.com ghodkeayush22@gmail.com - Status 500 - Error: Could not write JSON: Document nesting depth (1001) exceeds the maximum allowed (1000
2025-05-20 13:33:32 WARN  - [2025-05-20 13:33:32] GET /api/tenants/4/projects ghodkeayush22@gmail.com - Status 500 - Error: Could not write JSON: Document nesting depth (1001) exceeds the maximum allowed (1000
2025-05-20 13:33:32 WARN  - [2025-05-20 13:33:32] GET /api/tenants/4/users ghodkeayush22@gmail.com - Status 500 - Error: Could not write JSON: Document nesting depth (1001) exceeds the maximum allowed (1000
2025-05-20 13:33:32 WARN  - [2025-05-20 13:33:32] GET /api/tenants/4/projects ghodkeayush22@gmail.com - Status 500 - Error: Could not write JSON: Document nesting depth (1001) exceeds the maximum allowed (1000
2025-05-20 13:33:32 WARN  - [2025-05-20 13:33:32] GET /api/tenants/4/users ghodkeayush22@gmail.com - Status 500 - Error: Could not write JSON: Document nesting depth (1001) exceeds the maximum allowed (1000
2025-05-20 13:34:15 INFO  - [2025-05-20 13:34:15] POST /api/users/login Anonymous - Status 200
2025-05-20 13:34:15 WARN  - [2025-05-20 13:34:15] GET /api/users/email/ghodkeayush22@gmail.com ghodkeayush22@gmail.com - Status 500 - Error: Could not write JSON: Document nesting depth (1001) exceeds the maximum allowed (1000
2025-05-20 13:34:15 WARN  - [2025-05-20 13:34:15] GET /api/users/email/ghodkeayush22@gmail.com ghodkeayush22@gmail.com - Status 500 - Error: Could not write JSON: Document nesting depth (1001) exceeds the maximum allowed (1000
2025-05-20 13:34:17 WARN  - [2025-05-20 13:34:17] GET /api/tenants/4/users ghodkeayush22@gmail.com - Status 500 - Error: Could not write JSON: Document nesting depth (1001) exceeds the maximum allowed (1000
2025-05-20 13:34:17 WARN  - [2025-05-20 13:34:17] GET /api/tenants/4/projects ghodkeayush22@gmail.com - Status 500 - Error: Could not write JSON: Document nesting depth (1001) exceeds the maximum allowed (1000
2025-05-20 13:34:17 WARN  - [2025-05-20 13:34:17] GET /api/tenants/4/users ghodkeayush22@gmail.com - Status 500 - Error: Could not write JSON: Document nesting depth (1001) exceeds the maximum allowed (1000
2025-05-20 13:34:17 WARN  - [2025-05-20 13:34:17] GET /api/tenants/4/projects ghodkeayush22@gmail.com - Status 500 - Error: Could not write JSON: Document nesting depth (1001) exceeds the maximum allowed (1000
2025-05-20 13:36:17 WARN  - [2025-05-20 13:36:17] GET /api/users/email/ghodkeayush22@gmail.com ghodkeayush22@gmail.com - Status 500 - Error: Could not write JSON: Document nesting depth (1001) exceeds the maximum allowed (1000
2025-05-20 13:36:17 WARN  - [2025-05-20 13:36:17] GET /api/tenants/4/users ghodkeayush22@gmail.com - Status 500 - Error: Could not write JSON: Document nesting depth (1001) exceeds the maximum allowed (1000
2025-05-20 13:36:17 WARN  - [2025-05-20 13:36:17] GET /api/tenants/4/projects ghodkeayush22@gmail.com - Status 500 - Error: Could not write JSON: Document nesting depth (1001) exceeds the maximum allowed (1000
2025-05-20 13:36:17 WARN  - [2025-05-20 13:36:17] GET /api/users/email/ghodkeayush22@gmail.com ghodkeayush22@gmail.com - Status 500 - Error: Could not write JSON: Document nesting depth (1001) exceeds the maximum allowed (1000
2025-05-20 13:36:17 WARN  - [2025-05-20 13:36:17] GET /api/tenants/4/users ghodkeayush22@gmail.com - Status 500 - Error: Could not write JSON: Document nesting depth (1001) exceeds the maximum allowed (1000
2025-05-20 13:36:17 WARN  - [2025-05-20 13:36:17] GET /api/tenants/4/projects ghodkeayush22@gmail.com - Status 500 - Error: Could not write JSON: Document nesting depth (1001) exceeds the maximum allowed (1000
2025-05-20 13:40:05 WARN  - [2025-05-20 13:40:05] GET /api/tenants/4/projects ghodkeayush22@gmail.com - Status 500 - Error: Could not write JSON: Document nesting depth (1001) exceeds the maximum allowed (1000
2025-05-20 13:40:05 WARN  - [2025-05-20 13:40:05] GET /api/tenants/4/users ghodkeayush22@gmail.com - Status 500 - Error: Could not write JSON: Document nesting depth (1001) exceeds the maximum allowed (1000
2025-05-20 13:46:17 INFO  - [2025-05-20 13:46:17] POST /api/users/login Anonymous - Status 200
2025-05-20 13:46:17 WARN  - [2025-05-20 13:46:17] GET /api/users/email/ghodkeayush22@gmail.com ghodkeayush22@gmail.com - Status 500 - Error: Could not write JSON: Document nesting depth (1001) exceeds the maximum allowed (1000
2025-05-20 13:46:17 WARN  - [2025-05-20 13:46:17] GET /api/users/email/ghodkeayush22@gmail.com ghodkeayush22@gmail.com - Status 500 - Error: Could not write JSON: Document nesting depth (1001) exceeds the maximum allowed (1000
2025-05-20 13:46:41 WARN  - [2025-05-20 13:46:41] GET /api/tenants/4/projects ghodkeayush22@gmail.com - Status 500 - Error: Could not write JSON: Document nesting depth (1001) exceeds the maximum allowed (1000
2025-05-20 13:46:41 WARN  - [2025-05-20 13:46:41] GET /api/tenants/4/users ghodkeayush22@gmail.com - Status 500 - Error: Could not write JSON: Document nesting depth (1001) exceeds the maximum allowed (1000
2025-05-20 13:46:42 WARN  - [2025-05-20 13:46:41] GET /api/tenants/4/projects ghodkeayush22@gmail.com - Status 500 - Error: Could not write JSON: Document nesting depth (1001) exceeds the maximum allowed (1000
2025-05-20 13:46:42 WARN  - [2025-05-20 13:46:41] GET /api/tenants/4/users ghodkeayush22@gmail.com - Status 500 - Error: Could not write JSON: Document nesting depth (1001) exceeds the maximum allowed (1000
2025-05-20 13:47:27 INFO  - [2025-05-20 13:47:27] POST /api/users/login Anonymous - Status 200
2025-05-20 13:47:27 WARN  - [2025-05-20 13:47:27] GET /api/users/email/ghodkeayush22@gmail.com ghodkeayush22@gmail.com - Status 500 - Error: Could not write JSON: Document nesting depth (1001) exceeds the maximum allowed (1000
2025-05-20 13:47:27 WARN  - [2025-05-20 13:47:27] GET /api/users/email/ghodkeayush22@gmail.com ghodkeayush22@gmail.com - Status 500 - Error: Could not write JSON: Document nesting depth (1001) exceeds the maximum allowed (1000
2025-05-20 13:47:34 INFO  - [2025-05-20 13:47:34] POST /api/users/logout/10 ghodkeayush22@gmail.com - Status 200
2025-05-20 13:47:38 WARN  - [2025-05-20 13:47:38] GET /api/users/email/ghodkeayush22@gmail.com ghodkeayush22@gmail.com - Status 500 - Error: Could not write JSON: Document nesting depth (1001) exceeds the maximum allowed (1000
2025-05-20 13:47:38 WARN  - [2025-05-20 13:47:38] GET /api/users/email/ghodkeayush22@gmail.com ghodkeayush22@gmail.com - Status 500 - Error: Could not write JSON: Document nesting depth (1001) exceeds the maximum allowed (1000
2025-05-20 13:49:53 INFO  - [2025-05-20 13:49:53] POST /api/users/login Anonymous - Status 200
2025-05-20 13:49:53 WARN  - [2025-05-20 13:49:53] GET /api/users/email/ghodkeayush22@gmail.com ghodkeayush22@gmail.com - Status 500 - Error: Could not write JSON: Document nesting depth (1001) exceeds the maximum allowed (1000
2025-05-20 13:49:53 WARN  - [2025-05-20 13:49:53] GET /api/users/email/ghodkeayush22@gmail.com ghodkeayush22@gmail.com - Status 500 - Error: Could not write JSON: Document nesting depth (1001) exceeds the maximum allowed (1000
2025-05-20 13:51:26 WARN  - [2025-05-20 13:51:25] GET /api/users/email/ghodkeayush22@gmail.com ghodkeayush22@gmail.com - Status 500 - Error: Could not write JSON: Document nesting depth (1001) exceeds the maximum allowed (1000
2025-05-20 13:54:19 INFO  - [2025-05-20 13:54:19] POST /api/users/login Anonymous - Status 200
2025-05-20 13:54:20 WARN  - [2025-05-20 13:54:20] GET /api/users/email/ghodkeayush22@gmail.com ghodkeayush22@gmail.com - Status 500 - Error: Could not write JSON: Document nesting depth (1001) exceeds the maximum allowed (1000
2025-05-20 13:54:20 WARN  - [2025-05-20 13:54:20] GET /api/users/email/ghodkeayush22@gmail.com ghodkeayush22@gmail.com - Status 500 - Error: Could not write JSON: Document nesting depth (1001) exceeds the maximum allowed (1000
2025-05-20 13:54:47 WARN  - [2025-05-20 13:54:47] GET /api/tenants/4/projects ghodkeayush22@gmail.com - Status 500 - Error: Could not write JSON: Document nesting depth (1001) exceeds the maximum allowed (1000
2025-05-20 13:54:47 WARN  - [2025-05-20 13:54:47] GET /api/tenants/4/users ghodkeayush22@gmail.com - Status 500 - Error: Could not write JSON: Document nesting depth (1001) exceeds the maximum allowed (1000
2025-05-20 13:54:47 WARN  - [2025-05-20 13:54:47] GET /api/tenants/4/users ghodkeayush22@gmail.com - Status 500 - Error: Could not write JSON: Document nesting depth (1001) exceeds the maximum allowed (1000
2025-05-20 13:54:47 WARN  - [2025-05-20 13:54:47] GET /api/tenants/4/projects ghodkeayush22@gmail.com - Status 500 - Error: Could not write JSON: Document nesting depth (1001) exceeds the maximum allowed (1000
2025-05-20 13:55:23 WARN  - [2025-05-20 13:55:23] GET /api/tenants/4/users ghodkeayush22@gmail.com - Status 500 - Error: Could not write JSON: Document nesting depth (1001) exceeds the maximum allowed (1000
2025-05-20 13:57:53 INFO  - [2025-05-20 13:57:53] POST /api/users/login Anonymous - Status 200
2025-05-20 13:57:53 WARN  - [2025-05-20 13:57:53] GET /api/users/email/ghodkeayush22@gmail.com ghodkeayush22@gmail.com - Status 500 - Error: Could not write JSON: Document nesting depth (1001) exceeds the maximum allowed (1000
2025-05-20 13:57:53 WARN  - [2025-05-20 13:57:53] GET /api/users/email/ghodkeayush22@gmail.com ghodkeayush22@gmail.com - Status 500 - Error: Could not write JSON: Document nesting depth (1001) exceeds the maximum allowed (1000
2025-05-20 13:58:52 INFO  - [2025-05-20 13:58:52] POST /api/users/login Anonymous - Status 200
2025-05-20 13:58:53 WARN  - [2025-05-20 13:58:52] GET /api/users/email/ghodkeayush22@gmail.com ghodkeayush22@gmail.com - Status 500 - Error: Could not write JSON: Document nesting depth (1001) exceeds the maximum allowed (1000
2025-05-20 13:58:53 WARN  - [2025-05-20 13:58:53] GET /api/users/email/ghodkeayush22@gmail.com ghodkeayush22@gmail.com - Status 500 - Error: Could not write JSON: Document nesting depth (1001) exceeds the maximum allowed (1000
2025-05-20 14:09:09 INFO  - [2025-05-20 14:09:09] POST /api/users/login Anonymous - Status 200
2025-05-20 14:09:10 WARN  - [2025-05-20 14:09:10] GET /api/users/email/ghodkeayush22@gmail.com ghodkeayush22@gmail.com - Status 500 - Error: Could not write JSON: Document nesting depth (1001) exceeds the maximum allowed (1000
2025-05-20 14:09:10 WARN  - [2025-05-20 14:09:10] GET /api/users/email/ghodkeayush22@gmail.com ghodkeayush22@gmail.com - Status 500 - Error: Could not write JSON: Document nesting depth (1001) exceeds the maximum allowed (1000
2025-05-20 14:12:58 INFO  - [2025-05-20 14:12:57] POST /api/users/login Anonymous - Status 200
2025-05-20 14:13:01 WARN  - [2025-05-20 14:12:58] GET /api/users/email/ghodkeayush22@gmail.com ghodkeayush22@gmail.com - Status 500 - Error: Could not write JSON: Document nesting depth (1001) exceeds the maximum allowed (1000
2025-05-20 14:13:04 WARN  - [2025-05-20 14:13:01] GET /api/users/email/ghodkeayush22@gmail.com ghodkeayush22@gmail.com - Status 500 - Error: Could not write JSON: Document nesting depth (1001) exceeds the maximum allowed (1000
2025-05-20 14:13:21 INFO  - [2025-05-20 14:13:21] POST /api/users/logout/10 ghodkeayush22@gmail.com - Status 200
2025-05-20 14:13:26 WARN  - [2025-05-20 14:13:25] GET /api/users/email/ghodkeayush22@gmail.com ghodkeayush22@gmail.com - Status 500 - Error: Could not write JSON: Document nesting depth (1001) exceeds the maximum allowed (1000
2025-05-20 14:13:27 WARN  - [2025-05-20 14:13:26] GET /api/users/email/ghodkeayush22@gmail.com ghodkeayush22@gmail.com - Status 500 - Error: Could not write JSON: Document nesting depth (1001) exceeds the maximum allowed (1000
2025-05-20 14:18:21 INFO  - [2025-05-20 14:18:21] POST /api/users/login Anonymous - Status 200
2025-05-20 14:18:22 INFO  - [2025-05-20 14:18:21] GET /api/users/email/ghodkeayush22@gmail.com ghodkeayush22@gmail.com - Status 200
2025-05-20 14:18:23 INFO  - [2025-05-20 14:18:22] GET /api/users/email/ghodkeayush22@gmail.com ghodkeayush22@gmail.com - Status 200
2025-05-20 14:18:31 INFO  - [2025-05-20 14:18:31] GET /api/tenants/4/projects ghodkeayush22@gmail.com - Status 200
2025-05-20 14:18:33 INFO  - [2025-05-20 14:18:31] GET /api/tenants/4/users ghodkeayush22@gmail.com - Status 200
2025-05-20 14:18:33 INFO  - [2025-05-20 14:18:31] GET /api/tenants/4/projects ghodkeayush22@gmail.com - Status 200
2025-05-20 14:18:37 INFO  - [2025-05-20 14:18:33] GET /api/tenants/4/users ghodkeayush22@gmail.com - Status 200
2025-05-20 14:19:37 INFO  - [2025-05-20 14:19:35] GET /api/tenants/4/users ghodkeayush22@gmail.com - Status 200
2025-05-20 14:22:59 INFO  - [2025-05-20 14:22:58] GET /api/users/email/ghodkeayush22@gmail.com ghodkeayush22@gmail.com - Status 200
2025-05-20 14:22:59 INFO  - [2025-05-20 14:22:59] POST /api/users/logout/10 ghodkeayush22@gmail.com - Status 200
2025-05-20 14:23:10 INFO  - [2025-05-20 14:23:10] POST /api/users/login Anonymous - Status 200
2025-05-20 14:23:10 INFO  - [2025-05-20 14:23:10] GET /api/users/email/ayushghodke9535@gmail.com ayushghodke9535@gmail.com - Status 200
2025-05-20 14:23:11 INFO  - [2025-05-20 14:23:10] GET /api/users/email/ayushghodke9535@gmail.com ayushghodke9535@gmail.com - Status 200
2025-05-20 14:23:14 INFO  - [2025-05-20 14:23:13] GET /api/tenants/4/projects ayushghodke9535@gmail.com - Status 200
2025-05-20 14:23:16 INFO  - [2025-05-20 14:23:13] GET /api/tenants/4/users ayushghodke9535@gmail.com - Status 200
2025-05-20 14:23:16 INFO  - [2025-05-20 14:23:14] GET /api/tenants/4/projects ayushghodke9535@gmail.com - Status 200
2025-05-20 14:23:19 INFO  - [2025-05-20 14:23:16] GET /api/tenants/4/users ayushghodke9535@gmail.com - Status 200
2025-05-20 14:24:50 WARN  - [2025-05-20 14:24:49] POST /api/users/login Anonymous - Status 401 - Error: Invalid credentials
2025-05-20 14:24:53 INFO  - [2025-05-20 14:24:53] POST /api/users/login Anonymous - Status 200
2025-05-20 14:24:54 INFO  - [2025-05-20 14:24:53] GET /api/users/email/ayushghodke9535@gmail.com ayushghodke9535@gmail.com - Status 200
2025-05-20 14:24:54 INFO  - [2025-05-20 14:24:54] GET /api/users/email/ayushghodke9535@gmail.com ayushghodke9535@gmail.com - Status 200
2025-05-20 14:24:55 INFO  - [2025-05-20 14:24:55] GET /api/tenants/4/projects ayushghodke9535@gmail.com - Status 200
2025-05-20 14:24:55 INFO  - [2025-05-20 14:24:55] GET /api/tenants/4/projects ayushghodke9535@gmail.com - Status 200
2025-05-20 14:24:55 INFO  - [2025-05-20 14:24:55] GET /api/tenants/4/users ayushghodke9535@gmail.com - Status 200
2025-05-20 14:24:55 INFO  - [2025-05-20 14:24:55] GET /api/tenants/4/users ayushghodke9535@gmail.com - Status 200
2025-05-20 14:25:02 INFO  - [2025-05-20 14:25:02] GET /api/project-team/list/20 ayushghodke9535@gmail.com - Status 200
2025-05-20 14:25:02 INFO  - [2025-05-20 14:25:02] GET /api/project-team/list/20 ayushghodke9535@gmail.com - Status 200
2025-05-20 14:25:02 INFO  - [2025-05-20 14:25:02] GET /api/tenants/4/users ayushghodke9535@gmail.com - Status 200
2025-05-20 14:25:02 INFO  - [2025-05-20 14:25:02] GET /api/tenants/4/users ayushghodke9535@gmail.com - Status 200
2025-05-20 14:25:08 INFO  - [2025-05-20 14:25:07] GET /api/tenants/4/projects ayushghodke9535@gmail.com - Status 200
2025-05-20 14:25:08 INFO  - [2025-05-20 14:25:07] GET /api/tenants/4/users ayushghodke9535@gmail.com - Status 200
2025-05-20 14:25:08 INFO  - [2025-05-20 14:25:08] GET /api/tenants/4/users ayushghodke9535@gmail.com - Status 200
2025-05-20 14:25:24 INFO  - [2025-05-20 14:25:24] GET /api/project-team/list/35 ayushghodke9535@gmail.com - Status 200
2025-05-20 14:25:24 INFO  - [2025-05-20 14:25:24] GET /api/project-team/list/35 ayushghodke9535@gmail.com - Status 200
2025-05-20 14:25:24 INFO  - [2025-05-20 14:25:24] GET /api/tenants/4/users ayushghodke9535@gmail.com - Status 200
2025-05-20 14:25:24 INFO  - [2025-05-20 14:25:24] GET /api/tenants/4/users ayushghodke9535@gmail.com - Status 200
2025-05-20 14:25:27 INFO  - [2025-05-20 14:25:26] GET /api/tenants/4/projects ayushghodke9535@gmail.com - Status 200
2025-05-20 14:25:27 INFO  - [2025-05-20 14:25:26] GET /api/tenants/4/users ayushghodke9535@gmail.com - Status 200
2025-05-20 14:25:27 INFO  - [2025-05-20 14:25:27] GET /api/tenants/4/users ayushghodke9535@gmail.com - Status 200
2025-05-20 14:25:30 INFO  - [2025-05-20 14:25:30] GET /api/project-team/list/20 ayushghodke9535@gmail.com - Status 200
2025-05-20 14:25:30 INFO  - [2025-05-20 14:25:30] GET /api/project-team/list/20 ayushghodke9535@gmail.com - Status 200
2025-05-20 14:25:30 INFO  - [2025-05-20 14:25:30] GET /api/tenants/4/users ayushghodke9535@gmail.com - Status 200
2025-05-20 14:25:30 INFO  - [2025-05-20 14:25:30] GET /api/tenants/4/users ayushghodke9535@gmail.com - Status 200
2025-05-20 14:39:30 INFO  - [2025-05-20 14:39:30] GET /api/tenants/4/projects ayushghodke9535@gmail.com - Status 200
2025-05-20 14:39:30 INFO  - [2025-05-20 14:39:30] GET /api/tenants/4/users ayushghodke9535@gmail.com - Status 200
2025-05-20 14:39:30 INFO  - [2025-05-20 14:39:30] GET /api/tenants/4/projects ayushghodke9535@gmail.com - Status 200
2025-05-20 14:39:30 INFO  - [2025-05-20 14:39:30] GET /api/tenants/4/users ayushghodke9535@gmail.com - Status 200
2025-05-20 14:39:33 INFO  - [2025-05-20 14:39:33] GET /api/project-team/list/35 ayushghodke9535@gmail.com - Status 200
2025-05-20 14:39:33 INFO  - [2025-05-20 14:39:33] GET /api/project-team/list/35 ayushghodke9535@gmail.com - Status 200
2025-05-20 14:39:33 INFO  - [2025-05-20 14:39:33] GET /api/tenants/4/users ayushghodke9535@gmail.com - Status 200
2025-05-20 14:39:33 INFO  - [2025-05-20 14:39:33] GET /api/tenants/4/users ayushghodke9535@gmail.com - Status 200
2025-05-20 14:40:30 INFO  - [2025-05-20 14:40:30] GET /api/users/email/ayushghodke9535@gmail.com ayushghodke9535@gmail.com - Status 200
2025-05-20 14:40:30 INFO  - [2025-05-20 14:40:30] GET /api/tenants/4/projects ayushghodke9535@gmail.com - Status 200
2025-05-20 14:40:30 INFO  - [2025-05-20 14:40:30] GET /api/users/email/ayushghodke9535@gmail.com ayushghodke9535@gmail.com - Status 200
2025-05-20 14:40:30 INFO  - [2025-05-20 14:40:30] GET /api/tenants/4/users ayushghodke9535@gmail.com - Status 200
2025-05-20 14:40:30 INFO  - [2025-05-20 14:40:30] GET /api/tenants/4/projects ayushghodke9535@gmail.com - Status 200
2025-05-20 14:40:31 INFO  - [2025-05-20 14:40:30] GET /api/tenants/4/users ayushghodke9535@gmail.com - Status 200
2025-05-20 14:40:34 INFO  - [2025-05-20 14:40:34] GET /api/tenants/4/projects ayushghodke9535@gmail.com - Status 200
2025-05-20 14:40:34 INFO  - [2025-05-20 14:40:34] GET /api/tenants/4/users ayushghodke9535@gmail.com - Status 200
2025-05-20 14:40:34 INFO  - [2025-05-20 14:40:34] GET /api/tenants/4/projects ayushghodke9535@gmail.com - Status 200
2025-05-20 14:40:34 INFO  - [2025-05-20 14:40:34] GET /api/tenants/4/users ayushghodke9535@gmail.com - Status 200
2025-05-20 14:40:36 INFO  - [2025-05-20 14:40:36] GET /api/project-team/list/35 ayushghodke9535@gmail.com - Status 200
2025-05-20 14:40:36 INFO  - [2025-05-20 14:40:36] GET /api/project-team/list/35 ayushghodke9535@gmail.com - Status 200
2025-05-20 14:40:36 INFO  - [2025-05-20 14:40:36] GET /api/tenants/4/users ayushghodke9535@gmail.com - Status 200
2025-05-20 14:40:36 INFO  - [2025-05-20 14:40:36] GET /api/tenants/4/users ayushghodke9535@gmail.com - Status 200
2025-05-20 14:40:40 INFO  - [2025-05-20 14:40:40] GET /api/tenants/4/projects ayushghodke9535@gmail.com - Status 200
2025-05-20 14:40:40 INFO  - [2025-05-20 14:40:40] GET /api/tenants/4/users ayushghodke9535@gmail.com - Status 200
2025-05-20 14:40:40 INFO  - [2025-05-20 14:40:40] GET /api/tenants/4/users ayushghodke9535@gmail.com - Status 200
2025-05-20 14:40:42 INFO  - [2025-05-20 14:40:41] GET /api/project-team/list/20 ayushghodke9535@gmail.com - Status 200
2025-05-20 14:40:42 INFO  - [2025-05-20 14:40:42] GET /api/project-team/list/20 ayushghodke9535@gmail.com - Status 200
2025-05-20 14:40:42 INFO  - [2025-05-20 14:40:41] GET /api/tenants/4/users ayushghodke9535@gmail.com - Status 200
2025-05-20 14:40:42 INFO  - [2025-05-20 14:40:42] GET /api/tenants/4/users ayushghodke9535@gmail.com - Status 200
2025-05-20 14:42:36 INFO  - [2025-05-20 14:42:36] GET /api/tenants/4/projects ayushghodke9535@gmail.com - Status 200
2025-05-20 14:42:36 INFO  - [2025-05-20 14:42:36] GET /api/tenants/4/users ayushghodke9535@gmail.com - Status 200
2025-05-20 14:42:36 INFO  - [2025-05-20 14:42:36] GET /api/tenants/4/users ayushghodke9535@gmail.com - Status 200
2025-05-20 15:02:22 INFO  - [2025-05-20 15:02:21] GET /api/tenants/4/projects ayushghodke9535@gmail.com - Status 200
2025-05-20 15:02:22 INFO  - [2025-05-20 15:02:21] GET /api/tenants/4/users ayushghodke9535@gmail.com - Status 200
2025-05-20 15:02:22 INFO  - [2025-05-20 15:02:22] GET /api/tenants/4/projects ayushghodke9535@gmail.com - Status 200
2025-05-20 15:02:23 INFO  - [2025-05-20 15:02:22] GET /api/tenants/4/users ayushghodke9535@gmail.com - Status 200
2025-05-20 15:02:27 INFO  - [2025-05-20 15:02:27] GET /api/project-team/list/20 ayushghodke9535@gmail.com - Status 200
2025-05-20 15:02:27 INFO  - [2025-05-20 15:02:27] GET /api/project-team/list/20 ayushghodke9535@gmail.com - Status 200
2025-05-20 15:02:27 INFO  - [2025-05-20 15:02:27] GET /api/tenants/4/users ayushghodke9535@gmail.com - Status 200
2025-05-20 15:02:27 INFO  - [2025-05-20 15:02:27] GET /api/tenants/4/users ayushghodke9535@gmail.com - Status 200
2025-05-20 15:02:32 INFO  - [2025-05-20 15:02:32] GET /api/tenants/4/projects ayushghodke9535@gmail.com - Status 200
2025-05-20 15:02:32 INFO  - [2025-05-20 15:02:32] GET /api/tenants/4/users ayushghodke9535@gmail.com - Status 200
2025-05-20 15:02:32 INFO  - [2025-05-20 15:02:32] GET /api/tenants/4/users ayushghodke9535@gmail.com - Status 200
2025-07-02 01:23:12 INFO  - [2025-07-02 01:23:12] POST /api/users/login Anonymous - Status 200
2025-07-02 01:23:13 INFO  - [2025-07-02 01:23:12] GET /api/users/email/ghodkeayush22@gmail.com ghodkeayush22@gmail.com - Status 200
2025-07-02 01:23:13 INFO  - [2025-07-02 01:23:13] GET /api/users/email/ghodkeayush22@gmail.com ghodkeayush22@gmail.com - Status 200
2025-07-02 01:23:14 INFO  - [2025-07-02 01:23:14] GET /api/access/getRoles ghodkeayush22@gmail.com - Status 200
2025-07-02 01:23:14 INFO  - [2025-07-02 01:23:14] GET /api/access/getRoles ghodkeayush22@gmail.com - Status 200
2025-07-02 01:23:14 INFO  - [2025-07-02 01:23:14] GET /api/tenants/4/users ghodkeayush22@gmail.com - Status 200
2025-07-02 01:23:15 INFO  - [2025-07-02 01:23:14] GET /api/tenants/4/users ghodkeayush22@gmail.com - Status 200
2025-07-02 01:23:31 INFO  - [2025-07-02 01:23:31] GET /api/access/getRoles ghodkeayush22@gmail.com - Status 200
2025-07-02 01:23:31 INFO  - [2025-07-02 01:23:31] GET /api/modules/ ghodkeayush22@gmail.com - Status 200
2025-07-02 01:23:31 INFO  - [2025-07-02 01:23:31] GET /api/access/getRoles ghodkeayush22@gmail.com - Status 200
2025-07-02 01:23:31 INFO  - [2025-07-02 01:23:31] GET /api/modules/ ghodkeayush22@gmail.com - Status 200
2025-07-02 01:25:24 INFO  - [2025-07-02 01:25:24] GET /api/users/loggedInUser ghodkeayush22@gmail.com - Status 200
2025-07-02 01:25:25 INFO  - [2025-07-02 01:25:24] GET /api/users/loggedInUser ghodkeayush22@gmail.com - Status 200
2025-07-02 01:25:25 INFO  - [2025-07-02 01:25:24] GET /api/users/email/ghodkeayush22@gmail.com ghodkeayush22@gmail.com - Status 200
2025-07-02 01:25:25 INFO  - [2025-07-02 01:25:25] GET /api/users/email/ghodkeayush22@gmail.com ghodkeayush22@gmail.com - Status 200
2025-07-02 01:32:04 INFO  - [2025-07-02 01:32:03] GET /api/users/loggedInUser ghodkeayush22@gmail.com - Status 200
2025-07-02 01:32:05 INFO  - [2025-07-02 01:32:04] GET /api/users/loggedInUser ghodkeayush22@gmail.com - Status 200
2025-07-02 01:32:05 INFO  - [2025-07-02 01:32:05] GET /api/access/getRoles ghodkeayush22@gmail.com - Status 200
2025-07-02 01:32:05 INFO  - [2025-07-02 01:32:05] GET /api/modules/ ghodkeayush22@gmail.com - Status 200
2025-07-02 01:32:05 INFO  - [2025-07-02 01:32:05] GET /api/modules/ ghodkeayush22@gmail.com - Status 200
2025-07-02 01:32:05 INFO  - [2025-07-02 01:32:05] GET /api/access/getRoles ghodkeayush22@gmail.com - Status 200
2025-07-02 01:32:06 INFO  - [2025-07-02 01:32:05] GET /api/users/email/ghodkeayush22@gmail.com ghodkeayush22@gmail.com - Status 200
2025-07-02 01:32:06 INFO  - [2025-07-02 01:32:05] GET /api/tenants/4/users ghodkeayush22@gmail.com - Status 200
2025-07-02 01:32:07 INFO  - [2025-07-02 01:32:06] GET /api/users/email/ghodkeayush22@gmail.com ghodkeayush22@gmail.com - Status 200
2025-07-02 01:32:07 INFO  - [2025-07-02 01:32:06] GET /api/tenants/4/users ghodkeayush22@gmail.com - Status 200
2025-07-02 01:32:11 INFO  - [2025-07-02 01:32:11] GET /api/modules/ ghodkeayush22@gmail.com - Status 200
2025-07-02 01:32:11 INFO  - [2025-07-02 01:32:11] GET /api/access/getRoles ghodkeayush22@gmail.com - Status 200
2025-07-02 01:32:12 INFO  - [2025-07-02 01:32:12] GET /api/modules/ ghodkeayush22@gmail.com - Status 200
2025-07-02 01:32:12 INFO  - [2025-07-02 01:32:12] GET /api/access/getRoles ghodkeayush22@gmail.com - Status 200
2025-07-02 01:32:12 INFO  - [2025-07-02 01:32:11] GET /api/tenants/4/users ghodkeayush22@gmail.com - Status 200
2025-07-02 01:32:12 INFO  - [2025-07-02 01:32:12] GET /api/tenants/4/users ghodkeayush22@gmail.com - Status 200
2025-07-02 01:32:15 INFO  - [2025-07-02 01:32:15] GET /api/modules/ ghodkeayush22@gmail.com - Status 200
2025-07-02 01:32:15 INFO  - [2025-07-02 01:32:15] GET /api/access/getRoles ghodkeayush22@gmail.com - Status 200
2025-07-02 01:32:15 INFO  - [2025-07-02 01:32:15] GET /api/modules/ ghodkeayush22@gmail.com - Status 200
2025-07-02 01:32:15 INFO  - [2025-07-02 01:32:15] GET /api/access/getRoles ghodkeayush22@gmail.com - Status 200
2025-07-02 01:33:55 WARN  - [2025-07-02 01:33:55] POST /api/access/role/create ghodkeayush22@gmail.com - Status 500 - Error: No static resource api/access/role/create.
2025-07-02 01:35:01 WARN  - [2025-07-02 01:35:01] POST /api/access/role/add ghodkeayush22@gmail.com - Status 500 - Error: Required request parameter 'roleName' for method parameter type String is not present
2025-07-02 01:36:47 INFO  - [2025-07-02 01:36:46] POST /api/access/role/add ghodkeayush22@gmail.com - Status 201
2025-07-02 01:36:47 INFO  - [2025-07-02 01:36:47] GET /api/access/getRoles ghodkeayush22@gmail.com - Status 200
2025-07-02 01:37:15 INFO  - [2025-07-02 01:37:15] PUT /api/access/role/edit ghodkeayush22@gmail.com - Status 200
2025-07-02 01:37:15 INFO  - [2025-07-02 01:37:15] GET /api/access/getRoles ghodkeayush22@gmail.com - Status 200
2025-07-02 01:37:27 INFO  - [2025-07-02 01:37:27] PUT /api/access/role/edit ghodkeayush22@gmail.com - Status 200
2025-07-02 01:37:27 INFO  - [2025-07-02 01:37:27] GET /api/access/getRoles ghodkeayush22@gmail.com - Status 200
2025-07-02 01:37:44 INFO  - [2025-07-02 01:37:44] PUT /api/access/role/edit ghodkeayush22@gmail.com - Status 200
2025-07-02 01:37:44 INFO  - [2025-07-02 01:37:44] GET /api/access/getRoles ghodkeayush22@gmail.com - Status 200
2025-07-02 01:38:00 INFO  - [2025-07-02 01:38:00] GET /api/access/getRoles ghodkeayush22@gmail.com - Status 200
2025-07-02 01:38:00 INFO  - [2025-07-02 01:38:00] GET /api/access/getRoles ghodkeayush22@gmail.com - Status 200
2025-07-02 01:38:04 INFO  - [2025-07-02 01:38:04] GET /api/access/getRoles ghodkeayush22@gmail.com - Status 200
2025-07-02 01:38:04 INFO  - [2025-07-02 01:38:04] GET /api/modules/ ghodkeayush22@gmail.com - Status 200
2025-07-02 01:38:04 INFO  - [2025-07-02 01:38:04] GET /api/modules/ ghodkeayush22@gmail.com - Status 200
2025-07-02 01:38:04 INFO  - [2025-07-02 01:38:04] GET /api/access/getRoles ghodkeayush22@gmail.com - Status 200
2025-07-02 01:38:04 INFO  - [2025-07-02 01:38:04] GET /api/tenants/4/users ghodkeayush22@gmail.com - Status 200
2025-07-02 01:38:05 INFO  - [2025-07-02 01:38:04] GET /api/tenants/4/users ghodkeayush22@gmail.com - Status 200
2025-07-02 01:38:10 INFO  - [2025-07-02 01:38:10] GET /api/modules/ ghodkeayush22@gmail.com - Status 200
2025-07-02 01:38:10 INFO  - [2025-07-02 01:38:10] GET /api/access/getRoles ghodkeayush22@gmail.com - Status 200
2025-07-02 01:38:10 INFO  - [2025-07-02 01:38:10] GET /api/modules/ ghodkeayush22@gmail.com - Status 200
2025-07-02 01:38:10 INFO  - [2025-07-02 01:38:10] GET /api/access/getRoles ghodkeayush22@gmail.com - Status 200
2025-07-02 01:38:19 INFO  - [2025-07-02 01:38:19] PUT /api/access/edit ghodkeayush22@gmail.com - Status 200
2025-07-02 01:38:19 INFO  - [2025-07-02 01:38:19] GET /api/tenants/4/users ghodkeayush22@gmail.com - Status 200
2025-07-02 01:38:28 INFO  - [2025-07-02 01:38:28] GET /api/modules/ ghodkeayush22@gmail.com - Status 200
2025-07-02 01:38:28 INFO  - [2025-07-02 01:38:28] GET /api/access/getRoles ghodkeayush22@gmail.com - Status 200
2025-07-02 01:38:28 INFO  - [2025-07-02 01:38:28] GET /api/modules/ ghodkeayush22@gmail.com - Status 200
2025-07-02 01:38:28 INFO  - [2025-07-02 01:38:28] GET /api/access/getRoles ghodkeayush22@gmail.com - Status 200
2025-07-02 01:38:49 INFO  - [2025-07-02 01:38:49] PUT /api/access/edit ghodkeayush22@gmail.com - Status 200
2025-07-02 01:38:49 INFO  - [2025-07-02 01:38:49] GET /api/tenants/4/users ghodkeayush22@gmail.com - Status 200
2025-07-02 01:38:51 INFO  - [2025-07-02 01:38:51] GET /api/modules/ ghodkeayush22@gmail.com - Status 200
2025-07-02 01:38:51 INFO  - [2025-07-02 01:38:51] GET /api/access/getRoles ghodkeayush22@gmail.com - Status 200
2025-07-02 01:38:51 INFO  - [2025-07-02 01:38:51] GET /api/modules/ ghodkeayush22@gmail.com - Status 200
2025-07-02 01:38:51 INFO  - [2025-07-02 01:38:51] GET /api/access/getRoles ghodkeayush22@gmail.com - Status 200
2025-07-02 01:38:58 INFO  - [2025-07-02 01:38:58] GET /api/modules/ ghodkeayush22@gmail.com - Status 200
2025-07-02 01:38:58 INFO  - [2025-07-02 01:38:58] GET /api/access/getRoles ghodkeayush22@gmail.com - Status 200
2025-07-02 01:38:58 INFO  - [2025-07-02 01:38:58] GET /api/modules/ ghodkeayush22@gmail.com - Status 200
2025-07-02 01:38:58 INFO  - [2025-07-02 01:38:58] GET /api/access/getRoles ghodkeayush22@gmail.com - Status 200
2025-07-02 01:39:04 INFO  - [2025-07-02 01:39:04] PUT /api/access/edit ghodkeayush22@gmail.com - Status 200
2025-07-02 01:39:05 INFO  - [2025-07-02 01:39:04] GET /api/tenants/4/users ghodkeayush22@gmail.com - Status 200
2025-07-02 01:39:07 INFO  - [2025-07-02 01:39:07] GET /api/modules/ ghodkeayush22@gmail.com - Status 200
2025-07-02 01:39:07 INFO  - [2025-07-02 01:39:07] GET /api/access/getRoles ghodkeayush22@gmail.com - Status 200
2025-07-02 01:39:07 INFO  - [2025-07-02 01:39:07] GET /api/modules/ ghodkeayush22@gmail.com - Status 200
2025-07-02 01:39:07 INFO  - [2025-07-02 01:39:07] GET /api/access/getRoles ghodkeayush22@gmail.com - Status 200
2025-07-02 01:39:22 INFO  - [2025-07-02 01:39:22] PUT /api/access/edit ghodkeayush22@gmail.com - Status 200
2025-07-02 01:39:22 INFO  - [2025-07-02 01:39:22] GET /api/tenants/4/users ghodkeayush22@gmail.com - Status 200
2025-07-02 01:39:25 INFO  - [2025-07-02 01:39:25] GET /api/modules/ ghodkeayush22@gmail.com - Status 200
2025-07-02 01:39:25 INFO  - [2025-07-02 01:39:25] GET /api/access/getRoles ghodkeayush22@gmail.com - Status 200
2025-07-02 01:39:25 INFO  - [2025-07-02 01:39:25] GET /api/modules/ ghodkeayush22@gmail.com - Status 200
2025-07-02 01:39:25 INFO  - [2025-07-02 01:39:25] GET /api/access/getRoles ghodkeayush22@gmail.com - Status 200
2025-07-02 01:39:29 INFO  - [2025-07-02 01:39:29] PUT /api/access/edit ghodkeayush22@gmail.com - Status 200
2025-07-02 01:39:29 INFO  - [2025-07-02 01:39:29] GET /api/tenants/4/users ghodkeayush22@gmail.com - Status 200
2025-07-02 01:40:52 INFO  - [2025-07-02 01:40:52] GET /api/timesheet-tasks/admin/summary ghodkeayush22@gmail.com - Status 200
2025-07-02 01:40:52 INFO  - [2025-07-02 01:40:52] GET /api/timesheet-tasks/admin/summary ghodkeayush22@gmail.com - Status 200
2025-07-02 01:40:53 INFO  - [2025-07-02 01:40:53] GET /api/access/getRoles ghodkeayush22@gmail.com - Status 200
2025-07-02 01:40:53 INFO  - [2025-07-02 01:40:53] GET /api/modules/ ghodkeayush22@gmail.com - Status 200
2025-07-02 01:40:53 INFO  - [2025-07-02 01:40:53] GET /api/modules/ ghodkeayush22@gmail.com - Status 200
2025-07-02 01:40:53 INFO  - [2025-07-02 01:40:53] GET /api/access/getRoles ghodkeayush22@gmail.com - Status 200
2025-07-02 01:40:53 INFO  - [2025-07-02 01:40:53] GET /api/tenants/4/users ghodkeayush22@gmail.com - Status 200
2025-07-02 01:40:53 INFO  - [2025-07-02 01:40:53] GET /api/tenants/4/users ghodkeayush22@gmail.com - Status 200
2025-07-02 01:40:55 INFO  - [2025-07-02 01:40:55] GET /api/access/getRoles ghodkeayush22@gmail.com - Status 200
2025-07-02 01:40:55 INFO  - [2025-07-02 01:40:55] GET /api/access/getRoles ghodkeayush22@gmail.com - Status 200
2025-07-02 01:40:57 INFO  - [2025-07-02 01:40:57] GET /api/modules/ ghodkeayush22@gmail.com - Status 200
2025-07-02 01:40:57 INFO  - [2025-07-02 01:40:57] GET /api/access/getRoles ghodkeayush22@gmail.com - Status 200
2025-07-02 01:40:57 INFO  - [2025-07-02 01:40:57] GET /api/modules/ ghodkeayush22@gmail.com - Status 200
2025-07-02 01:40:57 INFO  - [2025-07-02 01:40:57] GET /api/access/getRoles ghodkeayush22@gmail.com - Status 200
2025-07-02 01:40:57 INFO  - [2025-07-02 01:40:57] GET /api/tenants/4/users ghodkeayush22@gmail.com - Status 200
2025-07-02 01:40:58 INFO  - [2025-07-02 01:40:57] GET /api/tenants/4/users ghodkeayush22@gmail.com - Status 200
2025-07-02 01:41:23 INFO  - [2025-07-02 01:41:23] GET /api/modules/ ghodkeayush22@gmail.com - Status 200
2025-07-02 01:41:23 INFO  - [2025-07-02 01:41:23] GET /api/access/getRoles ghodkeayush22@gmail.com - Status 200
2025-07-02 01:41:23 INFO  - [2025-07-02 01:41:23] GET /api/modules/ ghodkeayush22@gmail.com - Status 200
2025-07-02 01:41:23 INFO  - [2025-07-02 01:41:23] GET /api/access/getRoles ghodkeayush22@gmail.com - Status 200
2025-07-02 01:45:23 INFO  - [2025-07-02 01:45:23] GET /api/timesheet-tasks/admin/summary ghodkeayush22@gmail.com - Status 200
2025-07-02 01:45:23 INFO  - [2025-07-02 01:45:23] GET /api/timesheet-tasks/admin/summary ghodkeayush22@gmail.com - Status 200
2025-07-02 01:45:24 INFO  - [2025-07-02 01:45:24] GET /api/access/getRoles ghodkeayush22@gmail.com - Status 200
2025-07-02 01:45:24 INFO  - [2025-07-02 01:45:24] GET /api/modules/ ghodkeayush22@gmail.com - Status 200
2025-07-02 01:45:24 INFO  - [2025-07-02 01:45:24] GET /api/access/getRoles ghodkeayush22@gmail.com - Status 200
2025-07-02 01:45:24 INFO  - [2025-07-02 01:45:24] GET /api/modules/ ghodkeayush22@gmail.com - Status 200
2025-07-02 01:45:25 INFO  - [2025-07-02 01:45:24] GET /api/tenants/4/users ghodkeayush22@gmail.com - Status 200
2025-07-02 01:45:25 INFO  - [2025-07-02 01:45:25] GET /api/tenants/4/users ghodkeayush22@gmail.com - Status 200
2025-07-02 01:46:49 INFO  - [2025-07-02 01:46:49] GET /api/modules/ ghodkeayush22@gmail.com - Status 200
2025-07-02 01:46:49 INFO  - [2025-07-02 01:46:49] GET /api/access/getRoles ghodkeayush22@gmail.com - Status 200
2025-07-02 01:46:49 INFO  - [2025-07-02 01:46:49] GET /api/modules/ ghodkeayush22@gmail.com - Status 200
2025-07-02 01:46:49 INFO  - [2025-07-02 01:46:49] GET /api/access/getRoles ghodkeayush22@gmail.com - Status 200
2025-07-02 01:49:19 INFO  - [2025-07-02 01:49:18] GET /api/users/loggedInUser ghodkeayush22@gmail.com - Status 200
2025-07-02 01:49:19 INFO  - [2025-07-02 01:49:19] GET /api/modules/ ghodkeayush22@gmail.com - Status 200
2025-07-02 01:49:19 INFO  - [2025-07-02 01:49:19] GET /api/access/getRoles ghodkeayush22@gmail.com - Status 200
2025-07-02 01:49:19 INFO  - [2025-07-02 01:49:19] GET /api/users/loggedInUser ghodkeayush22@gmail.com - Status 200
2025-07-02 01:49:19 INFO  - [2025-07-02 01:49:19] GET /api/modules/ ghodkeayush22@gmail.com - Status 200
2025-07-02 01:49:19 INFO  - [2025-07-02 01:49:19] GET /api/access/getRoles ghodkeayush22@gmail.com - Status 200
2025-07-02 01:49:19 INFO  - [2025-07-02 01:49:19] GET /api/users/email/ghodkeayush22@gmail.com ghodkeayush22@gmail.com - Status 200
2025-07-02 01:49:19 INFO  - [2025-07-02 01:49:19] GET /api/tenants/4/users ghodkeayush22@gmail.com - Status 200
2025-07-02 01:49:20 INFO  - [2025-07-02 01:49:19] GET /api/users/email/ghodkeayush22@gmail.com ghodkeayush22@gmail.com - Status 200
2025-07-02 01:49:20 INFO  - [2025-07-02 01:49:20] GET /api/tenants/4/users ghodkeayush22@gmail.com - Status 200
2025-07-02 01:49:20 INFO  - [2025-07-02 01:49:20] GET /api/modules/ ghodkeayush22@gmail.com - Status 200
2025-07-02 01:49:20 INFO  - [2025-07-02 01:49:20] GET /api/access/getRoles ghodkeayush22@gmail.com - Status 200
2025-07-02 01:49:20 INFO  - [2025-07-02 01:49:20] GET /api/modules/ ghodkeayush22@gmail.com - Status 200
2025-07-02 01:49:20 INFO  - [2025-07-02 01:49:20] GET /api/access/getRoles ghodkeayush22@gmail.com - Status 200
2025-07-02 01:49:21 INFO  - [2025-07-02 01:49:20] GET /api/tenants/4/users ghodkeayush22@gmail.com - Status 200
2025-07-02 01:49:21 INFO  - [2025-07-02 01:49:21] GET /api/tenants/4/users ghodkeayush22@gmail.com - Status 200
2025-07-02 01:50:47 INFO  - [2025-07-02 01:50:47] PUT /api/access/role/edit ghodkeayush22@gmail.com - Status 200
2025-07-02 01:50:47 INFO  - [2025-07-02 01:50:47] GET /api/access/getRoles ghodkeayush22@gmail.com - Status 200
2025-07-02 01:51:20 INFO  - [2025-07-02 01:51:20] PUT /api/access/role/edit ghodkeayush22@gmail.com - Status 200
2025-07-02 01:51:20 INFO  - [2025-07-02 01:51:20] GET /api/access/getRoles ghodkeayush22@gmail.com - Status 200
2025-07-02 02:01:17 INFO  - [2025-07-02 02:01:17] GET /api/users/loggedInUser ghodkeayush22@gmail.com - Status 200
2025-07-02 02:01:18 INFO  - [2025-07-02 02:01:18] GET /api/users/loggedInUser ghodkeayush22@gmail.com - Status 200
2025-07-02 02:01:18 INFO  - [2025-07-02 02:01:18] GET /api/users/email/ghodkeayush22@gmail.com ghodkeayush22@gmail.com - Status 200
2025-07-02 02:01:18 INFO  - [2025-07-02 02:01:18] GET /api/users/email/ghodkeayush22@gmail.com ghodkeayush22@gmail.com - Status 200
2025-07-02 02:03:31 INFO  - [2025-07-02 02:03:31] GET /api/users/loggedInUser ghodkeayush22@gmail.com - Status 200
2025-07-02 02:03:32 INFO  - [2025-07-02 02:03:31] GET /api/users/loggedInUser ghodkeayush22@gmail.com - Status 200
2025-07-02 02:03:32 INFO  - [2025-07-02 02:03:32] GET /api/users/email/ghodkeayush22@gmail.com ghodkeayush22@gmail.com - Status 200
2025-07-02 02:03:32 INFO  - [2025-07-02 02:03:32] GET /api/users/email/ghodkeayush22@gmail.com ghodkeayush22@gmail.com - Status 200
2025-07-02 02:04:30 INFO  - [2025-07-02 02:04:30] GET /api/users/loggedInUser ghodkeayush22@gmail.com - Status 200
2025-07-02 02:04:30 INFO  - [2025-07-02 02:04:30] GET /api/users/loggedInUser ghodkeayush22@gmail.com - Status 200
2025-07-02 02:04:30 INFO  - [2025-07-02 02:04:30] GET /api/access/getRoles ghodkeayush22@gmail.com - Status 200
2025-07-02 02:04:30 INFO  - [2025-07-02 02:04:30] GET /api/access/getRoles ghodkeayush22@gmail.com - Status 200
2025-07-02 02:04:30 INFO  - [2025-07-02 02:04:30] GET /api/modules/ ghodkeayush22@gmail.com - Status 200
2025-07-02 02:04:31 INFO  - [2025-07-02 02:04:30] GET /api/users/email/ghodkeayush22@gmail.com ghodkeayush22@gmail.com - Status 200
2025-07-02 02:04:31 INFO  - [2025-07-02 02:04:31] GET /api/modules/ ghodkeayush22@gmail.com - Status 200
2025-07-02 02:04:31 INFO  - [2025-07-02 02:04:30] GET /api/tenants/4/users ghodkeayush22@gmail.com - Status 200
2025-07-02 02:04:32 INFO  - [2025-07-02 02:04:31] GET /api/users/email/ghodkeayush22@gmail.com ghodkeayush22@gmail.com - Status 200
2025-07-02 02:04:34 INFO  - [2025-07-02 02:04:33] GET /api/tenants/4/users ghodkeayush22@gmail.com - Status 200
2025-07-02 02:04:41 INFO  - [2025-07-02 02:04:41] GET /api/modules/ ghodkeayush22@gmail.com - Status 200
2025-07-02 02:04:41 INFO  - [2025-07-02 02:04:41] GET /api/access/getRoles ghodkeayush22@gmail.com - Status 200
2025-07-02 02:04:41 INFO  - [2025-07-02 02:04:41] GET /api/modules/ ghodkeayush22@gmail.com - Status 200
2025-07-02 02:04:41 INFO  - [2025-07-02 02:04:41] GET /api/access/getRoles ghodkeayush22@gmail.com - Status 200
2025-07-02 02:04:42 INFO  - [2025-07-02 02:04:41] GET /api/tenants/4/users ghodkeayush22@gmail.com - Status 200
2025-07-02 02:04:42 INFO  - [2025-07-02 02:04:42] GET /api/tenants/4/users ghodkeayush22@gmail.com - Status 200
2025-07-02 02:07:18 INFO  - [2025-07-02 02:07:18] GET /api/modules/ ghodkeayush22@gmail.com - Status 200
2025-07-02 02:07:18 INFO  - [2025-07-02 02:07:18] GET /api/access/getRoles ghodkeayush22@gmail.com - Status 200
2025-07-02 02:07:18 INFO  - [2025-07-02 02:07:18] GET /api/modules/ ghodkeayush22@gmail.com - Status 200
2025-07-02 02:07:18 INFO  - [2025-07-02 02:07:18] GET /api/access/getRoles ghodkeayush22@gmail.com - Status 200
2025-07-02 02:08:28 INFO  - [2025-07-02 02:08:28] GET /api/users/loggedInUser ghodkeayush22@gmail.com - Status 200
2025-07-02 02:08:28 INFO  - [2025-07-02 02:08:28] GET /api/users/loggedInUser ghodkeayush22@gmail.com - Status 200
2025-07-02 02:08:28 INFO  - [2025-07-02 02:08:28] GET /api/access/getRoles ghodkeayush22@gmail.com - Status 200
2025-07-02 02:08:28 INFO  - [2025-07-02 02:08:28] GET /api/modules/ ghodkeayush22@gmail.com - Status 200
2025-07-02 02:08:29 INFO  - [2025-07-02 02:08:28] GET /api/access/getRoles ghodkeayush22@gmail.com - Status 200
2025-07-02 02:08:29 INFO  - [2025-07-02 02:08:29] GET /api/modules/ ghodkeayush22@gmail.com - Status 200
2025-07-02 02:08:29 INFO  - [2025-07-02 02:08:28] GET /api/users/email/ghodkeayush22@gmail.com ghodkeayush22@gmail.com - Status 200
2025-07-02 02:08:29 INFO  - [2025-07-02 02:08:28] GET /api/tenants/4/users ghodkeayush22@gmail.com - Status 200
2025-07-02 02:08:29 INFO  - [2025-07-02 02:08:29] GET /api/users/email/ghodkeayush22@gmail.com ghodkeayush22@gmail.com - Status 200
2025-07-02 02:08:29 INFO  - [2025-07-02 02:08:29] GET /api/tenants/4/users ghodkeayush22@gmail.com - Status 200
2025-07-02 02:12:02 INFO  - [2025-07-02 02:12:02] GET /api/modules/ ghodkeayush22@gmail.com - Status 200
2025-07-02 02:12:02 INFO  - [2025-07-02 02:12:02] GET /api/access/getRoles ghodkeayush22@gmail.com - Status 200
2025-07-02 02:12:02 INFO  - [2025-07-02 02:12:02] GET /api/modules/ ghodkeayush22@gmail.com - Status 200
2025-07-02 02:12:02 INFO  - [2025-07-02 02:12:02] GET /api/access/getRoles ghodkeayush22@gmail.com - Status 200
2025-07-02 02:12:02 INFO  - [2025-07-02 02:12:02] GET /api/tenants/4/users ghodkeayush22@gmail.com - Status 200
2025-07-02 02:12:03 INFO  - [2025-07-02 02:12:02] GET /api/tenants/4/users ghodkeayush22@gmail.com - Status 200
2025-07-02 02:12:56 INFO  - [2025-07-02 02:12:56] GET /api/users/loggedInUser ghodkeayush22@gmail.com - Status 200
2025-07-02 02:12:56 INFO  - [2025-07-02 02:12:56] GET /api/users/loggedInUser ghodkeayush22@gmail.com - Status 200
2025-07-02 02:12:57 INFO  - [2025-07-02 02:12:56] GET /api/users/email/ghodkeayush22@gmail.com ghodkeayush22@gmail.com - Status 200
2025-07-02 02:12:57 INFO  - [2025-07-02 02:12:57] GET /api/users/email/ghodkeayush22@gmail.com ghodkeayush22@gmail.com - Status 200
2025-07-02 02:13:18 INFO  - [2025-07-02 02:13:18] GET /api/access/getRoles ghodkeayush22@gmail.com - Status 200
2025-07-02 02:13:18 INFO  - [2025-07-02 02:13:18] GET /api/modules/ ghodkeayush22@gmail.com - Status 200
2025-07-02 02:13:18 INFO  - [2025-07-02 02:13:18] GET /api/access/getRoles ghodkeayush22@gmail.com - Status 200
2025-07-02 02:13:18 INFO  - [2025-07-02 02:13:18] GET /api/modules/ ghodkeayush22@gmail.com - Status 200
2025-07-02 02:13:18 INFO  - [2025-07-02 02:13:18] GET /api/tenants/4/users ghodkeayush22@gmail.com - Status 200
2025-07-02 02:13:18 INFO  - [2025-07-02 02:13:18] GET /api/tenants/4/users ghodkeayush22@gmail.com - Status 200
2025-07-02 02:14:01 INFO  - [2025-07-02 02:14:00] GET /api/users/loggedInUser ghodkeayush22@gmail.com - Status 200
2025-07-02 02:14:02 INFO  - [2025-07-02 02:14:02] GET /api/modules/ ghodkeayush22@gmail.com - Status 200
2025-07-02 02:14:02 INFO  - [2025-07-02 02:14:02] GET /api/access/getRoles ghodkeayush22@gmail.com - Status 200
2025-07-02 02:14:02 INFO  - [2025-07-02 02:14:01] GET /api/users/loggedInUser ghodkeayush22@gmail.com - Status 200
2025-07-02 02:14:02 INFO  - [2025-07-02 02:14:02] GET /api/modules/ ghodkeayush22@gmail.com - Status 200
2025-07-02 02:14:02 INFO  - [2025-07-02 02:14:02] GET /api/access/getRoles ghodkeayush22@gmail.com - Status 200
2025-07-02 02:14:02 INFO  - [2025-07-02 02:14:01] GET /api/users/email/ghodkeayush22@gmail.com ghodkeayush22@gmail.com - Status 200
2025-07-02 02:14:02 INFO  - [2025-07-02 02:14:01] GET /api/tenants/4/users ghodkeayush22@gmail.com - Status 200
2025-07-02 02:14:02 INFO  - [2025-07-02 02:14:02] GET /api/users/email/ghodkeayush22@gmail.com ghodkeayush22@gmail.com - Status 200
2025-07-02 02:14:03 INFO  - [2025-07-02 02:14:02] GET /api/tenants/4/users ghodkeayush22@gmail.com - Status 200
2025-07-02 02:14:03 INFO  - [2025-07-02 02:14:03] GET /api/modules/ ghodkeayush22@gmail.com - Status 200
2025-07-02 02:14:03 INFO  - [2025-07-02 02:14:03] GET /api/access/getRoles ghodkeayush22@gmail.com - Status 200
2025-07-02 02:14:03 INFO  - [2025-07-02 02:14:03] GET /api/modules/ ghodkeayush22@gmail.com - Status 200
2025-07-02 02:14:03 INFO  - [2025-07-02 02:14:03] GET /api/access/getRoles ghodkeayush22@gmail.com - Status 200
2025-07-02 02:14:04 INFO  - [2025-07-02 02:14:03] GET /api/tenants/4/users ghodkeayush22@gmail.com - Status 200
2025-07-02 02:14:04 INFO  - [2025-07-02 02:14:04] GET /api/tenants/4/users ghodkeayush22@gmail.com - Status 200
2025-07-02 02:14:49 INFO  - [2025-07-02 02:14:48] GET /api/users/loggedInUser ghodkeayush22@gmail.com - Status 200
2025-07-02 02:14:49 INFO  - [2025-07-02 02:14:49] GET /api/users/loggedInUser ghodkeayush22@gmail.com - Status 200
2025-07-02 02:14:49 INFO  - [2025-07-02 02:14:49] GET /api/modules/ ghodkeayush22@gmail.com - Status 200
2025-07-02 02:14:49 INFO  - [2025-07-02 02:14:49] GET /api/access/getRoles ghodkeayush22@gmail.com - Status 200
2025-07-02 02:14:49 INFO  - [2025-07-02 02:14:49] GET /api/modules/ ghodkeayush22@gmail.com - Status 200
2025-07-02 02:14:49 INFO  - [2025-07-02 02:14:49] GET /api/access/getRoles ghodkeayush22@gmail.com - Status 200
2025-07-02 02:14:49 INFO  - [2025-07-02 02:14:49] GET /api/users/email/ghodkeayush22@gmail.com ghodkeayush22@gmail.com - Status 200
2025-07-02 02:14:49 INFO  - [2025-07-02 02:14:49] GET /api/tenants/4/users ghodkeayush22@gmail.com - Status 200
2025-07-02 02:14:49 INFO  - [2025-07-02 02:14:49] GET /api/users/email/ghodkeayush22@gmail.com ghodkeayush22@gmail.com - Status 200
2025-07-02 02:14:49 INFO  - [2025-07-02 02:14:49] GET /api/tenants/4/users ghodkeayush22@gmail.com - Status 200
2025-07-02 02:14:52 INFO  - [2025-07-02 02:14:52] GET /api/modules/ ghodkeayush22@gmail.com - Status 200
2025-07-02 02:14:52 INFO  - [2025-07-02 02:14:52] GET /api/access/getRoles ghodkeayush22@gmail.com - Status 200
2025-07-02 02:14:52 INFO  - [2025-07-02 02:14:52] GET /api/modules/ ghodkeayush22@gmail.com - Status 200
2025-07-02 02:14:52 INFO  - [2025-07-02 02:14:52] GET /api/access/getRoles ghodkeayush22@gmail.com - Status 200
2025-07-02 02:14:52 INFO  - [2025-07-02 02:14:52] GET /api/tenants/4/users ghodkeayush22@gmail.com - Status 200
2025-07-02 02:14:53 INFO  - [2025-07-02 02:14:53] GET /api/tenants/4/users ghodkeayush22@gmail.com - Status 200
2025-07-02 02:15:08 INFO  - [2025-07-02 02:15:07] GET /api/users/loggedInUser ghodkeayush22@gmail.com - Status 200
2025-07-02 02:15:08 INFO  - [2025-07-02 02:15:08] GET /api/users/loggedInUser ghodkeayush22@gmail.com - Status 200
2025-07-02 02:15:08 INFO  - [2025-07-02 02:15:08] GET /api/access/getRoles ghodkeayush22@gmail.com - Status 200
2025-07-02 02:15:08 INFO  - [2025-07-02 02:15:08] GET /api/modules/ ghodkeayush22@gmail.com - Status 200
2025-07-02 02:15:08 INFO  - [2025-07-02 02:15:08] GET /api/access/getRoles ghodkeayush22@gmail.com - Status 200
2025-07-02 02:15:08 INFO  - [2025-07-02 02:15:08] GET /api/modules/ ghodkeayush22@gmail.com - Status 200
2025-07-02 02:15:08 INFO  - [2025-07-02 02:15:08] GET /api/users/email/ghodkeayush22@gmail.com ghodkeayush22@gmail.com - Status 200
2025-07-02 02:15:08 INFO  - [2025-07-02 02:15:08] GET /api/tenants/4/users ghodkeayush22@gmail.com - Status 200
2025-07-02 02:15:08 INFO  - [2025-07-02 02:15:08] GET /api/users/email/ghodkeayush22@gmail.com ghodkeayush22@gmail.com - Status 200
2025-07-02 02:15:08 INFO  - [2025-07-02 02:15:08] GET /api/tenants/4/users ghodkeayush22@gmail.com - Status 200
2025-07-02 02:15:19 INFO  - [2025-07-02 02:15:19] GET /api/modules/ ghodkeayush22@gmail.com - Status 200
2025-07-02 02:15:19 INFO  - [2025-07-02 02:15:19] GET /api/access/getRoles ghodkeayush22@gmail.com - Status 200
2025-07-02 02:15:19 INFO  - [2025-07-02 02:15:19] GET /api/modules/ ghodkeayush22@gmail.com - Status 200
2025-07-02 02:15:19 INFO  - [2025-07-02 02:15:19] GET /api/access/getRoles ghodkeayush22@gmail.com - Status 200
2025-07-02 02:15:19 INFO  - [2025-07-02 02:15:19] GET /api/tenants/4/users ghodkeayush22@gmail.com - Status 200
2025-07-02 02:15:19 INFO  - [2025-07-02 02:15:19] GET /api/tenants/4/users ghodkeayush22@gmail.com - Status 200
2025-07-02 02:15:51 INFO  - [2025-07-02 02:15:51] PUT /api/access/role/edit ghodkeayush22@gmail.com - Status 200
2025-07-02 02:15:51 INFO  - [2025-07-02 02:15:51] GET /api/access/getRoles ghodkeayush22@gmail.com - Status 200
2025-07-02 02:16:28 INFO  - [2025-07-02 02:16:28] PUT /api/access/role/edit ghodkeayush22@gmail.com - Status 200
2025-07-02 02:16:28 INFO  - [2025-07-02 02:16:28] GET /api/access/getRoles ghodkeayush22@gmail.com - Status 200
2025-07-02 02:16:47 INFO  - [2025-07-02 02:16:47] GET /api/timesheet-tasks/admin/summary ghodkeayush22@gmail.com - Status 200
2025-07-02 02:16:47 INFO  - [2025-07-02 02:16:47] GET /api/timesheet-tasks/admin/summary ghodkeayush22@gmail.com - Status 200
2025-07-02 02:16:48 INFO  - [2025-07-02 02:16:48] GET /api/modules/ ghodkeayush22@gmail.com - Status 200
2025-07-02 02:16:48 INFO  - [2025-07-02 02:16:48] GET /api/access/getRoles ghodkeayush22@gmail.com - Status 200
2025-07-02 02:16:48 INFO  - [2025-07-02 02:16:48] GET /api/modules/ ghodkeayush22@gmail.com - Status 200
2025-07-02 02:16:48 INFO  - [2025-07-02 02:16:48] GET /api/access/getRoles ghodkeayush22@gmail.com - Status 200
2025-07-02 02:16:48 INFO  - [2025-07-02 02:16:48] GET /api/tenants/4/users ghodkeayush22@gmail.com - Status 200
2025-07-02 02:16:48 INFO  - [2025-07-02 02:16:48] GET /api/tenants/4/users ghodkeayush22@gmail.com - Status 200
2025-07-02 02:16:52 INFO  - [2025-07-02 02:16:52] GET /api/modules/ ghodkeayush22@gmail.com - Status 200
2025-07-02 02:16:52 INFO  - [2025-07-02 02:16:52] GET /api/access/getRoles ghodkeayush22@gmail.com - Status 200
2025-07-02 02:16:52 INFO  - [2025-07-02 02:16:52] GET /api/modules/ ghodkeayush22@gmail.com - Status 200
2025-07-02 02:16:52 INFO  - [2025-07-02 02:16:52] GET /api/access/getRoles ghodkeayush22@gmail.com - Status 200
2025-07-02 02:16:59 INFO  - [2025-07-02 02:16:59] PUT /api/access/edit ghodkeayush22@gmail.com - Status 200
2025-07-02 02:16:59 INFO  - [2025-07-02 02:16:59] GET /api/tenants/4/users ghodkeayush22@gmail.com - Status 200
2025-07-02 02:17:01 INFO  - [2025-07-02 02:17:01] GET /api/modules/ ghodkeayush22@gmail.com - Status 200
2025-07-02 02:17:01 INFO  - [2025-07-02 02:17:01] GET /api/access/getRoles ghodkeayush22@gmail.com - Status 200
2025-07-02 02:17:01 INFO  - [2025-07-02 02:17:01] GET /api/modules/ ghodkeayush22@gmail.com - Status 200
2025-07-02 02:17:01 INFO  - [2025-07-02 02:17:01] GET /api/access/getRoles ghodkeayush22@gmail.com - Status 200
2025-07-02 02:17:05 INFO  - [2025-07-02 02:17:05] PUT /api/access/edit ghodkeayush22@gmail.com - Status 200
2025-07-02 02:17:06 INFO  - [2025-07-02 02:17:05] GET /api/tenants/4/users ghodkeayush22@gmail.com - Status 200
2025-07-02 02:17:08 INFO  - [2025-07-02 02:17:08] GET /api/modules/ ghodkeayush22@gmail.com - Status 200
2025-07-02 02:17:08 INFO  - [2025-07-02 02:17:08] GET /api/access/getRoles ghodkeayush22@gmail.com - Status 200
2025-07-02 02:17:08 INFO  - [2025-07-02 02:17:08] GET /api/modules/ ghodkeayush22@gmail.com - Status 200
2025-07-02 02:17:08 INFO  - [2025-07-02 02:17:08] GET /api/access/getRoles ghodkeayush22@gmail.com - Status 200
2025-07-02 02:17:30 INFO  - [2025-07-02 02:17:30] PUT /api/access/role/edit ghodkeayush22@gmail.com - Status 200
2025-07-02 02:17:30 INFO  - [2025-07-02 02:17:30] GET /api/access/getRoles ghodkeayush22@gmail.com - Status 200
2025-07-02 02:18:29 INFO  - [2025-07-02 02:18:29] GET /api/users/email/ghodkeayush22@gmail.com ghodkeayush22@gmail.com - Status 200
2025-07-02 02:18:30 INFO  - [2025-07-02 02:18:30] GET /api/users/email/ghodkeayush22@gmail.com ghodkeayush22@gmail.com - Status 200
2025-07-02 02:19:42 INFO  - [2025-07-02 02:19:42] GET /api/users/email/ghodkeayush22@gmail.com ghodkeayush22@gmail.com - Status 200
2025-07-02 02:19:43 INFO  - [2025-07-02 02:19:43] POST /api/users/logout/10 ghodkeayush22@gmail.com - Status 200
2025-07-02 02:19:53 INFO  - [2025-07-02 02:19:53] POST /api/users/login Anonymous - Status 200
2025-07-02 02:19:53 INFO  - [2025-07-02 02:19:53] GET /api/users/email/ayushghodke9535@gmail.com ayushghodke9535@gmail.com - Status 200
2025-07-02 02:19:53 INFO  - [2025-07-02 02:19:53] GET /api/users/email/ayushghodke9535@gmail.com ayushghodke9535@gmail.com - Status 200
2025-07-02 02:19:55 INFO  - [2025-07-02 02:19:55] GET /api/modules/ ayushghodke9535@gmail.com - Status 200
2025-07-02 02:19:55 INFO  - [2025-07-02 02:19:55] GET /api/access/getRoles ayushghodke9535@gmail.com - Status 200
2025-07-02 02:19:55 INFO  - [2025-07-02 02:19:55] GET /api/modules/ ayushghodke9535@gmail.com - Status 200
2025-07-02 02:19:55 INFO  - [2025-07-02 02:19:55] GET /api/access/getRoles ayushghodke9535@gmail.com - Status 200
2025-07-02 02:19:56 INFO  - [2025-07-02 02:19:55] GET /api/tenants/4/users ayushghodke9535@gmail.com - Status 200
2025-07-02 02:19:56 INFO  - [2025-07-02 02:19:56] GET /api/tenants/4/users ayushghodke9535@gmail.com - Status 200
2025-07-02 02:20:06 WARN  - [2025-07-02 02:20:06] PUT /api/access/role/edit ayushghodke9535@gmail.com - Status 500 - Error: You do not have permission to edit user access rights
2025-07-02 02:26:29 INFO  - [2025-07-02 02:26:29] GET /api/users/email/ayushghodke9535@gmail.com ayushghodke9535@gmail.com - Status 200
2025-07-02 02:26:30 INFO  - [2025-07-02 02:26:30] POST /api/users/logout/11 ayushghodke9535@gmail.com - Status 200
2025-07-02 02:26:36 INFO  - [2025-07-02 02:26:36] POST /api/users/login Anonymous - Status 200
2025-07-02 02:26:37 INFO  - [2025-07-02 02:26:36] GET /api/users/email/ghodkeayush22@gmail.com ghodkeayush22@gmail.com - Status 200
2025-07-02 02:26:37 INFO  - [2025-07-02 02:26:37] GET /api/users/email/ghodkeayush22@gmail.com ghodkeayush22@gmail.com - Status 200
2025-07-02 02:26:44 INFO  - [2025-07-02 02:26:44] GET /api/access/getRoles ghodkeayush22@gmail.com - Status 200
2025-07-02 02:26:44 INFO  - [2025-07-02 02:26:44] GET /api/modules/ ghodkeayush22@gmail.com - Status 200
2025-07-02 02:26:44 INFO  - [2025-07-02 02:26:44] GET /api/modules/ ghodkeayush22@gmail.com - Status 200
2025-07-02 02:26:44 INFO  - [2025-07-02 02:26:44] GET /api/access/getRoles ghodkeayush22@gmail.com - Status 200
2025-07-02 02:26:44 INFO  - [2025-07-02 02:26:44] GET /api/tenants/4/users ghodkeayush22@gmail.com - Status 200
2025-07-02 02:26:45 INFO  - [2025-07-02 02:26:44] GET /api/tenants/4/users ghodkeayush22@gmail.com - Status 200
2025-07-02 02:26:52 INFO  - [2025-07-02 02:26:52] GET /api/users/email/ghodkeayush22@gmail.com ghodkeayush22@gmail.com - Status 200
2025-07-02 02:27:42 INFO  - [2025-07-02 02:27:42] GET /api/modules/ ghodkeayush22@gmail.com - Status 200
2025-07-02 02:27:42 INFO  - [2025-07-02 02:27:42] GET /api/access/getRoles ghodkeayush22@gmail.com - Status 200
2025-07-02 02:27:42 INFO  - [2025-07-02 02:27:42] GET /api/access/getRoles ghodkeayush22@gmail.com - Status 200
2025-07-02 02:27:42 INFO  - [2025-07-02 02:27:42] GET /api/modules/ ghodkeayush22@gmail.com - Status 200
2025-07-02 02:29:50 INFO  - [2025-07-02 02:29:50] GET /api/users/loggedInUser ghodkeayush22@gmail.com - Status 200
2025-07-02 02:29:50 INFO  - [2025-07-02 02:29:50] GET /api/modules/ ghodkeayush22@gmail.com - Status 200
2025-07-02 02:29:50 INFO  - [2025-07-02 02:29:50] GET /api/users/loggedInUser ghodkeayush22@gmail.com - Status 200
2025-07-02 02:29:50 INFO  - [2025-07-02 02:29:50] GET /api/access/getRoles ghodkeayush22@gmail.com - Status 200
2025-07-02 02:29:50 INFO  - [2025-07-02 02:29:50] GET /api/modules/ ghodkeayush22@gmail.com - Status 200
2025-07-02 02:29:50 INFO  - [2025-07-02 02:29:50] GET /api/access/getRoles ghodkeayush22@gmail.com - Status 200
2025-07-02 02:29:50 INFO  - [2025-07-02 02:29:50] GET /api/users/email/ghodkeayush22@gmail.com ghodkeayush22@gmail.com - Status 200
2025-07-02 02:29:50 INFO  - [2025-07-02 02:29:50] GET /api/tenants/4/users ghodkeayush22@gmail.com - Status 200
2025-07-02 02:29:51 INFO  - [2025-07-02 02:29:50] GET /api/users/email/ghodkeayush22@gmail.com ghodkeayush22@gmail.com - Status 200
2025-07-02 02:29:51 INFO  - [2025-07-02 02:29:50] GET /api/tenants/4/users ghodkeayush22@gmail.com - Status 200
2025-07-02 02:29:52 INFO  - [2025-07-02 02:29:52] GET /api/modules/ ghodkeayush22@gmail.com - Status 200
2025-07-02 02:29:52 INFO  - [2025-07-02 02:29:52] GET /api/access/getRoles ghodkeayush22@gmail.com - Status 200
2025-07-02 02:29:52 INFO  - [2025-07-02 02:29:52] GET /api/modules/ ghodkeayush22@gmail.com - Status 200
2025-07-02 02:29:52 INFO  - [2025-07-02 02:29:52] GET /api/access/getRoles ghodkeayush22@gmail.com - Status 200
2025-07-02 02:29:52 INFO  - [2025-07-02 02:29:52] GET /api/tenants/4/users ghodkeayush22@gmail.com - Status 200
2025-07-02 02:29:52 INFO  - [2025-07-02 02:29:52] GET /api/tenants/4/users ghodkeayush22@gmail.com - Status 200
2025-07-02 02:30:03 INFO  - [2025-07-02 02:30:03] GET /api/users/loggedInUser ghodkeayush22@gmail.com - Status 200
2025-07-02 02:30:04 INFO  - [2025-07-02 02:30:04] GET /api/modules/ ghodkeayush22@gmail.com - Status 200
2025-07-02 02:30:04 INFO  - [2025-07-02 02:30:04] GET /api/modules/ ghodkeayush22@gmail.com - Status 200
2025-07-02 02:30:04 INFO  - [2025-07-02 02:30:03] GET /api/users/loggedInUser ghodkeayush22@gmail.com - Status 200
2025-07-02 02:30:04 INFO  - [2025-07-02 02:30:04] GET /api/access/getRoles ghodkeayush22@gmail.com - Status 200
2025-07-02 02:30:04 INFO  - [2025-07-02 02:30:04] GET /api/access/getRoles ghodkeayush22@gmail.com - Status 200
2025-07-02 02:30:04 INFO  - [2025-07-02 02:30:04] GET /api/users/email/ghodkeayush22@gmail.com ghodkeayush22@gmail.com - Status 200
2025-07-02 02:30:04 INFO  - [2025-07-02 02:30:04] GET /api/tenants/4/users ghodkeayush22@gmail.com - Status 200
2025-07-02 02:30:04 INFO  - [2025-07-02 02:30:04] GET /api/users/email/ghodkeayush22@gmail.com ghodkeayush22@gmail.com - Status 200
2025-07-02 02:30:04 INFO  - [2025-07-02 02:30:04] GET /api/tenants/4/users ghodkeayush22@gmail.com - Status 200
2025-07-02 02:30:05 INFO  - [2025-07-02 02:30:05] GET /api/modules/ ghodkeayush22@gmail.com - Status 200
2025-07-02 02:30:05 INFO  - [2025-07-02 02:30:05] GET /api/access/getRoles ghodkeayush22@gmail.com - Status 200
2025-07-02 02:30:05 INFO  - [2025-07-02 02:30:05] GET /api/modules/ ghodkeayush22@gmail.com - Status 200
2025-07-02 02:30:05 INFO  - [2025-07-02 02:30:05] GET /api/access/getRoles ghodkeayush22@gmail.com - Status 200
2025-07-02 02:30:05 INFO  - [2025-07-02 02:30:05] GET /api/tenants/4/users ghodkeayush22@gmail.com - Status 200
2025-07-02 02:30:05 INFO  - [2025-07-02 02:30:05] GET /api/tenants/4/users ghodkeayush22@gmail.com - Status 200
2025-07-02 02:31:37 INFO  - [2025-07-02 02:31:37] GET /api/modules/ ghodkeayush22@gmail.com - Status 200
2025-07-02 02:31:37 INFO  - [2025-07-02 02:31:37] GET /api/access/getRoles ghodkeayush22@gmail.com - Status 200
2025-07-02 02:31:37 INFO  - [2025-07-02 02:31:37] GET /api/modules/ ghodkeayush22@gmail.com - Status 200
2025-07-02 02:31:37 INFO  - [2025-07-02 02:31:37] GET /api/access/getRoles ghodkeayush22@gmail.com - Status 200
2025-07-02 02:31:56 INFO  - [2025-07-02 02:31:56] GET /api/modules/ ghodkeayush22@gmail.com - Status 200
2025-07-02 02:31:56 INFO  - [2025-07-02 02:31:56] GET /api/access/getRoles ghodkeayush22@gmail.com - Status 200
2025-07-02 02:31:56 INFO  - [2025-07-02 02:31:56] GET /api/modules/ ghodkeayush22@gmail.com - Status 200
2025-07-02 02:31:56 INFO  - [2025-07-02 02:31:56] GET /api/access/getRoles ghodkeayush22@gmail.com - Status 200
2025-07-02 02:33:22 INFO  - [2025-07-02 02:33:22] GET /api/timesheet-tasks/admin/summary ghodkeayush22@gmail.com - Status 200
2025-07-02 02:33:23 INFO  - [2025-07-02 02:33:23] GET /api/timesheet-tasks/admin/summary ghodkeayush22@gmail.com - Status 200
2025-07-02 02:33:23 INFO  - [2025-07-02 02:33:23] GET /api/modules/ ghodkeayush22@gmail.com - Status 200
2025-07-02 02:33:23 INFO  - [2025-07-02 02:33:23] GET /api/access/getRoles ghodkeayush22@gmail.com - Status 200
2025-07-02 02:33:23 INFO  - [2025-07-02 02:33:23] GET /api/modules/ ghodkeayush22@gmail.com - Status 200
2025-07-02 02:33:23 INFO  - [2025-07-02 02:33:23] GET /api/access/getRoles ghodkeayush22@gmail.com - Status 200
2025-07-02 02:33:23 INFO  - [2025-07-02 02:33:23] GET /api/tenants/4/users ghodkeayush22@gmail.com - Status 200
2025-07-02 02:33:24 INFO  - [2025-07-02 02:33:23] GET /api/tenants/4/users ghodkeayush22@gmail.com - Status 200
2025-07-02 02:37:55 INFO  - [2025-07-02 02:37:55] POST /api/users/login Anonymous - Status 200
2025-07-02 02:37:56 INFO  - [2025-07-02 02:37:56] GET /api/users/email/ghodkeayush22@gmail.com ghodkeayush22@gmail.com - Status 200
2025-07-02 02:37:56 INFO  - [2025-07-02 02:37:56] GET /api/users/email/ghodkeayush22@gmail.com ghodkeayush22@gmail.com - Status 200
2025-07-02 02:37:57 INFO  - [2025-07-02 02:37:57] GET /api/modules/ ghodkeayush22@gmail.com - Status 200
2025-07-02 02:37:57 INFO  - [2025-07-02 02:37:57] GET /api/access/getRoles ghodkeayush22@gmail.com - Status 200
2025-07-02 02:37:57 INFO  - [2025-07-02 02:37:57] GET /api/modules/ ghodkeayush22@gmail.com - Status 200
2025-07-02 02:37:57 INFO  - [2025-07-02 02:37:57] GET /api/access/getRoles ghodkeayush22@gmail.com - Status 200
2025-07-02 02:37:57 INFO  - [2025-07-02 02:37:57] GET /api/tenants/4/users ghodkeayush22@gmail.com - Status 200
2025-07-02 02:37:57 INFO  - [2025-07-02 02:37:57] GET /api/tenants/4/users ghodkeayush22@gmail.com - Status 200
2025-07-02 02:38:51 INFO  - [2025-07-02 02:38:51] PUT /api/access/role/edit ghodkeayush22@gmail.com - Status 200
2025-07-02 02:38:51 INFO  - [2025-07-02 02:38:51] GET /api/access/getRoles ghodkeayush22@gmail.com - Status 200
2025-07-02 02:39:04 INFO  - [2025-07-02 02:39:04] GET /api/modules/ ghodkeayush22@gmail.com - Status 200
2025-07-02 02:39:04 INFO  - [2025-07-02 02:39:04] GET /api/access/getRoles ghodkeayush22@gmail.com - Status 200
2025-07-02 02:39:04 INFO  - [2025-07-02 02:39:04] GET /api/modules/ ghodkeayush22@gmail.com - Status 200
2025-07-02 02:39:04 INFO  - [2025-07-02 02:39:04] GET /api/access/getRoles ghodkeayush22@gmail.com - Status 200
2025-07-02 02:39:15 INFO  - [2025-07-02 02:39:15] GET /api/modules/ ghodkeayush22@gmail.com - Status 200
2025-07-02 02:39:15 INFO  - [2025-07-02 02:39:15] GET /api/access/getRoles ghodkeayush22@gmail.com - Status 200
2025-07-02 02:39:15 INFO  - [2025-07-02 02:39:15] GET /api/modules/ ghodkeayush22@gmail.com - Status 200
2025-07-02 02:39:15 INFO  - [2025-07-02 02:39:15] GET /api/access/getRoles ghodkeayush22@gmail.com - Status 200
2025-07-02 02:39:53 INFO  - [2025-07-02 02:39:52] POST /api/access/role/add ghodkeayush22@gmail.com - Status 201
2025-07-02 02:39:53 INFO  - [2025-07-02 02:39:53] GET /api/access/getRoles ghodkeayush22@gmail.com - Status 200
2025-07-02 02:40:00 INFO  - [2025-07-02 02:40:00] PUT /api/access/role/edit ghodkeayush22@gmail.com - Status 200
2025-07-02 02:40:00 INFO  - [2025-07-02 02:40:00] GET /api/access/getRoles ghodkeayush22@gmail.com - Status 200
2025-07-02 02:40:06 INFO  - [2025-07-02 02:40:06] GET /api/modules/ ghodkeayush22@gmail.com - Status 200
2025-07-02 02:40:06 INFO  - [2025-07-02 02:40:06] GET /api/access/getRoles ghodkeayush22@gmail.com - Status 200
2025-07-02 02:40:06 INFO  - [2025-07-02 02:40:06] GET /api/modules/ ghodkeayush22@gmail.com - Status 200
2025-07-02 02:40:06 INFO  - [2025-07-02 02:40:06] GET /api/access/getRoles ghodkeayush22@gmail.com - Status 200
2025-07-02 02:43:57 INFO  - [2025-07-02 02:43:57] GET /api/modules/ ghodkeayush22@gmail.com - Status 200
2025-07-02 02:43:57 INFO  - [2025-07-02 02:43:57] GET /api/access/getRoles ghodkeayush22@gmail.com - Status 200
2025-07-02 02:43:57 INFO  - [2025-07-02 02:43:57] GET /api/modules/ ghodkeayush22@gmail.com - Status 200
2025-07-02 02:43:57 INFO  - [2025-07-02 02:43:57] GET /api/access/getRoles ghodkeayush22@gmail.com - Status 200
2025-07-02 02:44:22 INFO  - [2025-07-02 02:44:22] PUT /api/access/role/edit ghodkeayush22@gmail.com - Status 200
2025-07-02 02:44:22 INFO  - [2025-07-02 02:44:22] GET /api/access/getRoles ghodkeayush22@gmail.com - Status 200
2025-07-02 02:44:28 INFO  - [2025-07-02 02:44:28] PUT /api/access/role/edit ghodkeayush22@gmail.com - Status 200
2025-07-02 02:44:28 INFO  - [2025-07-02 02:44:28] GET /api/access/getRoles ghodkeayush22@gmail.com - Status 200
2025-07-02 02:44:33 INFO  - [2025-07-02 02:44:33] PUT /api/access/role/edit ghodkeayush22@gmail.com - Status 200
2025-07-02 02:44:33 INFO  - [2025-07-02 02:44:33] GET /api/access/getRoles ghodkeayush22@gmail.com - Status 200
2025-07-02 02:44:59 INFO  - [2025-07-02 02:44:59] GET /api/modules/ ghodkeayush22@gmail.com - Status 200
2025-07-02 02:44:59 INFO  - [2025-07-02 02:44:59] GET /api/access/getRoles ghodkeayush22@gmail.com - Status 200
2025-07-02 02:44:59 INFO  - [2025-07-02 02:44:59] GET /api/modules/ ghodkeayush22@gmail.com - Status 200
2025-07-02 02:44:59 INFO  - [2025-07-02 02:44:59] GET /api/access/getRoles ghodkeayush22@gmail.com - Status 200
2025-07-02 02:45:02 INFO  - [2025-07-02 02:45:02] GET /api/modules/ ghodkeayush22@gmail.com - Status 200
2025-07-02 02:45:02 INFO  - [2025-07-02 02:45:02] GET /api/access/getRoles ghodkeayush22@gmail.com - Status 200
2025-07-02 02:45:02 INFO  - [2025-07-02 02:45:02] GET /api/modules/ ghodkeayush22@gmail.com - Status 200
2025-07-02 02:45:02 INFO  - [2025-07-02 02:45:02] GET /api/access/getRoles ghodkeayush22@gmail.com - Status 200
2025-07-02 02:45:38 INFO  - [2025-07-02 02:45:37] GET /api/timesheet-tasks/admin/summary ghodkeayush22@gmail.com - Status 200
2025-07-02 02:45:38 INFO  - [2025-07-02 02:45:38] GET /api/timesheet-tasks/admin/summary ghodkeayush22@gmail.com - Status 200
2025-07-02 02:45:38 INFO  - [2025-07-02 02:45:38] GET /api/modules/ ghodkeayush22@gmail.com - Status 200
2025-07-02 02:45:38 INFO  - [2025-07-02 02:45:38] GET /api/access/getRoles ghodkeayush22@gmail.com - Status 200
2025-07-02 02:45:38 INFO  - [2025-07-02 02:45:38] GET /api/modules/ ghodkeayush22@gmail.com - Status 200
2025-07-02 02:45:38 INFO  - [2025-07-02 02:45:38] GET /api/access/getRoles ghodkeayush22@gmail.com - Status 200
2025-07-02 02:45:39 INFO  - [2025-07-02 02:45:38] GET /api/tenants/4/users ghodkeayush22@gmail.com - Status 200
2025-07-02 02:45:39 INFO  - [2025-07-02 02:45:39] GET /api/tenants/4/users ghodkeayush22@gmail.com - Status 200
2025-07-02 02:45:41 INFO  - [2025-07-02 02:45:41] GET /api/modules/ ghodkeayush22@gmail.com - Status 200
2025-07-02 02:45:41 INFO  - [2025-07-02 02:45:41] GET /api/access/getRoles ghodkeayush22@gmail.com - Status 200
2025-07-02 02:45:41 INFO  - [2025-07-02 02:45:41] GET /api/modules/ ghodkeayush22@gmail.com - Status 200
2025-07-02 02:45:41 INFO  - [2025-07-02 02:45:41] GET /api/access/getRoles ghodkeayush22@gmail.com - Status 200
2025-07-02 02:47:10 INFO  - [2025-07-02 02:47:10] GET /api/modules/ ghodkeayush22@gmail.com - Status 200
2025-07-02 02:47:10 INFO  - [2025-07-02 02:47:10] GET /api/access/getRoles ghodkeayush22@gmail.com - Status 200
2025-07-02 02:47:10 INFO  - [2025-07-02 02:47:10] GET /api/modules/ ghodkeayush22@gmail.com - Status 200
2025-07-02 02:47:10 INFO  - [2025-07-02 02:47:10] GET /api/access/getRoles ghodkeayush22@gmail.com - Status 200
2025-07-02 02:48:00 INFO  - [2025-07-02 02:48:00] PUT /api/access/role/edit ghodkeayush22@gmail.com - Status 200
2025-07-02 02:48:00 INFO  - [2025-07-02 02:48:00] GET /api/access/getRoles ghodkeayush22@gmail.com - Status 200
2025-07-02 02:48:06 INFO  - [2025-07-02 02:48:06] PUT /api/access/role/edit ghodkeayush22@gmail.com - Status 200
2025-07-02 02:48:06 INFO  - [2025-07-02 02:48:06] GET /api/access/getRoles ghodkeayush22@gmail.com - Status 200
2025-07-02 02:48:11 INFO  - [2025-07-02 02:48:11] GET /api/modules/ ghodkeayush22@gmail.com - Status 200
2025-07-02 02:48:11 INFO  - [2025-07-02 02:48:11] GET /api/access/getRoles ghodkeayush22@gmail.com - Status 200
2025-07-02 02:48:11 INFO  - [2025-07-02 02:48:11] GET /api/modules/ ghodkeayush22@gmail.com - Status 200
2025-07-02 02:48:11 INFO  - [2025-07-02 02:48:11] GET /api/access/getRoles ghodkeayush22@gmail.com - Status 200
2025-07-02 02:49:57 INFO  - [2025-07-02 02:49:57] GET /api/modules/ ghodkeayush22@gmail.com - Status 200
2025-07-02 02:49:57 INFO  - [2025-07-02 02:49:57] GET /api/access/getRoles ghodkeayush22@gmail.com - Status 200
2025-07-02 02:49:57 INFO  - [2025-07-02 02:49:57] GET /api/modules/ ghodkeayush22@gmail.com - Status 200
2025-07-02 02:49:57 INFO  - [2025-07-02 02:49:57] GET /api/access/getRoles ghodkeayush22@gmail.com - Status 200
2025-07-02 02:52:21 INFO  - [2025-07-02 02:52:21] GET /api/access/getRoles ghodkeayush22@gmail.com - Status 200
2025-07-02 02:52:21 INFO  - [2025-07-02 02:52:21] GET /api/modules/ ghodkeayush22@gmail.com - Status 200
2025-07-02 02:52:21 INFO  - [2025-07-02 02:52:21] GET /api/modules/ ghodkeayush22@gmail.com - Status 200
2025-07-02 02:52:21 INFO  - [2025-07-02 02:52:21] GET /api/access/getRoles ghodkeayush22@gmail.com - Status 200
2025-07-02 02:53:06 INFO  - [2025-07-02 02:53:06] GET /api/modules/ ghodkeayush22@gmail.com - Status 200
2025-07-02 02:53:06 INFO  - [2025-07-02 02:53:06] GET /api/access/getRoles ghodkeayush22@gmail.com - Status 200
2025-07-02 02:53:06 INFO  - [2025-07-02 02:53:06] GET /api/modules/ ghodkeayush22@gmail.com - Status 200
2025-07-02 02:53:06 INFO  - [2025-07-02 02:53:06] GET /api/access/getRoles ghodkeayush22@gmail.com - Status 200
2025-07-02 02:59:36 INFO  - [2025-07-02 02:59:36] GET /api/users/loggedInUser ghodkeayush22@gmail.com - Status 200
2025-07-02 02:59:36 INFO  - [2025-07-02 02:59:36] GET /api/users/loggedInUser ghodkeayush22@gmail.com - Status 200
2025-07-02 02:59:36 INFO  - [2025-07-02 02:59:36] GET /api/modules/ ghodkeayush22@gmail.com - Status 200
2025-07-02 02:59:36 INFO  - [2025-07-02 02:59:36] GET /api/modules/ ghodkeayush22@gmail.com - Status 200
2025-07-02 02:59:37 INFO  - [2025-07-02 02:59:36] GET /api/tenants/4/users ghodkeayush22@gmail.com - Status 200
2025-07-02 02:59:37 INFO  - [2025-07-02 02:59:37] GET /api/access/getRoles ghodkeayush22@gmail.com - Status 200
2025-07-02 02:59:37 INFO  - [2025-07-02 02:59:37] GET /api/access/getRoles ghodkeayush22@gmail.com - Status 200
2025-07-02 02:59:37 INFO  - [2025-07-02 02:59:37] GET /api/users/email/ghodkeayush22@gmail.com ghodkeayush22@gmail.com - Status 200
2025-07-02 02:59:37 INFO  - [2025-07-02 02:59:37] GET /api/tenants/4/users ghodkeayush22@gmail.com - Status 200
2025-07-02 02:59:37 INFO  - [2025-07-02 02:59:37] GET /api/users/email/ghodkeayush22@gmail.com ghodkeayush22@gmail.com - Status 200
2025-07-02 03:00:00 INFO  - [2025-07-02 03:00:00] GET /api/modules/ ghodkeayush22@gmail.com - Status 200
2025-07-02 03:00:00 INFO  - [2025-07-02 03:00:00] GET /api/access/getRoles ghodkeayush22@gmail.com - Status 200
2025-07-02 03:00:00 INFO  - [2025-07-02 03:00:00] GET /api/modules/ ghodkeayush22@gmail.com - Status 200
2025-07-02 03:00:00 INFO  - [2025-07-02 03:00:00] GET /api/access/getRoles ghodkeayush22@gmail.com - Status 200
2025-07-02 03:00:00 INFO  - [2025-07-02 03:00:00] GET /api/tenants/4/users ghodkeayush22@gmail.com - Status 200
2025-07-02 03:00:00 INFO  - [2025-07-02 03:00:00] GET /api/tenants/4/users ghodkeayush22@gmail.com - Status 200
2025-07-02 03:00:02 INFO  - [2025-07-02 03:00:02] GET /api/modules/ ghodkeayush22@gmail.com - Status 200
2025-07-02 03:00:02 INFO  - [2025-07-02 03:00:02] GET /api/access/getRoles ghodkeayush22@gmail.com - Status 200
2025-07-02 03:00:02 INFO  - [2025-07-02 03:00:02] GET /api/modules/ ghodkeayush22@gmail.com - Status 200
2025-07-02 03:00:02 INFO  - [2025-07-02 03:00:02] GET /api/access/getRoles ghodkeayush22@gmail.com - Status 200
2025-07-02 03:01:27 INFO  - [2025-07-02 03:01:27] GET /api/modules/ ghodkeayush22@gmail.com - Status 200
2025-07-02 03:01:27 INFO  - [2025-07-02 03:01:27] GET /api/access/getRoles ghodkeayush22@gmail.com - Status 200
2025-07-02 03:01:27 INFO  - [2025-07-02 03:01:27] GET /api/modules/ ghodkeayush22@gmail.com - Status 200
2025-07-02 03:01:27 INFO  - [2025-07-02 03:01:27] GET /api/access/getRoles ghodkeayush22@gmail.com - Status 200
2025-07-02 03:01:53 INFO  - [2025-07-02 03:01:53] GET /api/modules/ ghodkeayush22@gmail.com - Status 200
2025-07-02 03:01:53 INFO  - [2025-07-02 03:01:53] GET /api/access/getRoles ghodkeayush22@gmail.com - Status 200
2025-07-02 03:01:53 INFO  - [2025-07-02 03:01:53] GET /api/modules/ ghodkeayush22@gmail.com - Status 200
2025-07-02 03:01:53 INFO  - [2025-07-02 03:01:53] GET /api/access/getRoles ghodkeayush22@gmail.com - Status 200
2025-07-02 03:01:59 INFO  - [2025-07-02 03:01:58] PUT /api/access/edit ghodkeayush22@gmail.com - Status 200
2025-07-02 03:01:59 INFO  - [2025-07-02 03:01:59] GET /api/tenants/4/users ghodkeayush22@gmail.com - Status 200
2025-07-02 03:02:01 INFO  - [2025-07-02 03:02:01] GET /api/modules/ ghodkeayush22@gmail.com - Status 200
2025-07-02 03:02:01 INFO  - [2025-07-02 03:02:01] GET /api/modules/ ghodkeayush22@gmail.com - Status 200
2025-07-02 03:02:01 INFO  - [2025-07-02 03:02:01] GET /api/access/getRoles ghodkeayush22@gmail.com - Status 200
2025-07-02 03:02:02 INFO  - [2025-07-02 03:02:02] GET /api/access/getRoles ghodkeayush22@gmail.com - Status 200
2025-07-03 00:24:30 INFO  - [2025-07-03 00:24:30] User: Anonymous | Action: POST | Endpoint: /api/users/login | IP: 0:0:0:0:0:0:0:1 | Status: 200
2025-07-03 00:24:31 INFO  - [2025-07-03 00:24:30] User: ghodkeayush22@gmail.com | Action: GET | Endpoint: /api/users/email/ghodkeayush22@gmail.com | IP: 0:0:0:0:0:0:0:1 | Status: 200
2025-07-03 00:24:31 INFO  - [2025-07-03 00:24:31] User: ghodkeayush22@gmail.com | Action: GET | Endpoint: /api/users/email/ghodkeayush22@gmail.com | IP: 0:0:0:0:0:0:0:1 | Status: 200
2025-07-03 00:24:32 INFO  - [2025-07-03 00:24:32] User: ghodkeayush22@gmail.com | Action: GET | Endpoint: /api/modules/ | IP: 0:0:0:0:0:0:0:1 | Status: 200
2025-07-03 00:24:32 INFO  - [2025-07-03 00:24:32] User: ghodkeayush22@gmail.com | Action: GET | Endpoint: /api/modules/ | IP: 0:0:0:0:0:0:0:1 | Status: 200
2025-07-03 00:24:32 INFO  - [2025-07-03 00:24:32] User: ghodkeayush22@gmail.com | Action: GET | Endpoint: /api/access/getRoles | IP: 0:0:0:0:0:0:0:1 | Status: 200
2025-07-03 00:24:32 INFO  - [2025-07-03 00:24:32] User: ghodkeayush22@gmail.com | Action: GET | Endpoint: /api/access/getRoles | IP: 0:0:0:0:0:0:0:1 | Status: 200
2025-07-03 00:24:32 INFO  - [2025-07-03 00:24:32] User: ghodkeayush22@gmail.com | Action: GET | Endpoint: /api/tenants/4/users | IP: 0:0:0:0:0:0:0:1 | Status: 200
2025-07-03 00:24:32 INFO  - [2025-07-03 00:24:32] User: ghodkeayush22@gmail.com | Action: GET | Endpoint: /api/tenants/4/users | IP: 0:0:0:0:0:0:0:1 | Status: 200
2025-07-03 00:24:34 INFO  - [2025-07-03 00:24:34] User: ghodkeayush22@gmail.com | Action: GET | Endpoint: /audit/user/11 | IP: 0:0:0:0:0:0:0:1 | Status: 200
2025-07-03 00:27:52 INFO  - [2025-07-03 00:27:51] User: ghodkeayush22@gmail.com | Action: GET | Endpoint: /api/users/email/ghodkeayush22@gmail.com | IP: 0:0:0:0:0:0:0:1 | Status: 200
2025-07-03 00:27:52 INFO  - [2025-07-03 00:27:52] User: ghodkeayush22@gmail.com | Action: POST | Endpoint: /api/users/logout/10 | IP: 0:0:0:0:0:0:0:1 | Status: 200
2025-07-03 00:27:57 INFO  - [2025-07-03 00:27:57] User: Anonymous | Action: POST | Endpoint: /api/users/login | IP: 0:0:0:0:0:0:0:1 | Status: 200
2025-07-03 00:27:57 INFO  - [2025-07-03 00:27:57] User: ayushghodke9535@gmail.com | Action: GET | Endpoint: /api/users/email/ayushghodke9535@gmail.com | IP: 0:0:0:0:0:0:0:1 | Status: 200
2025-07-03 00:27:57 INFO  - [2025-07-03 00:27:57] User: ayushghodke9535@gmail.com | Action: GET | Endpoint: /api/users/email/ayushghodke9535@gmail.com | IP: 0:0:0:0:0:0:0:1 | Status: 200
2025-07-03 00:28:00 INFO  - [2025-07-03 00:28:00] User: ayushghodke9535@gmail.com | Action: GET | Endpoint: /api/timesheet-tasks/between | IP: 0:0:0:0:0:0:0:1 | Status: 200
2025-07-03 00:28:00 INFO  - [2025-07-03 00:28:00] User: ayushghodke9535@gmail.com | Action: GET | Endpoint: /api/timesheet-tasks/between | IP: 0:0:0:0:0:0:0:1 | Status: 200
2025-07-03 00:28:02 INFO  - [2025-07-03 00:28:01] User: ayushghodke9535@gmail.com | Action: GET | Endpoint: /api/projects/user/active-projects | IP: 0:0:0:0:0:0:0:1 | Status: 200
2025-07-03 00:28:11 INFO  - [2025-07-03 00:28:10] User: ayushghodke9535@gmail.com | Action: POST | Endpoint: /api/timesheet-tasks/add | IP: 0:0:0:0:0:0:0:1 | Status: 200
2025-07-03 00:28:20 INFO  - [2025-07-03 00:28:19] User: ayushghodke9535@gmail.com | Action: GET | Endpoint: /api/tenants/4/projects | IP: 0:0:0:0:0:0:0:1 | Status: 200
2025-07-03 00:28:20 INFO  - [2025-07-03 00:28:19] User: ayushghodke9535@gmail.com | Action: GET | Endpoint: /api/tenants/4/users | IP: 0:0:0:0:0:0:0:1 | Status: 200
2025-07-03 00:28:20 INFO  - [2025-07-03 00:28:20] User: ayushghodke9535@gmail.com | Action: GET | Endpoint: /api/tenants/4/projects | IP: 0:0:0:0:0:0:0:1 | Status: 200
2025-07-03 00:28:20 INFO  - [2025-07-03 00:28:20] User: ayushghodke9535@gmail.com | Action: GET | Endpoint: /api/tenants/4/users | IP: 0:0:0:0:0:0:0:1 | Status: 200
2025-07-03 00:28:22 INFO  - [2025-07-03 00:28:22] User: ayushghodke9535@gmail.com | Action: GET | Endpoint: /api/timesheet-tasks/between | IP: 0:0:0:0:0:0:0:1 | Status: 200
2025-07-03 00:28:23 INFO  - [2025-07-03 00:28:22] User: ayushghodke9535@gmail.com | Action: GET | Endpoint: /api/timesheet-tasks/between | IP: 0:0:0:0:0:0:0:1 | Status: 200
2025-07-03 00:28:25 INFO  - [2025-07-03 00:28:25] User: ayushghodke9535@gmail.com | Action: GET | Endpoint: /api/tenants/4/projects | IP: 0:0:0:0:0:0:0:1 | Status: 200
2025-07-03 00:28:25 INFO  - [2025-07-03 00:28:25] User: ayushghodke9535@gmail.com | Action: GET | Endpoint: /api/tenants/4/users | IP: 0:0:0:0:0:0:0:1 | Status: 200
2025-07-03 00:28:26 INFO  - [2025-07-03 00:28:25] User: ayushghodke9535@gmail.com | Action: GET | Endpoint: /api/tenants/4/projects | IP: 0:0:0:0:0:0:0:1 | Status: 200
2025-07-03 00:28:26 INFO  - [2025-07-03 00:28:25] User: ayushghodke9535@gmail.com | Action: GET | Endpoint: /api/tenants/4/users | IP: 0:0:0:0:0:0:0:1 | Status: 200
2025-07-03 00:28:30 INFO  - [2025-07-03 00:28:30] User: ayushghodke9535@gmail.com | Action: GET | Endpoint: /api/project-team/list/41 | IP: 0:0:0:0:0:0:0:1 | Status: 200
2025-07-03 00:28:30 INFO  - [2025-07-03 00:28:30] User: ayushghodke9535@gmail.com | Action: GET | Endpoint: /api/project-team/list/41 | IP: 0:0:0:0:0:0:0:1 | Status: 200
2025-07-03 00:28:30 INFO  - [2025-07-03 00:28:30] User: ayushghodke9535@gmail.com | Action: GET | Endpoint: /api/tenants/4/users | IP: 0:0:0:0:0:0:0:1 | Status: 200
2025-07-03 00:28:30 INFO  - [2025-07-03 00:28:30] User: ayushghodke9535@gmail.com | Action: GET | Endpoint: /api/tenants/4/users | IP: 0:0:0:0:0:0:0:1 | Status: 200
2025-07-03 00:28:31 INFO  - [2025-07-03 00:28:31] User: ayushghodke9535@gmail.com | Action: GET | Endpoint: /api/tenants/4/projects | IP: 0:0:0:0:0:0:0:1 | Status: 200
2025-07-03 00:28:31 INFO  - [2025-07-03 00:28:31] User: ayushghodke9535@gmail.com | Action: GET | Endpoint: /api/tenants/4/users | IP: 0:0:0:0:0:0:0:1 | Status: 200
2025-07-03 00:28:31 INFO  - [2025-07-03 00:28:31] User: ayushghodke9535@gmail.com | Action: GET | Endpoint: /api/tenants/4/users | IP: 0:0:0:0:0:0:0:1 | Status: 200
2025-07-03 00:28:32 INFO  - [2025-07-03 00:28:32] User: ayushghodke9535@gmail.com | Action: GET | Endpoint: /api/project-team/list/20 | IP: 0:0:0:0:0:0:0:1 | Status: 200
2025-07-03 00:28:32 INFO  - [2025-07-03 00:28:32] User: ayushghodke9535@gmail.com | Action: GET | Endpoint: /api/project-team/list/20 | IP: 0:0:0:0:0:0:0:1 | Status: 200
2025-07-03 00:28:32 INFO  - [2025-07-03 00:28:32] User: ayushghodke9535@gmail.com | Action: GET | Endpoint: /api/tenants/4/users | IP: 0:0:0:0:0:0:0:1 | Status: 200
2025-07-03 00:28:32 INFO  - [2025-07-03 00:28:32] User: ayushghodke9535@gmail.com | Action: GET | Endpoint: /api/tenants/4/users | IP: 0:0:0:0:0:0:0:1 | Status: 200
2025-07-03 00:28:35 INFO  - [2025-07-03 00:28:35] User: ayushghodke9535@gmail.com | Action: GET | Endpoint: /api/tenants/4/projects | IP: 0:0:0:0:0:0:0:1 | Status: 200
2025-07-03 00:28:35 INFO  - [2025-07-03 00:28:35] User: ayushghodke9535@gmail.com | Action: GET | Endpoint: /api/tenants/4/users | IP: 0:0:0:0:0:0:0:1 | Status: 200
2025-07-03 00:28:35 INFO  - [2025-07-03 00:28:35] User: ayushghodke9535@gmail.com | Action: GET | Endpoint: /api/tenants/4/users | IP: 0:0:0:0:0:0:0:1 | Status: 200
2025-07-03 00:28:36 INFO  - [2025-07-03 00:28:36] User: ayushghodke9535@gmail.com | Action: GET | Endpoint: /api/timesheet-tasks/between | IP: 0:0:0:0:0:0:0:1 | Status: 200
2025-07-03 00:28:36 INFO  - [2025-07-03 00:28:36] User: ayushghodke9535@gmail.com | Action: GET | Endpoint: /api/timesheet-tasks/between | IP: 0:0:0:0:0:0:0:1 | Status: 200
2025-07-03 00:28:39 INFO  - [2025-07-03 00:28:38] User: ayushghodke9535@gmail.com | Action: GET | Endpoint: /api/projects/user/active-projects | IP: 0:0:0:0:0:0:0:1 | Status: 200
2025-07-03 00:28:45 INFO  - [2025-07-03 00:28:45] User: ayushghodke9535@gmail.com | Action: PUT | Endpoint: /api/timesheet-tasks/edit/69 | IP: 0:0:0:0:0:0:0:1 | Status: 200
2025-07-03 00:28:50 INFO  - [2025-07-03 00:28:50] User: ayushghodke9535@gmail.com | Action: GET | Endpoint: /api/users/email/ayushghodke9535@gmail.com | IP: 0:0:0:0:0:0:0:1 | Status: 200
2025-07-03 00:28:51 INFO  - [2025-07-03 00:28:51] User: ayushghodke9535@gmail.com | Action: POST | Endpoint: /api/users/logout/11 | IP: 0:0:0:0:0:0:0:1 | Status: 200
2025-07-03 00:28:55 INFO  - [2025-07-03 00:28:55] User: Anonymous | Action: POST | Endpoint: /api/users/login | IP: 0:0:0:0:0:0:0:1 | Status: 200
2025-07-03 00:28:55 INFO  - [2025-07-03 00:28:55] User: ghodkeayush22@gmail.com | Action: GET | Endpoint: /api/users/email/ghodkeayush22@gmail.com | IP: 0:0:0:0:0:0:0:1 | Status: 200
2025-07-03 00:28:55 INFO  - [2025-07-03 00:28:55] User: ghodkeayush22@gmail.com | Action: GET | Endpoint: /api/users/email/ghodkeayush22@gmail.com | IP: 0:0:0:0:0:0:0:1 | Status: 200
2025-07-03 00:28:56 INFO  - [2025-07-03 00:28:56] User: ghodkeayush22@gmail.com | Action: GET | Endpoint: /api/modules/ | IP: 0:0:0:0:0:0:0:1 | Status: 200
2025-07-03 00:28:56 INFO  - [2025-07-03 00:28:56] User: ghodkeayush22@gmail.com | Action: GET | Endpoint: /api/access/getRoles | IP: 0:0:0:0:0:0:0:1 | Status: 200
2025-07-03 00:28:56 INFO  - [2025-07-03 00:28:56] User: ghodkeayush22@gmail.com | Action: GET | Endpoint: /api/modules/ | IP: 0:0:0:0:0:0:0:1 | Status: 200
2025-07-03 00:28:56 INFO  - [2025-07-03 00:28:56] User: ghodkeayush22@gmail.com | Action: GET | Endpoint: /api/access/getRoles | IP: 0:0:0:0:0:0:0:1 | Status: 200
2025-07-03 00:28:56 INFO  - [2025-07-03 00:28:56] User: ghodkeayush22@gmail.com | Action: GET | Endpoint: /api/tenants/4/users | IP: 0:0:0:0:0:0:0:1 | Status: 200
2025-07-03 00:28:57 INFO  - [2025-07-03 00:28:56] User: ghodkeayush22@gmail.com | Action: GET | Endpoint: /api/tenants/4/users | IP: 0:0:0:0:0:0:0:1 | Status: 200
2025-07-03 00:28:59 INFO  - [2025-07-03 00:28:59] User: ghodkeayush22@gmail.com | Action: GET | Endpoint: /audit/user/11 | IP: 0:0:0:0:0:0:0:1 | Status: 200
2025-07-03 00:30:29 INFO  - [2025-07-03 00:30:29] User: ghodkeayush22@gmail.com | Action: GET | Endpoint: /audit/user/ayushghodke9535@gmail.com | IP: 0:0:0:0:0:0:0:1 | Status: 200
