2025-08-28 14:06:29 INFO  - [2025-08-28 14:06:28] User: Anonymous | Action: POST | Endpoint: /api/users/login | IP: 0:0:0:0:0:0:0:1 | Status: 200
2025-08-28 14:06:29 INFO  - [2025-08-28 14:06:29] User: ghodkeayush22@gmail.com | Action: GET | Endpoint: /api/users/basicdetails/ghodkeayush22@gmail.com | IP: 0:0:0:0:0:0:0:1 | Status: 200
2025-08-28 14:06:29 INFO  - [2025-08-28 14:06:29] User: ghodkeayush22@gmail.com | Action: GET | Endpoint: /api/dashboard/project-team-count | IP: 0:0:0:0:0:0:0:1 | Status: 200
2025-08-28 14:06:29 INFO  - [2025-08-28 14:06:29] User: ghodkeayush22@gmail.com | Action: GET | Endpoint: /api/dashboard/project-status-pie | IP: 0:0:0:0:0:0:0:1 | Status: 200
2025-08-28 14:06:30 INFO  - [2025-08-28 14:06:29] User: ghodkeayush22@gmail.com | Action: GET | Endpoint: /api/dashboard/summary-stats | IP: 0:0:0:0:0:0:0:1 | Status: 200
2025-08-28 14:06:30 INFO  - [2025-08-28 14:06:29] User: ghodkeayush22@gmail.com | Action: GET | Endpoint: /api/dashboard/po-vs-invoice | IP: 0:0:0:0:0:0:0:1 | Status: 200
2025-08-28 14:06:30 INFO  - [2025-08-28 14:06:29] User: ghodkeayush22@gmail.com | Action: GET | Endpoint: /api/dashboard/monthly-invoice-trend | IP: 0:0:0:0:0:0:0:1 | Status: 200
2025-08-28 14:06:30 INFO  - [2025-08-28 14:06:30] User: ghodkeayush22@gmail.com | Action: GET | Endpoint: /api/dashboard/project-values | IP: 0:0:0:0:0:0:0:1 | Status: 200
2025-08-28 14:06:30 INFO  - [2025-08-28 14:06:30] User: ghodkeayush22@gmail.com | Action: GET | Endpoint: /api/dashboard/project-team-count | IP: 0:0:0:0:0:0:0:1 | Status: 200
2025-08-28 14:06:30 INFO  - [2025-08-28 14:06:30] User: ghodkeayush22@gmail.com | Action: GET | Endpoint: /api/users/basicdetails/ghodkeayush22@gmail.com | IP: 0:0:0:0:0:0:0:1 | Status: 200
2025-08-28 14:06:30 INFO  - [2025-08-28 14:06:30] User: ghodkeayush22@gmail.com | Action: GET | Endpoint: /api/dashboard/project-status-pie | IP: 0:0:0:0:0:0:0:1 | Status: 200
2025-08-28 14:06:30 INFO  - [2025-08-28 14:06:30] User: ghodkeayush22@gmail.com | Action: GET | Endpoint: /api/dashboard/monthly-invoice-trend | IP: 0:0:0:0:0:0:0:1 | Status: 200
2025-08-28 14:06:30 INFO  - [2025-08-28 14:06:30] User: ghodkeayush22@gmail.com | Action: GET | Endpoint: /api/dashboard/summary-stats | IP: 0:0:0:0:0:0:0:1 | Status: 200
2025-08-28 14:06:30 INFO  - [2025-08-28 14:06:30] User: ghodkeayush22@gmail.com | Action: GET | Endpoint: /api/dashboard/po-vs-invoice | IP: 0:0:0:0:0:0:0:1 | Status: 200
2025-08-28 14:06:30 INFO  - [2025-08-28 14:06:30] User: ghodkeayush22@gmail.com | Action: GET | Endpoint: /api/dashboard/project-values | IP: 0:0:0:0:0:0:0:1 | Status: 200
2025-08-28 14:07:28 INFO  - [2025-08-28 14:07:27] User: ghodkeayush22@gmail.com | Action: GET | Endpoint: /api/tenants/3/projects | IP: 0:0:0:0:0:0:0:1 | Status: 200
2025-08-28 14:07:28 INFO  - [2025-08-28 14:07:28] User: ghodkeayush22@gmail.com | Action: GET | Endpoint: /api/tenants/3/projects | IP: 0:0:0:0:0:0:0:1 | Status: 200
2025-08-28 14:07:35 INFO  - [2025-08-28 14:07:35] User: ghodkeayush22@gmail.com | Action: GET | Endpoint: /api/projects/72/define-done | IP: 0:0:0:0:0:0:0:1 | Status: 200
2025-08-28 14:09:11 INFO  - [2025-08-28 14:09:11] User: ghodkeayush22@gmail.com | Action: GET | Endpoint: /api/projects/generate-code | IP: 0:0:0:0:0:0:0:1 | Status: 200
2025-08-28 14:09:11 INFO  - [2025-08-28 14:09:11] User: ghodkeayush22@gmail.com | Action: GET | Endpoint: /api/systems/tenant | IP: 0:0:0:0:0:0:0:1 | Status: 200
2025-08-28 14:09:11 INFO  - [2025-08-28 14:09:11] User: ghodkeayush22@gmail.com | Action: GET | Endpoint: /api/tenants/3/users | IP: 0:0:0:0:0:0:0:1 | Status: 200
2025-08-28 14:09:29 INFO  - [2025-08-28 14:09:29] User: ghodkeayush22@gmail.com | Action: POST | Endpoint: /api/projects/add | IP: 0:0:0:0:0:0:0:1 | Status: 201
2025-08-28 14:09:29 INFO  - [2025-08-28 14:09:29] User: ghodkeayush22@gmail.com | Action: GET | Endpoint: /api/tenants/3/projects | IP: 0:0:0:0:0:0:0:1 | Status: 200
2025-08-28 14:09:37 INFO  - [2025-08-28 14:09:37] User: ghodkeayush22@gmail.com | Action: GET | Endpoint: /api/projects/124/define-done | IP: 0:0:0:0:0:0:0:1 | Status: 200
2025-08-28 14:17:33 INFO  - [2025-08-28 14:17:33] User: ghodkeayush22@gmail.com | Action: GET | Endpoint: /api/projects/111/name | IP: 0:0:0:0:0:0:0:1 | Status: 200
2025-08-28 14:17:33 INFO  - [2025-08-28 14:17:33] User: ghodkeayush22@gmail.com | Action: GET | Endpoint: /api/project-team/list/111 | IP: 0:0:0:0:0:0:0:1 | Status: 200
2025-08-28 14:17:33 INFO  - [2025-08-28 14:17:33] User: ghodkeayush22@gmail.com | Action: GET | Endpoint: /api/rida/project/111 | IP: 0:0:0:0:0:0:0:1 | Status: 200
2025-08-28 14:17:33 INFO  - [2025-08-28 14:17:33] User: ghodkeayush22@gmail.com | Action: GET | Endpoint: /api/rida/project/111 | IP: 0:0:0:0:0:0:0:1 | Status: 200
2025-08-28 14:17:33 INFO  - [2025-08-28 14:17:33] User: ghodkeayush22@gmail.com | Action: GET | Endpoint: /api/projects/111/name | IP: 0:0:0:0:0:0:0:1 | Status: 200
2025-08-28 14:17:33 INFO  - [2025-08-28 14:17:33] User: ghodkeayush22@gmail.com | Action: GET | Endpoint: /api/project-team/list/111 | IP: 0:0:0:0:0:0:0:1 | Status: 200
2025-08-28 14:17:33 INFO  - [2025-08-28 14:17:33] User: ghodkeayush22@gmail.com | Action: GET | Endpoint: /api/project-team/list/111 | IP: 0:0:0:0:0:0:0:1 | Status: 200
2025-08-28 14:17:33 INFO  - [2025-08-28 14:17:33] User: ghodkeayush22@gmail.com | Action: GET | Endpoint: /api/project-team/list/111 | IP: 0:0:0:0:0:0:0:1 | Status: 200
2025-08-28 14:17:38 INFO  - [2025-08-28 14:17:38] User: ghodkeayush22@gmail.com | Action: GET | Endpoint: /api/projects/124 | IP: 0:0:0:0:0:0:0:1 | Status: 200
2025-08-28 14:17:38 INFO  - [2025-08-28 14:17:38] User: ghodkeayush22@gmail.com | Action: GET | Endpoint: /api/rida/project/124 | IP: 0:0:0:0:0:0:0:1 | Status: 200
2025-08-28 14:17:38 INFO  - [2025-08-28 14:17:38] User: ghodkeayush22@gmail.com | Action: GET | Endpoint: /api/sprints/project/124 | IP: 0:0:0:0:0:0:0:1 | Status: 200
2025-08-28 14:17:38 INFO  - [2025-08-28 14:17:38] User: ghodkeayush22@gmail.com | Action: GET | Endpoint: /api/projects/124 | IP: 0:0:0:0:0:0:0:1 | Status: 200
2025-08-28 14:17:38 INFO  - [2025-08-28 14:17:38] User: ghodkeayush22@gmail.com | Action: GET | Endpoint: /api/rida/project/124 | IP: 0:0:0:0:0:0:0:1 | Status: 200
2025-08-28 14:17:38 INFO  - [2025-08-28 14:17:38] User: ghodkeayush22@gmail.com | Action: GET | Endpoint: /api/sprints/project/124 | IP: 0:0:0:0:0:0:0:1 | Status: 200
2025-08-28 14:17:38 INFO  - [2025-08-28 14:17:38] User: ghodkeayush22@gmail.com | Action: GET | Endpoint: /api/releases/project/124 | IP: 0:0:0:0:0:0:0:1 | Status: 200
2025-08-28 14:17:38 INFO  - [2025-08-28 14:17:38] User: ghodkeayush22@gmail.com | Action: GET | Endpoint: /api/releases/project/124 | IP: 0:0:0:0:0:0:0:1 | Status: 200
2025-08-28 14:17:44 INFO  - [2025-08-28 14:17:44] User: ghodkeayush22@gmail.com | Action: GET | Endpoint: /api/project-team/list/124 | IP: 0:0:0:0:0:0:0:1 | Status: 200
2025-08-28 14:17:44 INFO  - [2025-08-28 14:17:44] User: ghodkeayush22@gmail.com | Action: GET | Endpoint: /api/projects/124 | IP: 0:0:0:0:0:0:0:1 | Status: 200
2025-08-28 14:17:44 INFO  - [2025-08-28 14:17:44] User: ghodkeayush22@gmail.com | Action: GET | Endpoint: /api/tenants/3/users | IP: 0:0:0:0:0:0:0:1 | Status: 200
2025-08-28 14:17:44 WARN  - [2025-08-28 14:17:44] User: ghodkeayush22@gmail.com | Action: GET | Endpoint: /api/tenants/3/users-not-in/undefined | IP: 0:0:0:0:0:0:0:1 | Status: 500 | Error: Method parameter 'projectId': Failed to convert value of type 'java.lang.String' to required type 'java.lang.Long'; For input string: \undefined\
2025-08-28 14:17:44 INFO  - [2025-08-28 14:17:44] User: ghodkeayush22@gmail.com | Action: GET | Endpoint: /api/projects/124 | IP: 0:0:0:0:0:0:0:1 | Status: 200
2025-08-28 14:17:44 INFO  - [2025-08-28 14:17:44] User: ghodkeayush22@gmail.com | Action: GET | Endpoint: /api/project-team/list/124 | IP: 0:0:0:0:0:0:0:1 | Status: 200
2025-08-28 14:17:44 INFO  - [2025-08-28 14:17:44] User: ghodkeayush22@gmail.com | Action: GET | Endpoint: /api/tenants/3/users | IP: 0:0:0:0:0:0:0:1 | Status: 200
2025-08-28 14:17:44 WARN  - [2025-08-28 14:17:44] User: ghodkeayush22@gmail.com | Action: GET | Endpoint: /api/tenants/3/users-not-in/undefined | IP: 0:0:0:0:0:0:0:1 | Status: 500 | Error: Method parameter 'projectId': Failed to convert value of type 'java.lang.String' to required type 'java.lang.Long'; For input string: \undefined\
2025-08-28 14:17:44 INFO  - [2025-08-28 14:17:44] User: ghodkeayush22@gmail.com | Action: GET | Endpoint: /api/tenants/3/users-not-in/124 | IP: 0:0:0:0:0:0:0:1 | Status: 200
2025-08-28 14:17:44 INFO  - [2025-08-28 14:17:44] User: ghodkeayush22@gmail.com | Action: GET | Endpoint: /api/tenants/3/users-not-in/124 | IP: 0:0:0:0:0:0:0:1 | Status: 200
2025-08-28 14:18:22 INFO  - [2025-08-28 14:18:22] User: ghodkeayush22@gmail.com | Action: POST | Endpoint: /api/users/logout/5 | IP: 0:0:0:0:0:0:0:1 | Status: 200
2025-08-28 14:18:26 INFO  - [2025-08-28 14:18:26] User: ghodkeayush22@gmail.com | Action: GET | Endpoint: /api/users/loggedInUser | IP: 0:0:0:0:0:0:0:1 | Status: 200
2025-08-28 14:18:26 INFO  - [2025-08-28 14:18:26] User: ghodkeayush22@gmail.com | Action: GET | Endpoint: /api/users/loggedInUser | IP: 0:0:0:0:0:0:0:1 | Status: 200
2025-08-28 14:18:26 INFO  - [2025-08-28 14:18:26] User: ghodkeayush22@gmail.com | Action: GET | Endpoint: /api/users/basicdetails/ghodkeayush22@gmail.com | IP: 0:0:0:0:0:0:0:1 | Status: 200
2025-08-28 14:18:26 INFO  - [2025-08-28 14:18:26] User: ghodkeayush22@gmail.com | Action: GET | Endpoint: /api/tenants/3/projects | IP: 0:0:0:0:0:0:0:1 | Status: 200
2025-08-28 14:18:26 INFO  - [2025-08-28 14:18:26] User: ghodkeayush22@gmail.com | Action: GET | Endpoint: /api/users/basicdetails/ghodkeayush22@gmail.com | IP: 0:0:0:0:0:0:0:1 | Status: 200
2025-08-28 14:18:26 INFO  - [2025-08-28 14:18:26] User: ghodkeayush22@gmail.com | Action: GET | Endpoint: /api/tenants/3/projects | IP: 0:0:0:0:0:0:0:1 | Status: 200
2025-08-28 14:18:40 INFO  - [2025-08-28 14:18:40] User: ghodkeayush22@gmail.com | Action: GET | Endpoint: /api/project-team/list/124 | IP: 0:0:0:0:0:0:0:1 | Status: 200
2025-08-28 14:18:40 INFO  - [2025-08-28 14:18:40] User: ghodkeayush22@gmail.com | Action: GET | Endpoint: /api/tenants/3/users | IP: 0:0:0:0:0:0:0:1 | Status: 200
2025-08-28 14:18:40 WARN  - [2025-08-28 14:18:40] User: ghodkeayush22@gmail.com | Action: GET | Endpoint: /api/tenants/3/users-not-in/undefined | IP: 0:0:0:0:0:0:0:1 | Status: 500 | Error: Method parameter 'projectId': Failed to convert value of type 'java.lang.String' to required type 'java.lang.Long'; For input string: \undefined\
2025-08-28 14:18:40 INFO  - [2025-08-28 14:18:40] User: ghodkeayush22@gmail.com | Action: GET | Endpoint: /api/projects/124 | IP: 0:0:0:0:0:0:0:1 | Status: 200
2025-08-28 14:18:40 INFO  - [2025-08-28 14:18:40] User: ghodkeayush22@gmail.com | Action: GET | Endpoint: /api/project-team/list/124 | IP: 0:0:0:0:0:0:0:1 | Status: 200
2025-08-28 14:18:40 INFO  - [2025-08-28 14:18:40] User: ghodkeayush22@gmail.com | Action: GET | Endpoint: /api/tenants/3/users | IP: 0:0:0:0:0:0:0:1 | Status: 200
2025-08-28 14:18:40 WARN  - [2025-08-28 14:18:40] User: ghodkeayush22@gmail.com | Action: GET | Endpoint: /api/tenants/3/users-not-in/undefined | IP: 0:0:0:0:0:0:0:1 | Status: 500 | Error: Method parameter 'projectId': Failed to convert value of type 'java.lang.String' to required type 'java.lang.Long'; For input string: \undefined\
2025-08-28 14:18:40 INFO  - [2025-08-28 14:18:40] User: ghodkeayush22@gmail.com | Action: GET | Endpoint: /api/projects/124 | IP: 0:0:0:0:0:0:0:1 | Status: 200
2025-08-28 14:18:40 INFO  - [2025-08-28 14:18:40] User: ghodkeayush22@gmail.com | Action: GET | Endpoint: /api/tenants/3/users-not-in/124 | IP: 0:0:0:0:0:0:0:1 | Status: 200
2025-08-28 14:18:40 INFO  - [2025-08-28 14:18:40] User: ghodkeayush22@gmail.com | Action: GET | Endpoint: /api/tenants/3/users-not-in/124 | IP: 0:0:0:0:0:0:0:1 | Status: 200
2025-08-28 14:22:05 INFO  - [2025-08-28 14:22:05] User: ghodkeayush22@gmail.com | Action: GET | Endpoint: /api/tenants/3/users | IP: 0:0:0:0:0:0:0:1 | Status: 200
2025-08-28 14:22:05 INFO  - [2025-08-28 14:22:05] User: ghodkeayush22@gmail.com | Action: GET | Endpoint: /api/tenants/3/users | IP: 0:0:0:0:0:0:0:1 | Status: 200
2025-08-28 14:22:05 INFO  - [2025-08-28 14:22:05] User: ghodkeayush22@gmail.com | Action: GET | Endpoint: /api/projects/124 | IP: 0:0:0:0:0:0:0:1 | Status: 200
2025-08-28 14:22:14 INFO  - [2025-08-28 14:22:14] User: ghodkeayush22@gmail.com | Action: PUT | Endpoint: /api/projects/edit/124 | IP: 0:0:0:0:0:0:0:1 | Status: 200
2025-08-28 14:22:14 INFO  - [2025-08-28 14:22:14] User: ghodkeayush22@gmail.com | Action: GET | Endpoint: /api/tenants/3/projects | IP: 0:0:0:0:0:0:0:1 | Status: 200
2025-08-28 14:22:23 WARN  - [2025-08-28 14:22:23] User: ghodkeayush22@gmail.com | Action: GET | Endpoint: /api/tenants/3/users-not-in/undefined | IP: 0:0:0:0:0:0:0:1 | Status: 500 | Error: Method parameter 'projectId': Failed to convert value of type 'java.lang.String' to required type 'java.lang.Long'; For input string: \undefined\
2025-08-28 14:22:23 INFO  - [2025-08-28 14:22:23] User: ghodkeayush22@gmail.com | Action: GET | Endpoint: /api/project-team/list/125 | IP: 0:0:0:0:0:0:0:1 | Status: 200
2025-08-28 14:22:23 INFO  - [2025-08-28 14:22:23] User: ghodkeayush22@gmail.com | Action: GET | Endpoint: /api/tenants/3/users | IP: 0:0:0:0:0:0:0:1 | Status: 200
2025-08-28 14:22:23 INFO  - [2025-08-28 14:22:23] User: ghodkeayush22@gmail.com | Action: GET | Endpoint: /api/projects/125 | IP: 0:0:0:0:0:0:0:1 | Status: 200
2025-08-28 14:22:23 INFO  - [2025-08-28 14:22:23] User: ghodkeayush22@gmail.com | Action: GET | Endpoint: /api/project-team/list/125 | IP: 0:0:0:0:0:0:0:1 | Status: 200
2025-08-28 14:22:23 INFO  - [2025-08-28 14:22:23] User: ghodkeayush22@gmail.com | Action: GET | Endpoint: /api/tenants/3/users | IP: 0:0:0:0:0:0:0:1 | Status: 200
2025-08-28 14:22:23 WARN  - [2025-08-28 14:22:23] User: ghodkeayush22@gmail.com | Action: GET | Endpoint: /api/tenants/3/users-not-in/undefined | IP: 0:0:0:0:0:0:0:1 | Status: 500 | Error: Method parameter 'projectId': Failed to convert value of type 'java.lang.String' to required type 'java.lang.Long'; For input string: \undefined\
2025-08-28 14:22:23 INFO  - [2025-08-28 14:22:23] User: ghodkeayush22@gmail.com | Action: GET | Endpoint: /api/projects/125 | IP: 0:0:0:0:0:0:0:1 | Status: 200
2025-08-28 14:22:23 INFO  - [2025-08-28 14:22:23] User: ghodkeayush22@gmail.com | Action: GET | Endpoint: /api/tenants/3/users-not-in/125 | IP: 0:0:0:0:0:0:0:1 | Status: 200
2025-08-28 14:22:43 INFO  - [2025-08-28 14:22:43] User: ghodkeayush22@gmail.com | Action: GET | Endpoint: /api/tenants/3/projects | IP: 0:0:0:0:0:0:0:1 | Status: 200
2025-08-28 14:22:44 INFO  - [2025-08-28 14:22:44] User: ghodkeayush22@gmail.com | Action: GET | Endpoint: /api/dashboard/project-team-count | IP: 0:0:0:0:0:0:0:1 | Status: 200
2025-08-28 14:22:44 INFO  - [2025-08-28 14:22:44] User: ghodkeayush22@gmail.com | Action: GET | Endpoint: /api/dashboard/project-values | IP: 0:0:0:0:0:0:0:1 | Status: 200
2025-08-28 14:22:44 INFO  - [2025-08-28 14:22:44] User: ghodkeayush22@gmail.com | Action: GET | Endpoint: /api/dashboard/project-status-pie | IP: 0:0:0:0:0:0:0:1 | Status: 200
2025-08-28 14:22:44 INFO  - [2025-08-28 14:22:44] User: ghodkeayush22@gmail.com | Action: GET | Endpoint: /api/dashboard/summary-stats | IP: 0:0:0:0:0:0:0:1 | Status: 200
2025-08-28 14:22:44 INFO  - [2025-08-28 14:22:44] User: ghodkeayush22@gmail.com | Action: GET | Endpoint: /api/dashboard/monthly-invoice-trend | IP: 0:0:0:0:0:0:0:1 | Status: 200
2025-08-28 14:22:44 INFO  - [2025-08-28 14:22:44] User: ghodkeayush22@gmail.com | Action: GET | Endpoint: /api/dashboard/po-vs-invoice | IP: 0:0:0:0:0:0:0:1 | Status: 200
2025-08-28 14:22:44 INFO  - [2025-08-28 14:22:44] User: ghodkeayush22@gmail.com | Action: GET | Endpoint: /api/dashboard/project-team-count | IP: 0:0:0:0:0:0:0:1 | Status: 200
2025-08-28 14:22:44 INFO  - [2025-08-28 14:22:44] User: ghodkeayush22@gmail.com | Action: GET | Endpoint: /api/dashboard/project-values | IP: 0:0:0:0:0:0:0:1 | Status: 200
2025-08-28 14:22:44 INFO  - [2025-08-28 14:22:44] User: ghodkeayush22@gmail.com | Action: GET | Endpoint: /api/dashboard/project-status-pie | IP: 0:0:0:0:0:0:0:1 | Status: 200
2025-08-28 14:22:44 INFO  - [2025-08-28 14:22:44] User: ghodkeayush22@gmail.com | Action: GET | Endpoint: /api/dashboard/monthly-invoice-trend | IP: 0:0:0:0:0:0:0:1 | Status: 200
2025-08-28 14:22:44 INFO  - [2025-08-28 14:22:44] User: ghodkeayush22@gmail.com | Action: GET | Endpoint: /api/dashboard/summary-stats | IP: 0:0:0:0:0:0:0:1 | Status: 200
2025-08-28 14:22:44 INFO  - [2025-08-28 14:22:44] User: ghodkeayush22@gmail.com | Action: GET | Endpoint: /api/dashboard/po-vs-invoice | IP: 0:0:0:0:0:0:0:1 | Status: 200
2025-08-28 14:22:45 INFO  - [2025-08-28 14:22:45] User: ghodkeayush22@gmail.com | Action: GET | Endpoint: /api/tenants/3/projects | IP: 0:0:0:0:0:0:0:1 | Status: 200
2025-08-28 14:22:45 INFO  - [2025-08-28 14:22:45] User: ghodkeayush22@gmail.com | Action: GET | Endpoint: /api/tenants/3/projects | IP: 0:0:0:0:0:0:0:1 | Status: 200
2025-08-28 14:22:47 INFO  - [2025-08-28 14:22:47] User: ghodkeayush22@gmail.com | Action: GET | Endpoint: /api/timesheet-tasks/admin/summary | IP: 0:0:0:0:0:0:0:1 | Status: 200
2025-08-28 14:22:47 INFO  - [2025-08-28 14:22:47] User: ghodkeayush22@gmail.com | Action: GET | Endpoint: /api/timesheet-tasks/admin/summary | IP: 0:0:0:0:0:0:0:1 | Status: 200
2025-08-28 14:22:49 INFO  - [2025-08-28 14:22:49] User: ghodkeayush22@gmail.com | Action: GET | Endpoint: /api/modules/ | IP: 0:0:0:0:0:0:0:1 | Status: 200
2025-08-28 14:22:49 INFO  - [2025-08-28 14:22:49] User: ghodkeayush22@gmail.com | Action: GET | Endpoint: /api/access/getRoles | IP: 0:0:0:0:0:0:0:1 | Status: 200
2025-08-28 14:22:49 INFO  - [2025-08-28 14:22:49] User: ghodkeayush22@gmail.com | Action: GET | Endpoint: /api/modules/ | IP: 0:0:0:0:0:0:0:1 | Status: 200
2025-08-28 14:22:49 INFO  - [2025-08-28 14:22:49] User: ghodkeayush22@gmail.com | Action: GET | Endpoint: /api/tenants/3/getAllUsers | IP: 0:0:0:0:0:0:0:1 | Status: 200
2025-08-28 14:22:49 INFO  - [2025-08-28 14:22:49] User: ghodkeayush22@gmail.com | Action: GET | Endpoint: /api/access/getRoles | IP: 0:0:0:0:0:0:0:1 | Status: 200
2025-08-28 14:22:49 INFO  - [2025-08-28 14:22:49] User: ghodkeayush22@gmail.com | Action: GET | Endpoint: /api/tenants/3/getAllUsers | IP: 0:0:0:0:0:0:0:1 | Status: 200
2025-08-28 14:24:24 INFO  - [2025-08-28 14:24:24] User: ghodkeayush22@gmail.com | Action: POST | Endpoint: /api/users/logout/5 | IP: 0:0:0:0:0:0:0:1 | Status: 200
2025-08-28 14:24:27 INFO  - [2025-08-28 14:24:27] User: ghodkeayush22@gmail.com | Action: GET | Endpoint: /api/users/loggedInUser | IP: 0:0:0:0:0:0:0:1 | Status: 200
2025-08-28 14:24:27 INFO  - [2025-08-28 14:24:27] User: ghodkeayush22@gmail.com | Action: GET | Endpoint: /api/users/loggedInUser | IP: 0:0:0:0:0:0:0:1 | Status: 200
2025-08-28 14:24:27 INFO  - [2025-08-28 14:24:27] User: ghodkeayush22@gmail.com | Action: GET | Endpoint: /api/users/basicdetails/ghodkeayush22@gmail.com | IP: 0:0:0:0:0:0:0:1 | Status: 200
2025-08-28 14:24:27 INFO  - [2025-08-28 14:24:27] User: ghodkeayush22@gmail.com | Action: GET | Endpoint: /api/modules/ | IP: 0:0:0:0:0:0:0:1 | Status: 200
2025-08-28 14:24:27 INFO  - [2025-08-28 14:24:27] User: ghodkeayush22@gmail.com | Action: GET | Endpoint: /api/access/getRoles | IP: 0:0:0:0:0:0:0:1 | Status: 200
2025-08-28 14:24:27 INFO  - [2025-08-28 14:24:27] User: ghodkeayush22@gmail.com | Action: GET | Endpoint: /api/tenants/3/getAllUsers | IP: 0:0:0:0:0:0:0:1 | Status: 200
2025-08-28 14:24:27 INFO  - [2025-08-28 14:24:27] User: ghodkeayush22@gmail.com | Action: GET | Endpoint: /api/access/getRoles | IP: 0:0:0:0:0:0:0:1 | Status: 200
2025-08-28 14:24:27 INFO  - [2025-08-28 14:24:27] User: ghodkeayush22@gmail.com | Action: GET | Endpoint: /api/modules/ | IP: 0:0:0:0:0:0:0:1 | Status: 200
2025-08-28 14:24:27 INFO  - [2025-08-28 14:24:27] User: ghodkeayush22@gmail.com | Action: GET | Endpoint: /api/tenants/3/getAllUsers | IP: 0:0:0:0:0:0:0:1 | Status: 200
2025-08-28 14:24:27 INFO  - [2025-08-28 14:24:27] User: ghodkeayush22@gmail.com | Action: GET | Endpoint: /api/users/basicdetails/ghodkeayush22@gmail.com | IP: 0:0:0:0:0:0:0:1 | Status: 200
2025-08-28 14:24:44 INFO  - [2025-08-28 14:24:43] User: ghodkeayush22@gmail.com | Action: PUT | Endpoint: /api/access/role/edit | IP: 0:0:0:0:0:0:0:1 | Status: 200
2025-08-28 14:24:44 INFO  - [2025-08-28 14:24:44] User: ghodkeayush22@gmail.com | Action: GET | Endpoint: /api/access/getRoles | IP: 0:0:0:0:0:0:0:1 | Status: 200
2025-08-28 14:24:53 INFO  - [2025-08-28 14:24:53] User: ghodkeayush22@gmail.com | Action: POST | Endpoint: /api/users/logout/5 | IP: 0:0:0:0:0:0:0:1 | Status: 200
2025-08-28 14:24:55 INFO  - [2025-08-28 14:24:55] User: ghodkeayush22@gmail.com | Action: GET | Endpoint: /api/users/loggedInUser | IP: 0:0:0:0:0:0:0:1 | Status: 200
2025-08-28 14:24:55 INFO  - [2025-08-28 14:24:55] User: ghodkeayush22@gmail.com | Action: GET | Endpoint: /api/users/loggedInUser | IP: 0:0:0:0:0:0:0:1 | Status: 200
2025-08-28 14:24:56 INFO  - [2025-08-28 14:24:56] User: ghodkeayush22@gmail.com | Action: GET | Endpoint: /api/users/basicdetails/ghodkeayush22@gmail.com | IP: 0:0:0:0:0:0:0:1 | Status: 200
2025-08-28 14:24:56 INFO  - [2025-08-28 14:24:56] User: ghodkeayush22@gmail.com | Action: GET | Endpoint: /api/modules/ | IP: 0:0:0:0:0:0:0:1 | Status: 200
2025-08-28 14:24:56 INFO  - [2025-08-28 14:24:56] User: ghodkeayush22@gmail.com | Action: GET | Endpoint: /api/access/getRoles | IP: 0:0:0:0:0:0:0:1 | Status: 200
2025-08-28 14:24:56 INFO  - [2025-08-28 14:24:56] User: ghodkeayush22@gmail.com | Action: GET | Endpoint: /api/tenants/3/getAllUsers | IP: 0:0:0:0:0:0:0:1 | Status: 200
2025-08-28 14:24:56 INFO  - [2025-08-28 14:24:56] User: ghodkeayush22@gmail.com | Action: GET | Endpoint: /api/modules/ | IP: 0:0:0:0:0:0:0:1 | Status: 200
2025-08-28 14:24:56 INFO  - [2025-08-28 14:24:56] User: ghodkeayush22@gmail.com | Action: GET | Endpoint: /api/access/getRoles | IP: 0:0:0:0:0:0:0:1 | Status: 200
2025-08-28 14:24:56 INFO  - [2025-08-28 14:24:56] User: ghodkeayush22@gmail.com | Action: GET | Endpoint: /api/tenants/3/getAllUsers | IP: 0:0:0:0:0:0:0:1 | Status: 200
2025-08-28 14:24:56 INFO  - [2025-08-28 14:24:56] User: ghodkeayush22@gmail.com | Action: GET | Endpoint: /api/users/basicdetails/ghodkeayush22@gmail.com | IP: 0:0:0:0:0:0:0:1 | Status: 200
2025-08-28 14:24:59 INFO  - [2025-08-28 14:24:59] User: ghodkeayush22@gmail.com | Action: GET | Endpoint: /api/budget-lines | IP: 0:0:0:0:0:0:0:1 | Status: 200
2025-08-28 14:24:59 INFO  - [2025-08-28 14:24:59] User: ghodkeayush22@gmail.com | Action: GET | Endpoint: /api/po/all | IP: 0:0:0:0:0:0:0:1 | Status: 200
2025-08-28 14:24:59 INFO  - [2025-08-28 14:24:59] User: ghodkeayush22@gmail.com | Action: GET | Endpoint: /api/budget-lines | IP: 0:0:0:0:0:0:0:1 | Status: 200
2025-08-28 14:24:59 INFO  - [2025-08-28 14:24:59] User: ghodkeayush22@gmail.com | Action: GET | Endpoint: /api/po/all | IP: 0:0:0:0:0:0:0:1 | Status: 200
2025-08-28 14:25:08 INFO  - [2025-08-28 14:25:08] User: ghodkeayush22@gmail.com | Action: GET | Endpoint: /api/tenants/3/users | IP: 0:0:0:0:0:0:0:1 | Status: 200
2025-08-28 14:25:08 INFO  - [2025-08-28 14:25:08] User: ghodkeayush22@gmail.com | Action: GET | Endpoint: /api/systems/tenant | IP: 0:0:0:0:0:0:0:1 | Status: 200
2025-08-28 14:25:09 WARN  - [2025-08-28 14:25:09] User: ghodkeayush22@gmail.com | Action: GET | Endpoint: /api/po-attachments/meta/filter | IP: 0:0:0:0:0:0:0:1 | Status: 500 | Error: Method parameter 'referenceId': Failed to convert value of type 'java.lang.String' to required type 'java.lang.Long'; For input string: \undefined\
2025-08-28 14:25:09 INFO  - [2025-08-28 14:25:09] User: ghodkeayush22@gmail.com | Action: GET | Endpoint: /api/tenants/3/users | IP: 0:0:0:0:0:0:0:1 | Status: 200
2025-08-28 14:25:09 WARN  - [2025-08-28 14:25:09] User: ghodkeayush22@gmail.com | Action: GET | Endpoint: /api/po-attachments/meta/filter | IP: 0:0:0:0:0:0:0:1 | Status: 500 | Error: Method parameter 'referenceId': Failed to convert value of type 'java.lang.String' to required type 'java.lang.Long'; For input string: \undefined\
2025-08-28 14:25:09 INFO  - [2025-08-28 14:25:09] User: ghodkeayush22@gmail.com | Action: GET | Endpoint: /api/systems/tenant | IP: 0:0:0:0:0:0:0:1 | Status: 200
2025-08-28 14:25:09 INFO  - [2025-08-28 14:25:09] User: ghodkeayush22@gmail.com | Action: GET | Endpoint: /api/po-consumption/all | IP: 0:0:0:0:0:0:0:1 | Status: 200
2025-08-28 14:25:09 INFO  - [2025-08-28 14:25:09] User: ghodkeayush22@gmail.com | Action: GET | Endpoint: /api/tenants/3/users | IP: 0:0:0:0:0:0:0:1 | Status: 200
2025-08-28 14:25:09 INFO  - [2025-08-28 14:25:09] User: ghodkeayush22@gmail.com | Action: GET | Endpoint: /api/po-consumption/all | IP: 0:0:0:0:0:0:0:1 | Status: 200
2025-08-28 14:25:09 INFO  - [2025-08-28 14:25:09] User: ghodkeayush22@gmail.com | Action: GET | Endpoint: /api/tenants/3/users | IP: 0:0:0:0:0:0:0:1 | Status: 200
2025-08-28 14:25:15 WARN  - [2025-08-28 14:25:15] User: ghodkeayush22@gmail.com | Action: GET | Endpoint: /api/po-attachments/meta/filter | IP: 0:0:0:0:0:0:0:1 | Status: 500 | Error: Method parameter 'referenceId': Failed to convert value of type 'java.lang.String' to required type 'java.lang.Long'; For input string: \null\
2025-08-28 14:25:15 WARN  - [2025-08-28 14:25:15] User: ghodkeayush22@gmail.com | Action: GET | Endpoint: /api/po-attachments/meta/filter | IP: 0:0:0:0:0:0:0:1 | Status: 500 | Error: Method parameter 'referenceId': Failed to convert value of type 'java.lang.String' to required type 'java.lang.Long'; For input string: \null\
2025-08-28 14:25:15 INFO  - [2025-08-28 14:25:15] User: ghodkeayush22@gmail.com | Action: GET | Endpoint: /api/srn/all | IP: 0:0:0:0:0:0:0:1 | Status: 200
2025-08-28 14:25:15 INFO  - [2025-08-28 14:25:15] User: ghodkeayush22@gmail.com | Action: GET | Endpoint: /api/srn/all | IP: 0:0:0:0:0:0:0:1 | Status: 200
2025-08-28 14:25:17 WARN  - [2025-08-28 14:25:17] User: ghodkeayush22@gmail.com | Action: GET | Endpoint: /api/po-attachments/meta/filter | IP: 0:0:0:0:0:0:0:1 | Status: 500 | Error: Method parameter 'referenceId': Failed to convert value of type 'java.lang.String' to required type 'java.lang.Long'; For input string: \undefined\
2025-08-28 14:25:17 INFO  - [2025-08-28 14:25:17] User: ghodkeayush22@gmail.com | Action: GET | Endpoint: /api/tenants/3/users | IP: 0:0:0:0:0:0:0:1 | Status: 200
2025-08-28 14:25:17 INFO  - [2025-08-28 14:25:17] User: ghodkeayush22@gmail.com | Action: GET | Endpoint: /api/systems/tenant | IP: 0:0:0:0:0:0:0:1 | Status: 200
2025-08-28 14:25:17 INFO  - [2025-08-28 14:25:17] User: ghodkeayush22@gmail.com | Action: GET | Endpoint: /api/po-consumption/all | IP: 0:0:0:0:0:0:0:1 | Status: 200
2025-08-28 14:25:17 INFO  - [2025-08-28 14:25:17] User: ghodkeayush22@gmail.com | Action: GET | Endpoint: /api/tenants/3/users | IP: 0:0:0:0:0:0:0:1 | Status: 200
2025-08-28 14:25:17 INFO  - [2025-08-28 14:25:17] User: ghodkeayush22@gmail.com | Action: GET | Endpoint: /api/systems/tenant | IP: 0:0:0:0:0:0:0:1 | Status: 200
2025-08-28 14:25:17 WARN  - [2025-08-28 14:25:17] User: ghodkeayush22@gmail.com | Action: GET | Endpoint: /api/po-attachments/meta/filter | IP: 0:0:0:0:0:0:0:1 | Status: 500 | Error: Method parameter 'referenceId': Failed to convert value of type 'java.lang.String' to required type 'java.lang.Long'; For input string: \undefined\
2025-08-28 14:25:17 INFO  - [2025-08-28 14:25:17] User: ghodkeayush22@gmail.com | Action: GET | Endpoint: /api/po-consumption/all | IP: 0:0:0:0:0:0:0:1 | Status: 200
2025-08-28 14:25:17 INFO  - [2025-08-28 14:25:17] User: ghodkeayush22@gmail.com | Action: GET | Endpoint: /api/tenants/3/users | IP: 0:0:0:0:0:0:0:1 | Status: 200
2025-08-28 14:25:17 INFO  - [2025-08-28 14:25:17] User: ghodkeayush22@gmail.com | Action: GET | Endpoint: /api/tenants/3/users | IP: 0:0:0:0:0:0:0:1 | Status: 200
2025-08-28 14:25:24 WARN  - [2025-08-28 14:25:24] User: ghodkeayush22@gmail.com | Action: GET | Endpoint: /api/po-attachments/meta/filter | IP: 0:0:0:0:0:0:0:1 | Status: 500 | Error: Method parameter 'referenceId': Failed to convert value of type 'java.lang.String' to required type 'java.lang.Long'; For input string: \null\
2025-08-28 14:25:24 INFO  - [2025-08-28 14:25:24] User: ghodkeayush22@gmail.com | Action: GET | Endpoint: /api/srn/all | IP: 0:0:0:0:0:0:0:1 | Status: 200
2025-08-28 14:25:24 WARN  - [2025-08-28 14:25:24] User: ghodkeayush22@gmail.com | Action: GET | Endpoint: /api/po-attachments/meta/filter | IP: 0:0:0:0:0:0:0:1 | Status: 500 | Error: Method parameter 'referenceId': Failed to convert value of type 'java.lang.String' to required type 'java.lang.Long'; For input string: \null\
2025-08-28 14:25:24 INFO  - [2025-08-28 14:25:24] User: ghodkeayush22@gmail.com | Action: GET | Endpoint: /api/srn/all | IP: 0:0:0:0:0:0:0:1 | Status: 200
2025-08-28 14:25:26 INFO  - [2025-08-28 14:25:26] User: ghodkeayush22@gmail.com | Action: GET | Endpoint: /api/invoices | IP: 0:0:0:0:0:0:0:1 | Status: 200
2025-08-28 14:25:26 INFO  - [2025-08-28 14:25:26] User: ghodkeayush22@gmail.com | Action: GET | Endpoint: /api/invoices | IP: 0:0:0:0:0:0:0:1 | Status: 200
2025-08-28 14:25:28 WARN  - [2025-08-28 14:25:28] User: ghodkeayush22@gmail.com | Action: GET | Endpoint: /api/po-attachments/meta/filter | IP: 0:0:0:0:0:0:0:1 | Status: 500 | Error: Method parameter 'referenceId': Failed to convert value of type 'java.lang.String' to required type 'java.lang.Long'; For input string: \null\
2025-08-28 14:25:28 INFO  - [2025-08-28 14:25:28] User: ghodkeayush22@gmail.com | Action: GET | Endpoint: /api/srn/all | IP: 0:0:0:0:0:0:0:1 | Status: 200
2025-08-28 14:25:28 WARN  - [2025-08-28 14:25:28] User: ghodkeayush22@gmail.com | Action: GET | Endpoint: /api/po-attachments/meta/filter | IP: 0:0:0:0:0:0:0:1 | Status: 500 | Error: Method parameter 'referenceId': Failed to convert value of type 'java.lang.String' to required type 'java.lang.Long'; For input string: \null\
2025-08-28 14:25:28 INFO  - [2025-08-28 14:25:28] User: ghodkeayush22@gmail.com | Action: GET | Endpoint: /api/srn/all | IP: 0:0:0:0:0:0:0:1 | Status: 200
2025-08-28 14:25:29 INFO  - [2025-08-28 14:25:29] User: ghodkeayush22@gmail.com | Action: GET | Endpoint: /api/tenants/3/users | IP: 0:0:0:0:0:0:0:1 | Status: 200
2025-08-28 14:25:29 INFO  - [2025-08-28 14:25:29] User: ghodkeayush22@gmail.com | Action: GET | Endpoint: /api/systems/tenant | IP: 0:0:0:0:0:0:0:1 | Status: 200
2025-08-28 14:25:29 WARN  - [2025-08-28 14:25:29] User: ghodkeayush22@gmail.com | Action: GET | Endpoint: /api/po-attachments/meta/filter | IP: 0:0:0:0:0:0:0:1 | Status: 500 | Error: Method parameter 'referenceId': Failed to convert value of type 'java.lang.String' to required type 'java.lang.Long'; For input string: \undefined\
2025-08-28 14:25:29 INFO  - [2025-08-28 14:25:29] User: ghodkeayush22@gmail.com | Action: GET | Endpoint: /api/po-consumption/all | IP: 0:0:0:0:0:0:0:1 | Status: 200
2025-08-28 14:25:29 INFO  - [2025-08-28 14:25:29] User: ghodkeayush22@gmail.com | Action: GET | Endpoint: /api/tenants/3/users | IP: 0:0:0:0:0:0:0:1 | Status: 200
2025-08-28 14:25:29 INFO  - [2025-08-28 14:25:29] User: ghodkeayush22@gmail.com | Action: GET | Endpoint: /api/systems/tenant | IP: 0:0:0:0:0:0:0:1 | Status: 200
2025-08-28 14:25:29 WARN  - [2025-08-28 14:25:29] User: ghodkeayush22@gmail.com | Action: GET | Endpoint: /api/po-attachments/meta/filter | IP: 0:0:0:0:0:0:0:1 | Status: 500 | Error: Method parameter 'referenceId': Failed to convert value of type 'java.lang.String' to required type 'java.lang.Long'; For input string: \undefined\
2025-08-28 14:25:29 INFO  - [2025-08-28 14:25:29] User: ghodkeayush22@gmail.com | Action: GET | Endpoint: /api/po-consumption/all | IP: 0:0:0:0:0:0:0:1 | Status: 200
2025-08-28 14:25:29 INFO  - [2025-08-28 14:25:29] User: ghodkeayush22@gmail.com | Action: GET | Endpoint: /api/tenants/3/users | IP: 0:0:0:0:0:0:0:1 | Status: 200
2025-08-28 14:25:29 INFO  - [2025-08-28 14:25:29] User: ghodkeayush22@gmail.com | Action: GET | Endpoint: /api/tenants/3/users | IP: 0:0:0:0:0:0:0:1 | Status: 200
2025-08-28 14:25:31 INFO  - [2025-08-28 14:25:31] User: ghodkeayush22@gmail.com | Action: GET | Endpoint: /api/budget-lines | IP: 0:0:0:0:0:0:0:1 | Status: 200
2025-08-28 14:25:31 INFO  - [2025-08-28 14:25:31] User: ghodkeayush22@gmail.com | Action: GET | Endpoint: /api/budget-lines | IP: 0:0:0:0:0:0:0:1 | Status: 200
2025-08-28 14:26:34 INFO  - [2025-08-28 14:26:34] User: ghodkeayush22@gmail.com | Action: GET | Endpoint: /api/tenants/3/projects | IP: 0:0:0:0:0:0:0:1 | Status: 200
2025-08-28 14:26:34 INFO  - [2025-08-28 14:26:34] User: ghodkeayush22@gmail.com | Action: GET | Endpoint: /api/tenants/3/projects | IP: 0:0:0:0:0:0:0:1 | Status: 200
2025-08-28 14:27:46 INFO  - [2025-08-28 14:27:46] User: ghodkeayush22@gmail.com | Action: GET | Endpoint: /api/project-team/list/125 | IP: 0:0:0:0:0:0:0:1 | Status: 200
2025-08-28 14:27:46 INFO  - [2025-08-28 14:27:46] User: ghodkeayush22@gmail.com | Action: GET | Endpoint: /api/rida/project/125 | IP: 0:0:0:0:0:0:0:1 | Status: 200
2025-08-28 14:27:46 INFO  - [2025-08-28 14:27:46] User: ghodkeayush22@gmail.com | Action: GET | Endpoint: /api/projects/125/name | IP: 0:0:0:0:0:0:0:1 | Status: 200
2025-08-28 14:27:46 INFO  - [2025-08-28 14:27:46] User: ghodkeayush22@gmail.com | Action: GET | Endpoint: /api/project-team/list/125 | IP: 0:0:0:0:0:0:0:1 | Status: 200
2025-08-28 14:27:46 INFO  - [2025-08-28 14:27:46] User: ghodkeayush22@gmail.com | Action: GET | Endpoint: /api/rida/project/125 | IP: 0:0:0:0:0:0:0:1 | Status: 200
2025-08-28 14:27:46 INFO  - [2025-08-28 14:27:46] User: ghodkeayush22@gmail.com | Action: GET | Endpoint: /api/projects/125/name | IP: 0:0:0:0:0:0:0:1 | Status: 200
2025-08-28 14:27:46 INFO  - [2025-08-28 14:27:46] User: ghodkeayush22@gmail.com | Action: GET | Endpoint: /api/project-team/list/125 | IP: 0:0:0:0:0:0:0:1 | Status: 200
2025-08-28 14:27:46 INFO  - [2025-08-28 14:27:46] User: ghodkeayush22@gmail.com | Action: GET | Endpoint: /api/project-team/list/125 | IP: 0:0:0:0:0:0:0:1 | Status: 200
2025-08-28 14:28:24 INFO  - [2025-08-28 14:28:24] User: ghodkeayush22@gmail.com | Action: POST | Endpoint: /api/rida/project/125 | IP: 0:0:0:0:0:0:0:1 | Status: 201
2025-08-28 14:28:25 WARN  - [2025-08-28 14:28:24] User: ghodkeayush22@gmail.com | Action: POST | Endpoint: /api/rida/1/attachments | IP: 0:0:0:0:0:0:0:1 | Status: 500 | Error: could not execute statement [Data truncation: Data too long for column 'data' at row 1] [insert into rida_attachment (content_type
2025-08-28 14:28:25 WARN  - [2025-08-28 14:28:25] User: ghodkeayush22@gmail.com | Action: POST | Endpoint: /api/rida/1/attachments | IP: 0:0:0:0:0:0:0:1 | Status: 500 | Error: could not execute statement [Data truncation: Data too long for column 'data' at row 1] [insert into rida_attachment (content_type
2025-08-28 14:28:25 WARN  - [2025-08-28 14:28:25] User: ghodkeayush22@gmail.com | Action: POST | Endpoint: /api/rida/1/attachments | IP: 0:0:0:0:0:0:0:1 | Status: 500 | Error: Maximum upload size exceeded
2025-08-28 14:28:26 WARN  - [2025-08-28 14:28:26] User: ghodkeayush22@gmail.com | Action: POST | Endpoint: /api/rida/1/attachments | IP: 0:0:0:0:0:0:0:1 | Status: 500 | Error: Maximum upload size exceeded
2025-08-28 14:28:26 WARN  - [2025-08-28 14:28:26] User: ghodkeayush22@gmail.com | Action: POST | Endpoint: /api/rida/1/attachments | IP: 0:0:0:0:0:0:0:1 | Status: 500 | Error: Maximum upload size exceeded
2025-08-28 14:28:57 INFO  - [2025-08-28 14:28:57] User: ghodkeayush22@gmail.com | Action: GET | Endpoint: /api/project-team/list/125 | IP: 0:0:0:0:0:0:0:1 | Status: 200
2025-08-28 14:28:57 INFO  - [2025-08-28 14:28:57] User: ghodkeayush22@gmail.com | Action: GET | Endpoint: /api/projects/125/name | IP: 0:0:0:0:0:0:0:1 | Status: 200
2025-08-28 14:28:57 INFO  - [2025-08-28 14:28:57] User: ghodkeayush22@gmail.com | Action: GET | Endpoint: /api/rida/project/125 | IP: 0:0:0:0:0:0:0:1 | Status: 200
2025-08-28 14:28:57 INFO  - [2025-08-28 14:28:57] User: ghodkeayush22@gmail.com | Action: GET | Endpoint: /api/project-team/list/125 | IP: 0:0:0:0:0:0:0:1 | Status: 200
2025-08-28 14:28:57 INFO  - [2025-08-28 14:28:57] User: ghodkeayush22@gmail.com | Action: GET | Endpoint: /api/projects/125/name | IP: 0:0:0:0:0:0:0:1 | Status: 200
2025-08-28 14:28:57 INFO  - [2025-08-28 14:28:57] User: ghodkeayush22@gmail.com | Action: GET | Endpoint: /api/rida/project/125 | IP: 0:0:0:0:0:0:0:1 | Status: 200
2025-08-28 14:28:57 INFO  - [2025-08-28 14:28:57] User: ghodkeayush22@gmail.com | Action: GET | Endpoint: /api/project-team/list/125 | IP: 0:0:0:0:0:0:0:1 | Status: 200
2025-08-28 14:28:57 INFO  - [2025-08-28 14:28:57] User: ghodkeayush22@gmail.com | Action: GET | Endpoint: /api/project-team/list/125 | IP: 0:0:0:0:0:0:0:1 | Status: 200
2025-08-28 14:29:02 INFO  - [2025-08-28 14:29:02] User: ghodkeayush22@gmail.com | Action: GET | Endpoint: /api/rida/1/attachments | IP: 0:0:0:0:0:0:0:1 | Status: 200
2025-08-28 14:30:17 INFO  - [2025-08-28 14:30:17] User: ghodkeayush22@gmail.com | Action: PUT | Endpoint: /api/rida/1 | IP: 0:0:0:0:0:0:0:1 | Status: 200
2025-08-28 14:30:18 WARN  - [2025-08-28 14:30:17] User: ghodkeayush22@gmail.com | Action: POST | Endpoint: /api/rida/2/attachments | IP: 0:0:0:0:0:0:0:1 | Status: 500 | Error: could not execute statement [Data truncation: Data too long for column 'data' at row 1] [insert into rida_attachment (content_type
2025-08-28 14:30:18 WARN  - [2025-08-28 14:30:18] User: ghodkeayush22@gmail.com | Action: POST | Endpoint: /api/rida/2/attachments | IP: 0:0:0:0:0:0:0:1 | Status: 500 | Error: could not execute statement [Data truncation: Data too long for column 'data' at row 1] [insert into rida_attachment (content_type
2025-08-28 14:30:18 INFO  - [2025-08-28 14:30:18] User: ghodkeayush22@gmail.com | Action: GET | Endpoint: /api/rida/project/125 | IP: 0:0:0:0:0:0:0:1 | Status: 200
2025-08-28 14:30:18 INFO  - [2025-08-28 14:30:18] User: ghodkeayush22@gmail.com | Action: GET | Endpoint: /api/rida/2/attachments | IP: 0:0:0:0:0:0:0:1 | Status: 200
2025-08-28 14:30:18 INFO  - [2025-08-28 14:30:18] User: ghodkeayush22@gmail.com | Action: GET | Endpoint: /api/rida/1/attachments | IP: 0:0:0:0:0:0:0:1 | Status: 200
2025-08-28 14:30:23 INFO  - [2025-08-28 14:30:23] User: ghodkeayush22@gmail.com | Action: GET | Endpoint: /api/rida/2/attachments | IP: 0:0:0:0:0:0:0:1 | Status: 200
2025-08-28 14:55:48 INFO  - [2025-08-28 14:55:48] User: Anonymous | Action: POST | Endpoint: /api/users/login | IP: 0:0:0:0:0:0:0:1 | Status: 200
2025-08-28 14:55:49 INFO  - [2025-08-28 14:55:49] User: ghodkeayush22@gmail.com | Action: GET | Endpoint: /api/dashboard/project-team-count | IP: 127.0.0.1 | Status: 200
2025-08-28 14:55:49 INFO  - [2025-08-28 14:55:48] User: ghodkeayush22@gmail.com | Action: GET | Endpoint: /api/dashboard/project-status-pie | IP: 0:0:0:0:0:0:0:1 | Status: 200
2025-08-28 14:55:49 INFO  - [2025-08-28 14:55:48] User: ghodkeayush22@gmail.com | Action: GET | Endpoint: /api/dashboard/summary-stats | IP: 0:0:0:0:0:0:0:1 | Status: 200
2025-08-28 14:55:49 INFO  - [2025-08-28 14:55:49] User: ghodkeayush22@gmail.com | Action: GET | Endpoint: /api/dashboard/project-values | IP: 0:0:0:0:0:0:0:1 | Status: 200
2025-08-28 14:55:49 INFO  - [2025-08-28 14:55:49] User: ghodkeayush22@gmail.com | Action: GET | Endpoint: /api/dashboard/project-team-count | IP: 0:0:0:0:0:0:0:1 | Status: 200
2025-08-28 14:55:49 INFO  - [2025-08-28 14:55:49] User: ghodkeayush22@gmail.com | Action: GET | Endpoint: /api/dashboard/project-status-pie | IP: 0:0:0:0:0:0:0:1 | Status: 200
2025-08-28 14:55:49 INFO  - [2025-08-28 14:55:49] User: ghodkeayush22@gmail.com | Action: GET | Endpoint: /api/dashboard/project-values | IP: 0:0:0:0:0:0:0:1 | Status: 200
2025-08-28 14:55:49 INFO  - [2025-08-28 14:55:49] User: ghodkeayush22@gmail.com | Action: GET | Endpoint: /api/dashboard/monthly-invoice-trend | IP: 0:0:0:0:0:0:0:1 | Status: 200
2025-08-28 14:55:49 INFO  - [2025-08-28 14:55:49] User: ghodkeayush22@gmail.com | Action: GET | Endpoint: /api/users/basicdetails/ghodkeayush22@gmail.com | IP: 0:0:0:0:0:0:0:1 | Status: 200
2025-08-28 14:55:49 INFO  - [2025-08-28 14:55:49] User: ghodkeayush22@gmail.com | Action: GET | Endpoint: /api/dashboard/monthly-invoice-trend | IP: 0:0:0:0:0:0:0:1 | Status: 200
2025-08-28 14:55:49 INFO  - [2025-08-28 14:55:49] User: ghodkeayush22@gmail.com | Action: GET | Endpoint: /api/dashboard/po-vs-invoice | IP: 127.0.0.1 | Status: 200
2025-08-28 14:55:49 INFO  - [2025-08-28 14:55:49] User: ghodkeayush22@gmail.com | Action: GET | Endpoint: /api/users/basicdetails/ghodkeayush22@gmail.com | IP: 0:0:0:0:0:0:0:1 | Status: 200
2025-08-28 14:55:49 INFO  - [2025-08-28 14:55:49] User: ghodkeayush22@gmail.com | Action: GET | Endpoint: /api/dashboard/summary-stats | IP: 0:0:0:0:0:0:0:1 | Status: 200
2025-08-28 14:55:49 INFO  - [2025-08-28 14:55:49] User: ghodkeayush22@gmail.com | Action: GET | Endpoint: /api/dashboard/po-vs-invoice | IP: 127.0.0.1 | Status: 200
2025-08-28 14:55:52 INFO  - [2025-08-28 14:55:52] User: ghodkeayush22@gmail.com | Action: GET | Endpoint: /api/budget-lines | IP: 0:0:0:0:0:0:0:1 | Status: 200
2025-08-28 14:55:52 INFO  - [2025-08-28 14:55:52] User: ghodkeayush22@gmail.com | Action: GET | Endpoint: /api/po/all | IP: 0:0:0:0:0:0:0:1 | Status: 200
2025-08-28 14:55:52 INFO  - [2025-08-28 14:55:52] User: ghodkeayush22@gmail.com | Action: GET | Endpoint: /api/budget-lines | IP: 0:0:0:0:0:0:0:1 | Status: 200
2025-08-28 14:55:52 INFO  - [2025-08-28 14:55:52] User: ghodkeayush22@gmail.com | Action: GET | Endpoint: /api/po/all | IP: 0:0:0:0:0:0:0:1 | Status: 200
2025-08-28 14:55:55 INFO  - [2025-08-28 14:55:55] User: ghodkeayush22@gmail.com | Action: GET | Endpoint: /api/invoices | IP: 0:0:0:0:0:0:0:1 | Status: 200
2025-08-28 14:55:55 INFO  - [2025-08-28 14:55:55] User: ghodkeayush22@gmail.com | Action: GET | Endpoint: /api/invoices | IP: 0:0:0:0:0:0:0:1 | Status: 200
2025-08-28 14:56:14 WARN  - [2025-08-28 14:56:14] User: ghodkeayush22@gmail.com | Action: GET | Endpoint: /api/po-attachments/meta/filter | IP: 0:0:0:0:0:0:0:1 | Status: 500 | Error: Method parameter 'referenceId': Failed to convert value of type 'java.lang.String' to required type 'java.lang.Long'; For input string: \null\
2025-08-28 14:56:14 INFO  - [2025-08-28 14:56:14] User: ghodkeayush22@gmail.com | Action: GET | Endpoint: /api/srn/all | IP: 0:0:0:0:0:0:0:1 | Status: 200
2025-08-28 14:56:14 WARN  - [2025-08-28 14:56:14] User: ghodkeayush22@gmail.com | Action: GET | Endpoint: /api/po-attachments/meta/filter | IP: 0:0:0:0:0:0:0:1 | Status: 500 | Error: Method parameter 'referenceId': Failed to convert value of type 'java.lang.String' to required type 'java.lang.Long'; For input string: \null\
2025-08-28 14:56:14 INFO  - [2025-08-28 14:56:14] User: ghodkeayush22@gmail.com | Action: GET | Endpoint: /api/srn/all | IP: 0:0:0:0:0:0:0:1 | Status: 200
2025-08-28 14:56:16 INFO  - [2025-08-28 14:56:16] User: ghodkeayush22@gmail.com | Action: GET | Endpoint: /api/srn/34 | IP: 0:0:0:0:0:0:0:1 | Status: 200
2025-08-28 14:56:16 INFO  - [2025-08-28 14:56:16] User: ghodkeayush22@gmail.com | Action: GET | Endpoint: /api/po-attachments/meta/filter | IP: 0:0:0:0:0:0:0:1 | Status: 200
2025-08-28 14:56:20 INFO  - [2025-08-28 14:56:20] User: ghodkeayush22@gmail.com | Action: GET | Endpoint: /api/po-attachments/meta/filter | IP: 0:0:0:0:0:0:0:1 | Status: 200
2025-08-28 14:56:20 INFO  - [2025-08-28 14:56:20] User: ghodkeayush22@gmail.com | Action: GET | Endpoint: /api/po/all | IP: 0:0:0:0:0:0:0:1 | Status: 200
2025-08-28 14:56:20 INFO  - [2025-08-28 14:56:20] User: ghodkeayush22@gmail.com | Action: GET | Endpoint: /api/srn/34 | IP: 0:0:0:0:0:0:0:1 | Status: 200
2025-08-28 14:56:20 INFO  - [2025-08-28 14:56:20] User: ghodkeayush22@gmail.com | Action: GET | Endpoint: /api/po/pobalance/15 | IP: 0:0:0:0:0:0:0:1 | Status: 200
2025-08-28 14:56:20 INFO  - [2025-08-28 14:56:20] User: ghodkeayush22@gmail.com | Action: GET | Endpoint: /api/po-milestone/po/15 | IP: 0:0:0:0:0:0:0:1 | Status: 200
2025-08-28 14:56:22 WARN  - [2025-08-28 14:56:22] User: ghodkeayush22@gmail.com | Action: GET | Endpoint: /api/po-attachments/meta/filter | IP: 0:0:0:0:0:0:0:1 | Status: 500 | Error: Method parameter 'referenceId': Failed to convert value of type 'java.lang.String' to required type 'java.lang.Long'; For input string: \null\
2025-08-28 14:56:23 INFO  - [2025-08-28 14:56:23] User: ghodkeayush22@gmail.com | Action: GET | Endpoint: /api/systems/tenant | IP: 0:0:0:0:0:0:0:1 | Status: 200
2025-08-28 14:56:23 INFO  - [2025-08-28 14:56:23] User: ghodkeayush22@gmail.com | Action: GET | Endpoint: /api/tenants/3/users | IP: 0:0:0:0:0:0:0:1 | Status: 200
2025-08-28 14:56:23 INFO  - [2025-08-28 14:56:23] User: ghodkeayush22@gmail.com | Action: GET | Endpoint: /api/po-consumption/all | IP: 0:0:0:0:0:0:0:1 | Status: 200
2025-08-28 14:56:23 WARN  - [2025-08-28 14:56:23] User: ghodkeayush22@gmail.com | Action: GET | Endpoint: /api/po-attachments/meta/filter | IP: 0:0:0:0:0:0:0:1 | Status: 500 | Error: Method parameter 'referenceId': Failed to convert value of type 'java.lang.String' to required type 'java.lang.Long'; For input string: \undefined\
2025-08-28 14:56:23 INFO  - [2025-08-28 14:56:23] User: ghodkeayush22@gmail.com | Action: GET | Endpoint: /api/systems/tenant | IP: 0:0:0:0:0:0:0:1 | Status: 200
2025-08-28 14:56:24 INFO  - [2025-08-28 14:56:23] User: ghodkeayush22@gmail.com | Action: GET | Endpoint: /api/tenants/3/users | IP: 0:0:0:0:0:0:0:1 | Status: 200
2025-08-28 14:56:24 WARN  - [2025-08-28 14:56:24] User: ghodkeayush22@gmail.com | Action: GET | Endpoint: /api/po-attachments/meta/filter | IP: 0:0:0:0:0:0:0:1 | Status: 500 | Error: Method parameter 'referenceId': Failed to convert value of type 'java.lang.String' to required type 'java.lang.Long'; For input string: \undefined\
2025-08-28 14:56:24 INFO  - [2025-08-28 14:56:24] User: ghodkeayush22@gmail.com | Action: GET | Endpoint: /api/po-consumption/all | IP: 0:0:0:0:0:0:0:1 | Status: 200
2025-08-28 14:56:24 INFO  - [2025-08-28 14:56:24] User: ghodkeayush22@gmail.com | Action: GET | Endpoint: /api/tenants/3/users | IP: 0:0:0:0:0:0:0:1 | Status: 200
2025-08-28 14:56:24 INFO  - [2025-08-28 14:56:24] User: ghodkeayush22@gmail.com | Action: GET | Endpoint: /api/tenants/3/users | IP: 0:0:0:0:0:0:0:1 | Status: 200
2025-08-28 14:56:26 INFO  - [2025-08-28 14:56:25] User: ghodkeayush22@gmail.com | Action: GET | Endpoint: /api/po-attachments/meta/filter | IP: 0:0:0:0:0:0:0:1 | Status: 200
2025-08-28 14:56:28 WARN  - [2025-08-28 14:56:28] User: ghodkeayush22@gmail.com | Action: GET | Endpoint: /api/po-attachments/meta/filter | IP: 0:0:0:0:0:0:0:1 | Status: 500 | Error: Method parameter 'referenceId': Failed to convert value of type 'java.lang.String' to required type 'java.lang.Long'; For input string: \undefined\
2025-08-28 14:56:28 INFO  - [2025-08-28 14:56:28] User: ghodkeayush22@gmail.com | Action: GET | Endpoint: /api/tenants/3/users | IP: 0:0:0:0:0:0:0:1 | Status: 200
2025-08-28 14:56:28 INFO  - [2025-08-28 14:56:28] User: ghodkeayush22@gmail.com | Action: GET | Endpoint: /api/po/all | IP: 0:0:0:0:0:0:0:1 | Status: 200
2025-08-28 14:56:28 WARN  - [2025-08-28 14:56:28] User: ghodkeayush22@gmail.com | Action: GET | Endpoint: /api/projects | IP: 0:0:0:0:0:0:0:1 | Status: 500 | Error: Could not write JSON: Null value was assigned to a property [class com.Protronserver.Protronserver.Entities.TimesheetTask.hoursSpent] of primitive type: 'com.Protronserver.Protronserver.Entities.TimesheetTask.hoursSpent' (setter)
2025-08-28 14:56:30 WARN  - [2025-08-28 14:56:30] User: ghodkeayush22@gmail.com | Action: GET | Endpoint: /api/po-attachments/meta/filter | IP: 0:0:0:0:0:0:0:1 | Status: 500 | Error: Method parameter 'referenceId': Failed to convert value of type 'java.lang.String' to required type 'java.lang.Long'; For input string: \undefined\
2025-08-28 14:56:30 INFO  - [2025-08-28 14:56:30] User: ghodkeayush22@gmail.com | Action: GET | Endpoint: /api/tenants/3/users | IP: 0:0:0:0:0:0:0:1 | Status: 200
2025-08-28 14:56:39 INFO  - [2025-08-28 14:56:39] User: ghodkeayush22@gmail.com | Action: GET | Endpoint: /api/po-attachments/meta/filter | IP: 0:0:0:0:0:0:0:1 | Status: 200
2025-08-28 14:56:42 INFO  - [2025-08-28 14:56:42] User: ghodkeayush22@gmail.com | Action: GET | Endpoint: /api/tenants/3/users | IP: 0:0:0:0:0:0:0:1 | Status: 200
2025-08-28 14:56:42 INFO  - [2025-08-28 14:56:42] User: ghodkeayush22@gmail.com | Action: GET | Endpoint: /api/po-attachments/meta/filter | IP: 0:0:0:0:0:0:0:1 | Status: 200
2025-08-28 14:56:42 INFO  - [2025-08-28 14:56:42] User: ghodkeayush22@gmail.com | Action: GET | Endpoint: /api/organizations/type/CUSTOMER | IP: 0:0:0:0:0:0:0:1 | Status: 200
2025-08-28 14:56:42 INFO  - [2025-08-28 14:56:42] User: ghodkeayush22@gmail.com | Action: GET | Endpoint: /api/organizations/type/SUPPLIER | IP: 0:0:0:0:0:0:0:1 | Status: 200
2025-08-28 14:56:42 INFO  - [2025-08-28 14:56:42] User: ghodkeayush22@gmail.com | Action: GET | Endpoint: /api/tenants/3/projects | IP: 0:0:0:0:0:0:0:1 | Status: 200
2025-08-28 14:56:42 INFO  - [2025-08-28 14:56:42] User: ghodkeayush22@gmail.com | Action: GET | Endpoint: /api/po/9 | IP: 0:0:0:0:0:0:0:1 | Status: 200
2025-08-28 14:56:42 INFO  - [2025-08-28 14:56:42] User: ghodkeayush22@gmail.com | Action: GET | Endpoint: /api/organizations/type/CUSTOMER | IP: 0:0:0:0:0:0:0:1 | Status: 200
2025-08-28 14:56:42 INFO  - [2025-08-28 14:56:42] User: ghodkeayush22@gmail.com | Action: GET | Endpoint: /api/organizations/type/SUPPLIER | IP: 0:0:0:0:0:0:0:1 | Status: 200
2025-08-28 14:56:42 INFO  - [2025-08-28 14:56:42] User: ghodkeayush22@gmail.com | Action: GET | Endpoint: /api/po-milestone/po/9 | IP: 0:0:0:0:0:0:0:1 | Status: 200
2025-08-28 14:56:43 INFO  - [2025-08-28 14:56:43] User: ghodkeayush22@gmail.com | Action: GET | Endpoint: /api/po/all | IP: 0:0:0:0:0:0:0:1 | Status: 200
2025-08-28 14:56:52 INFO  - [2025-08-28 14:56:52] User: ghodkeayush22@gmail.com | Action: GET | Endpoint: /api/budget-lines | IP: 0:0:0:0:0:0:0:1 | Status: 200
2025-08-28 14:56:52 INFO  - [2025-08-28 14:56:52] User: ghodkeayush22@gmail.com | Action: GET | Endpoint: /api/budget-lines | IP: 0:0:0:0:0:0:0:1 | Status: 200
2025-08-28 14:56:56 INFO  - [2025-08-28 14:56:56] User: ghodkeayush22@gmail.com | Action: GET | Endpoint: /api/tenants/3/users | IP: 0:0:0:0:0:0:0:1 | Status: 200
2025-08-28 14:57:40 INFO  - [2025-08-28 14:57:40] User: ghodkeayush22@gmail.com | Action: POST | Endpoint: /api/budget-lines | IP: 0:0:0:0:0:0:0:1 | Status: 201
2025-08-28 14:57:40 INFO  - [2025-08-28 14:57:40] User: ghodkeayush22@gmail.com | Action: GET | Endpoint: /api/budget-lines | IP: 0:0:0:0:0:0:0:1 | Status: 200
2025-08-28 14:57:42 INFO  - [2025-08-28 14:57:42] User: ghodkeayush22@gmail.com | Action: GET | Endpoint: /api/budget-documents/budget/1 | IP: 0:0:0:0:0:0:0:1 | Status: 200
2025-08-28 14:57:42 INFO  - [2025-08-28 14:57:42] User: ghodkeayush22@gmail.com | Action: GET | Endpoint: /api/budget-allocations/budget/1 | IP: 0:0:0:0:0:0:0:1 | Status: 200
2025-08-28 14:57:43 INFO  - [2025-08-28 14:57:43] User: ghodkeayush22@gmail.com | Action: GET | Endpoint: /api/budget-documents/budget/1 | IP: 0:0:0:0:0:0:0:1 | Status: 200
2025-08-28 14:57:43 INFO  - [2025-08-28 14:57:43] User: ghodkeayush22@gmail.com | Action: GET | Endpoint: /api/budget-allocations/budget/1 | IP: 0:0:0:0:0:0:0:1 | Status: 200
2025-08-28 14:57:46 INFO  - [2025-08-28 14:57:46] User: ghodkeayush22@gmail.com | Action: GET | Endpoint: /api/budget-documents/budget/1 | IP: 0:0:0:0:0:0:0:1 | Status: 200
2025-08-28 14:57:46 INFO  - [2025-08-28 14:57:46] User: ghodkeayush22@gmail.com | Action: GET | Endpoint: /api/tenants/3/users | IP: 0:0:0:0:0:0:0:1 | Status: 200
2025-08-28 14:59:43 INFO  - [2025-08-28 14:59:43] User: ghodkeayush22@gmail.com | Action: GET | Endpoint: /api/invoices | IP: 0:0:0:0:0:0:0:1 | Status: 200
2025-08-28 14:59:43 INFO  - [2025-08-28 14:59:43] User: ghodkeayush22@gmail.com | Action: GET | Endpoint: /api/invoices | IP: 0:0:0:0:0:0:0:1 | Status: 200
2025-08-28 15:43:40 INFO  - [2025-08-28 15:43:40] User: ghodkeayush22@gmail.com | Action: POST | Endpoint: /api/users/logout/5 | IP: 0:0:0:0:0:0:0:1 | Status: 200
