2025-09-29 11:02:01 INFO  - [2025-09-29 11:02:00] User: Anonymous | Action: POST | Endpoint: /api/users/login | IP: 0:0:0:0:0:0:0:1 | Status: 200
2025-09-29 11:02:01 INFO  - [2025-09-29 11:02:01] User: ghodkeayush22@gmail.com | Action: GET | Endpoint: /api/dashboard/summary-stats | IP: 0:0:0:0:0:0:0:1 | Status: 200
2025-09-29 11:02:01 INFO  - [2025-09-29 11:02:01] User: ghodkeayush22@gmail.com | Action: GET | Endpoint: /api/dashboard/project-team-count | IP: 0:0:0:0:0:0:0:1 | Status: 200
2025-09-29 11:02:01 INFO  - [2025-09-29 11:02:01] User: ghodkeayush22@gmail.com | Action: GET | Endpoint: /api/users/basicdetails/ghodkeayush22@gmail.com | IP: 0:0:0:0:0:0:0:1 | Status: 200
2025-09-29 11:02:01 INFO  - [2025-09-29 11:02:01] User: ghodkeayush22@gmail.com | Action: GET | Endpoint: /api/dashboard/project-status-pie | IP: 0:0:0:0:0:0:0:1 | Status: 200
2025-09-29 11:02:01 INFO  - [2025-09-29 11:02:01] User: ghodkeayush22@gmail.com | Action: GET | Endpoint: /api/dashboard/monthly-invoice-trend | IP: 0:0:0:0:0:0:0:1 | Status: 200
2025-09-29 11:02:01 INFO  - [2025-09-29 11:02:01] User: ghodkeayush22@gmail.com | Action: GET | Endpoint: /api/dashboard/po-vs-invoice | IP: 0:0:0:0:0:0:0:1 | Status: 200
2025-09-29 11:02:01 INFO  - [2025-09-29 11:02:01] User: ghodkeayush22@gmail.com | Action: GET | Endpoint: /api/users/basicdetails/ghodkeayush22@gmail.com | IP: 0:0:0:0:0:0:0:1 | Status: 200
2025-09-29 11:02:01 INFO  - [2025-09-29 11:02:01] User: ghodkeayush22@gmail.com | Action: GET | Endpoint: /api/dashboard/project-values | IP: 0:0:0:0:0:0:0:1 | Status: 200
2025-09-29 11:02:01 INFO  - [2025-09-29 11:02:01] User: ghodkeayush22@gmail.com | Action: GET | Endpoint: /api/dashboard/project-team-count | IP: 0:0:0:0:0:0:0:1 | Status: 200
2025-09-29 11:02:01 INFO  - [2025-09-29 11:02:01] User: ghodkeayush22@gmail.com | Action: GET | Endpoint: /api/dashboard/monthly-invoice-trend | IP: 0:0:0:0:0:0:0:1 | Status: 200
2025-09-29 11:02:01 INFO  - [2025-09-29 11:02:01] User: ghodkeayush22@gmail.com | Action: GET | Endpoint: /api/dashboard/project-status-pie | IP: 0:0:0:0:0:0:0:1 | Status: 200
2025-09-29 11:02:01 INFO  - [2025-09-29 11:02:01] User: ghodkeayush22@gmail.com | Action: GET | Endpoint: /api/dashboard/summary-stats | IP: 0:0:0:0:0:0:0:1 | Status: 200
2025-09-29 11:02:01 INFO  - [2025-09-29 11:02:01] User: ghodkeayush22@gmail.com | Action: GET | Endpoint: /api/dashboard/project-values | IP: 0:0:0:0:0:0:0:1 | Status: 200
2025-09-29 11:02:01 INFO  - [2025-09-29 11:02:01] User: ghodkeayush22@gmail.com | Action: GET | Endpoint: /api/dashboard/po-vs-invoice | IP: 0:0:0:0:0:0:0:1 | Status: 200
2025-09-29 11:02:03 INFO  - [2025-09-29 11:02:03] User: ghodkeayush22@gmail.com | Action: GET | Endpoint: /api/timesheet-tasks/admin/summary | IP: 0:0:0:0:0:0:0:1 | Status: 200
2025-09-29 11:02:03 INFO  - [2025-09-29 11:02:03] User: ghodkeayush22@gmail.com | Action: GET | Endpoint: /api/timesheet-tasks/admin/summary | IP: 0:0:0:0:0:0:0:1 | Status: 200
2025-09-29 11:02:04 INFO  - [2025-09-29 11:02:04] User: ghodkeayush22@gmail.com | Action: GET | Endpoint: /api/dashboard/project-team-count | IP: 0:0:0:0:0:0:0:1 | Status: 200
2025-09-29 11:02:04 INFO  - [2025-09-29 11:02:04] User: ghodkeayush22@gmail.com | Action: GET | Endpoint: /api/dashboard/project-values | IP: 0:0:0:0:0:0:0:1 | Status: 200
2025-09-29 11:02:04 INFO  - [2025-09-29 11:02:04] User: ghodkeayush22@gmail.com | Action: GET | Endpoint: /api/dashboard/monthly-invoice-trend | IP: 0:0:0:0:0:0:0:1 | Status: 200
2025-09-29 11:02:04 INFO  - [2025-09-29 11:02:04] User: ghodkeayush22@gmail.com | Action: GET | Endpoint: /api/dashboard/po-vs-invoice | IP: 0:0:0:0:0:0:0:1 | Status: 200
2025-09-29 11:02:04 INFO  - [2025-09-29 11:02:04] User: ghodkeayush22@gmail.com | Action: GET | Endpoint: /api/dashboard/summary-stats | IP: 0:0:0:0:0:0:0:1 | Status: 200
2025-09-29 11:02:04 INFO  - [2025-09-29 11:02:04] User: ghodkeayush22@gmail.com | Action: GET | Endpoint: /api/dashboard/project-status-pie | IP: 0:0:0:0:0:0:0:1 | Status: 200
2025-09-29 11:02:04 INFO  - [2025-09-29 11:02:04] User: ghodkeayush22@gmail.com | Action: GET | Endpoint: /api/dashboard/monthly-invoice-trend | IP: 0:0:0:0:0:0:0:1 | Status: 200
2025-09-29 11:02:04 INFO  - [2025-09-29 11:02:04] User: ghodkeayush22@gmail.com | Action: GET | Endpoint: /api/dashboard/project-team-count | IP: 0:0:0:0:0:0:0:1 | Status: 200
2025-09-29 11:02:04 INFO  - [2025-09-29 11:02:04] User: ghodkeayush22@gmail.com | Action: GET | Endpoint: /api/dashboard/project-values | IP: 0:0:0:0:0:0:0:1 | Status: 200
2025-09-29 11:02:04 INFO  - [2025-09-29 11:02:04] User: ghodkeayush22@gmail.com | Action: GET | Endpoint: /api/dashboard/summary-stats | IP: 0:0:0:0:0:0:0:1 | Status: 200
2025-09-29 11:02:04 INFO  - [2025-09-29 11:02:04] User: ghodkeayush22@gmail.com | Action: GET | Endpoint: /api/dashboard/po-vs-invoice | IP: 0:0:0:0:0:0:0:1 | Status: 200
2025-09-29 11:02:04 INFO  - [2025-09-29 11:02:04] User: ghodkeayush22@gmail.com | Action: GET | Endpoint: /api/dashboard/project-status-pie | IP: 0:0:0:0:0:0:0:1 | Status: 200
2025-09-29 11:02:05 INFO  - [2025-09-29 11:02:05] User: ghodkeayush22@gmail.com | Action: GET | Endpoint: /api/modules/ | IP: 0:0:0:0:0:0:0:1 | Status: 200
2025-09-29 11:02:05 INFO  - [2025-09-29 11:02:05] User: ghodkeayush22@gmail.com | Action: GET | Endpoint: /api/tenants/3/getAllUsers | IP: 0:0:0:0:0:0:0:1 | Status: 200
2025-09-29 11:02:05 INFO  - [2025-09-29 11:02:05] User: ghodkeayush22@gmail.com | Action: GET | Endpoint: /api/access/getRoles | IP: 0:0:0:0:0:0:0:1 | Status: 200
2025-09-29 11:02:05 INFO  - [2025-09-29 11:02:05] User: ghodkeayush22@gmail.com | Action: GET | Endpoint: /api/modules/ | IP: 0:0:0:0:0:0:0:1 | Status: 200
2025-09-29 11:02:05 INFO  - [2025-09-29 11:02:05] User: ghodkeayush22@gmail.com | Action: GET | Endpoint: /api/tenants/3/getAllUsers | IP: 0:0:0:0:0:0:0:1 | Status: 200
2025-09-29 11:02:05 INFO  - [2025-09-29 11:02:05] User: ghodkeayush22@gmail.com | Action: GET | Endpoint: /api/access/getRoles | IP: 0:0:0:0:0:0:0:1 | Status: 200
2025-09-29 11:02:08 INFO  - [2025-09-29 11:02:08] User: ghodkeayush22@gmail.com | Action: GET | Endpoint: /api/modules/ | IP: 0:0:0:0:0:0:0:1 | Status: 200
2025-09-29 11:02:08 INFO  - [2025-09-29 11:02:08] User: ghodkeayush22@gmail.com | Action: GET | Endpoint: /api/access/getRoles | IP: 0:0:0:0:0:0:0:1 | Status: 200
2025-09-29 11:02:08 INFO  - [2025-09-29 11:02:08] User: ghodkeayush22@gmail.com | Action: GET | Endpoint: /api/modules/ | IP: 0:0:0:0:0:0:0:1 | Status: 200
2025-09-29 11:02:08 INFO  - [2025-09-29 11:02:08] User: ghodkeayush22@gmail.com | Action: GET | Endpoint: /api/access/getRoles | IP: 0:0:0:0:0:0:0:1 | Status: 200
2025-09-29 11:02:55 INFO  - [2025-09-29 11:02:55] User: ghodkeayush22@gmail.com | Action: GET | Endpoint: /api/modules/ | IP: 0:0:0:0:0:0:0:1 | Status: 200
2025-09-29 11:02:55 INFO  - [2025-09-29 11:02:55] User: ghodkeayush22@gmail.com | Action: GET | Endpoint: /api/access/getRoles | IP: 0:0:0:0:0:0:0:1 | Status: 200
2025-09-29 11:02:55 INFO  - [2025-09-29 11:02:55] User: ghodkeayush22@gmail.com | Action: GET | Endpoint: /api/modules/ | IP: 0:0:0:0:0:0:0:1 | Status: 200
2025-09-29 11:02:55 INFO  - [2025-09-29 11:02:55] User: ghodkeayush22@gmail.com | Action: GET | Endpoint: /api/access/getRoles | IP: 0:0:0:0:0:0:0:1 | Status: 200
2025-09-29 11:02:59 INFO  - [2025-09-29 11:02:59] User: ghodkeayush22@gmail.com | Action: GET | Endpoint: /api/users/basicdetails/ghodkeayush22@gmail.com | IP: 0:0:0:0:0:0:0:1 | Status: 200
2025-09-29 11:03:00 INFO  - [2025-09-29 11:03:00] User: ghodkeayush22@gmail.com | Action: POST | Endpoint: /api/users/logout/5 | IP: 0:0:0:0:0:0:0:1 | Status: 200
2025-09-29 11:03:13 INFO  - [2025-09-29 11:03:13] User: Anonymous | Action: POST | Endpoint: /api/users/login | IP: 0:0:0:0:0:0:0:1 | Status: 200
2025-09-29 11:03:13 INFO  - [2025-09-29 11:03:13] User: bhagirath961778@gmail.com | Action: GET | Endpoint: /api/dashboard/monthly-invoice-trend | IP: 0:0:0:0:0:0:0:1 | Status: 200
2025-09-29 11:03:13 INFO  - [2025-09-29 11:03:13] User: bhagirath961778@gmail.com | Action: GET | Endpoint: /api/dashboard/project-team-count | IP: 0:0:0:0:0:0:0:1 | Status: 200
2025-09-29 11:03:13 INFO  - [2025-09-29 11:03:13] User: bhagirath961778@gmail.com | Action: GET | Endpoint: /api/dashboard/project-values | IP: 0:0:0:0:0:0:0:1 | Status: 200
2025-09-29 11:03:13 INFO  - [2025-09-29 11:03:13] User: bhagirath961778@gmail.com | Action: GET | Endpoint: /api/dashboard/po-vs-invoice | IP: 0:0:0:0:0:0:0:1 | Status: 200
2025-09-29 11:03:13 INFO  - [2025-09-29 11:03:13] User: bhagirath961778@gmail.com | Action: GET | Endpoint: /api/dashboard/project-status-pie | IP: 0:0:0:0:0:0:0:1 | Status: 200
2025-09-29 11:03:13 INFO  - [2025-09-29 11:03:13] User: bhagirath961778@gmail.com | Action: GET | Endpoint: /api/dashboard/summary-stats | IP: 0:0:0:0:0:0:0:1 | Status: 200
2025-09-29 11:03:13 INFO  - [2025-09-29 11:03:13] User: bhagirath961778@gmail.com | Action: GET | Endpoint: /api/dashboard/project-team-count | IP: 0:0:0:0:0:0:0:1 | Status: 200
2025-09-29 11:03:13 INFO  - [2025-09-29 11:03:13] User: bhagirath961778@gmail.com | Action: GET | Endpoint: /api/users/basicdetails/bhagirath961778@gmail.com | IP: 0:0:0:0:0:0:0:1 | Status: 200
2025-09-29 11:03:13 INFO  - [2025-09-29 11:03:13] User: bhagirath961778@gmail.com | Action: GET | Endpoint: /api/dashboard/monthly-invoice-trend | IP: 0:0:0:0:0:0:0:1 | Status: 200
2025-09-29 11:03:14 INFO  - [2025-09-29 11:03:14] User: bhagirath961778@gmail.com | Action: GET | Endpoint: /api/dashboard/po-vs-invoice | IP: 0:0:0:0:0:0:0:1 | Status: 200
2025-09-29 11:03:14 INFO  - [2025-09-29 11:03:14] User: bhagirath961778@gmail.com | Action: GET | Endpoint: /api/dashboard/project-values | IP: 0:0:0:0:0:0:0:1 | Status: 200
2025-09-29 11:03:14 INFO  - [2025-09-29 11:03:14] User: bhagirath961778@gmail.com | Action: GET | Endpoint: /api/users/basicdetails/bhagirath961778@gmail.com | IP: 0:0:0:0:0:0:0:1 | Status: 200
2025-09-29 11:03:14 INFO  - [2025-09-29 11:03:14] User: bhagirath961778@gmail.com | Action: GET | Endpoint: /api/dashboard/project-status-pie | IP: 0:0:0:0:0:0:0:1 | Status: 200
2025-09-29 11:03:14 INFO  - [2025-09-29 11:03:14] User: bhagirath961778@gmail.com | Action: GET | Endpoint: /api/dashboard/summary-stats | IP: 0:0:0:0:0:0:0:1 | Status: 200
2025-09-29 11:03:18 INFO  - [2025-09-29 11:03:18] User: bhagirath961778@gmail.com | Action: GET | Endpoint: /api/tenants/3/projects | IP: 0:0:0:0:0:0:0:1 | Status: 200
2025-09-29 11:03:18 INFO  - [2025-09-29 11:03:18] User: bhagirath961778@gmail.com | Action: POST | Endpoint: /api/userstory/filter | IP: 0:0:0:0:0:0:0:1 | Status: 200
2025-09-29 11:03:18 INFO  - [2025-09-29 11:03:18] User: bhagirath961778@gmail.com | Action: GET | Endpoint: /api/tenants/3/users | IP: 0:0:0:0:0:0:0:1 | Status: 200
2025-09-29 11:03:18 INFO  - [2025-09-29 11:03:18] User: bhagirath961778@gmail.com | Action: POST | Endpoint: /api/userstory/filter | IP: 0:0:0:0:0:0:0:1 | Status: 200
2025-09-29 11:03:18 INFO  - [2025-09-29 11:03:18] User: bhagirath961778@gmail.com | Action: POST | Endpoint: /api/userstory/filter | IP: 0:0:0:0:0:0:0:1 | Status: 200
2025-09-29 11:03:18 INFO  - [2025-09-29 11:03:18] User: bhagirath961778@gmail.com | Action: GET | Endpoint: /api/status-flags/type/story | IP: 0:0:0:0:0:0:0:1 | Status: 200
2025-09-29 11:03:18 INFO  - [2025-09-29 11:03:18] User: bhagirath961778@gmail.com | Action: GET | Endpoint: /api/tenants/3/users | IP: 0:0:0:0:0:0:0:1 | Status: 200
2025-09-29 11:03:18 INFO  - [2025-09-29 11:03:18] User: bhagirath961778@gmail.com | Action: GET | Endpoint: /api/tenants/3/projects | IP: 0:0:0:0:0:0:0:1 | Status: 200
2025-09-29 11:03:18 INFO  - [2025-09-29 11:03:18] User: bhagirath961778@gmail.com | Action: GET | Endpoint: /api/status-flags/type/story | IP: 0:0:0:0:0:0:0:1 | Status: 200
2025-09-29 11:03:18 INFO  - [2025-09-29 11:03:18] User: bhagirath961778@gmail.com | Action: GET | Endpoint: /api/tenants/3/users | IP: 0:0:0:0:0:0:0:1 | Status: 200
2025-09-29 11:03:18 INFO  - [2025-09-29 11:03:18] User: bhagirath961778@gmail.com | Action: GET | Endpoint: /api/status-flags/type/story | IP: 0:0:0:0:0:0:0:1 | Status: 200
2025-09-29 11:03:18 INFO  - [2025-09-29 11:03:18] User: bhagirath961778@gmail.com | Action: GET | Endpoint: /api/systems/tenant | IP: 0:0:0:0:0:0:0:1 | Status: 200
2025-09-29 11:03:18 INFO  - [2025-09-29 11:03:18] User: bhagirath961778@gmail.com | Action: GET | Endpoint: /api/tenants/3/users | IP: 0:0:0:0:0:0:0:1 | Status: 200
2025-09-29 11:03:18 INFO  - [2025-09-29 11:03:18] User: bhagirath961778@gmail.com | Action: GET | Endpoint: /api/status-flags/type/story | IP: 0:0:0:0:0:0:0:1 | Status: 200
2025-09-29 11:03:18 INFO  - [2025-09-29 11:03:18] User: bhagirath961778@gmail.com | Action: GET | Endpoint: /api/systems/tenant | IP: 0:0:0:0:0:0:0:1 | Status: 200
2025-09-29 11:03:18 INFO  - [2025-09-29 11:03:18] User: bhagirath961778@gmail.com | Action: GET | Endpoint: /api/tenants/3/users | IP: 0:0:0:0:0:0:0:1 | Status: 200
2025-09-29 11:03:18 INFO  - [2025-09-29 11:03:18] User: bhagirath961778@gmail.com | Action: GET | Endpoint: /api/systems/tenant | IP: 0:0:0:0:0:0:0:1 | Status: 200
2025-09-29 11:03:18 INFO  - [2025-09-29 11:03:18] User: bhagirath961778@gmail.com | Action: GET | Endpoint: /api/status-flags/type/story | IP: 0:0:0:0:0:0:0:1 | Status: 200
2025-09-29 11:03:18 INFO  - [2025-09-29 11:03:18] User: bhagirath961778@gmail.com | Action: GET | Endpoint: /api/tenants/3/users | IP: 0:0:0:0:0:0:0:1 | Status: 200
2025-09-29 11:03:18 INFO  - [2025-09-29 11:03:18] User: bhagirath961778@gmail.com | Action: GET | Endpoint: /api/systems/tenant | IP: 0:0:0:0:0:0:0:1 | Status: 200
2025-09-29 11:03:18 INFO  - [2025-09-29 11:03:18] User: bhagirath961778@gmail.com | Action: GET | Endpoint: /api/status-flags/type/story | IP: 0:0:0:0:0:0:0:1 | Status: 200
2025-09-29 11:03:22 INFO  - [2025-09-29 11:03:22] User: bhagirath961778@gmail.com | Action: GET | Endpoint: /api/systems/tenant | IP: 0:0:0:0:0:0:0:1 | Status: 200
2025-09-29 11:03:22 INFO  - [2025-09-29 11:03:22] User: bhagirath961778@gmail.com | Action: GET | Endpoint: /api/tenants/3/users | IP: 0:0:0:0:0:0:0:1 | Status: 200
2025-09-29 11:03:22 INFO  - [2025-09-29 11:03:22] User: bhagirath961778@gmail.com | Action: GET | Endpoint: /api/tenants/3/projects | IP: 0:0:0:0:0:0:0:1 | Status: 200
2025-09-29 11:03:22 INFO  - [2025-09-29 11:03:22] User: bhagirath961778@gmail.com | Action: GET | Endpoint: /api/status-flags/type/story | IP: 0:0:0:0:0:0:0:1 | Status: 200
2025-09-29 11:03:25 INFO  - [2025-09-29 11:03:25] User: bhagirath961778@gmail.com | Action: GET | Endpoint: /api/sprints/project/72 | IP: 0:0:0:0:0:0:0:1 | Status: 200
2025-09-29 11:03:25 INFO  - [2025-09-29 11:03:25] User: bhagirath961778@gmail.com | Action: GET | Endpoint: /api/releases/project/72 | IP: 0:0:0:0:0:0:0:1 | Status: 200
2025-09-29 11:03:53 WARN  - [2025-09-29 11:03:53] User: bhagirath961778@gmail.com | Action: POST | Endpoint: /api/userstory | IP: 0:0:0:0:0:0:0:1 | Status: 500 | Error: Invalid projectId format. Must start with 'PRJ-'
2025-09-29 11:04:04 WARN  - [2025-09-29 11:04:04] User: bhagirath961778@gmail.com | Action: POST | Endpoint: /api/userstory | IP: 0:0:0:0:0:0:0:1 | Status: 500 | Error: Invalid projectId format. Must start with 'PRJ-'
2025-09-29 11:04:14 INFO  - [2025-09-29 11:04:14] User: bhagirath961778@gmail.com | Action: GET | Endpoint: /api/sprints/project/122 | IP: 0:0:0:0:0:0:0:1 | Status: 200
2025-09-29 11:04:14 INFO  - [2025-09-29 11:04:14] User: bhagirath961778@gmail.com | Action: GET | Endpoint: /api/releases/project/122 | IP: 0:0:0:0:0:0:0:1 | Status: 200
2025-09-29 11:04:16 WARN  - [2025-09-29 11:04:16] User: bhagirath961778@gmail.com | Action: POST | Endpoint: /api/userstory | IP: 0:0:0:0:0:0:0:1 | Status: 500 | Error: Invalid projectId format. Must start with 'PRJ-'
2025-09-29 11:04:40 INFO  - [2025-09-29 11:04:40] User: bhagirath961778@gmail.com | Action: GET | Endpoint: /api/systems/tenant | IP: 0:0:0:0:0:0:0:1 | Status: 200
2025-09-29 11:04:40 INFO  - [2025-09-29 11:04:40] User: bhagirath961778@gmail.com | Action: GET | Endpoint: /api/status-flags/type/story | IP: 0:0:0:0:0:0:0:1 | Status: 200
2025-09-29 11:04:40 INFO  - [2025-09-29 11:04:40] User: bhagirath961778@gmail.com | Action: GET | Endpoint: /api/tenants/3/users | IP: 0:0:0:0:0:0:0:1 | Status: 200
2025-09-29 11:04:42 INFO  - [2025-09-29 11:04:42] User: bhagirath961778@gmail.com | Action: GET | Endpoint: /api/tenants/3/projects | IP: 0:0:0:0:0:0:0:1 | Status: 200
2025-09-29 11:04:42 INFO  - [2025-09-29 11:04:42] User: bhagirath961778@gmail.com | Action: GET | Endpoint: /api/tenants/3/projects | IP: 0:0:0:0:0:0:0:1 | Status: 200
2025-09-29 11:04:43 INFO  - [2025-09-29 11:04:43] User: bhagirath961778@gmail.com | Action: GET | Endpoint: /api/tenants/3/users | IP: 0:0:0:0:0:0:0:1 | Status: 200
2025-09-29 11:04:43 INFO  - [2025-09-29 11:04:43] User: bhagirath961778@gmail.com | Action: GET | Endpoint: /api/systems/tenant | IP: 0:0:0:0:0:0:0:1 | Status: 200
2025-09-29 11:04:43 INFO  - [2025-09-29 11:04:43] User: bhagirath961778@gmail.com | Action: GET | Endpoint: /api/projects/generate-code | IP: 0:0:0:0:0:0:0:1 | Status: 200
2025-09-29 11:05:42 INFO  - [2025-09-29 11:05:42] User: bhagirath961778@gmail.com | Action: POST | Endpoint: /api/projects/add | IP: 0:0:0:0:0:0:0:1 | Status: 201
2025-09-29 11:05:43 INFO  - [2025-09-29 11:05:43] User: bhagirath961778@gmail.com | Action: GET | Endpoint: /api/tenants/3/projects | IP: 0:0:0:0:0:0:0:1 | Status: 200
2025-09-29 11:05:49 INFO  - [2025-09-29 11:05:49] User: bhagirath961778@gmail.com | Action: GET | Endpoint: /api/tenants/3/projects | IP: 0:0:0:0:0:0:0:1 | Status: 200
2025-09-29 11:05:49 INFO  - [2025-09-29 11:05:49] User: bhagirath961778@gmail.com | Action: POST | Endpoint: /api/userstory/filter | IP: 0:0:0:0:0:0:0:1 | Status: 200
2025-09-29 11:05:49 INFO  - [2025-09-29 11:05:49] User: bhagirath961778@gmail.com | Action: GET | Endpoint: /api/tenants/3/users | IP: 0:0:0:0:0:0:0:1 | Status: 200
2025-09-29 11:05:49 INFO  - [2025-09-29 11:05:49] User: bhagirath961778@gmail.com | Action: POST | Endpoint: /api/userstory/filter | IP: 0:0:0:0:0:0:0:1 | Status: 200
2025-09-29 11:05:49 INFO  - [2025-09-29 11:05:49] User: bhagirath961778@gmail.com | Action: POST | Endpoint: /api/userstory/filter | IP: 0:0:0:0:0:0:0:1 | Status: 200
2025-09-29 11:05:49 INFO  - [2025-09-29 11:05:49] User: bhagirath961778@gmail.com | Action: GET | Endpoint: /api/status-flags/type/story | IP: 0:0:0:0:0:0:0:1 | Status: 200
2025-09-29 11:05:49 INFO  - [2025-09-29 11:05:49] User: bhagirath961778@gmail.com | Action: GET | Endpoint: /api/tenants/3/users | IP: 0:0:0:0:0:0:0:1 | Status: 200
2025-09-29 11:05:49 INFO  - [2025-09-29 11:05:49] User: bhagirath961778@gmail.com | Action: GET | Endpoint: /api/tenants/3/projects | IP: 0:0:0:0:0:0:0:1 | Status: 200
2025-09-29 11:05:49 INFO  - [2025-09-29 11:05:49] User: bhagirath961778@gmail.com | Action: GET | Endpoint: /api/status-flags/type/story | IP: 0:0:0:0:0:0:0:1 | Status: 200
2025-09-29 11:05:49 INFO  - [2025-09-29 11:05:49] User: bhagirath961778@gmail.com | Action: GET | Endpoint: /api/systems/tenant | IP: 0:0:0:0:0:0:0:1 | Status: 200
2025-09-29 11:05:49 INFO  - [2025-09-29 11:05:49] User: bhagirath961778@gmail.com | Action: GET | Endpoint: /api/tenants/3/users | IP: 0:0:0:0:0:0:0:1 | Status: 200
2025-09-29 11:05:49 INFO  - [2025-09-29 11:05:49] User: bhagirath961778@gmail.com | Action: GET | Endpoint: /api/status-flags/type/story | IP: 0:0:0:0:0:0:0:1 | Status: 200
2025-09-29 11:05:49 INFO  - [2025-09-29 11:05:49] User: bhagirath961778@gmail.com | Action: GET | Endpoint: /api/status-flags/type/story | IP: 0:0:0:0:0:0:0:1 | Status: 200
2025-09-29 11:05:49 INFO  - [2025-09-29 11:05:49] User: bhagirath961778@gmail.com | Action: GET | Endpoint: /api/systems/tenant | IP: 0:0:0:0:0:0:0:1 | Status: 200
2025-09-29 11:05:49 INFO  - [2025-09-29 11:05:49] User: bhagirath961778@gmail.com | Action: GET | Endpoint: /api/tenants/3/users | IP: 0:0:0:0:0:0:0:1 | Status: 200
2025-09-29 11:05:49 INFO  - [2025-09-29 11:05:49] User: bhagirath961778@gmail.com | Action: GET | Endpoint: /api/systems/tenant | IP: 0:0:0:0:0:0:0:1 | Status: 200
2025-09-29 11:05:49 INFO  - [2025-09-29 11:05:49] User: bhagirath961778@gmail.com | Action: GET | Endpoint: /api/tenants/3/users | IP: 0:0:0:0:0:0:0:1 | Status: 200
2025-09-29 11:05:49 INFO  - [2025-09-29 11:05:49] User: bhagirath961778@gmail.com | Action: GET | Endpoint: /api/status-flags/type/story | IP: 0:0:0:0:0:0:0:1 | Status: 200
2025-09-29 11:05:49 INFO  - [2025-09-29 11:05:49] User: bhagirath961778@gmail.com | Action: GET | Endpoint: /api/systems/tenant | IP: 0:0:0:0:0:0:0:1 | Status: 200
2025-09-29 11:05:49 INFO  - [2025-09-29 11:05:49] User: bhagirath961778@gmail.com | Action: GET | Endpoint: /api/tenants/3/users | IP: 0:0:0:0:0:0:0:1 | Status: 200
2025-09-29 11:05:49 INFO  - [2025-09-29 11:05:49] User: bhagirath961778@gmail.com | Action: GET | Endpoint: /api/status-flags/type/story | IP: 0:0:0:0:0:0:0:1 | Status: 200
2025-09-29 11:05:50 INFO  - [2025-09-29 11:05:50] User: bhagirath961778@gmail.com | Action: GET | Endpoint: /api/tenants/3/users | IP: 0:0:0:0:0:0:0:1 | Status: 200
2025-09-29 11:05:50 INFO  - [2025-09-29 11:05:50] User: bhagirath961778@gmail.com | Action: GET | Endpoint: /api/systems/tenant | IP: 0:0:0:0:0:0:0:1 | Status: 200
2025-09-29 11:05:50 INFO  - [2025-09-29 11:05:50] User: bhagirath961778@gmail.com | Action: GET | Endpoint: /api/tenants/3/projects | IP: 0:0:0:0:0:0:0:1 | Status: 200
2025-09-29 11:05:50 INFO  - [2025-09-29 11:05:50] User: bhagirath961778@gmail.com | Action: GET | Endpoint: /api/status-flags/type/story | IP: 0:0:0:0:0:0:0:1 | Status: 200
2025-09-29 11:05:55 INFO  - [2025-09-29 11:05:55] User: bhagirath961778@gmail.com | Action: GET | Endpoint: /api/sprints/project/130 | IP: 0:0:0:0:0:0:0:1 | Status: 200
2025-09-29 11:05:55 INFO  - [2025-09-29 11:05:55] User: bhagirath961778@gmail.com | Action: GET | Endpoint: /api/releases/project/130 | IP: 0:0:0:0:0:0:0:1 | Status: 200
2025-09-29 11:06:22 WARN  - [2025-09-29 11:06:22] User: bhagirath961778@gmail.com | Action: POST | Endpoint: /api/userstory | IP: 0:0:0:0:0:0:0:1 | Status: 500 | Error: Invalid projectId format. Must start with 'PRJ-'
2025-09-29 11:06:30 INFO  - [2025-09-29 11:06:30] User: bhagirath961778@gmail.com | Action: GET | Endpoint: /api/sprints/project/126 | IP: 0:0:0:0:0:0:0:1 | Status: 200
2025-09-29 11:06:30 INFO  - [2025-09-29 11:06:30] User: bhagirath961778@gmail.com | Action: GET | Endpoint: /api/releases/project/126 | IP: 0:0:0:0:0:0:0:1 | Status: 200
2025-09-29 11:06:32 WARN  - [2025-09-29 11:06:32] User: bhagirath961778@gmail.com | Action: POST | Endpoint: /api/userstory | IP: 0:0:0:0:0:0:0:1 | Status: 500 | Error: Invalid projectId format. Must start with 'PRJ-'
2025-09-29 11:06:36 INFO  - [2025-09-29 11:06:36] User: bhagirath961778@gmail.com | Action: GET | Endpoint: /api/sprints/project/130 | IP: 0:0:0:0:0:0:0:1 | Status: 200
2025-09-29 11:06:36 INFO  - [2025-09-29 11:06:36] User: bhagirath961778@gmail.com | Action: GET | Endpoint: /api/releases/project/130 | IP: 0:0:0:0:0:0:0:1 | Status: 200
2025-09-29 11:06:49 WARN  - [2025-09-29 11:06:49] User: bhagirath961778@gmail.com | Action: POST | Endpoint: /api/userstory | IP: 0:0:0:0:0:0:0:1 | Status: 500 | Error: Invalid projectId format. Must start with 'PRJ-'
2025-09-29 11:07:21 INFO  - [2025-09-29 11:07:21] User: bhagirath961778@gmail.com | Action: GET | Endpoint: /api/status-flags/type/story | IP: 0:0:0:0:0:0:0:1 | Status: 200
2025-09-29 11:07:21 INFO  - [2025-09-29 11:07:21] User: bhagirath961778@gmail.com | Action: GET | Endpoint: /api/systems/tenant | IP: 0:0:0:0:0:0:0:1 | Status: 200
2025-09-29 11:07:21 INFO  - [2025-09-29 11:07:21] User: bhagirath961778@gmail.com | Action: GET | Endpoint: /api/tenants/3/users | IP: 0:0:0:0:0:0:0:1 | Status: 200
2025-09-29 11:07:23 INFO  - [2025-09-29 11:07:23] User: bhagirath961778@gmail.com | Action: GET | Endpoint: /api/dashboard/project-values | IP: 0:0:0:0:0:0:0:1 | Status: 200
2025-09-29 11:07:23 INFO  - [2025-09-29 11:07:23] User: bhagirath961778@gmail.com | Action: GET | Endpoint: /api/dashboard/monthly-invoice-trend | IP: 0:0:0:0:0:0:0:1 | Status: 200
2025-09-29 11:07:23 INFO  - [2025-09-29 11:07:23] User: bhagirath961778@gmail.com | Action: GET | Endpoint: /api/dashboard/project-team-count | IP: 0:0:0:0:0:0:0:1 | Status: 200
2025-09-29 11:07:23 INFO  - [2025-09-29 11:07:23] User: bhagirath961778@gmail.com | Action: GET | Endpoint: /api/dashboard/po-vs-invoice | IP: 0:0:0:0:0:0:0:1 | Status: 200
2025-09-29 11:07:23 INFO  - [2025-09-29 11:07:23] User: bhagirath961778@gmail.com | Action: GET | Endpoint: /api/dashboard/project-status-pie | IP: 0:0:0:0:0:0:0:1 | Status: 200
2025-09-29 11:07:23 INFO  - [2025-09-29 11:07:23] User: bhagirath961778@gmail.com | Action: GET | Endpoint: /api/dashboard/summary-stats | IP: 0:0:0:0:0:0:0:1 | Status: 200
2025-09-29 11:07:23 INFO  - [2025-09-29 11:07:23] User: bhagirath961778@gmail.com | Action: GET | Endpoint: /api/dashboard/project-values | IP: 0:0:0:0:0:0:0:1 | Status: 200
2025-09-29 11:07:23 INFO  - [2025-09-29 11:07:23] User: bhagirath961778@gmail.com | Action: GET | Endpoint: /api/dashboard/project-team-count | IP: 0:0:0:0:0:0:0:1 | Status: 200
2025-09-29 11:07:23 INFO  - [2025-09-29 11:07:23] User: bhagirath961778@gmail.com | Action: GET | Endpoint: /api/dashboard/monthly-invoice-trend | IP: 0:0:0:0:0:0:0:1 | Status: 200
2025-09-29 11:07:23 INFO  - [2025-09-29 11:07:23] User: bhagirath961778@gmail.com | Action: GET | Endpoint: /api/dashboard/po-vs-invoice | IP: 0:0:0:0:0:0:0:1 | Status: 200
2025-09-29 11:07:23 INFO  - [2025-09-29 11:07:23] User: bhagirath961778@gmail.com | Action: GET | Endpoint: /api/dashboard/project-status-pie | IP: 0:0:0:0:0:0:0:1 | Status: 200
2025-09-29 11:07:23 INFO  - [2025-09-29 11:07:23] User: bhagirath961778@gmail.com | Action: GET | Endpoint: /api/dashboard/summary-stats | IP: 0:0:0:0:0:0:0:1 | Status: 200
2025-09-29 11:07:25 INFO  - [2025-09-29 11:07:25] User: bhagirath961778@gmail.com | Action: GET | Endpoint: /api/tenants/3/projects | IP: 0:0:0:0:0:0:0:1 | Status: 200
2025-09-29 11:07:25 INFO  - [2025-09-29 11:07:25] User: bhagirath961778@gmail.com | Action: GET | Endpoint: /api/tenants/3/projects | IP: 0:0:0:0:0:0:0:1 | Status: 200
2025-09-29 11:07:30 INFO  - [2025-09-29 11:07:30] User: bhagirath961778@gmail.com | Action: GET | Endpoint: /api/tenants/3/users | IP: 0:0:0:0:0:0:0:1 | Status: 200
2025-09-29 11:07:30 INFO  - [2025-09-29 11:07:30] User: bhagirath961778@gmail.com | Action: GET | Endpoint: /api/tenants/3/projects | IP: 0:0:0:0:0:0:0:1 | Status: 200
2025-09-29 11:07:30 INFO  - [2025-09-29 11:07:30] User: bhagirath961778@gmail.com | Action: POST | Endpoint: /api/userstory/filter | IP: 0:0:0:0:0:0:0:1 | Status: 200
2025-09-29 11:07:30 INFO  - [2025-09-29 11:07:30] User: bhagirath961778@gmail.com | Action: POST | Endpoint: /api/userstory/filter | IP: 0:0:0:0:0:0:0:1 | Status: 200
2025-09-29 11:07:30 INFO  - [2025-09-29 11:07:30] User: bhagirath961778@gmail.com | Action: POST | Endpoint: /api/userstory/filter | IP: 0:0:0:0:0:0:0:1 | Status: 200
2025-09-29 11:07:30 INFO  - [2025-09-29 11:07:30] User: bhagirath961778@gmail.com | Action: GET | Endpoint: /api/status-flags/type/story | IP: 0:0:0:0:0:0:0:1 | Status: 200
2025-09-29 11:07:30 INFO  - [2025-09-29 11:07:30] User: bhagirath961778@gmail.com | Action: GET | Endpoint: /api/tenants/3/users | IP: 0:0:0:0:0:0:0:1 | Status: 200
2025-09-29 11:07:30 INFO  - [2025-09-29 11:07:30] User: bhagirath961778@gmail.com | Action: GET | Endpoint: /api/tenants/3/projects | IP: 0:0:0:0:0:0:0:1 | Status: 200
2025-09-29 11:07:30 INFO  - [2025-09-29 11:07:30] User: bhagirath961778@gmail.com | Action: GET | Endpoint: /api/status-flags/type/story | IP: 0:0:0:0:0:0:0:1 | Status: 200
2025-09-29 11:07:30 INFO  - [2025-09-29 11:07:30] User: bhagirath961778@gmail.com | Action: GET | Endpoint: /api/systems/tenant | IP: 0:0:0:0:0:0:0:1 | Status: 200
2025-09-29 11:07:30 INFO  - [2025-09-29 11:07:30] User: bhagirath961778@gmail.com | Action: GET | Endpoint: /api/tenants/3/users | IP: 0:0:0:0:0:0:0:1 | Status: 200
2025-09-29 11:07:30 INFO  - [2025-09-29 11:07:30] User: bhagirath961778@gmail.com | Action: GET | Endpoint: /api/systems/tenant | IP: 0:0:0:0:0:0:0:1 | Status: 200
2025-09-29 11:07:30 INFO  - [2025-09-29 11:07:30] User: bhagirath961778@gmail.com | Action: GET | Endpoint: /api/tenants/3/users | IP: 0:0:0:0:0:0:0:1 | Status: 200
2025-09-29 11:07:30 INFO  - [2025-09-29 11:07:30] User: bhagirath961778@gmail.com | Action: GET | Endpoint: /api/status-flags/type/story | IP: 0:0:0:0:0:0:0:1 | Status: 200
2025-09-29 11:07:30 INFO  - [2025-09-29 11:07:30] User: bhagirath961778@gmail.com | Action: GET | Endpoint: /api/tenants/3/users | IP: 0:0:0:0:0:0:0:1 | Status: 200
2025-09-29 11:07:30 INFO  - [2025-09-29 11:07:30] User: bhagirath961778@gmail.com | Action: GET | Endpoint: /api/systems/tenant | IP: 0:0:0:0:0:0:0:1 | Status: 200
2025-09-29 11:07:30 INFO  - [2025-09-29 11:07:30] User: bhagirath961778@gmail.com | Action: GET | Endpoint: /api/status-flags/type/story | IP: 0:0:0:0:0:0:0:1 | Status: 200
2025-09-29 11:07:30 INFO  - [2025-09-29 11:07:30] User: bhagirath961778@gmail.com | Action: GET | Endpoint: /api/tenants/3/users | IP: 0:0:0:0:0:0:0:1 | Status: 200
2025-09-29 11:07:30 INFO  - [2025-09-29 11:07:30] User: bhagirath961778@gmail.com | Action: GET | Endpoint: /api/systems/tenant | IP: 0:0:0:0:0:0:0:1 | Status: 200
2025-09-29 11:07:30 INFO  - [2025-09-29 11:07:30] User: bhagirath961778@gmail.com | Action: GET | Endpoint: /api/status-flags/type/story | IP: 0:0:0:0:0:0:0:1 | Status: 200
2025-09-29 11:07:30 INFO  - [2025-09-29 11:07:30] User: bhagirath961778@gmail.com | Action: GET | Endpoint: /api/status-flags/type/story | IP: 0:0:0:0:0:0:0:1 | Status: 200
2025-09-29 11:07:32 INFO  - [2025-09-29 11:07:32] User: bhagirath961778@gmail.com | Action: GET | Endpoint: /api/systems/tenant | IP: 0:0:0:0:0:0:0:1 | Status: 200
2025-09-29 11:07:32 INFO  - [2025-09-29 11:07:32] User: bhagirath961778@gmail.com | Action: GET | Endpoint: /api/tenants/3/users | IP: 0:0:0:0:0:0:0:1 | Status: 200
2025-09-29 11:07:32 INFO  - [2025-09-29 11:07:32] User: bhagirath961778@gmail.com | Action: GET | Endpoint: /api/status-flags/type/story | IP: 0:0:0:0:0:0:0:1 | Status: 200
2025-09-29 11:07:32 INFO  - [2025-09-29 11:07:32] User: bhagirath961778@gmail.com | Action: GET | Endpoint: /api/tenants/3/projects | IP: 0:0:0:0:0:0:0:1 | Status: 200
2025-09-29 11:07:36 INFO  - [2025-09-29 11:07:36] User: bhagirath961778@gmail.com | Action: GET | Endpoint: /api/sprints/project/130 | IP: 0:0:0:0:0:0:0:1 | Status: 200
2025-09-29 11:07:36 INFO  - [2025-09-29 11:07:36] User: bhagirath961778@gmail.com | Action: GET | Endpoint: /api/releases/project/130 | IP: 0:0:0:0:0:0:0:1 | Status: 200
2025-09-29 11:07:59 WARN  - [2025-09-29 11:07:59] User: bhagirath961778@gmail.com | Action: POST | Endpoint: /api/userstory | IP: 0:0:0:0:0:0:0:1 | Status: 500 | Error: Invalid projectId format. Must start with 'PRJ-'
2025-09-29 11:08:13 WARN  - [2025-09-29 11:08:13] User: bhagirath961778@gmail.com | Action: POST | Endpoint: /api/userstory | IP: 0:0:0:0:0:0:0:1 | Status: 500 | Error: Invalid projectId format. Must start with 'PRJ-'
2025-09-29 11:08:25 INFO  - [2025-09-29 11:08:25] User: bhagirath961778@gmail.com | Action: GET | Endpoint: /api/systems/tenant | IP: 0:0:0:0:0:0:0:1 | Status: 200
2025-09-29 11:08:25 INFO  - [2025-09-29 11:08:25] User: bhagirath961778@gmail.com | Action: GET | Endpoint: /api/status-flags/type/story | IP: 0:0:0:0:0:0:0:1 | Status: 200
2025-09-29 11:08:25 INFO  - [2025-09-29 11:08:25] User: bhagirath961778@gmail.com | Action: GET | Endpoint: /api/tenants/3/users | IP: 0:0:0:0:0:0:0:1 | Status: 200
2025-09-29 11:56:35 INFO  - [2025-09-29 11:56:35] User: bhagirath961778@gmail.com | Action: GET | Endpoint: /api/sprints/project/130 | IP: 0:0:0:0:0:0:0:1 | Status: 200
2025-09-29 11:56:35 INFO  - [2025-09-29 11:56:35] User: bhagirath961778@gmail.com | Action: POST | Endpoint: /api/userstory/filter | IP: 0:0:0:0:0:0:0:1 | Status: 200
2025-09-29 11:56:35 INFO  - [2025-09-29 11:56:35] User: bhagirath961778@gmail.com | Action: GET | Endpoint: /api/releases/project/130 | IP: 0:0:0:0:0:0:0:1 | Status: 200
2025-09-29 11:56:35 INFO  - [2025-09-29 11:56:35] User: bhagirath961778@gmail.com | Action: GET | Endpoint: /api/systems/tenant | IP: 0:0:0:0:0:0:0:1 | Status: 200
2025-09-29 11:56:35 INFO  - [2025-09-29 11:56:35] User: bhagirath961778@gmail.com | Action: GET | Endpoint: /api/status-flags/type/story | IP: 0:0:0:0:0:0:0:1 | Status: 200
2025-09-29 11:56:35 INFO  - [2025-09-29 11:56:35] User: bhagirath961778@gmail.com | Action: GET | Endpoint: /api/tenants/3/users | IP: 0:0:0:0:0:0:0:1 | Status: 200
2025-09-29 11:56:35 INFO  - [2025-09-29 11:56:35] User: bhagirath961778@gmail.com | Action: GET | Endpoint: /api/tenants/3/users | IP: 0:0:0:0:0:0:0:1 | Status: 200
2025-09-29 11:56:35 INFO  - [2025-09-29 11:56:35] User: bhagirath961778@gmail.com | Action: GET | Endpoint: /api/systems/tenant | IP: 0:0:0:0:0:0:0:1 | Status: 200
2025-09-29 11:56:35 INFO  - [2025-09-29 11:56:35] User: bhagirath961778@gmail.com | Action: GET | Endpoint: /api/status-flags/type/story | IP: 0:0:0:0:0:0:0:1 | Status: 200
2025-09-29 11:56:35 INFO  - [2025-09-29 11:56:35] User: bhagirath961778@gmail.com | Action: GET | Endpoint: /api/tenants/3/users | IP: 0:0:0:0:0:0:0:1 | Status: 200
2025-09-29 11:56:35 INFO  - [2025-09-29 11:56:35] User: bhagirath961778@gmail.com | Action: GET | Endpoint: /api/systems/tenant | IP: 0:0:0:0:0:0:0:1 | Status: 200
2025-09-29 11:56:35 INFO  - [2025-09-29 11:56:35] User: bhagirath961778@gmail.com | Action: GET | Endpoint: /api/tenants/3/users | IP: 0:0:0:0:0:0:0:1 | Status: 200
2025-09-29 11:56:35 INFO  - [2025-09-29 11:56:35] User: bhagirath961778@gmail.com | Action: GET | Endpoint: /api/status-flags/type/story | IP: 0:0:0:0:0:0:0:1 | Status: 200
2025-09-29 11:56:35 INFO  - [2025-09-29 11:56:35] User: bhagirath961778@gmail.com | Action: GET | Endpoint: /api/systems/tenant | IP: 0:0:0:0:0:0:0:1 | Status: 200
2025-09-29 11:56:35 INFO  - [2025-09-29 11:56:35] User: bhagirath961778@gmail.com | Action: GET | Endpoint: /api/status-flags/type/story | IP: 0:0:0:0:0:0:0:1 | Status: 200
2025-09-29 11:56:38 INFO  - [2025-09-29 11:56:38] User: bhagirath961778@gmail.com | Action: GET | Endpoint: /api/tenants/3/users | IP: 0:0:0:0:0:0:0:1 | Status: 200
2025-09-29 11:56:38 INFO  - [2025-09-29 11:56:38] User: bhagirath961778@gmail.com | Action: GET | Endpoint: /api/systems/tenant | IP: 0:0:0:0:0:0:0:1 | Status: 200
2025-09-29 11:56:38 INFO  - [2025-09-29 11:56:38] User: bhagirath961778@gmail.com | Action: GET | Endpoint: /api/status-flags/type/story | IP: 0:0:0:0:0:0:0:1 | Status: 200
2025-09-29 11:56:38 INFO  - [2025-09-29 11:56:38] User: bhagirath961778@gmail.com | Action: GET | Endpoint: /api/tenants/3/projects | IP: 0:0:0:0:0:0:0:1 | Status: 200
2025-09-29 11:56:41 INFO  - [2025-09-29 11:56:41] User: bhagirath961778@gmail.com | Action: GET | Endpoint: /api/sprints/project/130 | IP: 0:0:0:0:0:0:0:1 | Status: 200
2025-09-29 11:56:41 INFO  - [2025-09-29 11:56:41] User: bhagirath961778@gmail.com | Action: GET | Endpoint: /api/releases/project/130 | IP: 0:0:0:0:0:0:0:1 | Status: 200
2025-09-29 11:57:04 WARN  - [2025-09-29 11:57:04] User: bhagirath961778@gmail.com | Action: POST | Endpoint: /api/userstory | IP: 0:0:0:0:0:0:0:1 | Status: 500 | Error: Invalid projectId format. Must start with 'PRJ-'
2025-09-29 11:59:10 WARN  - [2025-09-29 11:59:10] User: bhagirath961778@gmail.com | Action: POST | Endpoint: /api/userstory | IP: 0:0:0:0:0:0:0:1 | Status: 500 | Error: Invalid projectId format. Must start with 'PRJ-'
2025-09-29 11:59:28 INFO  - [2025-09-29 11:59:28] User: bhagirath961778@gmail.com | Action: POST | Endpoint: /api/users/logout/6 | IP: 0:0:0:0:0:0:0:1 | Status: 200
2025-09-29 11:59:29 INFO  - [2025-09-29 11:59:29] User: bhagirath961778@gmail.com | Action: GET | Endpoint: /api/users/loggedInUser | IP: 0:0:0:0:0:0:0:1 | Status: 200
2025-09-29 11:59:29 INFO  - [2025-09-29 11:59:29] User: bhagirath961778@gmail.com | Action: GET | Endpoint: /api/users/loggedInUser | IP: 0:0:0:0:0:0:0:1 | Status: 200
2025-09-29 11:59:29 INFO  - [2025-09-29 11:59:29] User: bhagirath961778@gmail.com | Action: POST | Endpoint: /api/userstory/filter | IP: 0:0:0:0:0:0:0:1 | Status: 200
2025-09-29 11:59:29 INFO  - [2025-09-29 11:59:29] User: bhagirath961778@gmail.com | Action: GET | Endpoint: /api/tenants/3/users | IP: 0:0:0:0:0:0:0:1 | Status: 200
2025-09-29 11:59:29 INFO  - [2025-09-29 11:59:29] User: bhagirath961778@gmail.com | Action: POST | Endpoint: /api/userstory/filter | IP: 0:0:0:0:0:0:0:1 | Status: 200
2025-09-29 11:59:29 INFO  - [2025-09-29 11:59:29] User: bhagirath961778@gmail.com | Action: GET | Endpoint: /api/status-flags/type/story | IP: 0:0:0:0:0:0:0:1 | Status: 200
2025-09-29 11:59:29 INFO  - [2025-09-29 11:59:29] User: bhagirath961778@gmail.com | Action: GET | Endpoint: /api/users/basicdetails/bhagirath961778@gmail.com | IP: 0:0:0:0:0:0:0:1 | Status: 200
2025-09-29 11:59:29 INFO  - [2025-09-29 11:59:29] User: bhagirath961778@gmail.com | Action: GET | Endpoint: /api/tenants/3/projects | IP: 0:0:0:0:0:0:0:1 | Status: 200
2025-09-29 11:59:29 INFO  - [2025-09-29 11:59:29] User: bhagirath961778@gmail.com | Action: POST | Endpoint: /api/userstory/filter | IP: 0:0:0:0:0:0:0:1 | Status: 200
2025-09-29 11:59:29 INFO  - [2025-09-29 11:59:29] User: bhagirath961778@gmail.com | Action: GET | Endpoint: /api/tenants/3/users | IP: 0:0:0:0:0:0:0:1 | Status: 200
2025-09-29 11:59:29 INFO  - [2025-09-29 11:59:29] User: bhagirath961778@gmail.com | Action: GET | Endpoint: /api/status-flags/type/story | IP: 0:0:0:0:0:0:0:1 | Status: 200
2025-09-29 11:59:29 INFO  - [2025-09-29 11:59:29] User: bhagirath961778@gmail.com | Action: GET | Endpoint: /api/tenants/3/projects | IP: 0:0:0:0:0:0:0:1 | Status: 200
2025-09-29 11:59:29 INFO  - [2025-09-29 11:59:29] User: bhagirath961778@gmail.com | Action: GET | Endpoint: /api/users/basicdetails/bhagirath961778@gmail.com | IP: 0:0:0:0:0:0:0:1 | Status: 200
2025-09-29 11:59:29 INFO  - [2025-09-29 11:59:29] User: bhagirath961778@gmail.com | Action: GET | Endpoint: /api/tenants/3/users | IP: 0:0:0:0:0:0:0:1 | Status: 200
2025-09-29 11:59:29 INFO  - [2025-09-29 11:59:29] User: bhagirath961778@gmail.com | Action: GET | Endpoint: /api/systems/tenant | IP: 0:0:0:0:0:0:0:1 | Status: 200
2025-09-29 11:59:29 INFO  - [2025-09-29 11:59:29] User: bhagirath961778@gmail.com | Action: GET | Endpoint: /api/status-flags/type/story | IP: 0:0:0:0:0:0:0:1 | Status: 200
2025-09-29 11:59:29 INFO  - [2025-09-29 11:59:29] User: bhagirath961778@gmail.com | Action: GET | Endpoint: /api/tenants/3/users | IP: 0:0:0:0:0:0:0:1 | Status: 200
2025-09-29 11:59:29 INFO  - [2025-09-29 11:59:29] User: bhagirath961778@gmail.com | Action: GET | Endpoint: /api/systems/tenant | IP: 0:0:0:0:0:0:0:1 | Status: 200
2025-09-29 11:59:29 INFO  - [2025-09-29 11:59:29] User: bhagirath961778@gmail.com | Action: GET | Endpoint: /api/status-flags/type/story | IP: 0:0:0:0:0:0:0:1 | Status: 200
2025-09-29 11:59:29 INFO  - [2025-09-29 11:59:29] User: bhagirath961778@gmail.com | Action: GET | Endpoint: /api/tenants/3/users | IP: 0:0:0:0:0:0:0:1 | Status: 200
2025-09-29 11:59:29 INFO  - [2025-09-29 11:59:29] User: bhagirath961778@gmail.com | Action: GET | Endpoint: /api/systems/tenant | IP: 0:0:0:0:0:0:0:1 | Status: 200
2025-09-29 11:59:29 INFO  - [2025-09-29 11:59:29] User: bhagirath961778@gmail.com | Action: GET | Endpoint: /api/status-flags/type/story | IP: 0:0:0:0:0:0:0:1 | Status: 200
2025-09-29 11:59:29 INFO  - [2025-09-29 11:59:29] User: bhagirath961778@gmail.com | Action: GET | Endpoint: /api/tenants/3/users | IP: 0:0:0:0:0:0:0:1 | Status: 200
2025-09-29 11:59:29 INFO  - [2025-09-29 11:59:29] User: bhagirath961778@gmail.com | Action: GET | Endpoint: /api/systems/tenant | IP: 0:0:0:0:0:0:0:1 | Status: 200
2025-09-29 11:59:29 INFO  - [2025-09-29 11:59:29] User: bhagirath961778@gmail.com | Action: GET | Endpoint: /api/status-flags/type/story | IP: 0:0:0:0:0:0:0:1 | Status: 200
2025-09-29 11:59:31 INFO  - [2025-09-29 11:59:31] User: bhagirath961778@gmail.com | Action: GET | Endpoint: /api/tenants/3/users | IP: 0:0:0:0:0:0:0:1 | Status: 200
2025-09-29 11:59:31 INFO  - [2025-09-29 11:59:31] User: bhagirath961778@gmail.com | Action: GET | Endpoint: /api/systems/tenant | IP: 0:0:0:0:0:0:0:1 | Status: 200
2025-09-29 11:59:31 INFO  - [2025-09-29 11:59:31] User: bhagirath961778@gmail.com | Action: GET | Endpoint: /api/status-flags/type/story | IP: 0:0:0:0:0:0:0:1 | Status: 200
2025-09-29 11:59:31 INFO  - [2025-09-29 11:59:31] User: bhagirath961778@gmail.com | Action: GET | Endpoint: /api/tenants/3/projects | IP: 0:0:0:0:0:0:0:1 | Status: 200
2025-09-29 11:59:34 INFO  - [2025-09-29 11:59:34] User: bhagirath961778@gmail.com | Action: GET | Endpoint: /api/sprints/project/130 | IP: 0:0:0:0:0:0:0:1 | Status: 200
2025-09-29 11:59:34 INFO  - [2025-09-29 11:59:34] User: bhagirath961778@gmail.com | Action: GET | Endpoint: /api/releases/project/130 | IP: 0:0:0:0:0:0:0:1 | Status: 200
2025-09-29 11:59:51 WARN  - [2025-09-29 11:59:50] User: bhagirath961778@gmail.com | Action: POST | Endpoint: /api/userstory | IP: 0:0:0:0:0:0:0:1 | Status: 500 | Error: Invalid projectId format. Must start with 'PRJ-'
2025-09-29 14:31:14 INFO  - [2025-09-29 14:31:14] User: bhagirath961778@gmail.com | Action: POST | Endpoint: /api/users/logout/6 | IP: 0:0:0:0:0:0:0:1 | Status: 200
2025-09-29 14:31:22 INFO  - [2025-09-29 14:31:22] User: bhagirath961778@gmail.com | Action: GET | Endpoint: /api/users/loggedInUser | IP: 0:0:0:0:0:0:0:1 | Status: 200
2025-09-29 14:31:22 INFO  - [2025-09-29 14:31:22] User: bhagirath961778@gmail.com | Action: GET | Endpoint: /api/users/loggedInUser | IP: 0:0:0:0:0:0:0:1 | Status: 200
2025-09-29 14:31:23 INFO  - [2025-09-29 14:31:22] User: bhagirath961778@gmail.com | Action: POST | Endpoint: /api/userstory/filter | IP: 0:0:0:0:0:0:0:1 | Status: 200
2025-09-29 14:31:23 INFO  - [2025-09-29 14:31:23] User: bhagirath961778@gmail.com | Action: GET | Endpoint: /api/tenants/3/projects | IP: 0:0:0:0:0:0:0:1 | Status: 200
2025-09-29 14:31:23 INFO  - [2025-09-29 14:31:23] User: bhagirath961778@gmail.com | Action: GET | Endpoint: /api/users/basicdetails/bhagirath961778@gmail.com | IP: 0:0:0:0:0:0:0:1 | Status: 200
2025-09-29 14:31:23 INFO  - [2025-09-29 14:31:23] User: bhagirath961778@gmail.com | Action: GET | Endpoint: /api/tenants/3/users | IP: 0:0:0:0:0:0:0:1 | Status: 200
2025-09-29 14:31:23 INFO  - [2025-09-29 14:31:23] User: bhagirath961778@gmail.com | Action: POST | Endpoint: /api/userstory/filter | IP: 0:0:0:0:0:0:0:1 | Status: 200
2025-09-29 14:31:24 INFO  - [2025-09-29 14:31:23] User: bhagirath961778@gmail.com | Action: GET | Endpoint: /api/status-flags/type/story | IP: 0:0:0:0:0:0:0:1 | Status: 200
2025-09-29 14:31:24 INFO  - [2025-09-29 14:31:24] User: bhagirath961778@gmail.com | Action: GET | Endpoint: /api/users/basicdetails/bhagirath961778@gmail.com | IP: 0:0:0:0:0:0:0:1 | Status: 200
2025-09-29 14:31:24 INFO  - [2025-09-29 14:31:23] User: bhagirath961778@gmail.com | Action: POST | Endpoint: /api/userstory/filter | IP: 0:0:0:0:0:0:0:1 | Status: 200
2025-09-29 14:31:24 INFO  - [2025-09-29 14:31:23] User: bhagirath961778@gmail.com | Action: GET | Endpoint: /api/tenants/3/projects | IP: 0:0:0:0:0:0:0:1 | Status: 200
2025-09-29 14:31:24 INFO  - [2025-09-29 14:31:24] User: bhagirath961778@gmail.com | Action: GET | Endpoint: /api/tenants/3/users | IP: 0:0:0:0:0:0:0:1 | Status: 200
2025-09-29 14:31:24 INFO  - [2025-09-29 14:31:24] User: bhagirath961778@gmail.com | Action: GET | Endpoint: /api/systems/tenant | IP: 0:0:0:0:0:0:0:1 | Status: 200
2025-09-29 14:31:24 INFO  - [2025-09-29 14:31:24] User: bhagirath961778@gmail.com | Action: GET | Endpoint: /api/status-flags/type/story | IP: 0:0:0:0:0:0:0:1 | Status: 200
2025-09-29 14:31:24 INFO  - [2025-09-29 14:31:24] User: bhagirath961778@gmail.com | Action: GET | Endpoint: /api/tenants/3/users | IP: 0:0:0:0:0:0:0:1 | Status: 200
2025-09-29 14:31:24 INFO  - [2025-09-29 14:31:24] User: bhagirath961778@gmail.com | Action: GET | Endpoint: /api/systems/tenant | IP: 0:0:0:0:0:0:0:1 | Status: 200
2025-09-29 14:31:24 INFO  - [2025-09-29 14:31:24] User: bhagirath961778@gmail.com | Action: GET | Endpoint: /api/tenants/3/users | IP: 0:0:0:0:0:0:0:1 | Status: 200
2025-09-29 14:31:24 INFO  - [2025-09-29 14:31:24] User: bhagirath961778@gmail.com | Action: GET | Endpoint: /api/status-flags/type/story | IP: 0:0:0:0:0:0:0:1 | Status: 200
2025-09-29 14:31:25 INFO  - [2025-09-29 14:31:25] User: bhagirath961778@gmail.com | Action: GET | Endpoint: /api/status-flags/type/story | IP: 0:0:0:0:0:0:0:1 | Status: 200
2025-09-29 14:31:25 INFO  - [2025-09-29 14:31:24] User: bhagirath961778@gmail.com | Action: GET | Endpoint: /api/systems/tenant | IP: 0:0:0:0:0:0:0:1 | Status: 200
2025-09-29 14:31:25 INFO  - [2025-09-29 14:31:25] User: bhagirath961778@gmail.com | Action: GET | Endpoint: /api/tenants/3/users | IP: 0:0:0:0:0:0:0:1 | Status: 200
2025-09-29 14:31:25 INFO  - [2025-09-29 14:31:25] User: bhagirath961778@gmail.com | Action: GET | Endpoint: /api/status-flags/type/story | IP: 0:0:0:0:0:0:0:1 | Status: 200
2025-09-29 14:31:25 INFO  - [2025-09-29 14:31:25] User: bhagirath961778@gmail.com | Action: GET | Endpoint: /api/tenants/3/users | IP: 0:0:0:0:0:0:0:1 | Status: 200
2025-09-29 14:31:25 INFO  - [2025-09-29 14:31:25] User: bhagirath961778@gmail.com | Action: GET | Endpoint: /api/systems/tenant | IP: 0:0:0:0:0:0:0:1 | Status: 200
2025-09-29 14:31:26 INFO  - [2025-09-29 14:31:26] User: bhagirath961778@gmail.com | Action: GET | Endpoint: /api/status-flags/type/story | IP: 0:0:0:0:0:0:0:1 | Status: 200
2025-09-29 14:31:27 INFO  - [2025-09-29 14:31:27] User: bhagirath961778@gmail.com | Action: GET | Endpoint: /api/users/basicdetails/bhagirath961778@gmail.com | IP: 0:0:0:0:0:0:0:1 | Status: 200
2025-09-29 14:31:32 INFO  - [2025-09-29 14:31:32] User: bhagirath961778@gmail.com | Action: GET | Endpoint: /api/systems/tenant | IP: 0:0:0:0:0:0:0:1 | Status: 200
2025-09-29 14:31:32 INFO  - [2025-09-29 14:31:32] User: bhagirath961778@gmail.com | Action: GET | Endpoint: /api/tenants/3/users | IP: 0:0:0:0:0:0:0:1 | Status: 200
2025-09-29 14:31:32 INFO  - [2025-09-29 14:31:32] User: bhagirath961778@gmail.com | Action: GET | Endpoint: /api/status-flags/type/story | IP: 0:0:0:0:0:0:0:1 | Status: 200
2025-09-29 14:31:32 INFO  - [2025-09-29 14:31:32] User: bhagirath961778@gmail.com | Action: GET | Endpoint: /api/tenants/3/projects | IP: 0:0:0:0:0:0:0:1 | Status: 200
2025-09-29 14:31:34 INFO  - [2025-09-29 14:31:34] User: bhagirath961778@gmail.com | Action: GET | Endpoint: /api/sprints/project/98 | IP: 0:0:0:0:0:0:0:1 | Status: 200
2025-09-29 14:31:34 INFO  - [2025-09-29 14:31:34] User: bhagirath961778@gmail.com | Action: GET | Endpoint: /api/releases/project/98 | IP: 0:0:0:0:0:0:0:1 | Status: 200
2025-09-29 14:31:38 INFO  - [2025-09-29 14:31:38] User: bhagirath961778@gmail.com | Action: GET | Endpoint: /api/sprints/project/130 | IP: 0:0:0:0:0:0:0:1 | Status: 200
2025-09-29 14:31:38 INFO  - [2025-09-29 14:31:38] User: bhagirath961778@gmail.com | Action: GET | Endpoint: /api/releases/project/130 | IP: 0:0:0:0:0:0:0:1 | Status: 200
2025-09-29 14:31:55 WARN  - [2025-09-29 14:31:55] User: bhagirath961778@gmail.com | Action: POST | Endpoint: /api/userstory | IP: 0:0:0:0:0:0:0:1 | Status: 500 | Error: Invalid projectId format. Must start with 'PRJ-'
