2025-07-17 17:28:19 INFO  - [2025-07-17 17:28:18] User: Anonymous | Action: POST | Endpoint: /api/users/login | IP: 0:0:0:0:0:0:0:1 | Status: 200
2025-07-17 17:28:19 INFO  - [2025-07-17 17:28:19] User: anshagarwal.rishikesh@gmail.com | Action: GET | Endpoint: /api/users/basicdetails/anshagarwal.rishikesh@gmail.com | IP: 0:0:0:0:0:0:0:1 | Status: 200
2025-07-17 17:28:19 INFO  - [2025-07-17 17:28:19] User: anshagarwal.rishikesh@gmail.com | Action: GET | Endpoint: /api/users/basicdetails/anshagarwal.rishikesh@gmail.com | IP: 0:0:0:0:0:0:0:1 | Status: 200
2025-07-17 17:28:22 INFO  - [2025-07-17 17:28:22] User: anshagarwal.rishikesh@gmail.com | Action: GET | Endpoint: /api/po/all | IP: 0:0:0:0:0:0:0:1 | Status: 200
2025-07-17 17:28:22 INFO  - [2025-07-17 17:28:22] User: anshagarwal.rishikesh@gmail.com | Action: GET | Endpoint: /api/po/all | IP: 0:0:0:0:0:0:0:1 | Status: 200
2025-07-17 17:28:23 INFO  - [2025-07-17 17:28:23] User: anshagarwal.rishikesh@gmail.com | Action: GET | Endpoint: /api/modules/ | IP: 0:0:0:0:0:0:0:1 | Status: 200
2025-07-17 17:28:23 INFO  - [2025-07-17 17:28:23] User: anshagarwal.rishikesh@gmail.com | Action: GET | Endpoint: /api/access/getRoles | IP: 127.0.0.1 | Status: 200
2025-07-17 17:28:23 INFO  - [2025-07-17 17:28:23] User: anshagarwal.rishikesh@gmail.com | Action: GET | Endpoint: /api/modules/ | IP: 0:0:0:0:0:0:0:1 | Status: 200
2025-07-17 17:28:23 INFO  - [2025-07-17 17:28:23] User: anshagarwal.rishikesh@gmail.com | Action: GET | Endpoint: /api/access/getRoles | IP: 127.0.0.1 | Status: 200
2025-07-17 17:28:24 INFO  - [2025-07-17 17:28:23] User: anshagarwal.rishikesh@gmail.com | Action: GET | Endpoint: /api/tenants/1/userstable | IP: 0:0:0:0:0:0:0:1 | Status: 200
2025-07-17 17:28:25 INFO  - [2025-07-17 17:28:24] User: anshagarwal.rishikesh@gmail.com | Action: GET | Endpoint: /api/tenants/1/userstable | IP: 127.0.0.1 | Status: 200
2025-07-17 17:28:26 INFO  - [2025-07-17 17:28:26] User: anshagarwal.rishikesh@gmail.com | Action: GET | Endpoint: /api/po/all | IP: 127.0.0.1 | Status: 200
2025-07-17 17:28:26 INFO  - [2025-07-17 17:28:26] User: anshagarwal.rishikesh@gmail.com | Action: GET | Endpoint: /api/po/all | IP: 0:0:0:0:0:0:0:1 | Status: 200
2025-07-17 17:43:54 INFO  - [2025-07-17 17:43:54] User: anshagarwal.rishikesh@gmail.com | Action: GET | Endpoint: /api/po/all | IP: 0:0:0:0:0:0:0:1 | Status: 200
2025-07-17 17:44:01 INFO  - [2025-07-17 17:44:01] User: anshagarwal.rishikesh@gmail.com | Action: GET | Endpoint: /api/po/1 | IP: 0:0:0:0:0:0:0:1 | Status: 200
2025-07-17 17:44:02 WARN  - [2025-07-17 17:44:01] User: anshagarwal.rishikesh@gmail.com | Action: GET | Endpoint: /api/po/1/milestones | IP: 0:0:0:0:0:0:0:1 | Status: 500 | Error: No static resource api/po/1/milestones.
2025-07-17 17:44:04 INFO  - [2025-07-17 17:44:04] User: anshagarwal.rishikesh@gmail.com | Action: GET | Endpoint: /api/po/1 | IP: 0:0:0:0:0:0:0:1 | Status: 200
2025-07-17 17:44:04 WARN  - [2025-07-17 17:44:04] User: anshagarwal.rishikesh@gmail.com | Action: GET | Endpoint: /api/po/1/milestones | IP: 0:0:0:0:0:0:0:1 | Status: 500 | Error: No static resource api/po/1/milestones.
2025-07-17 17:46:52 INFO  - [2025-07-17 17:46:52] User: anshagarwal.rishikesh@gmail.com | Action: GET | Endpoint: /api/po/all | IP: 0:0:0:0:0:0:0:1 | Status: 200
2025-07-17 18:01:54 INFO  - [2025-07-17 18:01:54] User: anshagarwal.rishikesh@gmail.com | Action: GET | Endpoint: /api/po/all | IP: 0:0:0:0:0:0:0:1 | Status: 200
2025-07-17 18:01:54 INFO  - [2025-07-17 18:01:54] User: anshagarwal.rishikesh@gmail.com | Action: GET | Endpoint: /api/po/all | IP: 0:0:0:0:0:0:0:1 | Status: 200
2025-07-17 18:01:55 INFO  - [2025-07-17 18:01:55] User: anshagarwal.rishikesh@gmail.com | Action: GET | Endpoint: /api/modules/ | IP: 0:0:0:0:0:0:0:1 | Status: 200
2025-07-17 18:01:55 INFO  - [2025-07-17 18:01:55] User: anshagarwal.rishikesh@gmail.com | Action: GET | Endpoint: /api/access/getRoles | IP: 0:0:0:0:0:0:0:1 | Status: 200
2025-07-17 18:01:55 INFO  - [2025-07-17 18:01:55] User: anshagarwal.rishikesh@gmail.com | Action: GET | Endpoint: /api/modules/ | IP: 0:0:0:0:0:0:0:1 | Status: 200
2025-07-17 18:01:55 INFO  - [2025-07-17 18:01:55] User: anshagarwal.rishikesh@gmail.com | Action: GET | Endpoint: /api/access/getRoles | IP: 0:0:0:0:0:0:0:1 | Status: 200
2025-07-17 18:01:56 INFO  - [2025-07-17 18:01:55] User: anshagarwal.rishikesh@gmail.com | Action: GET | Endpoint: /api/tenants/1/userstable | IP: 0:0:0:0:0:0:0:1 | Status: 200
2025-07-17 18:01:56 INFO  - [2025-07-17 18:01:56] User: anshagarwal.rishikesh@gmail.com | Action: GET | Endpoint: /api/tenants/1/userstable | IP: 0:0:0:0:0:0:0:1 | Status: 200
2025-07-17 18:01:56 INFO  - [2025-07-17 18:01:56] User: anshagarwal.rishikesh@gmail.com | Action: GET | Endpoint: /api/po/all | IP: 0:0:0:0:0:0:0:1 | Status: 200
2025-07-17 18:01:56 INFO  - [2025-07-17 18:01:56] User: anshagarwal.rishikesh@gmail.com | Action: GET | Endpoint: /api/po/all | IP: 0:0:0:0:0:0:0:1 | Status: 200
2025-07-17 18:02:07 INFO  - [2025-07-17 18:02:07] User: anshagarwal.rishikesh@gmail.com | Action: GET | Endpoint: /api/po/all | IP: 0:0:0:0:0:0:0:1 | Status: 200
2025-07-17 18:02:08 INFO  - [2025-07-17 18:02:07] User: anshagarwal.rishikesh@gmail.com | Action: GET | Endpoint: /api/po/all | IP: 0:0:0:0:0:0:0:1 | Status: 200
2025-07-17 18:02:24 INFO  - [2025-07-17 18:02:24] User: anshagarwal.rishikesh@gmail.com | Action: GET | Endpoint: /api/po/all | IP: 0:0:0:0:0:0:0:1 | Status: 200
2025-07-17 18:02:24 INFO  - [2025-07-17 18:02:24] User: anshagarwal.rishikesh@gmail.com | Action: GET | Endpoint: /api/po/all | IP: 0:0:0:0:0:0:0:1 | Status: 200
2025-07-17 18:02:25 INFO  - [2025-07-17 18:02:25] User: anshagarwal.rishikesh@gmail.com | Action: GET | Endpoint: /api/modules/ | IP: 0:0:0:0:0:0:0:1 | Status: 200
2025-07-17 18:02:25 INFO  - [2025-07-17 18:02:25] User: anshagarwal.rishikesh@gmail.com | Action: GET | Endpoint: /api/access/getRoles | IP: 0:0:0:0:0:0:0:1 | Status: 200
2025-07-17 18:02:25 INFO  - [2025-07-17 18:02:25] User: anshagarwal.rishikesh@gmail.com | Action: GET | Endpoint: /api/modules/ | IP: 0:0:0:0:0:0:0:1 | Status: 200
2025-07-17 18:02:25 INFO  - [2025-07-17 18:02:25] User: anshagarwal.rishikesh@gmail.com | Action: GET | Endpoint: /api/access/getRoles | IP: 0:0:0:0:0:0:0:1 | Status: 200
2025-07-17 18:02:25 INFO  - [2025-07-17 18:02:25] User: anshagarwal.rishikesh@gmail.com | Action: GET | Endpoint: /api/tenants/1/userstable | IP: 0:0:0:0:0:0:0:1 | Status: 200
2025-07-17 18:02:25 INFO  - [2025-07-17 18:02:25] User: anshagarwal.rishikesh@gmail.com | Action: GET | Endpoint: /api/tenants/1/userstable | IP: 0:0:0:0:0:0:0:1 | Status: 200
2025-07-17 18:02:29 INFO  - [2025-07-17 18:02:29] User: anshagarwal.rishikesh@gmail.com | Action: GET | Endpoint: /api/po/all | IP: 0:0:0:0:0:0:0:1 | Status: 200
2025-07-17 18:02:29 INFO  - [2025-07-17 18:02:29] User: anshagarwal.rishikesh@gmail.com | Action: GET | Endpoint: /api/po/all | IP: 0:0:0:0:0:0:0:1 | Status: 200
2025-07-17 18:02:32 INFO  - [2025-07-17 18:02:32] User: anshagarwal.rishikesh@gmail.com | Action: GET | Endpoint: /api/po/all | IP: 0:0:0:0:0:0:0:1 | Status: 200
2025-07-17 18:02:32 INFO  - [2025-07-17 18:02:32] User: anshagarwal.rishikesh@gmail.com | Action: GET | Endpoint: /api/po/all | IP: 0:0:0:0:0:0:0:1 | Status: 200
2025-07-17 18:10:26 INFO  - [2025-07-17 18:10:26] User: anshagarwal.rishikesh@gmail.com | Action: GET | Endpoint: /api/po/all | IP: 0:0:0:0:0:0:0:1 | Status: 200
2025-07-17 18:10:26 INFO  - [2025-07-17 18:10:26] User: anshagarwal.rishikesh@gmail.com | Action: GET | Endpoint: /api/po/all | IP: 0:0:0:0:0:0:0:1 | Status: 200
2025-07-17 18:12:02 INFO  - [2025-07-17 18:12:02] User: anshagarwal.rishikesh@gmail.com | Action: POST | Endpoint: /api/users/logout/1 | IP: 0:0:0:0:0:0:0:1 | Status: 200
2025-07-17 18:12:05 WARN  - [2025-07-17 18:12:05] User: anshagarwal.rishikesh@gmail.com | Action: GET | Endpoint: /api/users/loggedInUser | IP: 0:0:0:0:0:0:0:1 | Status: 500 | Error: Could not write JSON: failed to lazily initialize a collection of role: com.Protronserver.Protronserver.Entities.Role.roleAccessRights: could not initialize proxy - no Session
2025-07-17 18:12:06 WARN  - [2025-07-17 18:12:06] User: anshagarwal.rishikesh@gmail.com | Action: GET | Endpoint: /api/users/loggedInUser | IP: 0:0:0:0:0:0:0:1 | Status: 500 | Error: Could not write JSON: failed to lazily initialize a collection of role: com.Protronserver.Protronserver.Entities.Role.roleAccessRights: could not initialize proxy - no Session
2025-07-17 18:16:23 INFO  - [2025-07-17 18:16:22] User: Anonymous | Action: POST | Endpoint: /api/users/login | IP: 0:0:0:0:0:0:0:1 | Status: 200
2025-07-17 18:16:23 INFO  - [2025-07-17 18:16:23] User: anshagarwal.rishikesh@gmail.com | Action: GET | Endpoint: /api/users/basicdetails/anshagarwal.rishikesh@gmail.com | IP: 0:0:0:0:0:0:0:1 | Status: 200
2025-07-17 18:16:23 INFO  - [2025-07-17 18:16:23] User: anshagarwal.rishikesh@gmail.com | Action: GET | Endpoint: /api/users/basicdetails/anshagarwal.rishikesh@gmail.com | IP: 0:0:0:0:0:0:0:1 | Status: 200
2025-07-17 18:16:25 INFO  - [2025-07-17 18:16:25] User: anshagarwal.rishikesh@gmail.com | Action: GET | Endpoint: /api/po/all | IP: 0:0:0:0:0:0:0:1 | Status: 200
2025-07-17 18:16:25 INFO  - [2025-07-17 18:16:25] User: anshagarwal.rishikesh@gmail.com | Action: GET | Endpoint: /api/po/all | IP: 0:0:0:0:0:0:0:1 | Status: 200
2025-07-17 18:16:29 INFO  - [2025-07-17 18:16:29] User: anshagarwal.rishikesh@gmail.com | Action: GET | Endpoint: /api/po/1 | IP: 0:0:0:0:0:0:0:1 | Status: 200
2025-07-17 18:16:29 INFO  - [2025-07-17 18:16:29] User: anshagarwal.rishikesh@gmail.com | Action: GET | Endpoint: /api/po/1 | IP: 0:0:0:0:0:0:0:1 | Status: 200
2025-07-17 18:16:29 INFO  - [2025-07-17 18:16:29] User: anshagarwal.rishikesh@gmail.com | Action: GET | Endpoint: /api/po-milestone/po/1 | IP: 0:0:0:0:0:0:0:1 | Status: 200
2025-07-17 18:16:29 INFO  - [2025-07-17 18:16:29] User: anshagarwal.rishikesh@gmail.com | Action: GET | Endpoint: /api/po-milestone/po/1 | IP: 0:0:0:0:0:0:0:1 | Status: 200
2025-07-17 18:16:44 INFO  - [2025-07-17 18:16:44] User: anshagarwal.rishikesh@gmail.com | Action: GET | Endpoint: /api/po/all | IP: 0:0:0:0:0:0:0:1 | Status: 200
2025-07-17 18:16:44 INFO  - [2025-07-17 18:16:44] User: anshagarwal.rishikesh@gmail.com | Action: GET | Endpoint: /api/po/all | IP: 0:0:0:0:0:0:0:1 | Status: 200
2025-07-17 18:16:48 INFO  - [2025-07-17 18:16:48] User: anshagarwal.rishikesh@gmail.com | Action: GET | Endpoint: /api/po/2 | IP: 0:0:0:0:0:0:0:1 | Status: 200
2025-07-17 18:16:48 INFO  - [2025-07-17 18:16:48] User: anshagarwal.rishikesh@gmail.com | Action: GET | Endpoint: /api/po-milestone/po/2 | IP: 0:0:0:0:0:0:0:1 | Status: 200
2025-07-17 18:16:48 INFO  - [2025-07-17 18:16:48] User: anshagarwal.rishikesh@gmail.com | Action: GET | Endpoint: /api/po-milestone/po/2 | IP: 0:0:0:0:0:0:0:1 | Status: 200
2025-07-17 18:16:48 INFO  - [2025-07-17 18:16:48] User: anshagarwal.rishikesh@gmail.com | Action: GET | Endpoint: /api/po/2 | IP: 0:0:0:0:0:0:0:1 | Status: 200
2025-07-17 18:16:57 INFO  - [2025-07-17 18:16:57] User: anshagarwal.rishikesh@gmail.com | Action: GET | Endpoint: /api/po/all | IP: 0:0:0:0:0:0:0:1 | Status: 200
2025-07-17 18:16:57 INFO  - [2025-07-17 18:16:57] User: anshagarwal.rishikesh@gmail.com | Action: GET | Endpoint: /api/po/all | IP: 0:0:0:0:0:0:0:1 | Status: 200
2025-07-17 18:17:01 INFO  - [2025-07-17 18:17:01] User: anshagarwal.rishikesh@gmail.com | Action: GET | Endpoint: /api/po/3 | IP: 0:0:0:0:0:0:0:1 | Status: 200
2025-07-17 18:17:01 INFO  - [2025-07-17 18:17:01] User: anshagarwal.rishikesh@gmail.com | Action: GET | Endpoint: /api/po-milestone/po/3 | IP: 0:0:0:0:0:0:0:1 | Status: 200
2025-07-17 18:17:01 INFO  - [2025-07-17 18:17:01] User: anshagarwal.rishikesh@gmail.com | Action: GET | Endpoint: /api/po/3 | IP: 0:0:0:0:0:0:0:1 | Status: 200
2025-07-17 18:17:01 INFO  - [2025-07-17 18:17:01] User: anshagarwal.rishikesh@gmail.com | Action: GET | Endpoint: /api/po-milestone/po/3 | IP: 0:0:0:0:0:0:0:1 | Status: 200
2025-07-17 18:17:35 INFO  - [2025-07-17 18:17:35] User: anshagarwal.rishikesh@gmail.com | Action: GET | Endpoint: /api/po/all | IP: 0:0:0:0:0:0:0:1 | Status: 200
2025-07-17 18:17:35 INFO  - [2025-07-17 18:17:35] User: anshagarwal.rishikesh@gmail.com | Action: GET | Endpoint: /api/po/all | IP: 0:0:0:0:0:0:0:1 | Status: 200
2025-07-17 18:17:38 INFO  - [2025-07-17 18:17:38] User: anshagarwal.rishikesh@gmail.com | Action: GET | Endpoint: /api/po/3 | IP: 0:0:0:0:0:0:0:1 | Status: 200
2025-07-17 18:17:38 INFO  - [2025-07-17 18:17:38] User: anshagarwal.rishikesh@gmail.com | Action: GET | Endpoint: /api/po-milestone/po/3 | IP: 0:0:0:0:0:0:0:1 | Status: 200
2025-07-17 18:17:38 INFO  - [2025-07-17 18:17:38] User: anshagarwal.rishikesh@gmail.com | Action: GET | Endpoint: /api/po/3 | IP: 0:0:0:0:0:0:0:1 | Status: 200
2025-07-17 18:17:38 INFO  - [2025-07-17 18:17:38] User: anshagarwal.rishikesh@gmail.com | Action: GET | Endpoint: /api/po-milestone/po/3 | IP: 0:0:0:0:0:0:0:1 | Status: 200
2025-07-17 18:19:05 INFO  - [2025-07-17 18:19:05] User: anshagarwal.rishikesh@gmail.com | Action: GET | Endpoint: /api/po/all | IP: 0:0:0:0:0:0:0:1 | Status: 200
2025-07-17 18:19:05 INFO  - [2025-07-17 18:19:05] User: anshagarwal.rishikesh@gmail.com | Action: GET | Endpoint: /api/po/all | IP: 0:0:0:0:0:0:0:1 | Status: 200
2025-07-17 18:19:16 INFO  - [2025-07-17 18:19:16] User: anshagarwal.rishikesh@gmail.com | Action: GET | Endpoint: /api/po/3 | IP: 0:0:0:0:0:0:0:1 | Status: 200
2025-07-17 18:19:16 INFO  - [2025-07-17 18:19:16] User: anshagarwal.rishikesh@gmail.com | Action: GET | Endpoint: /api/po-milestone/po/3 | IP: 0:0:0:0:0:0:0:1 | Status: 200
2025-07-17 18:19:16 INFO  - [2025-07-17 18:19:16] User: anshagarwal.rishikesh@gmail.com | Action: GET | Endpoint: /api/po/3 | IP: 0:0:0:0:0:0:0:1 | Status: 200
2025-07-17 18:19:16 INFO  - [2025-07-17 18:19:16] User: anshagarwal.rishikesh@gmail.com | Action: GET | Endpoint: /api/po-milestone/po/3 | IP: 0:0:0:0:0:0:0:1 | Status: 200
2025-07-17 18:19:20 INFO  - [2025-07-17 18:19:20] User: anshagarwal.rishikesh@gmail.com | Action: GET | Endpoint: /api/po/all | IP: 0:0:0:0:0:0:0:1 | Status: 200
2025-07-17 18:19:20 INFO  - [2025-07-17 18:19:20] User: anshagarwal.rishikesh@gmail.com | Action: GET | Endpoint: /api/po/all | IP: 0:0:0:0:0:0:0:1 | Status: 200
2025-07-17 18:19:26 INFO  - [2025-07-17 18:19:26] User: anshagarwal.rishikesh@gmail.com | Action: GET | Endpoint: /api/po-milestone/po/3 | IP: 0:0:0:0:0:0:0:1 | Status: 200
2025-07-17 18:19:26 INFO  - [2025-07-17 18:19:26] User: anshagarwal.rishikesh@gmail.com | Action: GET | Endpoint: /api/po/3 | IP: 0:0:0:0:0:0:0:1 | Status: 200
2025-07-17 18:19:26 INFO  - [2025-07-17 18:19:26] User: anshagarwal.rishikesh@gmail.com | Action: GET | Endpoint: /api/po-milestone/po/3 | IP: 0:0:0:0:0:0:0:1 | Status: 200
2025-07-17 18:19:26 INFO  - [2025-07-17 18:19:26] User: anshagarwal.rishikesh@gmail.com | Action: GET | Endpoint: /api/po/3 | IP: 0:0:0:0:0:0:0:1 | Status: 200
2025-07-17 18:19:34 INFO  - [2025-07-17 18:19:34] User: anshagarwal.rishikesh@gmail.com | Action: GET | Endpoint: /api/po/all | IP: 0:0:0:0:0:0:0:1 | Status: 200
2025-07-17 18:19:34 INFO  - [2025-07-17 18:19:34] User: anshagarwal.rishikesh@gmail.com | Action: GET | Endpoint: /api/po/all | IP: 0:0:0:0:0:0:0:1 | Status: 200
2025-07-17 18:19:38 INFO  - [2025-07-17 18:19:38] User: anshagarwal.rishikesh@gmail.com | Action: GET | Endpoint: /api/po-milestone/po/3 | IP: 0:0:0:0:0:0:0:1 | Status: 200
2025-07-17 18:19:38 INFO  - [2025-07-17 18:19:38] User: anshagarwal.rishikesh@gmail.com | Action: GET | Endpoint: /api/po/3 | IP: 0:0:0:0:0:0:0:1 | Status: 200
2025-07-17 18:19:38 INFO  - [2025-07-17 18:19:38] User: anshagarwal.rishikesh@gmail.com | Action: GET | Endpoint: /api/po-milestone/po/3 | IP: 0:0:0:0:0:0:0:1 | Status: 200
2025-07-17 18:19:38 INFO  - [2025-07-17 18:19:38] User: anshagarwal.rishikesh@gmail.com | Action: GET | Endpoint: /api/po/3 | IP: 0:0:0:0:0:0:0:1 | Status: 200
2025-07-17 18:19:40 INFO  - [2025-07-17 18:19:40] User: anshagarwal.rishikesh@gmail.com | Action: GET | Endpoint: /api/po/all | IP: 0:0:0:0:0:0:0:1 | Status: 200
2025-07-17 18:19:40 INFO  - [2025-07-17 18:19:40] User: anshagarwal.rishikesh@gmail.com | Action: GET | Endpoint: /api/po/all | IP: 0:0:0:0:0:0:0:1 | Status: 200
2025-07-17 18:19:43 INFO  - [2025-07-17 18:19:43] User: anshagarwal.rishikesh@gmail.com | Action: GET | Endpoint: /api/po/3 | IP: 0:0:0:0:0:0:0:1 | Status: 200
2025-07-17 18:19:43 INFO  - [2025-07-17 18:19:43] User: anshagarwal.rishikesh@gmail.com | Action: GET | Endpoint: /api/po-milestone/po/3 | IP: 0:0:0:0:0:0:0:1 | Status: 200
2025-07-17 18:19:43 INFO  - [2025-07-17 18:19:43] User: anshagarwal.rishikesh@gmail.com | Action: GET | Endpoint: /api/po/3 | IP: 0:0:0:0:0:0:0:1 | Status: 200
2025-07-17 18:19:43 INFO  - [2025-07-17 18:19:43] User: anshagarwal.rishikesh@gmail.com | Action: GET | Endpoint: /api/po-milestone/po/3 | IP: 0:0:0:0:0:0:0:1 | Status: 200
2025-07-17 18:20:00 INFO  - [2025-07-17 18:20:00] User: anshagarwal.rishikesh@gmail.com | Action: GET | Endpoint: /api/tenants/1/users | IP: 0:0:0:0:0:0:0:1 | Status: 200
2025-07-17 18:20:00 INFO  - [2025-07-17 18:20:00] User: anshagarwal.rishikesh@gmail.com | Action: GET | Endpoint: /api/tenants/1/projects | IP: 0:0:0:0:0:0:0:1 | Status: 200
2025-07-17 18:20:00 INFO  - [2025-07-17 18:20:00] User: anshagarwal.rishikesh@gmail.com | Action: GET | Endpoint: /api/tenants/1/users | IP: 0:0:0:0:0:0:0:1 | Status: 200
2025-07-17 18:20:00 INFO  - [2025-07-17 18:20:00] User: anshagarwal.rishikesh@gmail.com | Action: GET | Endpoint: /api/tenants/1/projects | IP: 0:0:0:0:0:0:0:1 | Status: 200
2025-07-17 18:20:02 INFO  - [2025-07-17 18:20:02] User: anshagarwal.rishikesh@gmail.com | Action: GET | Endpoint: /api/tenants/1/users | IP: 0:0:0:0:0:0:0:1 | Status: 200
2025-07-17 18:20:02 INFO  - [2025-07-17 18:20:02] User: anshagarwal.rishikesh@gmail.com | Action: GET | Endpoint: /api/projects/18 | IP: 0:0:0:0:0:0:0:1 | Status: 200
2025-07-17 18:20:02 INFO  - [2025-07-17 18:20:02] User: anshagarwal.rishikesh@gmail.com | Action: GET | Endpoint: /api/project-team/list/18 | IP: 0:0:0:0:0:0:0:1 | Status: 200
2025-07-17 18:20:02 INFO  - [2025-07-17 18:20:02] User: anshagarwal.rishikesh@gmail.com | Action: GET | Endpoint: /api/tenants/1/users | IP: 0:0:0:0:0:0:0:1 | Status: 200
2025-07-17 18:20:02 INFO  - [2025-07-17 18:20:02] User: anshagarwal.rishikesh@gmail.com | Action: GET | Endpoint: /api/project-team/list/18 | IP: 0:0:0:0:0:0:0:1 | Status: 200
2025-07-17 18:20:02 INFO  - [2025-07-17 18:20:02] User: anshagarwal.rishikesh@gmail.com | Action: GET | Endpoint: /api/projects/18 | IP: 0:0:0:0:0:0:0:1 | Status: 200
2025-07-17 18:20:05 INFO  - [2025-07-17 18:20:05] User: anshagarwal.rishikesh@gmail.com | Action: GET | Endpoint: /api/tenants/1/users | IP: 0:0:0:0:0:0:0:1 | Status: 200
2025-07-17 18:20:05 INFO  - [2025-07-17 18:20:05] User: anshagarwal.rishikesh@gmail.com | Action: GET | Endpoint: /api/tenants/1/users | IP: 0:0:0:0:0:0:0:1 | Status: 200
2025-07-17 18:20:05 INFO  - [2025-07-17 18:20:05] User: anshagarwal.rishikesh@gmail.com | Action: GET | Endpoint: /api/projects/18 | IP: 0:0:0:0:0:0:0:1 | Status: 200
2025-07-17 18:20:10 INFO  - [2025-07-17 18:20:10] User: anshagarwal.rishikesh@gmail.com | Action: GET | Endpoint: /api/tenants/1/users | IP: 0:0:0:0:0:0:0:1 | Status: 200
2025-07-17 18:20:10 INFO  - [2025-07-17 18:20:10] User: anshagarwal.rishikesh@gmail.com | Action: GET | Endpoint: /api/tenants/1/users | IP: 0:0:0:0:0:0:0:1 | Status: 200
2025-07-17 18:20:10 INFO  - [2025-07-17 18:20:10] User: anshagarwal.rishikesh@gmail.com | Action: GET | Endpoint: /api/projects/18 | IP: 0:0:0:0:0:0:0:1 | Status: 200
2025-07-17 18:20:19 INFO  - [2025-07-17 18:20:19] User: anshagarwal.rishikesh@gmail.com | Action: GET | Endpoint: /api/tenants/1/projects | IP: 0:0:0:0:0:0:0:1 | Status: 200
2025-07-17 18:20:19 INFO  - [2025-07-17 18:20:19] User: anshagarwal.rishikesh@gmail.com | Action: GET | Endpoint: /api/tenants/1/users | IP: 0:0:0:0:0:0:0:1 | Status: 200
2025-07-17 18:20:19 INFO  - [2025-07-17 18:20:19] User: anshagarwal.rishikesh@gmail.com | Action: GET | Endpoint: /api/tenants/1/users | IP: 0:0:0:0:0:0:0:1 | Status: 200
2025-07-17 18:20:22 INFO  - [2025-07-17 18:20:22] User: anshagarwal.rishikesh@gmail.com | Action: GET | Endpoint: /api/tenants/1/users | IP: 0:0:0:0:0:0:0:1 | Status: 200
2025-07-17 18:20:22 INFO  - [2025-07-17 18:20:22] User: anshagarwal.rishikesh@gmail.com | Action: GET | Endpoint: /api/projects/19 | IP: 0:0:0:0:0:0:0:1 | Status: 200
2025-07-17 18:20:22 INFO  - [2025-07-17 18:20:22] User: anshagarwal.rishikesh@gmail.com | Action: GET | Endpoint: /api/tenants/1/users | IP: 0:0:0:0:0:0:0:1 | Status: 200
2025-07-17 18:20:22 INFO  - [2025-07-17 18:20:22] User: anshagarwal.rishikesh@gmail.com | Action: GET | Endpoint: /api/projects/19 | IP: 0:0:0:0:0:0:0:1 | Status: 200
2025-07-17 18:20:22 INFO  - [2025-07-17 18:20:22] User: anshagarwal.rishikesh@gmail.com | Action: GET | Endpoint: /api/project-team/list/19 | IP: 0:0:0:0:0:0:0:1 | Status: 200
2025-07-17 18:20:22 INFO  - [2025-07-17 18:20:22] User: anshagarwal.rishikesh@gmail.com | Action: GET | Endpoint: /api/project-team/list/19 | IP: 0:0:0:0:0:0:0:1 | Status: 200
2025-07-17 18:20:25 INFO  - [2025-07-17 18:20:25] User: anshagarwal.rishikesh@gmail.com | Action: GET | Endpoint: /api/tenants/1/users | IP: 0:0:0:0:0:0:0:1 | Status: 200
2025-07-17 18:20:25 INFO  - [2025-07-17 18:20:25] User: anshagarwal.rishikesh@gmail.com | Action: GET | Endpoint: /api/tenants/1/users | IP: 0:0:0:0:0:0:0:1 | Status: 200
2025-07-17 18:20:25 INFO  - [2025-07-17 18:20:25] User: anshagarwal.rishikesh@gmail.com | Action: GET | Endpoint: /api/projects/19 | IP: 0:0:0:0:0:0:0:1 | Status: 200
2025-07-17 18:20:30 INFO  - [2025-07-17 18:20:30] User: anshagarwal.rishikesh@gmail.com | Action: GET | Endpoint: /api/po/all | IP: 0:0:0:0:0:0:0:1 | Status: 200
2025-07-17 18:20:30 INFO  - [2025-07-17 18:20:30] User: anshagarwal.rishikesh@gmail.com | Action: GET | Endpoint: /api/po/all | IP: 0:0:0:0:0:0:0:1 | Status: 200
2025-07-17 18:20:32 INFO  - [2025-07-17 18:20:32] User: anshagarwal.rishikesh@gmail.com | Action: GET | Endpoint: /api/po-milestone/po/3 | IP: 0:0:0:0:0:0:0:1 | Status: 200
2025-07-17 18:20:32 INFO  - [2025-07-17 18:20:32] User: anshagarwal.rishikesh@gmail.com | Action: GET | Endpoint: /api/po/3 | IP: 0:0:0:0:0:0:0:1 | Status: 200
2025-07-17 18:20:32 INFO  - [2025-07-17 18:20:32] User: anshagarwal.rishikesh@gmail.com | Action: GET | Endpoint: /api/po/3 | IP: 0:0:0:0:0:0:0:1 | Status: 200
2025-07-17 18:20:32 INFO  - [2025-07-17 18:20:32] User: anshagarwal.rishikesh@gmail.com | Action: GET | Endpoint: /api/po-milestone/po/3 | IP: 0:0:0:0:0:0:0:1 | Status: 200
2025-07-17 18:21:39 INFO  - [2025-07-17 18:21:39] User: anshagarwal.rishikesh@gmail.com | Action: GET | Endpoint: /api/po/3 | IP: 0:0:0:0:0:0:0:1 | Status: 200
2025-07-17 18:21:39 INFO  - [2025-07-17 18:21:39] User: anshagarwal.rishikesh@gmail.com | Action: GET | Endpoint: /api/po-milestone/po/3 | IP: 0:0:0:0:0:0:0:1 | Status: 200
2025-07-17 18:21:42 INFO  - [2025-07-17 18:21:42] User: anshagarwal.rishikesh@gmail.com | Action: GET | Endpoint: /api/po/all | IP: 0:0:0:0:0:0:0:1 | Status: 200
2025-07-17 18:21:42 INFO  - [2025-07-17 18:21:42] User: anshagarwal.rishikesh@gmail.com | Action: GET | Endpoint: /api/po/all | IP: 0:0:0:0:0:0:0:1 | Status: 200
2025-07-17 18:21:45 INFO  - [2025-07-17 18:21:45] User: anshagarwal.rishikesh@gmail.com | Action: GET | Endpoint: /api/po/3 | IP: 0:0:0:0:0:0:0:1 | Status: 200
2025-07-17 18:21:45 INFO  - [2025-07-17 18:21:45] User: anshagarwal.rishikesh@gmail.com | Action: GET | Endpoint: /api/po-milestone/po/3 | IP: 0:0:0:0:0:0:0:1 | Status: 200
2025-07-17 18:21:45 INFO  - [2025-07-17 18:21:45] User: anshagarwal.rishikesh@gmail.com | Action: GET | Endpoint: /api/po/3 | IP: 0:0:0:0:0:0:0:1 | Status: 200
2025-07-17 18:21:45 INFO  - [2025-07-17 18:21:45] User: anshagarwal.rishikesh@gmail.com | Action: GET | Endpoint: /api/po-milestone/po/3 | IP: 0:0:0:0:0:0:0:1 | Status: 200
2025-07-17 18:21:47 INFO  - [2025-07-17 18:21:47] User: anshagarwal.rishikesh@gmail.com | Action: GET | Endpoint: /api/po/all | IP: 0:0:0:0:0:0:0:1 | Status: 200
2025-07-17 18:21:47 INFO  - [2025-07-17 18:21:47] User: anshagarwal.rishikesh@gmail.com | Action: GET | Endpoint: /api/po/all | IP: 0:0:0:0:0:0:0:1 | Status: 200
2025-07-17 18:21:49 INFO  - [2025-07-17 18:21:49] User: anshagarwal.rishikesh@gmail.com | Action: GET | Endpoint: /api/po-milestone/po/3 | IP: 0:0:0:0:0:0:0:1 | Status: 200
2025-07-17 18:21:49 INFO  - [2025-07-17 18:21:49] User: anshagarwal.rishikesh@gmail.com | Action: GET | Endpoint: /api/po/3 | IP: 0:0:0:0:0:0:0:1 | Status: 200
2025-07-17 18:21:49 INFO  - [2025-07-17 18:21:49] User: anshagarwal.rishikesh@gmail.com | Action: GET | Endpoint: /api/po/3 | IP: 0:0:0:0:0:0:0:1 | Status: 200
2025-07-17 18:21:49 INFO  - [2025-07-17 18:21:49] User: anshagarwal.rishikesh@gmail.com | Action: GET | Endpoint: /api/po-milestone/po/3 | IP: 0:0:0:0:0:0:0:1 | Status: 200
2025-07-17 18:22:29 WARN  - [2025-07-17 18:22:29] User: anshagarwal.rishikesh@gmail.com | Action: GET | Endpoint: /api/users/loggedInUser | IP: 0:0:0:0:0:0:0:1 | Status: 500 | Error: Could not write JSON: failed to lazily initialize a collection of role: com.Protronserver.Protronserver.Entities.Role.roleAccessRights: could not initialize proxy - no Session
2025-07-17 18:22:29 WARN  - [2025-07-17 18:22:29] User: anshagarwal.rishikesh@gmail.com | Action: GET | Endpoint: /api/users/loggedInUser | IP: 0:0:0:0:0:0:0:1 | Status: 500 | Error: Could not write JSON: failed to lazily initialize a collection of role: com.Protronserver.Protronserver.Entities.Role.roleAccessRights: could not initialize proxy - no Session
2025-07-17 18:22:38 INFO  - [2025-07-17 18:22:38] User: Anonymous | Action: POST | Endpoint: /api/users/login | IP: 0:0:0:0:0:0:0:1 | Status: 200
2025-07-17 18:22:38 INFO  - [2025-07-17 18:22:38] User: anshagarwal.rishikesh@gmail.com | Action: GET | Endpoint: /api/users/basicdetails/anshagarwal.rishikesh@gmail.com | IP: 0:0:0:0:0:0:0:1 | Status: 200
2025-07-17 18:22:38 INFO  - [2025-07-17 18:22:38] User: anshagarwal.rishikesh@gmail.com | Action: GET | Endpoint: /api/users/basicdetails/anshagarwal.rishikesh@gmail.com | IP: 0:0:0:0:0:0:0:1 | Status: 200
2025-07-17 18:22:39 INFO  - [2025-07-17 18:22:39] User: anshagarwal.rishikesh@gmail.com | Action: GET | Endpoint: /api/po/all | IP: 0:0:0:0:0:0:0:1 | Status: 200
2025-07-17 18:22:39 INFO  - [2025-07-17 18:22:39] User: anshagarwal.rishikesh@gmail.com | Action: GET | Endpoint: /api/po/all | IP: 0:0:0:0:0:0:0:1 | Status: 200
2025-07-17 18:22:43 INFO  - [2025-07-17 18:22:43] User: anshagarwal.rishikesh@gmail.com | Action: GET | Endpoint: /api/po/3 | IP: 0:0:0:0:0:0:0:1 | Status: 200
2025-07-17 18:22:43 INFO  - [2025-07-17 18:22:43] User: anshagarwal.rishikesh@gmail.com | Action: GET | Endpoint: /api/po-milestone/po/3 | IP: 0:0:0:0:0:0:0:1 | Status: 200
2025-07-17 18:22:43 INFO  - [2025-07-17 18:22:43] User: anshagarwal.rishikesh@gmail.com | Action: GET | Endpoint: /api/po/3 | IP: 0:0:0:0:0:0:0:1 | Status: 200
2025-07-17 18:22:43 INFO  - [2025-07-17 18:22:43] User: anshagarwal.rishikesh@gmail.com | Action: GET | Endpoint: /api/po-milestone/po/3 | IP: 0:0:0:0:0:0:0:1 | Status: 200
2025-07-17 18:25:07 WARN  - [2025-07-17 18:25:07] User: anshagarwal.rishikesh@gmail.com | Action: GET | Endpoint: /api/users/loggedInUser | IP: 0:0:0:0:0:0:0:1 | Status: 500 | Error: Could not write JSON: failed to lazily initialize a collection of role: com.Protronserver.Protronserver.Entities.Role.roleAccessRights: could not initialize proxy - no Session
2025-07-17 18:25:07 WARN  - [2025-07-17 18:25:07] User: anshagarwal.rishikesh@gmail.com | Action: GET | Endpoint: /api/users/loggedInUser | IP: 0:0:0:0:0:0:0:1 | Status: 500 | Error: Could not write JSON: failed to lazily initialize a collection of role: com.Protronserver.Protronserver.Entities.Role.roleAccessRights: could not initialize proxy - no Session
2025-07-17 18:25:18 INFO  - [2025-07-17 18:25:18] User: Anonymous | Action: POST | Endpoint: /api/users/login | IP: 0:0:0:0:0:0:0:1 | Status: 200
2025-07-17 18:25:18 INFO  - [2025-07-17 18:25:18] User: anshagarwal.rishikesh@gmail.com | Action: GET | Endpoint: /api/users/basicdetails/anshagarwal.rishikesh@gmail.com | IP: 0:0:0:0:0:0:0:1 | Status: 200
2025-07-17 18:25:18 INFO  - [2025-07-17 18:25:18] User: anshagarwal.rishikesh@gmail.com | Action: GET | Endpoint: /api/users/basicdetails/anshagarwal.rishikesh@gmail.com | IP: 0:0:0:0:0:0:0:1 | Status: 200
2025-07-17 18:25:19 INFO  - [2025-07-17 18:25:19] User: anshagarwal.rishikesh@gmail.com | Action: GET | Endpoint: /api/po/all | IP: 0:0:0:0:0:0:0:1 | Status: 200
2025-07-17 18:25:20 INFO  - [2025-07-17 18:25:20] User: anshagarwal.rishikesh@gmail.com | Action: GET | Endpoint: /api/po/all | IP: 0:0:0:0:0:0:0:1 | Status: 200
2025-07-17 18:25:24 INFO  - [2025-07-17 18:25:24] User: anshagarwal.rishikesh@gmail.com | Action: GET | Endpoint: /api/po/3 | IP: 0:0:0:0:0:0:0:1 | Status: 200
2025-07-17 18:25:24 INFO  - [2025-07-17 18:25:24] User: anshagarwal.rishikesh@gmail.com | Action: GET | Endpoint: /api/po-milestone/po/3 | IP: 0:0:0:0:0:0:0:1 | Status: 200
2025-07-17 18:25:24 INFO  - [2025-07-17 18:25:24] User: anshagarwal.rishikesh@gmail.com | Action: GET | Endpoint: /api/po/3 | IP: 0:0:0:0:0:0:0:1 | Status: 200
2025-07-17 18:25:24 INFO  - [2025-07-17 18:25:24] User: anshagarwal.rishikesh@gmail.com | Action: GET | Endpoint: /api/po-milestone/po/3 | IP: 0:0:0:0:0:0:0:1 | Status: 200
2025-07-17 18:25:25 INFO  - [2025-07-17 18:25:25] User: anshagarwal.rishikesh@gmail.com | Action: GET | Endpoint: /api/po/all | IP: 0:0:0:0:0:0:0:1 | Status: 200
2025-07-17 18:25:25 INFO  - [2025-07-17 18:25:25] User: anshagarwal.rishikesh@gmail.com | Action: GET | Endpoint: /api/po/all | IP: 0:0:0:0:0:0:0:1 | Status: 200
2025-07-17 18:25:27 INFO  - [2025-07-17 18:25:27] User: anshagarwal.rishikesh@gmail.com | Action: GET | Endpoint: /api/po/3 | IP: 0:0:0:0:0:0:0:1 | Status: 200
2025-07-17 18:25:27 INFO  - [2025-07-17 18:25:27] User: anshagarwal.rishikesh@gmail.com | Action: GET | Endpoint: /api/po-milestone/po/3 | IP: 0:0:0:0:0:0:0:1 | Status: 200
2025-07-17 18:25:27 INFO  - [2025-07-17 18:25:27] User: anshagarwal.rishikesh@gmail.com | Action: GET | Endpoint: /api/po/3 | IP: 0:0:0:0:0:0:0:1 | Status: 200
2025-07-17 18:25:27 INFO  - [2025-07-17 18:25:27] User: anshagarwal.rishikesh@gmail.com | Action: GET | Endpoint: /api/po-milestone/po/3 | IP: 0:0:0:0:0:0:0:1 | Status: 200
2025-07-17 18:26:31 INFO  - [2025-07-17 18:26:31] User: anshagarwal.rishikesh@gmail.com | Action: GET | Endpoint: /api/po-milestone/2 | IP: 0:0:0:0:0:0:0:1 | Status: 200
2025-07-17 18:27:05 INFO  - [2025-07-17 18:27:05] User: anshagarwal.rishikesh@gmail.com | Action: GET | Endpoint: /api/tenants/1/users | IP: 0:0:0:0:0:0:0:1 | Status: 200
2025-07-17 18:27:05 INFO  - [2025-07-17 18:27:05] User: anshagarwal.rishikesh@gmail.com | Action: GET | Endpoint: /api/tenants/1/projects | IP: 0:0:0:0:0:0:0:1 | Status: 200
2025-07-17 18:27:05 INFO  - [2025-07-17 18:27:05] User: anshagarwal.rishikesh@gmail.com | Action: GET | Endpoint: /api/tenants/1/users | IP: 0:0:0:0:0:0:0:1 | Status: 200
2025-07-17 18:27:05 INFO  - [2025-07-17 18:27:05] User: anshagarwal.rishikesh@gmail.com | Action: GET | Endpoint: /api/tenants/1/projects | IP: 0:0:0:0:0:0:0:1 | Status: 200
2025-07-17 18:27:07 INFO  - [2025-07-17 18:27:07] User: anshagarwal.rishikesh@gmail.com | Action: GET | Endpoint: /api/projects/19 | IP: 0:0:0:0:0:0:0:1 | Status: 200
2025-07-17 18:27:07 INFO  - [2025-07-17 18:27:07] User: anshagarwal.rishikesh@gmail.com | Action: GET | Endpoint: /api/tenants/1/users | IP: 0:0:0:0:0:0:0:1 | Status: 200
2025-07-17 18:27:07 INFO  - [2025-07-17 18:27:07] User: anshagarwal.rishikesh@gmail.com | Action: GET | Endpoint: /api/tenants/1/users | IP: 0:0:0:0:0:0:0:1 | Status: 200
2025-07-17 18:27:07 INFO  - [2025-07-17 18:27:07] User: anshagarwal.rishikesh@gmail.com | Action: GET | Endpoint: /api/projects/19 | IP: 0:0:0:0:0:0:0:1 | Status: 200
2025-07-17 18:27:07 INFO  - [2025-07-17 18:27:07] User: anshagarwal.rishikesh@gmail.com | Action: GET | Endpoint: /api/project-team/list/19 | IP: 0:0:0:0:0:0:0:1 | Status: 200
2025-07-17 18:27:07 INFO  - [2025-07-17 18:27:07] User: anshagarwal.rishikesh@gmail.com | Action: GET | Endpoint: /api/project-team/list/19 | IP: 0:0:0:0:0:0:0:1 | Status: 200
2025-07-17 18:27:10 INFO  - [2025-07-17 18:27:10] User: anshagarwal.rishikesh@gmail.com | Action: GET | Endpoint: /api/po/all | IP: 0:0:0:0:0:0:0:1 | Status: 200
2025-07-17 18:27:10 INFO  - [2025-07-17 18:27:10] User: anshagarwal.rishikesh@gmail.com | Action: GET | Endpoint: /api/po/all | IP: 0:0:0:0:0:0:0:1 | Status: 200
2025-07-17 18:27:12 INFO  - [2025-07-17 18:27:12] User: anshagarwal.rishikesh@gmail.com | Action: GET | Endpoint: /api/po/2 | IP: 0:0:0:0:0:0:0:1 | Status: 200
2025-07-17 18:27:12 INFO  - [2025-07-17 18:27:12] User: anshagarwal.rishikesh@gmail.com | Action: GET | Endpoint: /api/po-milestone/po/2 | IP: 0:0:0:0:0:0:0:1 | Status: 200
2025-07-17 18:27:12 INFO  - [2025-07-17 18:27:12] User: anshagarwal.rishikesh@gmail.com | Action: GET | Endpoint: /api/po/2 | IP: 0:0:0:0:0:0:0:1 | Status: 200
2025-07-17 18:27:12 INFO  - [2025-07-17 18:27:12] User: anshagarwal.rishikesh@gmail.com | Action: GET | Endpoint: /api/po-milestone/po/2 | IP: 0:0:0:0:0:0:0:1 | Status: 200
2025-07-17 18:27:15 INFO  - [2025-07-17 18:27:15] User: anshagarwal.rishikesh@gmail.com | Action: GET | Endpoint: /api/po/all | IP: 0:0:0:0:0:0:0:1 | Status: 200
2025-07-17 18:27:15 INFO  - [2025-07-17 18:27:15] User: anshagarwal.rishikesh@gmail.com | Action: GET | Endpoint: /api/po/all | IP: 0:0:0:0:0:0:0:1 | Status: 200
2025-07-17 18:27:16 INFO  - [2025-07-17 18:27:16] User: anshagarwal.rishikesh@gmail.com | Action: GET | Endpoint: /api/po-milestone/po/4 | IP: 0:0:0:0:0:0:0:1 | Status: 200
2025-07-17 18:27:16 INFO  - [2025-07-17 18:27:16] User: anshagarwal.rishikesh@gmail.com | Action: GET | Endpoint: /api/po/4 | IP: 0:0:0:0:0:0:0:1 | Status: 200
2025-07-17 18:27:16 INFO  - [2025-07-17 18:27:16] User: anshagarwal.rishikesh@gmail.com | Action: GET | Endpoint: /api/po-milestone/po/4 | IP: 0:0:0:0:0:0:0:1 | Status: 200
2025-07-17 18:27:16 INFO  - [2025-07-17 18:27:16] User: anshagarwal.rishikesh@gmail.com | Action: GET | Endpoint: /api/po/4 | IP: 0:0:0:0:0:0:0:1 | Status: 200
2025-07-17 18:28:39 INFO  - [2025-07-17 18:28:39] User: anshagarwal.rishikesh@gmail.com | Action: GET | Endpoint: /api/po/all | IP: 0:0:0:0:0:0:0:1 | Status: 200
2025-07-17 18:28:39 INFO  - [2025-07-17 18:28:39] User: anshagarwal.rishikesh@gmail.com | Action: GET | Endpoint: /api/po/all | IP: 0:0:0:0:0:0:0:1 | Status: 200
2025-07-17 18:28:42 INFO  - [2025-07-17 18:28:42] User: anshagarwal.rishikesh@gmail.com | Action: GET | Endpoint: /api/tenants/1/users | IP: 0:0:0:0:0:0:0:1 | Status: 200
2025-07-17 18:28:42 INFO  - [2025-07-17 18:28:42] User: anshagarwal.rishikesh@gmail.com | Action: GET | Endpoint: /api/po/3 | IP: 0:0:0:0:0:0:0:1 | Status: 200
2025-07-17 18:28:42 INFO  - [2025-07-17 18:28:42] User: anshagarwal.rishikesh@gmail.com | Action: GET | Endpoint: /api/po-milestone/po/3 | IP: 0:0:0:0:0:0:0:1 | Status: 200
2025-07-17 18:28:42 INFO  - [2025-07-17 18:28:42] User: anshagarwal.rishikesh@gmail.com | Action: GET | Endpoint: /api/projects | IP: 0:0:0:0:0:0:0:1 | Status: 200
2025-07-17 18:28:57 INFO  - [2025-07-17 18:28:57] User: anshagarwal.rishikesh@gmail.com | Action: GET | Endpoint: /api/tenants/1/users | IP: 0:0:0:0:0:0:0:1 | Status: 200
2025-07-17 18:28:57 INFO  - [2025-07-17 18:28:57] User: anshagarwal.rishikesh@gmail.com | Action: GET | Endpoint: /api/po/6 | IP: 0:0:0:0:0:0:0:1 | Status: 200
2025-07-17 18:28:57 INFO  - [2025-07-17 18:28:57] User: anshagarwal.rishikesh@gmail.com | Action: GET | Endpoint: /api/po-milestone/po/6 | IP: 0:0:0:0:0:0:0:1 | Status: 200
2025-07-17 18:28:58 INFO  - [2025-07-17 18:28:57] User: anshagarwal.rishikesh@gmail.com | Action: GET | Endpoint: /api/projects | IP: 0:0:0:0:0:0:0:1 | Status: 200
2025-07-17 18:29:04 INFO  - [2025-07-17 18:29:04] User: anshagarwal.rishikesh@gmail.com | Action: GET | Endpoint: /api/po/4 | IP: 0:0:0:0:0:0:0:1 | Status: 200
2025-07-17 18:29:04 INFO  - [2025-07-17 18:29:04] User: anshagarwal.rishikesh@gmail.com | Action: GET | Endpoint: /api/po-milestone/po/4 | IP: 0:0:0:0:0:0:0:1 | Status: 200
2025-07-17 18:29:04 INFO  - [2025-07-17 18:29:04] User: anshagarwal.rishikesh@gmail.com | Action: GET | Endpoint: /api/po-milestone/po/4 | IP: 0:0:0:0:0:0:0:1 | Status: 200
2025-07-17 18:29:04 INFO  - [2025-07-17 18:29:04] User: anshagarwal.rishikesh@gmail.com | Action: GET | Endpoint: /api/po/4 | IP: 0:0:0:0:0:0:0:1 | Status: 200
2025-07-17 18:30:22 INFO  - [2025-07-17 18:30:22] User: anshagarwal.rishikesh@gmail.com | Action: GET | Endpoint: /api/po/all | IP: 0:0:0:0:0:0:0:1 | Status: 200
2025-07-17 18:30:22 INFO  - [2025-07-17 18:30:22] User: anshagarwal.rishikesh@gmail.com | Action: GET | Endpoint: /api/po/all | IP: 0:0:0:0:0:0:0:1 | Status: 200
2025-07-17 18:30:24 INFO  - [2025-07-17 18:30:24] User: anshagarwal.rishikesh@gmail.com | Action: GET | Endpoint: /api/tenants/1/users | IP: 0:0:0:0:0:0:0:1 | Status: 200
2025-07-17 18:30:24 INFO  - [2025-07-17 18:30:24] User: anshagarwal.rishikesh@gmail.com | Action: GET | Endpoint: /api/projects | IP: 0:0:0:0:0:0:0:1 | Status: 200
2025-07-17 18:34:31 INFO  - [2025-07-17 18:34:31] User: anshagarwal.rishikesh@gmail.com | Action: GET | Endpoint: /api/po-milestone/po/4 | IP: 0:0:0:0:0:0:0:1 | Status: 200
2025-07-17 18:34:31 INFO  - [2025-07-17 18:34:31] User: anshagarwal.rishikesh@gmail.com | Action: GET | Endpoint: /api/po/4 | IP: 0:0:0:0:0:0:0:1 | Status: 200
2025-07-17 18:34:31 INFO  - [2025-07-17 18:34:31] User: anshagarwal.rishikesh@gmail.com | Action: GET | Endpoint: /api/po-milestone/po/4 | IP: 0:0:0:0:0:0:0:1 | Status: 200
2025-07-17 18:34:31 INFO  - [2025-07-17 18:34:31] User: anshagarwal.rishikesh@gmail.com | Action: GET | Endpoint: /api/po/4 | IP: 0:0:0:0:0:0:0:1 | Status: 200
2025-07-17 18:34:43 INFO  - [2025-07-17 18:34:43] User: anshagarwal.rishikesh@gmail.com | Action: GET | Endpoint: /api/po/all | IP: 0:0:0:0:0:0:0:1 | Status: 200
2025-07-17 18:34:43 INFO  - [2025-07-17 18:34:43] User: anshagarwal.rishikesh@gmail.com | Action: GET | Endpoint: /api/po/all | IP: 0:0:0:0:0:0:0:1 | Status: 200
2025-07-17 18:34:46 INFO  - [2025-07-17 18:34:46] User: anshagarwal.rishikesh@gmail.com | Action: GET | Endpoint: /api/tenants/1/users | IP: 0:0:0:0:0:0:0:1 | Status: 200
2025-07-17 18:34:46 INFO  - [2025-07-17 18:34:46] User: anshagarwal.rishikesh@gmail.com | Action: GET | Endpoint: /api/po/4 | IP: 0:0:0:0:0:0:0:1 | Status: 200
2025-07-17 18:34:46 INFO  - [2025-07-17 18:34:46] User: anshagarwal.rishikesh@gmail.com | Action: GET | Endpoint: /api/po-milestone/po/4 | IP: 0:0:0:0:0:0:0:1 | Status: 200
2025-07-17 18:34:47 INFO  - [2025-07-17 18:34:46] User: anshagarwal.rishikesh@gmail.com | Action: GET | Endpoint: /api/projects | IP: 0:0:0:0:0:0:0:1 | Status: 200
2025-07-17 18:35:04 INFO  - [2025-07-17 18:35:04] User: anshagarwal.rishikesh@gmail.com | Action: GET | Endpoint: /api/po-milestone/po/5 | IP: 0:0:0:0:0:0:0:1 | Status: 200
2025-07-17 18:35:04 INFO  - [2025-07-17 18:35:04] User: anshagarwal.rishikesh@gmail.com | Action: GET | Endpoint: /api/po/5 | IP: 0:0:0:0:0:0:0:1 | Status: 200
2025-07-17 18:35:04 INFO  - [2025-07-17 18:35:04] User: anshagarwal.rishikesh@gmail.com | Action: GET | Endpoint: /api/po/5 | IP: 0:0:0:0:0:0:0:1 | Status: 200
2025-07-17 18:35:04 INFO  - [2025-07-17 18:35:04] User: anshagarwal.rishikesh@gmail.com | Action: GET | Endpoint: /api/po-milestone/po/5 | IP: 0:0:0:0:0:0:0:1 | Status: 200
2025-07-17 18:35:44 INFO  - [2025-07-17 18:35:44] User: anshagarwal.rishikesh@gmail.com | Action: GET | Endpoint: /api/po/all | IP: 0:0:0:0:0:0:0:1 | Status: 200
2025-07-17 18:35:44 INFO  - [2025-07-17 18:35:44] User: anshagarwal.rishikesh@gmail.com | Action: GET | Endpoint: /api/po/all | IP: 0:0:0:0:0:0:0:1 | Status: 200
2025-07-17 18:35:46 INFO  - [2025-07-17 18:35:46] User: anshagarwal.rishikesh@gmail.com | Action: GET | Endpoint: /api/tenants/1/users | IP: 0:0:0:0:0:0:0:1 | Status: 200
2025-07-17 18:35:46 INFO  - [2025-07-17 18:35:46] User: anshagarwal.rishikesh@gmail.com | Action: GET | Endpoint: /api/po/4 | IP: 0:0:0:0:0:0:0:1 | Status: 200
2025-07-17 18:35:46 INFO  - [2025-07-17 18:35:46] User: anshagarwal.rishikesh@gmail.com | Action: GET | Endpoint: /api/po-milestone/po/4 | IP: 0:0:0:0:0:0:0:1 | Status: 200
2025-07-17 18:35:46 INFO  - [2025-07-17 18:35:46] User: anshagarwal.rishikesh@gmail.com | Action: GET | Endpoint: /api/projects | IP: 0:0:0:0:0:0:0:1 | Status: 200
2025-07-17 18:35:52 INFO  - [2025-07-17 18:35:52] User: anshagarwal.rishikesh@gmail.com | Action: GET | Endpoint: /api/po/4 | IP: 0:0:0:0:0:0:0:1 | Status: 200
2025-07-17 18:35:52 INFO  - [2025-07-17 18:35:52] User: anshagarwal.rishikesh@gmail.com | Action: GET | Endpoint: /api/po-milestone/po/4 | IP: 0:0:0:0:0:0:0:1 | Status: 200
2025-07-17 18:35:52 INFO  - [2025-07-17 18:35:52] User: anshagarwal.rishikesh@gmail.com | Action: GET | Endpoint: /api/po-milestone/po/4 | IP: 0:0:0:0:0:0:0:1 | Status: 200
2025-07-17 18:35:52 INFO  - [2025-07-17 18:35:52] User: anshagarwal.rishikesh@gmail.com | Action: GET | Endpoint: /api/po/4 | IP: 0:0:0:0:0:0:0:1 | Status: 200
2025-07-17 18:36:15 INFO  - [2025-07-17 18:36:15] User: anshagarwal.rishikesh@gmail.com | Action: GET | Endpoint: /api/po-milestone/4 | IP: 0:0:0:0:0:0:0:1 | Status: 200
2025-07-17 18:36:32 INFO  - [2025-07-17 18:36:32] User: anshagarwal.rishikesh@gmail.com | Action: GET | Endpoint: /api/po/all | IP: 0:0:0:0:0:0:0:1 | Status: 200
2025-07-17 18:36:32 INFO  - [2025-07-17 18:36:32] User: anshagarwal.rishikesh@gmail.com | Action: GET | Endpoint: /api/po/all | IP: 0:0:0:0:0:0:0:1 | Status: 200
2025-07-17 18:36:34 INFO  - [2025-07-17 18:36:34] User: anshagarwal.rishikesh@gmail.com | Action: GET | Endpoint: /api/po/3 | IP: 0:0:0:0:0:0:0:1 | Status: 200
2025-07-17 18:36:34 INFO  - [2025-07-17 18:36:34] User: anshagarwal.rishikesh@gmail.com | Action: GET | Endpoint: /api/po-milestone/po/3 | IP: 0:0:0:0:0:0:0:1 | Status: 200
2025-07-17 18:36:34 INFO  - [2025-07-17 18:36:34] User: anshagarwal.rishikesh@gmail.com | Action: GET | Endpoint: /api/po-milestone/po/3 | IP: 0:0:0:0:0:0:0:1 | Status: 200
2025-07-17 18:36:34 INFO  - [2025-07-17 18:36:34] User: anshagarwal.rishikesh@gmail.com | Action: GET | Endpoint: /api/po/3 | IP: 0:0:0:0:0:0:0:1 | Status: 200
2025-07-17 18:36:49 INFO  - [2025-07-17 18:36:49] User: anshagarwal.rishikesh@gmail.com | Action: GET | Endpoint: /api/po/all | IP: 0:0:0:0:0:0:0:1 | Status: 200
2025-07-17 18:36:49 INFO  - [2025-07-17 18:36:49] User: anshagarwal.rishikesh@gmail.com | Action: GET | Endpoint: /api/po/all | IP: 0:0:0:0:0:0:0:1 | Status: 200
2025-07-17 18:37:21 INFO  - [2025-07-17 18:37:21] User: anshagarwal.rishikesh@gmail.com | Action: GET | Endpoint: /api/po-milestone/po/3 | IP: 0:0:0:0:0:0:0:1 | Status: 200
2025-07-17 18:37:21 INFO  - [2025-07-17 18:37:21] User: anshagarwal.rishikesh@gmail.com | Action: GET | Endpoint: /api/po/3 | IP: 0:0:0:0:0:0:0:1 | Status: 200
2025-07-17 18:37:21 INFO  - [2025-07-17 18:37:21] User: anshagarwal.rishikesh@gmail.com | Action: GET | Endpoint: /api/po-milestone/po/3 | IP: 0:0:0:0:0:0:0:1 | Status: 200
2025-07-17 18:37:21 INFO  - [2025-07-17 18:37:21] User: anshagarwal.rishikesh@gmail.com | Action: GET | Endpoint: /api/po/3 | IP: 0:0:0:0:0:0:0:1 | Status: 200
2025-07-17 18:37:29 INFO  - [2025-07-17 18:37:29] User: anshagarwal.rishikesh@gmail.com | Action: GET | Endpoint: /api/po/all | IP: 0:0:0:0:0:0:0:1 | Status: 200
2025-07-17 18:37:29 INFO  - [2025-07-17 18:37:29] User: anshagarwal.rishikesh@gmail.com | Action: GET | Endpoint: /api/po/all | IP: 0:0:0:0:0:0:0:1 | Status: 200
2025-07-17 18:37:32 INFO  - [2025-07-17 18:37:32] User: anshagarwal.rishikesh@gmail.com | Action: GET | Endpoint: /api/po-milestone/po/5 | IP: 0:0:0:0:0:0:0:1 | Status: 200
2025-07-17 18:37:32 INFO  - [2025-07-17 18:37:32] User: anshagarwal.rishikesh@gmail.com | Action: GET | Endpoint: /api/po/5 | IP: 0:0:0:0:0:0:0:1 | Status: 200
2025-07-17 18:37:32 INFO  - [2025-07-17 18:37:32] User: anshagarwal.rishikesh@gmail.com | Action: GET | Endpoint: /api/po-milestone/po/5 | IP: 0:0:0:0:0:0:0:1 | Status: 200
2025-07-17 18:37:32 INFO  - [2025-07-17 18:37:32] User: anshagarwal.rishikesh@gmail.com | Action: GET | Endpoint: /api/po/5 | IP: 0:0:0:0:0:0:0:1 | Status: 200
2025-07-17 18:37:39 INFO  - [2025-07-17 18:37:39] User: anshagarwal.rishikesh@gmail.com | Action: GET | Endpoint: /api/po-milestone/6 | IP: 0:0:0:0:0:0:0:1 | Status: 200
2025-07-17 18:37:48 INFO  - [2025-07-17 18:37:48] User: anshagarwal.rishikesh@gmail.com | Action: GET | Endpoint: /api/po/all | IP: 0:0:0:0:0:0:0:1 | Status: 200
2025-07-17 18:37:48 INFO  - [2025-07-17 18:37:48] User: anshagarwal.rishikesh@gmail.com | Action: GET | Endpoint: /api/po/all | IP: 0:0:0:0:0:0:0:1 | Status: 200
2025-07-17 18:37:50 INFO  - [2025-07-17 18:37:50] User: anshagarwal.rishikesh@gmail.com | Action: GET | Endpoint: /api/po/4 | IP: 0:0:0:0:0:0:0:1 | Status: 200
2025-07-17 18:37:50 INFO  - [2025-07-17 18:37:50] User: anshagarwal.rishikesh@gmail.com | Action: GET | Endpoint: /api/po-milestone/po/4 | IP: 0:0:0:0:0:0:0:1 | Status: 200
2025-07-17 18:37:50 INFO  - [2025-07-17 18:37:50] User: anshagarwal.rishikesh@gmail.com | Action: GET | Endpoint: /api/po-milestone/po/4 | IP: 0:0:0:0:0:0:0:1 | Status: 200
2025-07-17 18:37:50 INFO  - [2025-07-17 18:37:50] User: anshagarwal.rishikesh@gmail.com | Action: GET | Endpoint: /api/po/4 | IP: 0:0:0:0:0:0:0:1 | Status: 200
2025-07-17 18:38:02 INFO  - [2025-07-17 18:38:02] User: anshagarwal.rishikesh@gmail.com | Action: GET | Endpoint: /api/po/all | IP: 0:0:0:0:0:0:0:1 | Status: 200
2025-07-17 18:38:02 INFO  - [2025-07-17 18:38:02] User: anshagarwal.rishikesh@gmail.com | Action: GET | Endpoint: /api/po/all | IP: 0:0:0:0:0:0:0:1 | Status: 200
2025-07-17 18:38:04 INFO  - [2025-07-17 18:38:04] User: anshagarwal.rishikesh@gmail.com | Action: GET | Endpoint: /api/po/3 | IP: 0:0:0:0:0:0:0:1 | Status: 200
2025-07-17 18:38:04 INFO  - [2025-07-17 18:38:04] User: anshagarwal.rishikesh@gmail.com | Action: GET | Endpoint: /api/po-milestone/po/3 | IP: 0:0:0:0:0:0:0:1 | Status: 200
2025-07-17 18:38:04 INFO  - [2025-07-17 18:38:04] User: anshagarwal.rishikesh@gmail.com | Action: GET | Endpoint: /api/po/3 | IP: 0:0:0:0:0:0:0:1 | Status: 200
2025-07-17 18:38:04 INFO  - [2025-07-17 18:38:04] User: anshagarwal.rishikesh@gmail.com | Action: GET | Endpoint: /api/po-milestone/po/3 | IP: 0:0:0:0:0:0:0:1 | Status: 200
2025-07-17 18:38:12 INFO  - [2025-07-17 18:38:12] User: anshagarwal.rishikesh@gmail.com | Action: GET | Endpoint: /api/po/all | IP: 0:0:0:0:0:0:0:1 | Status: 200
2025-07-17 18:38:12 INFO  - [2025-07-17 18:38:12] User: anshagarwal.rishikesh@gmail.com | Action: GET | Endpoint: /api/po/all | IP: 0:0:0:0:0:0:0:1 | Status: 200
2025-07-17 18:38:14 INFO  - [2025-07-17 18:38:14] User: anshagarwal.rishikesh@gmail.com | Action: GET | Endpoint: /api/po-milestone/po/8 | IP: 0:0:0:0:0:0:0:1 | Status: 200
2025-07-17 18:38:14 INFO  - [2025-07-17 18:38:14] User: anshagarwal.rishikesh@gmail.com | Action: GET | Endpoint: /api/po/8 | IP: 0:0:0:0:0:0:0:1 | Status: 200
2025-07-17 18:38:14 INFO  - [2025-07-17 18:38:14] User: anshagarwal.rishikesh@gmail.com | Action: GET | Endpoint: /api/po-milestone/po/8 | IP: 0:0:0:0:0:0:0:1 | Status: 200
2025-07-17 18:38:14 INFO  - [2025-07-17 18:38:14] User: anshagarwal.rishikesh@gmail.com | Action: GET | Endpoint: /api/po/8 | IP: 0:0:0:0:0:0:0:1 | Status: 200
2025-07-17 18:38:15 INFO  - [2025-07-17 18:38:15] User: anshagarwal.rishikesh@gmail.com | Action: GET | Endpoint: /api/po/all | IP: 0:0:0:0:0:0:0:1 | Status: 200
2025-07-17 18:38:15 INFO  - [2025-07-17 18:38:15] User: anshagarwal.rishikesh@gmail.com | Action: GET | Endpoint: /api/po/all | IP: 0:0:0:0:0:0:0:1 | Status: 200
2025-07-17 18:38:17 INFO  - [2025-07-17 18:38:17] User: anshagarwal.rishikesh@gmail.com | Action: GET | Endpoint: /api/po/3 | IP: 0:0:0:0:0:0:0:1 | Status: 200
2025-07-17 18:38:17 INFO  - [2025-07-17 18:38:17] User: anshagarwal.rishikesh@gmail.com | Action: GET | Endpoint: /api/po-milestone/po/3 | IP: 0:0:0:0:0:0:0:1 | Status: 200
2025-07-17 18:38:17 INFO  - [2025-07-17 18:38:17] User: anshagarwal.rishikesh@gmail.com | Action: GET | Endpoint: /api/po/3 | IP: 0:0:0:0:0:0:0:1 | Status: 200
2025-07-17 18:38:17 INFO  - [2025-07-17 18:38:17] User: anshagarwal.rishikesh@gmail.com | Action: GET | Endpoint: /api/po-milestone/po/3 | IP: 0:0:0:0:0:0:0:1 | Status: 200
2025-07-17 18:38:19 INFO  - [2025-07-17 18:38:19] User: anshagarwal.rishikesh@gmail.com | Action: GET | Endpoint: /api/po/all | IP: 0:0:0:0:0:0:0:1 | Status: 200
2025-07-17 18:38:19 INFO  - [2025-07-17 18:38:19] User: anshagarwal.rishikesh@gmail.com | Action: GET | Endpoint: /api/po/all | IP: 0:0:0:0:0:0:0:1 | Status: 200
2025-07-17 18:38:20 INFO  - [2025-07-17 18:38:20] User: anshagarwal.rishikesh@gmail.com | Action: GET | Endpoint: /api/po-milestone/po/2 | IP: 0:0:0:0:0:0:0:1 | Status: 200
2025-07-17 18:38:20 INFO  - [2025-07-17 18:38:20] User: anshagarwal.rishikesh@gmail.com | Action: GET | Endpoint: /api/po/2 | IP: 0:0:0:0:0:0:0:1 | Status: 200
2025-07-17 18:38:20 INFO  - [2025-07-17 18:38:20] User: anshagarwal.rishikesh@gmail.com | Action: GET | Endpoint: /api/po-milestone/po/2 | IP: 0:0:0:0:0:0:0:1 | Status: 200
2025-07-17 18:38:20 INFO  - [2025-07-17 18:38:20] User: anshagarwal.rishikesh@gmail.com | Action: GET | Endpoint: /api/po/2 | IP: 0:0:0:0:0:0:0:1 | Status: 200
2025-07-17 18:38:21 INFO  - [2025-07-17 18:38:21] User: anshagarwal.rishikesh@gmail.com | Action: GET | Endpoint: /api/po/all | IP: 0:0:0:0:0:0:0:1 | Status: 200
2025-07-17 18:38:21 INFO  - [2025-07-17 18:38:21] User: anshagarwal.rishikesh@gmail.com | Action: GET | Endpoint: /api/po/all | IP: 0:0:0:0:0:0:0:1 | Status: 200
2025-07-17 18:38:23 INFO  - [2025-07-17 18:38:23] User: anshagarwal.rishikesh@gmail.com | Action: GET | Endpoint: /api/tenants/1/users | IP: 0:0:0:0:0:0:0:1 | Status: 200
2025-07-17 18:38:23 INFO  - [2025-07-17 18:38:23] User: anshagarwal.rishikesh@gmail.com | Action: GET | Endpoint: /api/po/5 | IP: 0:0:0:0:0:0:0:1 | Status: 200
2025-07-17 18:38:23 INFO  - [2025-07-17 18:38:23] User: anshagarwal.rishikesh@gmail.com | Action: GET | Endpoint: /api/po-milestone/po/5 | IP: 0:0:0:0:0:0:0:1 | Status: 200
2025-07-17 18:38:24 INFO  - [2025-07-17 18:38:23] User: anshagarwal.rishikesh@gmail.com | Action: GET | Endpoint: /api/projects | IP: 0:0:0:0:0:0:0:1 | Status: 200
2025-07-17 18:38:40 INFO  - [2025-07-17 18:38:40] User: anshagarwal.rishikesh@gmail.com | Action: PUT | Endpoint: /api/po/edit/5 | IP: 0:0:0:0:0:0:0:1 | Status: 200
2025-07-17 18:38:40 INFO  - [2025-07-17 18:38:40] User: anshagarwal.rishikesh@gmail.com | Action: PUT | Endpoint: /api/po-milestone/edit/6 | IP: 0:0:0:0:0:0:0:1 | Status: 200
2025-07-17 18:38:40 INFO  - [2025-07-17 18:38:40] User: anshagarwal.rishikesh@gmail.com | Action: POST | Endpoint: /api/po-milestone/add | IP: 0:0:0:0:0:0:0:1 | Status: 200
2025-07-17 18:38:40 INFO  - [2025-07-17 18:38:40] User: anshagarwal.rishikesh@gmail.com | Action: GET | Endpoint: /api/po/all | IP: 0:0:0:0:0:0:0:1 | Status: 200
2025-07-17 18:38:44 INFO  - [2025-07-17 18:38:44] User: anshagarwal.rishikesh@gmail.com | Action: GET | Endpoint: /api/po/5 | IP: 0:0:0:0:0:0:0:1 | Status: 200
2025-07-17 18:38:44 INFO  - [2025-07-17 18:38:44] User: anshagarwal.rishikesh@gmail.com | Action: GET | Endpoint: /api/po-milestone/po/5 | IP: 0:0:0:0:0:0:0:1 | Status: 200
2025-07-17 18:38:44 INFO  - [2025-07-17 18:38:44] User: anshagarwal.rishikesh@gmail.com | Action: GET | Endpoint: /api/po-milestone/po/5 | IP: 0:0:0:0:0:0:0:1 | Status: 200
2025-07-17 18:38:44 INFO  - [2025-07-17 18:38:44] User: anshagarwal.rishikesh@gmail.com | Action: GET | Endpoint: /api/po/5 | IP: 0:0:0:0:0:0:0:1 | Status: 200
2025-07-17 18:44:11 INFO  - [2025-07-17 18:44:11] User: anshagarwal.rishikesh@gmail.com | Action: GET | Endpoint: /api/po-milestone/6 | IP: 0:0:0:0:0:0:0:1 | Status: 200
2025-07-17 18:44:40 INFO  - [2025-07-17 18:44:40] User: anshagarwal.rishikesh@gmail.com | Action: GET | Endpoint: /api/tenants/1/users | IP: 0:0:0:0:0:0:0:1 | Status: 200
2025-07-17 18:44:40 INFO  - [2025-07-17 18:44:40] User: anshagarwal.rishikesh@gmail.com | Action: GET | Endpoint: /api/tenants/1/projects | IP: 0:0:0:0:0:0:0:1 | Status: 200
2025-07-17 18:44:40 INFO  - [2025-07-17 18:44:40] User: anshagarwal.rishikesh@gmail.com | Action: GET | Endpoint: /api/tenants/1/users | IP: 0:0:0:0:0:0:0:1 | Status: 200
2025-07-17 18:44:40 INFO  - [2025-07-17 18:44:40] User: anshagarwal.rishikesh@gmail.com | Action: GET | Endpoint: /api/tenants/1/projects | IP: 0:0:0:0:0:0:0:1 | Status: 200
2025-07-17 18:44:41 INFO  - [2025-07-17 18:44:41] User: anshagarwal.rishikesh@gmail.com | Action: GET | Endpoint: /api/po/all | IP: 0:0:0:0:0:0:0:1 | Status: 200
2025-07-17 18:44:42 INFO  - [2025-07-17 18:44:41] User: anshagarwal.rishikesh@gmail.com | Action: GET | Endpoint: /api/po/all | IP: 0:0:0:0:0:0:0:1 | Status: 200
2025-07-17 18:44:43 INFO  - [2025-07-17 18:44:43] User: anshagarwal.rishikesh@gmail.com | Action: GET | Endpoint: /api/po-milestone/po/1 | IP: 0:0:0:0:0:0:0:1 | Status: 200
2025-07-17 18:44:43 INFO  - [2025-07-17 18:44:43] User: anshagarwal.rishikesh@gmail.com | Action: GET | Endpoint: /api/po/1 | IP: 0:0:0:0:0:0:0:1 | Status: 200
2025-07-17 18:44:43 INFO  - [2025-07-17 18:44:43] User: anshagarwal.rishikesh@gmail.com | Action: GET | Endpoint: /api/po/1 | IP: 0:0:0:0:0:0:0:1 | Status: 200
2025-07-17 18:44:43 INFO  - [2025-07-17 18:44:43] User: anshagarwal.rishikesh@gmail.com | Action: GET | Endpoint: /api/po-milestone/po/1 | IP: 0:0:0:0:0:0:0:1 | Status: 200
2025-07-17 18:44:45 INFO  - [2025-07-17 18:44:45] User: anshagarwal.rishikesh@gmail.com | Action: GET | Endpoint: /api/po/all | IP: 0:0:0:0:0:0:0:1 | Status: 200
2025-07-17 18:44:45 INFO  - [2025-07-17 18:44:45] User: anshagarwal.rishikesh@gmail.com | Action: GET | Endpoint: /api/po/all | IP: 0:0:0:0:0:0:0:1 | Status: 200
2025-07-17 18:44:47 INFO  - [2025-07-17 18:44:47] User: anshagarwal.rishikesh@gmail.com | Action: GET | Endpoint: /api/po/4 | IP: 0:0:0:0:0:0:0:1 | Status: 200
2025-07-17 18:44:47 INFO  - [2025-07-17 18:44:47] User: anshagarwal.rishikesh@gmail.com | Action: GET | Endpoint: /api/po-milestone/po/4 | IP: 0:0:0:0:0:0:0:1 | Status: 200
2025-07-17 18:44:47 INFO  - [2025-07-17 18:44:47] User: anshagarwal.rishikesh@gmail.com | Action: GET | Endpoint: /api/po/4 | IP: 0:0:0:0:0:0:0:1 | Status: 200
2025-07-17 18:44:47 INFO  - [2025-07-17 18:44:47] User: anshagarwal.rishikesh@gmail.com | Action: GET | Endpoint: /api/po-milestone/po/4 | IP: 0:0:0:0:0:0:0:1 | Status: 200
2025-07-17 18:44:49 INFO  - [2025-07-17 18:44:49] User: anshagarwal.rishikesh@gmail.com | Action: GET | Endpoint: /api/po/all | IP: 0:0:0:0:0:0:0:1 | Status: 200
2025-07-17 18:44:49 INFO  - [2025-07-17 18:44:49] User: anshagarwal.rishikesh@gmail.com | Action: GET | Endpoint: /api/po/all | IP: 0:0:0:0:0:0:0:1 | Status: 200
2025-07-17 18:44:50 INFO  - [2025-07-17 18:44:50] User: anshagarwal.rishikesh@gmail.com | Action: GET | Endpoint: /api/po/5 | IP: 0:0:0:0:0:0:0:1 | Status: 200
2025-07-17 18:44:50 INFO  - [2025-07-17 18:44:50] User: anshagarwal.rishikesh@gmail.com | Action: GET | Endpoint: /api/po-milestone/po/5 | IP: 0:0:0:0:0:0:0:1 | Status: 200
2025-07-17 18:44:50 INFO  - [2025-07-17 18:44:50] User: anshagarwal.rishikesh@gmail.com | Action: GET | Endpoint: /api/po-milestone/po/5 | IP: 0:0:0:0:0:0:0:1 | Status: 200
2025-07-17 18:44:50 INFO  - [2025-07-17 18:44:50] User: anshagarwal.rishikesh@gmail.com | Action: GET | Endpoint: /api/po/5 | IP: 0:0:0:0:0:0:0:1 | Status: 200
2025-07-17 18:48:27 INFO  - [2025-07-17 18:48:27] User: anshagarwal.rishikesh@gmail.com | Action: GET | Endpoint: /api/po/5 | IP: 0:0:0:0:0:0:0:1 | Status: 200
2025-07-17 18:50:28 INFO  - [2025-07-17 18:50:28] User: anshagarwal.rishikesh@gmail.com | Action: GET | Endpoint: /api/po/all | IP: 0:0:0:0:0:0:0:1 | Status: 200
2025-07-17 18:50:28 INFO  - [2025-07-17 18:50:28] User: anshagarwal.rishikesh@gmail.com | Action: GET | Endpoint: /api/po/all | IP: 0:0:0:0:0:0:0:1 | Status: 200
2025-07-17 18:50:30 INFO  - [2025-07-17 18:50:30] User: anshagarwal.rishikesh@gmail.com | Action: GET | Endpoint: /api/tenants/1/users | IP: 0:0:0:0:0:0:0:1 | Status: 200
2025-07-17 18:50:30 INFO  - [2025-07-17 18:50:30] User: anshagarwal.rishikesh@gmail.com | Action: GET | Endpoint: /api/po/1 | IP: 0:0:0:0:0:0:0:1 | Status: 200
2025-07-17 18:50:30 INFO  - [2025-07-17 18:50:30] User: anshagarwal.rishikesh@gmail.com | Action: GET | Endpoint: /api/po-milestone/po/1 | IP: 0:0:0:0:0:0:0:1 | Status: 200
2025-07-17 18:50:30 INFO  - [2025-07-17 18:50:30] User: anshagarwal.rishikesh@gmail.com | Action: GET | Endpoint: /api/projects | IP: 0:0:0:0:0:0:0:1 | Status: 200
2025-07-17 18:50:38 INFO  - [2025-07-17 18:50:38] User: anshagarwal.rishikesh@gmail.com | Action: GET | Endpoint: /api/po-milestone/po/5 | IP: 0:0:0:0:0:0:0:1 | Status: 200
2025-07-17 18:50:38 INFO  - [2025-07-17 18:50:38] User: anshagarwal.rishikesh@gmail.com | Action: GET | Endpoint: /api/po/5 | IP: 0:0:0:0:0:0:0:1 | Status: 200
2025-07-17 18:50:38 INFO  - [2025-07-17 18:50:38] User: anshagarwal.rishikesh@gmail.com | Action: GET | Endpoint: /api/po/5 | IP: 0:0:0:0:0:0:0:1 | Status: 200
2025-07-17 18:50:38 INFO  - [2025-07-17 18:50:38] User: anshagarwal.rishikesh@gmail.com | Action: GET | Endpoint: /api/po-milestone/po/5 | IP: 0:0:0:0:0:0:0:1 | Status: 200
2025-07-17 18:50:56 INFO  - [2025-07-17 18:50:56] User: anshagarwal.rishikesh@gmail.com | Action: GET | Endpoint: /api/po/5 | IP: 0:0:0:0:0:0:0:1 | Status: 200
2025-07-17 18:56:19 INFO  - [2025-07-17 18:56:19] User: anshagarwal.rishikesh@gmail.com | Action: GET | Endpoint: /api/po/5 | IP: 0:0:0:0:0:0:0:1 | Status: 200
2025-07-17 18:57:45 INFO  - [2025-07-17 18:57:45] User: anshagarwal.rishikesh@gmail.com | Action: GET | Endpoint: /api/po/all | IP: 0:0:0:0:0:0:0:1 | Status: 200
2025-07-17 18:57:45 INFO  - [2025-07-17 18:57:45] User: anshagarwal.rishikesh@gmail.com | Action: GET | Endpoint: /api/po/all | IP: 0:0:0:0:0:0:0:1 | Status: 200
2025-07-17 18:57:52 INFO  - [2025-07-17 18:57:52] User: anshagarwal.rishikesh@gmail.com | Action: GET | Endpoint: /api/tenants/1/users | IP: 0:0:0:0:0:0:0:1 | Status: 200
2025-07-17 18:57:52 INFO  - [2025-07-17 18:57:52] User: anshagarwal.rishikesh@gmail.com | Action: GET | Endpoint: /api/po/5 | IP: 0:0:0:0:0:0:0:1 | Status: 200
2025-07-17 18:57:52 INFO  - [2025-07-17 18:57:52] User: anshagarwal.rishikesh@gmail.com | Action: GET | Endpoint: /api/po-milestone/po/5 | IP: 0:0:0:0:0:0:0:1 | Status: 200
2025-07-17 18:57:52 INFO  - [2025-07-17 18:57:52] User: anshagarwal.rishikesh@gmail.com | Action: GET | Endpoint: /api/projects | IP: 0:0:0:0:0:0:0:1 | Status: 200
2025-07-17 18:58:10 INFO  - [2025-07-17 18:58:10] User: anshagarwal.rishikesh@gmail.com | Action: GET | Endpoint: /api/po-milestone/po/5 | IP: 0:0:0:0:0:0:0:1 | Status: 200
2025-07-17 18:58:10 INFO  - [2025-07-17 18:58:10] User: anshagarwal.rishikesh@gmail.com | Action: GET | Endpoint: /api/po/5 | IP: 0:0:0:0:0:0:0:1 | Status: 200
2025-07-17 18:58:10 INFO  - [2025-07-17 18:58:10] User: anshagarwal.rishikesh@gmail.com | Action: GET | Endpoint: /api/po-milestone/po/5 | IP: 0:0:0:0:0:0:0:1 | Status: 200
2025-07-17 18:58:10 INFO  - [2025-07-17 18:58:10] User: anshagarwal.rishikesh@gmail.com | Action: GET | Endpoint: /api/po/5 | IP: 0:0:0:0:0:0:0:1 | Status: 200
2025-07-17 18:58:36 INFO  - [2025-07-17 18:58:36] User: anshagarwal.rishikesh@gmail.com | Action: GET | Endpoint: /api/po/5 | IP: 0:0:0:0:0:0:0:1 | Status: 200
2025-07-17 19:02:34 INFO  - [2025-07-17 19:02:34] User: anshagarwal.rishikesh@gmail.com | Action: GET | Endpoint: /api/po/5 | IP: 0:0:0:0:0:0:0:1 | Status: 200
2025-07-17 19:03:05 INFO  - [2025-07-17 19:03:05] User: anshagarwal.rishikesh@gmail.com | Action: POST | Endpoint: /api/po-milestone/add | IP: 0:0:0:0:0:0:0:1 | Status: 200
2025-07-17 19:03:05 INFO  - [2025-07-17 19:03:05] User: anshagarwal.rishikesh@gmail.com | Action: GET | Endpoint: /api/po-milestone/po/5 | IP: 0:0:0:0:0:0:0:1 | Status: 200
2025-07-17 19:03:13 INFO  - [2025-07-17 19:03:13] User: anshagarwal.rishikesh@gmail.com | Action: GET | Endpoint: /api/po/all | IP: 0:0:0:0:0:0:0:1 | Status: 200
2025-07-17 19:03:13 INFO  - [2025-07-17 19:03:13] User: anshagarwal.rishikesh@gmail.com | Action: GET | Endpoint: /api/po/all | IP: 0:0:0:0:0:0:0:1 | Status: 200
2025-07-17 19:03:14 INFO  - [2025-07-17 19:03:14] User: anshagarwal.rishikesh@gmail.com | Action: GET | Endpoint: /api/po/5 | IP: 0:0:0:0:0:0:0:1 | Status: 200
2025-07-17 19:03:14 INFO  - [2025-07-17 19:03:14] User: anshagarwal.rishikesh@gmail.com | Action: GET | Endpoint: /api/po-milestone/po/5 | IP: 0:0:0:0:0:0:0:1 | Status: 200
2025-07-17 19:03:14 INFO  - [2025-07-17 19:03:14] User: anshagarwal.rishikesh@gmail.com | Action: GET | Endpoint: /api/po/5 | IP: 0:0:0:0:0:0:0:1 | Status: 200
2025-07-17 19:03:14 INFO  - [2025-07-17 19:03:14] User: anshagarwal.rishikesh@gmail.com | Action: GET | Endpoint: /api/po-milestone/po/5 | IP: 0:0:0:0:0:0:0:1 | Status: 200
2025-07-17 19:03:16 INFO  - [2025-07-17 19:03:16] User: anshagarwal.rishikesh@gmail.com | Action: GET | Endpoint: /api/po/all | IP: 0:0:0:0:0:0:0:1 | Status: 200
2025-07-17 19:03:16 INFO  - [2025-07-17 19:03:16] User: anshagarwal.rishikesh@gmail.com | Action: GET | Endpoint: /api/po/all | IP: 0:0:0:0:0:0:0:1 | Status: 200
2025-07-17 19:03:18 INFO  - [2025-07-17 19:03:18] User: anshagarwal.rishikesh@gmail.com | Action: GET | Endpoint: /api/po/5 | IP: 0:0:0:0:0:0:0:1 | Status: 200
2025-07-17 19:03:18 INFO  - [2025-07-17 19:03:18] User: anshagarwal.rishikesh@gmail.com | Action: GET | Endpoint: /api/tenants/1/users | IP: 0:0:0:0:0:0:0:1 | Status: 200
2025-07-17 19:03:18 INFO  - [2025-07-17 19:03:18] User: anshagarwal.rishikesh@gmail.com | Action: GET | Endpoint: /api/po-milestone/po/5 | IP: 0:0:0:0:0:0:0:1 | Status: 200
2025-07-17 19:03:18 INFO  - [2025-07-17 19:03:18] User: anshagarwal.rishikesh@gmail.com | Action: GET | Endpoint: /api/projects | IP: 0:0:0:0:0:0:0:1 | Status: 200
2025-07-17 19:03:39 INFO  - [2025-07-17 19:03:39] User: anshagarwal.rishikesh@gmail.com | Action: GET | Endpoint: /api/po-milestone/po/5 | IP: 0:0:0:0:0:0:0:1 | Status: 200
2025-07-17 19:03:39 INFO  - [2025-07-17 19:03:39] User: anshagarwal.rishikesh@gmail.com | Action: GET | Endpoint: /api/po/5 | IP: 0:0:0:0:0:0:0:1 | Status: 200
2025-07-17 19:03:39 INFO  - [2025-07-17 19:03:39] User: anshagarwal.rishikesh@gmail.com | Action: GET | Endpoint: /api/po-milestone/po/5 | IP: 0:0:0:0:0:0:0:1 | Status: 200
2025-07-17 19:03:39 INFO  - [2025-07-17 19:03:39] User: anshagarwal.rishikesh@gmail.com | Action: GET | Endpoint: /api/po/5 | IP: 0:0:0:0:0:0:0:1 | Status: 200
2025-07-17 19:03:53 INFO  - [2025-07-17 19:03:53] User: anshagarwal.rishikesh@gmail.com | Action: GET | Endpoint: /api/po/5 | IP: 0:0:0:0:0:0:0:1 | Status: 200
2025-07-17 19:05:51 INFO  - [2025-07-17 19:05:51] User: anshagarwal.rishikesh@gmail.com | Action: GET | Endpoint: /api/po/5 | IP: 0:0:0:0:0:0:0:1 | Status: 200
2025-07-17 19:11:01 INFO  - [2025-07-17 19:11:01] User: anshagarwal.rishikesh@gmail.com | Action: GET | Endpoint: /api/po/5 | IP: 0:0:0:0:0:0:0:1 | Status: 200
2025-07-17 19:13:14 INFO  - [2025-07-17 19:13:14] User: anshagarwal.rishikesh@gmail.com | Action: GET | Endpoint: /api/po/5 | IP: 0:0:0:0:0:0:0:1 | Status: 200
2025-07-17 19:16:50 INFO  - [2025-07-17 19:16:50] User: anshagarwal.rishikesh@gmail.com | Action: GET | Endpoint: /api/po/all | IP: 0:0:0:0:0:0:0:1 | Status: 200
2025-07-17 19:16:50 INFO  - [2025-07-17 19:16:50] User: anshagarwal.rishikesh@gmail.com | Action: GET | Endpoint: /api/po/all | IP: 0:0:0:0:0:0:0:1 | Status: 200
2025-07-17 19:16:51 INFO  - [2025-07-17 19:16:51] User: anshagarwal.rishikesh@gmail.com | Action: GET | Endpoint: /api/po/4 | IP: 0:0:0:0:0:0:0:1 | Status: 200
2025-07-17 19:16:51 INFO  - [2025-07-17 19:16:51] User: anshagarwal.rishikesh@gmail.com | Action: GET | Endpoint: /api/po-milestone/po/4 | IP: 0:0:0:0:0:0:0:1 | Status: 200
2025-07-17 19:16:51 INFO  - [2025-07-17 19:16:51] User: anshagarwal.rishikesh@gmail.com | Action: GET | Endpoint: /api/po/4 | IP: 0:0:0:0:0:0:0:1 | Status: 200
2025-07-17 19:16:51 INFO  - [2025-07-17 19:16:51] User: anshagarwal.rishikesh@gmail.com | Action: GET | Endpoint: /api/po-milestone/po/4 | IP: 0:0:0:0:0:0:0:1 | Status: 200
2025-07-17 19:16:53 INFO  - [2025-07-17 19:16:53] User: anshagarwal.rishikesh@gmail.com | Action: GET | Endpoint: /api/po/all | IP: 0:0:0:0:0:0:0:1 | Status: 200
2025-07-17 19:16:53 INFO  - [2025-07-17 19:16:53] User: anshagarwal.rishikesh@gmail.com | Action: GET | Endpoint: /api/po/all | IP: 0:0:0:0:0:0:0:1 | Status: 200
2025-07-17 19:16:54 INFO  - [2025-07-17 19:16:54] User: anshagarwal.rishikesh@gmail.com | Action: GET | Endpoint: /api/po/3 | IP: 0:0:0:0:0:0:0:1 | Status: 200
2025-07-17 19:16:54 INFO  - [2025-07-17 19:16:54] User: anshagarwal.rishikesh@gmail.com | Action: GET | Endpoint: /api/po-milestone/po/3 | IP: 0:0:0:0:0:0:0:1 | Status: 200
2025-07-17 19:16:54 INFO  - [2025-07-17 19:16:54] User: anshagarwal.rishikesh@gmail.com | Action: GET | Endpoint: /api/po/3 | IP: 0:0:0:0:0:0:0:1 | Status: 200
2025-07-17 19:16:54 INFO  - [2025-07-17 19:16:54] User: anshagarwal.rishikesh@gmail.com | Action: GET | Endpoint: /api/po-milestone/po/3 | IP: 0:0:0:0:0:0:0:1 | Status: 200
2025-07-17 19:16:56 INFO  - [2025-07-17 19:16:56] User: anshagarwal.rishikesh@gmail.com | Action: GET | Endpoint: /api/po/all | IP: 0:0:0:0:0:0:0:1 | Status: 200
2025-07-17 19:16:56 INFO  - [2025-07-17 19:16:56] User: anshagarwal.rishikesh@gmail.com | Action: GET | Endpoint: /api/po/all | IP: 0:0:0:0:0:0:0:1 | Status: 200
2025-07-17 19:19:35 INFO  - [2025-07-17 19:19:35] User: anshagarwal.rishikesh@gmail.com | Action: GET | Endpoint: /api/po/4 | IP: 0:0:0:0:0:0:0:1 | Status: 200
2025-07-17 19:19:35 INFO  - [2025-07-17 19:19:35] User: anshagarwal.rishikesh@gmail.com | Action: GET | Endpoint: /api/po-milestone/po/4 | IP: 0:0:0:0:0:0:0:1 | Status: 200
2025-07-17 19:19:35 INFO  - [2025-07-17 19:19:35] User: anshagarwal.rishikesh@gmail.com | Action: GET | Endpoint: /api/po-milestone/po/4 | IP: 0:0:0:0:0:0:0:1 | Status: 200
2025-07-17 19:19:35 INFO  - [2025-07-17 19:19:35] User: anshagarwal.rishikesh@gmail.com | Action: GET | Endpoint: /api/po/4 | IP: 0:0:0:0:0:0:0:1 | Status: 200
2025-07-17 19:20:33 INFO  - [2025-07-17 19:20:33] User: anshagarwal.rishikesh@gmail.com | Action: GET | Endpoint: /api/po-milestone/4 | IP: 0:0:0:0:0:0:0:1 | Status: 200
2025-07-17 19:20:40 INFO  - [2025-07-17 19:20:40] User: anshagarwal.rishikesh@gmail.com | Action: GET | Endpoint: /api/po/all | IP: 0:0:0:0:0:0:0:1 | Status: 200
2025-07-17 19:20:40 INFO  - [2025-07-17 19:20:40] User: anshagarwal.rishikesh@gmail.com | Action: GET | Endpoint: /api/po/all | IP: 0:0:0:0:0:0:0:1 | Status: 200
2025-07-17 19:20:43 INFO  - [2025-07-17 19:20:43] User: anshagarwal.rishikesh@gmail.com | Action: GET | Endpoint: /api/po/5 | IP: 0:0:0:0:0:0:0:1 | Status: 200
2025-07-17 19:20:43 INFO  - [2025-07-17 19:20:43] User: anshagarwal.rishikesh@gmail.com | Action: GET | Endpoint: /api/po-milestone/po/5 | IP: 0:0:0:0:0:0:0:1 | Status: 200
2025-07-17 19:20:43 INFO  - [2025-07-17 19:20:43] User: anshagarwal.rishikesh@gmail.com | Action: GET | Endpoint: /api/po/5 | IP: 0:0:0:0:0:0:0:1 | Status: 200
2025-07-17 19:20:43 INFO  - [2025-07-17 19:20:43] User: anshagarwal.rishikesh@gmail.com | Action: GET | Endpoint: /api/po-milestone/po/5 | IP: 0:0:0:0:0:0:0:1 | Status: 200
2025-07-17 19:20:45 INFO  - [2025-07-17 19:20:45] User: anshagarwal.rishikesh@gmail.com | Action: GET | Endpoint: /api/po-milestone/14 | IP: 0:0:0:0:0:0:0:1 | Status: 200
2025-07-17 19:21:19 INFO  - [2025-07-17 19:21:19] User: anshagarwal.rishikesh@gmail.com | Action: GET | Endpoint: /api/po/5 | IP: 0:0:0:0:0:0:0:1 | Status: 200
2025-07-17 19:22:22 INFO  - [2025-07-17 19:22:22] User: anshagarwal.rishikesh@gmail.com | Action: GET | Endpoint: /api/po-milestone/14 | IP: 0:0:0:0:0:0:0:1 | Status: 200
