2026-01-25 19:36:17 INFO  - [2026-01-25 19:36:17] User: Anonymous | Action: GET | Endpoint: /api/security/public-key | IP: 0:0:0:0:0:0:0:1 | Status: 200
2026-01-25 19:36:17 INFO  - [2026-01-25 19:36:17] User: Anonymous | Action: GET | Endpoint: /api/security/public-key | IP: 0:0:0:0:0:0:0:1 | Status: 200
2026-01-25 19:36:28 WARN  - [2026-01-25 19:36:27] User: Anonymous | Action: POST | Endpoint: /api/users/login | IP: 0:0:0:0:0:0:0:1 | Status: 401 | Error: User not found with this email
2026-01-25 19:36:35 WARN  - [2026-01-25 19:36:35] User: Anonymous | Action: POST | Endpoint: /api/users/login | IP: 0:0:0:0:0:0:0:1 | Status: 401 | Error: User not found with this email
2026-01-25 19:36:43 WARN  - [2026-01-25 19:36:43] User: Anonymous | Action: POST | Endpoint: /api/users/login | IP: 0:0:0:0:0:0:0:1 | Status: 401 | Error: User not found with this email
2026-01-25 19:36:47 WARN  - [2026-01-25 19:36:47] User: Anonymous | Action: POST | Endpoint: /api/users/login | IP: 0:0:0:0:0:0:0:1 | Status: 401 | Error: User not found with this email
2026-01-25 19:36:57 WARN  - [2026-01-25 19:36:57] User: Anonymous | Action: POST | Endpoint: /api/users/login | IP: 0:0:0:0:0:0:0:1 | Status: 401 | Error: User not found with this email
2026-01-25 19:38:11 INFO  - [2026-01-25 19:38:11] User: Anonymous | Action: POST | Endpoint: /api/users/login | IP: 0:0:0:0:0:0:0:1 | Status: 200
2026-01-25 19:38:12 INFO  - [2026-01-25 19:38:12] User: bhagirath961778@gmail.com | Action: GET | Endpoint: /api/dashboard/summary-stats | IP: 0:0:0:0:0:0:0:1 | Status: 200
2026-01-25 19:38:12 INFO  - [2026-01-25 19:38:12] User: bhagirath961778@gmail.com | Action: GET | Endpoint: /api/dashboard/project-values | IP: 0:0:0:0:0:0:0:1 | Status: 200
2026-01-25 19:38:12 INFO  - [2026-01-25 19:38:12] User: bhagirath961778@gmail.com | Action: GET | Endpoint: /api/users/basicdetails/bhagirath961778@gmail.com | IP: 0:0:0:0:0:0:0:1 | Status: 200
2026-01-25 19:38:12 INFO  - [2026-01-25 19:38:12] User: bhagirath961778@gmail.com | Action: GET | Endpoint: /api/dashboard/project-status-pie | IP: 0:0:0:0:0:0:0:1 | Status: 200
2026-01-25 19:38:12 INFO  - [2026-01-25 19:38:12] User: bhagirath961778@gmail.com | Action: GET | Endpoint: /api/dashboard/monthly-invoice-trend | IP: 0:0:0:0:0:0:0:1 | Status: 200
2026-01-25 19:38:12 INFO  - [2026-01-25 19:38:12] User: bhagirath961778@gmail.com | Action: GET | Endpoint: /api/dashboard/po-vs-invoice | IP: 0:0:0:0:0:0:0:1 | Status: 200
2026-01-25 19:38:12 INFO  - [2026-01-25 19:38:12] User: bhagirath961778@gmail.com | Action: GET | Endpoint: /api/users/basicdetails/bhagirath961778@gmail.com | IP: 0:0:0:0:0:0:0:1 | Status: 200
2026-01-25 19:38:12 INFO  - [2026-01-25 19:38:12] User: bhagirath961778@gmail.com | Action: GET | Endpoint: /api/dashboard/project-status-pie | IP: 0:0:0:0:0:0:0:1 | Status: 200
2026-01-25 19:38:12 INFO  - [2026-01-25 19:38:12] User: bhagirath961778@gmail.com | Action: GET | Endpoint: /api/dashboard/project-values | IP: 0:0:0:0:0:0:0:1 | Status: 200
2026-01-25 19:38:12 INFO  - [2026-01-25 19:38:12] User: bhagirath961778@gmail.com | Action: GET | Endpoint: /api/dashboard/monthly-invoice-trend | IP: 0:0:0:0:0:0:0:1 | Status: 200
2026-01-25 19:38:12 INFO  - [2026-01-25 19:38:12] User: bhagirath961778@gmail.com | Action: GET | Endpoint: /api/dashboard/po-vs-invoice | IP: 0:0:0:0:0:0:0:1 | Status: 200
2026-01-25 19:38:13 INFO  - [2026-01-25 19:38:12] User: bhagirath961778@gmail.com | Action: GET | Endpoint: /api/dashboard/summary-stats | IP: 0:0:0:0:0:0:0:1 | Status: 200
2026-01-25 19:38:13 INFO  - [2026-01-25 19:38:12] User: bhagirath961778@gmail.com | Action: GET | Endpoint: /api/dashboard/project-team-count | IP: 0:0:0:0:0:0:0:1 | Status: 200
2026-01-25 19:38:13 INFO  - [2026-01-25 19:38:13] User: bhagirath961778@gmail.com | Action: GET | Endpoint: /api/dashboard/project-team-count | IP: 0:0:0:0:0:0:0:1 | Status: 200
2026-01-25 19:38:18 INFO  - [2026-01-25 19:38:18] User: bhagirath961778@gmail.com | Action: GET | Endpoint: /api/budget-lines | IP: 0:0:0:0:0:0:0:1 | Status: 200
2026-01-25 19:38:18 INFO  - [2026-01-25 19:38:18] User: bhagirath961778@gmail.com | Action: GET | Endpoint: /api/po/all | IP: 0:0:0:0:0:0:0:1 | Status: 200
2026-01-25 19:38:18 INFO  - [2026-01-25 19:38:18] User: bhagirath961778@gmail.com | Action: GET | Endpoint: /api/po/all | IP: 0:0:0:0:0:0:0:1 | Status: 200
2026-01-25 19:38:18 INFO  - [2026-01-25 19:38:18] User: bhagirath961778@gmail.com | Action: GET | Endpoint: /api/budget-lines | IP: 0:0:0:0:0:0:0:1 | Status: 200
2026-01-25 19:38:20 INFO  - [2026-01-25 19:38:20] User: bhagirath961778@gmail.com | Action: GET | Endpoint: /api/invoices | IP: 0:0:0:0:0:0:0:1 | Status: 200
2026-01-25 19:38:20 INFO  - [2026-01-25 19:38:20] User: bhagirath961778@gmail.com | Action: GET | Endpoint: /api/invoices | IP: 0:0:0:0:0:0:0:1 | Status: 200
2026-01-25 19:43:21 INFO  - [2026-01-25 19:43:21] User: bhagirath961778@gmail.com | Action: GET | Endpoint: /api/tenants/3/users | IP: 0:0:0:0:0:0:0:1 | Status: 200
2026-01-25 19:43:21 INFO  - [2026-01-25 19:43:21] User: bhagirath961778@gmail.com | Action: GET | Endpoint: /api/organizations/type/CUSTOMER | IP: 0:0:0:0:0:0:0:1 | Status: 200
2026-01-25 19:43:21 INFO  - [2026-01-25 19:43:21] User: bhagirath961778@gmail.com | Action: GET | Endpoint: /api/organizations/type/SUPPLIER | IP: 0:0:0:0:0:0:0:1 | Status: 200
2026-01-25 19:43:21 INFO  - [2026-01-25 19:43:21] User: bhagirath961778@gmail.com | Action: GET | Endpoint: /api/organizations/type/CUSTOMER | IP: 0:0:0:0:0:0:0:1 | Status: 200
2026-01-25 19:43:21 INFO  - [2026-01-25 19:43:21] User: bhagirath961778@gmail.com | Action: GET | Endpoint: /api/organizations/type/SUPPLIER | IP: 0:0:0:0:0:0:0:1 | Status: 200
2026-01-25 19:43:21 INFO  - [2026-01-25 19:43:21] User: bhagirath961778@gmail.com | Action: GET | Endpoint: /api/invoices/projects | IP: 0:0:0:0:0:0:0:1 | Status: 200
2026-01-25 19:44:03 INFO  - [2026-01-25 19:44:03] User: bhagirath961778@gmail.com | Action: GET | Endpoint: /api/modules/ | IP: 0:0:0:0:0:0:0:1 | Status: 200
2026-01-25 19:44:03 INFO  - [2026-01-25 19:44:03] User: bhagirath961778@gmail.com | Action: GET | Endpoint: /api/access/getRoles | IP: 0:0:0:0:0:0:0:1 | Status: 200
2026-01-25 19:44:03 INFO  - [2026-01-25 19:44:03] User: bhagirath961778@gmail.com | Action: GET | Endpoint: /api/tenants/3/getAllUsers | IP: 0:0:0:0:0:0:0:1 | Status: 200
2026-01-25 19:44:03 INFO  - [2026-01-25 19:44:03] User: bhagirath961778@gmail.com | Action: GET | Endpoint: /api/modules/ | IP: 0:0:0:0:0:0:0:1 | Status: 200
2026-01-25 19:44:03 INFO  - [2026-01-25 19:44:03] User: bhagirath961778@gmail.com | Action: GET | Endpoint: /api/tenants/3/getAllUsers | IP: 0:0:0:0:0:0:0:1 | Status: 200
2026-01-25 19:44:03 INFO  - [2026-01-25 19:44:03] User: bhagirath961778@gmail.com | Action: GET | Endpoint: /api/access/getRoles | IP: 0:0:0:0:0:0:0:1 | Status: 200
2026-01-25 19:44:04 INFO  - [2026-01-25 19:44:04] User: bhagirath961778@gmail.com | Action: GET | Endpoint: /api/access/getRoles | IP: 0:0:0:0:0:0:0:1 | Status: 200
2026-01-25 19:44:04 INFO  - [2026-01-25 19:44:04] User: bhagirath961778@gmail.com | Action: GET | Endpoint: /api/access/getRoles | IP: 0:0:0:0:0:0:0:1 | Status: 200
2026-01-25 19:44:06 INFO  - [2026-01-25 19:44:06] User: bhagirath961778@gmail.com | Action: GET | Endpoint: /api/modules/ | IP: 0:0:0:0:0:0:0:1 | Status: 200
2026-01-25 19:44:06 INFO  - [2026-01-25 19:44:06] User: bhagirath961778@gmail.com | Action: GET | Endpoint: /api/tenants/3/getAllUsers | IP: 0:0:0:0:0:0:0:1 | Status: 200
2026-01-25 19:44:06 INFO  - [2026-01-25 19:44:06] User: bhagirath961778@gmail.com | Action: GET | Endpoint: /api/access/getRoles | IP: 0:0:0:0:0:0:0:1 | Status: 200
2026-01-25 19:44:06 INFO  - [2026-01-25 19:44:06] User: bhagirath961778@gmail.com | Action: GET | Endpoint: /api/modules/ | IP: 0:0:0:0:0:0:0:1 | Status: 200
2026-01-25 19:44:06 INFO  - [2026-01-25 19:44:06] User: bhagirath961778@gmail.com | Action: GET | Endpoint: /api/tenants/3/getAllUsers | IP: 0:0:0:0:0:0:0:1 | Status: 200
2026-01-25 19:44:06 INFO  - [2026-01-25 19:44:06] User: bhagirath961778@gmail.com | Action: GET | Endpoint: /api/access/getRoles | IP: 0:0:0:0:0:0:0:1 | Status: 200
2026-01-25 19:44:07 INFO  - [2026-01-25 19:44:07] User: bhagirath961778@gmail.com | Action: GET | Endpoint: /api/timesheet-tasks/admin/summary | IP: 0:0:0:0:0:0:0:1 | Status: 200
2026-01-25 19:44:08 INFO  - [2026-01-25 19:44:07] User: bhagirath961778@gmail.com | Action: GET | Endpoint: /api/timesheet-tasks/admin/summary | IP: 0:0:0:0:0:0:0:1 | Status: 200
2026-01-25 19:44:09 INFO  - [2026-01-25 19:44:09] User: bhagirath961778@gmail.com | Action: GET | Endpoint: /api/systems/tenant | IP: 0:0:0:0:0:0:0:1 | Status: 200
2026-01-25 19:44:09 INFO  - [2026-01-25 19:44:09] User: bhagirath961778@gmail.com | Action: GET | Endpoint: /api/sprints/project/130 | IP: 0:0:0:0:0:0:0:1 | Status: 200
2026-01-25 19:44:09 INFO  - [2026-01-25 19:44:09] User: bhagirath961778@gmail.com | Action: GET | Endpoint: /api/tenants/3/projects | IP: 0:0:0:0:0:0:0:1 | Status: 200
2026-01-25 19:44:09 INFO  - [2026-01-25 19:44:09] User: bhagirath961778@gmail.com | Action: GET | Endpoint: /api/status-flags/type/story | IP: 0:0:0:0:0:0:0:1 | Status: 200
2026-01-25 19:44:09 INFO  - [2026-01-25 19:44:09] User: bhagirath961778@gmail.com | Action: GET | Endpoint: /api/project-team/list/130 | IP: 0:0:0:0:0:0:0:1 | Status: 200
2026-01-25 19:44:09 INFO  - [2026-01-25 19:44:09] User: bhagirath961778@gmail.com | Action: GET | Endpoint: /api/systems/tenant | IP: 0:0:0:0:0:0:0:1 | Status: 200
2026-01-25 19:44:09 INFO  - [2026-01-25 19:44:09] User: bhagirath961778@gmail.com | Action: GET | Endpoint: /api/status-flags/type/story | IP: 0:0:0:0:0:0:0:1 | Status: 200
2026-01-25 19:44:09 INFO  - [2026-01-25 19:44:09] User: bhagirath961778@gmail.com | Action: GET | Endpoint: /api/tenants/3/projects | IP: 0:0:0:0:0:0:0:1 | Status: 200
2026-01-25 19:44:10 INFO  - [2026-01-25 19:44:09] User: bhagirath961778@gmail.com | Action: GET | Endpoint: /api/systems/tenant | IP: 0:0:0:0:0:0:0:1 | Status: 200
2026-01-25 19:44:10 INFO  - [2026-01-25 19:44:09] User: bhagirath961778@gmail.com | Action: GET | Endpoint: /api/status-flags/type/story | IP: 0:0:0:0:0:0:0:1 | Status: 200
2026-01-25 19:44:10 INFO  - [2026-01-25 19:44:10] User: bhagirath961778@gmail.com | Action: GET | Endpoint: /api/systems/tenant | IP: 0:0:0:0:0:0:0:1 | Status: 200
2026-01-25 19:44:10 INFO  - [2026-01-25 19:44:10] User: bhagirath961778@gmail.com | Action: GET | Endpoint: /api/status-flags/type/story | IP: 0:0:0:0:0:0:0:1 | Status: 200
2026-01-25 19:44:10 INFO  - [2026-01-25 19:44:10] User: bhagirath961778@gmail.com | Action: GET | Endpoint: /api/releases/project/130 | IP: 0:0:0:0:0:0:0:1 | Status: 200
2026-01-25 19:44:10 INFO  - [2026-01-25 19:44:10] User: bhagirath961778@gmail.com | Action: GET | Endpoint: /api/systems/tenant | IP: 0:0:0:0:0:0:0:1 | Status: 200
2026-01-25 19:44:10 INFO  - [2026-01-25 19:44:10] User: bhagirath961778@gmail.com | Action: POST | Endpoint: /api/userstory/filter | IP: 0:0:0:0:0:0:0:1 | Status: 200
2026-01-25 19:44:10 INFO  - [2026-01-25 19:44:10] User: bhagirath961778@gmail.com | Action: GET | Endpoint: /api/status-flags/type/story | IP: 0:0:0:0:0:0:0:1 | Status: 200
2026-01-25 19:44:10 INFO  - [2026-01-25 19:44:10] User: bhagirath961778@gmail.com | Action: GET | Endpoint: /api/project-team/list/130 | IP: 0:0:0:0:0:0:0:1 | Status: 200
2026-01-25 19:44:10 INFO  - [2026-01-25 19:44:10] User: bhagirath961778@gmail.com | Action: GET | Endpoint: /api/status-flags/type/story | IP: 0:0:0:0:0:0:0:1 | Status: 200
2026-01-25 19:44:10 INFO  - [2026-01-25 19:44:10] User: bhagirath961778@gmail.com | Action: GET | Endpoint: /api/status-flags/type/story | IP: 0:0:0:0:0:0:0:1 | Status: 200
2026-01-25 19:44:10 INFO  - [2026-01-25 19:44:10] User: bhagirath961778@gmail.com | Action: GET | Endpoint: /api/status-flags/type/story | IP: 0:0:0:0:0:0:0:1 | Status: 200
2026-01-25 19:44:10 INFO  - [2026-01-25 19:44:10] User: bhagirath961778@gmail.com | Action: GET | Endpoint: /api/status-flags/type/story | IP: 0:0:0:0:0:0:0:1 | Status: 200
2026-01-25 19:44:10 INFO  - [2026-01-25 19:44:10] User: bhagirath961778@gmail.com | Action: GET | Endpoint: /api/status-flags/type/story | IP: 0:0:0:0:0:0:0:1 | Status: 200
2026-01-25 19:44:10 INFO  - [2026-01-25 19:44:10] User: bhagirath961778@gmail.com | Action: GET | Endpoint: /api/status-flags/type/story | IP: 0:0:0:0:0:0:0:1 | Status: 200
2026-01-25 19:44:12 INFO  - [2026-01-25 19:44:12] User: bhagirath961778@gmail.com | Action: GET | Endpoint: /api/status-flags/type/story | IP: 0:0:0:0:0:0:0:1 | Status: 200
2026-01-25 19:44:12 INFO  - [2026-01-25 19:44:12] User: bhagirath961778@gmail.com | Action: GET | Endpoint: /api/sprints/project/130 | IP: 0:0:0:0:0:0:0:1 | Status: 200
2026-01-25 19:44:12 INFO  - [2026-01-25 19:44:12] User: bhagirath961778@gmail.com | Action: GET | Endpoint: /api/systems/tenant | IP: 0:0:0:0:0:0:0:1 | Status: 200
2026-01-25 19:44:12 INFO  - [2026-01-25 19:44:12] User: bhagirath961778@gmail.com | Action: GET | Endpoint: /api/project-team/list/130 | IP: 0:0:0:0:0:0:0:1 | Status: 200
2026-01-25 19:44:12 INFO  - [2026-01-25 19:44:12] User: bhagirath961778@gmail.com | Action: GET | Endpoint: /api/tenants/3/projects | IP: 0:0:0:0:0:0:0:1 | Status: 200
2026-01-25 19:44:12 INFO  - [2026-01-25 19:44:12] User: bhagirath961778@gmail.com | Action: GET | Endpoint: /api/releases/project/130 | IP: 0:0:0:0:0:0:0:1 | Status: 200
2026-01-25 19:44:12 INFO  - [2026-01-25 19:44:12] User: bhagirath961778@gmail.com | Action: GET | Endpoint: /api/project-team/list/130 | IP: 0:0:0:0:0:0:0:1 | Status: 200
2026-01-25 19:44:19 INFO  - [2026-01-25 19:44:19] User: bhagirath961778@gmail.com | Action: GET | Endpoint: /api/project-team/list/130 | IP: 0:0:0:0:0:0:0:1 | Status: 200
2026-01-25 19:44:19 INFO  - [2026-01-25 19:44:19] User: bhagirath961778@gmail.com | Action: GET | Endpoint: /api/systems/tenant | IP: 0:0:0:0:0:0:0:1 | Status: 200
2026-01-25 19:44:19 INFO  - [2026-01-25 19:44:19] User: bhagirath961778@gmail.com | Action: GET | Endpoint: /api/status-flags/type/story | IP: 0:0:0:0:0:0:0:1 | Status: 200
2026-01-25 19:44:20 INFO  - [2026-01-25 19:44:20] User: bhagirath961778@gmail.com | Action: GET | Endpoint: /api/po/all | IP: 0:0:0:0:0:0:0:1 | Status: 200
2026-01-25 19:44:20 INFO  - [2026-01-25 19:44:20] User: bhagirath961778@gmail.com | Action: GET | Endpoint: /api/budget-lines | IP: 0:0:0:0:0:0:0:1 | Status: 200
2026-01-25 19:44:20 INFO  - [2026-01-25 19:44:20] User: bhagirath961778@gmail.com | Action: GET | Endpoint: /api/budget-lines | IP: 0:0:0:0:0:0:0:1 | Status: 200
2026-01-25 19:44:20 INFO  - [2026-01-25 19:44:20] User: bhagirath961778@gmail.com | Action: GET | Endpoint: /api/po/all | IP: 0:0:0:0:0:0:0:1 | Status: 200
2026-01-25 19:44:23 INFO  - [2026-01-25 19:44:23] User: bhagirath961778@gmail.com | Action: GET | Endpoint: /api/invoices | IP: 0:0:0:0:0:0:0:1 | Status: 200
2026-01-25 19:44:24 INFO  - [2026-01-25 19:44:24] User: bhagirath961778@gmail.com | Action: GET | Endpoint: /api/invoices | IP: 0:0:0:0:0:0:0:1 | Status: 200
2026-01-25 19:44:24 INFO  - [2026-01-25 19:44:24] User: bhagirath961778@gmail.com | Action: GET | Endpoint: /api/tenants/3/users | IP: 0:0:0:0:0:0:0:1 | Status: 200
2026-01-25 19:44:24 INFO  - [2026-01-25 19:44:24] User: bhagirath961778@gmail.com | Action: GET | Endpoint: /api/organizations/type/SUPPLIER | IP: 0:0:0:0:0:0:0:1 | Status: 200
2026-01-25 19:44:24 INFO  - [2026-01-25 19:44:24] User: bhagirath961778@gmail.com | Action: GET | Endpoint: /api/organizations/type/CUSTOMER | IP: 0:0:0:0:0:0:0:1 | Status: 200
2026-01-25 19:44:24 INFO  - [2026-01-25 19:44:24] User: bhagirath961778@gmail.com | Action: GET | Endpoint: /api/organizations/type/CUSTOMER | IP: 0:0:0:0:0:0:0:1 | Status: 200
2026-01-25 19:44:24 INFO  - [2026-01-25 19:44:24] User: bhagirath961778@gmail.com | Action: GET | Endpoint: /api/organizations/type/SUPPLIER | IP: 0:0:0:0:0:0:0:1 | Status: 200
2026-01-25 19:44:25 INFO  - [2026-01-25 19:44:24] User: bhagirath961778@gmail.com | Action: GET | Endpoint: /api/invoices/projects | IP: 0:0:0:0:0:0:0:1 | Status: 200
2026-01-25 19:57:34 INFO  - [2026-01-25 19:57:34] User: bhagirath961778@gmail.com | Action: GET | Endpoint: /api/tenants/3/users | IP: 0:0:0:0:0:0:0:1 | Status: 200
2026-01-25 19:57:34 INFO  - [2026-01-25 19:57:34] User: bhagirath961778@gmail.com | Action: GET | Endpoint: /api/organizations/type/SUPPLIER | IP: 0:0:0:0:0:0:0:1 | Status: 200
2026-01-25 19:57:34 INFO  - [2026-01-25 19:57:34] User: bhagirath961778@gmail.com | Action: GET | Endpoint: /api/organizations/type/CUSTOMER | IP: 0:0:0:0:0:0:0:1 | Status: 200
2026-01-25 19:57:35 INFO  - [2026-01-25 19:57:35] User: bhagirath961778@gmail.com | Action: GET | Endpoint: /api/invoices/projects | IP: 0:0:0:0:0:0:0:1 | Status: 200
2026-01-25 19:57:46 INFO  - [2026-01-25 19:57:46] User: bhagirath961778@gmail.com | Action: GET | Endpoint: /api/tenants/3/users | IP: 0:0:0:0:0:0:0:1 | Status: 200
2026-01-25 19:57:46 INFO  - [2026-01-25 19:57:46] User: bhagirath961778@gmail.com | Action: GET | Endpoint: /api/invoices/projects | IP: 0:0:0:0:0:0:0:1 | Status: 200
2026-01-25 19:57:59 INFO  - [2026-01-25 19:57:59] User: bhagirath961778@gmail.com | Action: GET | Endpoint: /api/tenants/3/users | IP: 0:0:0:0:0:0:0:1 | Status: 200
2026-01-25 19:57:59 INFO  - [2026-01-25 19:57:59] User: bhagirath961778@gmail.com | Action: GET | Endpoint: /api/invoices/projects | IP: 0:0:0:0:0:0:0:1 | Status: 200
2026-01-25 19:58:27 INFO  - [2026-01-25 19:58:27] User: bhagirath961778@gmail.com | Action: GET | Endpoint: /api/tenants/3/users | IP: 0:0:0:0:0:0:0:1 | Status: 200
2026-01-25 19:58:27 INFO  - [2026-01-25 19:58:27] User: bhagirath961778@gmail.com | Action: GET | Endpoint: /api/organizations/type/CUSTOMER | IP: 0:0:0:0:0:0:0:1 | Status: 200
2026-01-25 19:58:27 INFO  - [2026-01-25 19:58:27] User: bhagirath961778@gmail.com | Action: GET | Endpoint: /api/organizations/type/SUPPLIER | IP: 0:0:0:0:0:0:0:1 | Status: 200
2026-01-25 19:58:27 INFO  - [2026-01-25 19:58:27] User: bhagirath961778@gmail.com | Action: GET | Endpoint: /api/organizations/type/CUSTOMER | IP: 0:0:0:0:0:0:0:1 | Status: 200
2026-01-25 19:58:27 INFO  - [2026-01-25 19:58:27] User: bhagirath961778@gmail.com | Action: GET | Endpoint: /api/organizations/type/SUPPLIER | IP: 0:0:0:0:0:0:0:1 | Status: 200
2026-01-25 19:58:27 INFO  - [2026-01-25 19:58:27] User: bhagirath961778@gmail.com | Action: GET | Endpoint: /api/organizations/type/CUSTOMER | IP: 0:0:0:0:0:0:0:1 | Status: 200
2026-01-25 19:58:27 INFO  - [2026-01-25 19:58:27] User: bhagirath961778@gmail.com | Action: GET | Endpoint: /api/organizations/type/SUPPLIER | IP: 0:0:0:0:0:0:0:1 | Status: 200
2026-01-25 19:58:28 INFO  - [2026-01-25 19:58:27] User: bhagirath961778@gmail.com | Action: GET | Endpoint: /api/organizations/type/SUPPLIER | IP: 0:0:0:0:0:0:0:1 | Status: 200
2026-01-25 19:58:28 INFO  - [2026-01-25 19:58:28] User: bhagirath961778@gmail.com | Action: GET | Endpoint: /api/organizations/type/CUSTOMER | IP: 0:0:0:0:0:0:0:1 | Status: 200
2026-01-25 19:58:28 INFO  - [2026-01-25 19:58:28] User: bhagirath961778@gmail.com | Action: GET | Endpoint: /api/invoices/projects | IP: 0:0:0:0:0:0:0:1 | Status: 200
2026-01-25 19:58:47 INFO  - [2026-01-25 19:58:47] User: bhagirath961778@gmail.com | Action: GET | Endpoint: /api/tenants/3/users | IP: 0:0:0:0:0:0:0:1 | Status: 200
2026-01-25 19:58:47 INFO  - [2026-01-25 19:58:47] User: bhagirath961778@gmail.com | Action: GET | Endpoint: /api/invoices/projects | IP: 0:0:0:0:0:0:0:1 | Status: 200
2026-01-25 19:59:07 INFO  - [2026-01-25 19:59:07] User: bhagirath961778@gmail.com | Action: GET | Endpoint: /api/tenants/3/users | IP: 0:0:0:0:0:0:0:1 | Status: 200
2026-01-25 19:59:08 INFO  - [2026-01-25 19:59:07] User: bhagirath961778@gmail.com | Action: GET | Endpoint: /api/invoices/projects | IP: 0:0:0:0:0:0:0:1 | Status: 200
2026-01-25 19:59:16 INFO  - [2026-01-25 19:59:16] User: bhagirath961778@gmail.com | Action: GET | Endpoint: /api/tenants/3/users | IP: 0:0:0:0:0:0:0:1 | Status: 200
2026-01-25 19:59:16 INFO  - [2026-01-25 19:59:16] User: bhagirath961778@gmail.com | Action: GET | Endpoint: /api/invoices/projects | IP: 0:0:0:0:0:0:0:1 | Status: 200
2026-01-25 19:59:24 INFO  - [2026-01-25 19:59:24] User: bhagirath961778@gmail.com | Action: GET | Endpoint: /api/tenants/3/users | IP: 0:0:0:0:0:0:0:1 | Status: 200
2026-01-25 19:59:24 INFO  - [2026-01-25 19:59:24] User: bhagirath961778@gmail.com | Action: GET | Endpoint: /api/invoices/projects | IP: 0:0:0:0:0:0:0:1 | Status: 200
2026-01-25 19:59:34 INFO  - [2026-01-25 19:59:34] User: bhagirath961778@gmail.com | Action: GET | Endpoint: /api/tenants/3/users | IP: 0:0:0:0:0:0:0:1 | Status: 200
2026-01-25 19:59:35 INFO  - [2026-01-25 19:59:34] User: bhagirath961778@gmail.com | Action: GET | Endpoint: /api/invoices/projects | IP: 0:0:0:0:0:0:0:1 | Status: 200
2026-01-25 19:59:56 INFO  - [2026-01-25 19:59:56] User: bhagirath961778@gmail.com | Action: GET | Endpoint: /api/tenants/3/users | IP: 0:0:0:0:0:0:0:1 | Status: 200
2026-01-25 19:59:57 INFO  - [2026-01-25 19:59:56] User: bhagirath961778@gmail.com | Action: GET | Endpoint: /api/invoices/projects | IP: 0:0:0:0:0:0:0:1 | Status: 200
2026-01-25 20:00:21 INFO  - [2026-01-25 20:00:21] User: bhagirath961778@gmail.com | Action: GET | Endpoint: /api/tenants/3/users | IP: 0:0:0:0:0:0:0:1 | Status: 200
2026-01-25 20:00:22 INFO  - [2026-01-25 20:00:22] User: bhagirath961778@gmail.com | Action: GET | Endpoint: /api/invoices/projects | IP: 0:0:0:0:0:0:0:1 | Status: 200
2026-01-25 20:00:42 INFO  - [2026-01-25 20:00:42] User: bhagirath961778@gmail.com | Action: GET | Endpoint: /api/tenants/3/users | IP: 0:0:0:0:0:0:0:1 | Status: 200
2026-01-25 20:00:43 INFO  - [2026-01-25 20:00:43] User: bhagirath961778@gmail.com | Action: GET | Endpoint: /api/invoices/projects | IP: 0:0:0:0:0:0:0:1 | Status: 200
2026-01-25 20:00:55 INFO  - [2026-01-25 20:00:55] User: bhagirath961778@gmail.com | Action: GET | Endpoint: /api/tenants/3/users | IP: 0:0:0:0:0:0:0:1 | Status: 200
2026-01-25 20:00:55 INFO  - [2026-01-25 20:00:55] User: bhagirath961778@gmail.com | Action: GET | Endpoint: /api/invoices/projects | IP: 0:0:0:0:0:0:0:1 | Status: 200
2026-01-25 20:01:27 INFO  - [2026-01-25 20:01:27] User: bhagirath961778@gmail.com | Action: GET | Endpoint: /api/tenants/3/users | IP: 0:0:0:0:0:0:0:1 | Status: 200
2026-01-25 20:01:28 INFO  - [2026-01-25 20:01:28] User: bhagirath961778@gmail.com | Action: GET | Endpoint: /api/invoices/projects | IP: 0:0:0:0:0:0:0:1 | Status: 200
2026-01-25 20:05:23 INFO  - [2026-01-25 20:05:23] User: bhagirath961778@gmail.com | Action: GET | Endpoint: /api/tenants/3/users | IP: 0:0:0:0:0:0:0:1 | Status: 200
2026-01-25 20:05:24 INFO  - [2026-01-25 20:05:23] User: bhagirath961778@gmail.com | Action: GET | Endpoint: /api/invoices/projects | IP: 0:0:0:0:0:0:0:1 | Status: 200
2026-01-25 20:05:31 INFO  - [2026-01-25 20:05:31] User: bhagirath961778@gmail.com | Action: GET | Endpoint: /api/tenants/3/users | IP: 0:0:0:0:0:0:0:1 | Status: 200
2026-01-25 20:05:31 INFO  - [2026-01-25 20:05:31] User: bhagirath961778@gmail.com | Action: GET | Endpoint: /api/invoices/projects | IP: 0:0:0:0:0:0:0:1 | Status: 200
2026-01-25 20:05:45 INFO  - [2026-01-25 20:05:45] User: bhagirath961778@gmail.com | Action: GET | Endpoint: /api/tenants/3/users | IP: 0:0:0:0:0:0:0:1 | Status: 200
2026-01-25 20:05:46 INFO  - [2026-01-25 20:05:45] User: bhagirath961778@gmail.com | Action: GET | Endpoint: /api/invoices/projects | IP: 0:0:0:0:0:0:0:1 | Status: 200
2026-01-25 20:06:23 INFO  - [2026-01-25 20:06:23] User: bhagirath961778@gmail.com | Action: GET | Endpoint: /api/tenants/3/users | IP: 0:0:0:0:0:0:0:1 | Status: 200
2026-01-25 20:06:24 INFO  - [2026-01-25 20:06:23] User: bhagirath961778@gmail.com | Action: GET | Endpoint: /api/invoices/projects | IP: 0:0:0:0:0:0:0:1 | Status: 200
2026-01-25 20:09:07 INFO  - [2026-01-25 20:09:07] User: bhagirath961778@gmail.com | Action: GET | Endpoint: /api/tenants/3/users | IP: 0:0:0:0:0:0:0:1 | Status: 200
2026-01-25 20:09:08 INFO  - [2026-01-25 20:09:07] User: bhagirath961778@gmail.com | Action: GET | Endpoint: /api/invoices/projects | IP: 0:0:0:0:0:0:0:1 | Status: 200
2026-01-25 20:11:06 INFO  - [2026-01-25 20:11:06] User: bhagirath961778@gmail.com | Action: GET | Endpoint: /api/organizations/type/SUPPLIER | IP: 0:0:0:0:0:0:0:1 | Status: 200
2026-01-25 20:11:06 INFO  - [2026-01-25 20:11:06] User: bhagirath961778@gmail.com | Action: GET | Endpoint: /api/tenants/3/users | IP: 0:0:0:0:0:0:0:1 | Status: 200
2026-01-25 20:11:06 INFO  - [2026-01-25 20:11:06] User: bhagirath961778@gmail.com | Action: GET | Endpoint: /api/organizations/type/CUSTOMER | IP: 0:0:0:0:0:0:0:1 | Status: 200
2026-01-25 20:11:06 INFO  - [2026-01-25 20:11:06] User: bhagirath961778@gmail.com | Action: GET | Endpoint: /api/organizations/type/SUPPLIER | IP: 0:0:0:0:0:0:0:1 | Status: 200
2026-01-25 20:11:07 INFO  - [2026-01-25 20:11:06] User: bhagirath961778@gmail.com | Action: GET | Endpoint: /api/invoices/projects | IP: 0:0:0:0:0:0:0:1 | Status: 200
2026-01-25 20:11:35 INFO  - [2026-01-25 20:11:35] User: bhagirath961778@gmail.com | Action: GET | Endpoint: /api/tenants/3/users | IP: 0:0:0:0:0:0:0:1 | Status: 200
2026-01-25 20:11:35 INFO  - [2026-01-25 20:11:35] User: bhagirath961778@gmail.com | Action: GET | Endpoint: /api/invoices/projects | IP: 0:0:0:0:0:0:0:1 | Status: 200
2026-01-25 20:12:06 INFO  - [2026-01-25 20:12:06] User: bhagirath961778@gmail.com | Action: GET | Endpoint: /api/tenants/3/users | IP: 0:0:0:0:0:0:0:1 | Status: 200
2026-01-25 20:12:06 INFO  - [2026-01-25 20:12:06] User: bhagirath961778@gmail.com | Action: GET | Endpoint: /api/invoices/projects | IP: 0:0:0:0:0:0:0:1 | Status: 200
2026-01-25 20:12:24 INFO  - [2026-01-25 20:12:24] User: bhagirath961778@gmail.com | Action: GET | Endpoint: /api/tenants/3/users | IP: 0:0:0:0:0:0:0:1 | Status: 200
2026-01-25 20:12:24 INFO  - [2026-01-25 20:12:24] User: bhagirath961778@gmail.com | Action: GET | Endpoint: /api/invoices/projects | IP: 0:0:0:0:0:0:0:1 | Status: 200
2026-01-25 20:12:49 INFO  - [2026-01-25 20:12:49] User: bhagirath961778@gmail.com | Action: GET | Endpoint: /api/tenants/3/users | IP: 0:0:0:0:0:0:0:1 | Status: 200
2026-01-25 20:12:50 INFO  - [2026-01-25 20:12:49] User: bhagirath961778@gmail.com | Action: GET | Endpoint: /api/invoices/projects | IP: 0:0:0:0:0:0:0:1 | Status: 200
2026-01-25 20:13:35 INFO  - [2026-01-25 20:13:35] User: bhagirath961778@gmail.com | Action: GET | Endpoint: /api/tenants/3/users | IP: 0:0:0:0:0:0:0:1 | Status: 200
2026-01-25 20:13:35 INFO  - [2026-01-25 20:13:35] User: bhagirath961778@gmail.com | Action: GET | Endpoint: /api/invoices/projects | IP: 0:0:0:0:0:0:0:1 | Status: 200
2026-01-25 20:13:54 INFO  - [2026-01-25 20:13:54] User: bhagirath961778@gmail.com | Action: GET | Endpoint: /api/tenants/3/users | IP: 0:0:0:0:0:0:0:1 | Status: 200
2026-01-25 20:13:54 INFO  - [2026-01-25 20:13:54] User: bhagirath961778@gmail.com | Action: GET | Endpoint: /api/invoices/projects | IP: 0:0:0:0:0:0:0:1 | Status: 200
2026-01-25 20:15:16 INFO  - [2026-01-25 20:15:16] User: bhagirath961778@gmail.com | Action: GET | Endpoint: /api/tenants/3/users | IP: 0:0:0:0:0:0:0:1 | Status: 200
2026-01-25 20:15:16 INFO  - [2026-01-25 20:15:16] User: bhagirath961778@gmail.com | Action: GET | Endpoint: /api/invoices/projects | IP: 0:0:0:0:0:0:0:1 | Status: 200
2026-01-25 20:15:32 INFO  - [2026-01-25 20:15:32] User: bhagirath961778@gmail.com | Action: GET | Endpoint: /api/tenants/3/users | IP: 0:0:0:0:0:0:0:1 | Status: 200
2026-01-25 20:15:32 INFO  - [2026-01-25 20:15:32] User: bhagirath961778@gmail.com | Action: GET | Endpoint: /api/invoices/projects | IP: 0:0:0:0:0:0:0:1 | Status: 200
2026-01-25 20:16:13 INFO  - [2026-01-25 20:16:13] User: bhagirath961778@gmail.com | Action: GET | Endpoint: /api/tenants/3/users | IP: 0:0:0:0:0:0:0:1 | Status: 200
2026-01-25 20:16:13 INFO  - [2026-01-25 20:16:13] User: bhagirath961778@gmail.com | Action: GET | Endpoint: /api/invoices/projects | IP: 0:0:0:0:0:0:0:1 | Status: 200
2026-01-25 20:17:28 INFO  - [2026-01-25 20:17:28] User: bhagirath961778@gmail.com | Action: GET | Endpoint: /api/tenants/3/users | IP: 0:0:0:0:0:0:0:1 | Status: 200
2026-01-25 20:17:28 INFO  - [2026-01-25 20:17:28] User: bhagirath961778@gmail.com | Action: GET | Endpoint: /api/invoices/projects | IP: 0:0:0:0:0:0:0:1 | Status: 200
2026-01-25 20:17:29 INFO  - [2026-01-25 20:17:29] User: bhagirath961778@gmail.com | Action: GET | Endpoint: /api/tenants/3/users | IP: 0:0:0:0:0:0:0:1 | Status: 200
2026-01-25 20:17:29 INFO  - [2026-01-25 20:17:29] User: bhagirath961778@gmail.com | Action: GET | Endpoint: /api/invoices/projects | IP: 0:0:0:0:0:0:0:1 | Status: 200
2026-01-25 20:20:35 INFO  - [2026-01-25 20:20:35] User: bhagirath961778@gmail.com | Action: GET | Endpoint: /api/tenants/3/users | IP: 0:0:0:0:0:0:0:1 | Status: 200
2026-01-25 20:20:35 INFO  - [2026-01-25 20:20:35] User: bhagirath961778@gmail.com | Action: GET | Endpoint: /api/invoices/projects | IP: 0:0:0:0:0:0:0:1 | Status: 200
2026-01-25 20:31:35 INFO  - [2026-01-25 20:31:35] User: bhagirath961778@gmail.com | Action: GET | Endpoint: /api/organizations/type/CUSTOMER | IP: 0:0:0:0:0:0:0:1 | Status: 200
2026-01-25 20:31:35 INFO  - [2026-01-25 20:31:35] User: bhagirath961778@gmail.com | Action: GET | Endpoint: /api/tenants/3/users | IP: 0:0:0:0:0:0:0:1 | Status: 200
2026-01-25 20:31:35 INFO  - [2026-01-25 20:31:35] User: bhagirath961778@gmail.com | Action: GET | Endpoint: /api/organizations/type/SUPPLIER | IP: 0:0:0:0:0:0:0:1 | Status: 200
2026-01-25 20:31:35 INFO  - [2026-01-25 20:31:35] User: bhagirath961778@gmail.com | Action: GET | Endpoint: /api/organizations/type/SUPPLIER | IP: 0:0:0:0:0:0:0:1 | Status: 200
2026-01-25 20:31:35 INFO  - [2026-01-25 20:31:35] User: bhagirath961778@gmail.com | Action: GET | Endpoint: /api/organizations/type/CUSTOMER | IP: 0:0:0:0:0:0:0:1 | Status: 200
2026-01-25 20:31:36 INFO  - [2026-01-25 20:31:36] User: bhagirath961778@gmail.com | Action: GET | Endpoint: /api/invoices/projects | IP: 0:0:0:0:0:0:0:1 | Status: 200
2026-01-25 20:32:47 INFO  - [2026-01-25 20:32:47] User: bhagirath961778@gmail.com | Action: GET | Endpoint: /api/organizations/type/CUSTOMER | IP: 0:0:0:0:0:0:0:1 | Status: 200
2026-01-25 20:32:47 INFO  - [2026-01-25 20:32:47] User: bhagirath961778@gmail.com | Action: GET | Endpoint: /api/tenants/3/users | IP: 0:0:0:0:0:0:0:1 | Status: 200
2026-01-25 20:32:48 INFO  - [2026-01-25 20:32:47] User: bhagirath961778@gmail.com | Action: GET | Endpoint: /api/organizations/type/SUPPLIER | IP: 0:0:0:0:0:0:0:1 | Status: 200
2026-01-25 20:32:48 INFO  - [2026-01-25 20:32:48] User: bhagirath961778@gmail.com | Action: GET | Endpoint: /api/organizations/type/CUSTOMER | IP: 0:0:0:0:0:0:0:1 | Status: 200
2026-01-25 20:32:48 INFO  - [2026-01-25 20:32:48] User: bhagirath961778@gmail.com | Action: GET | Endpoint: /api/organizations/type/SUPPLIER | IP: 0:0:0:0:0:0:0:1 | Status: 200
2026-01-25 20:32:48 INFO  - [2026-01-25 20:32:48] User: bhagirath961778@gmail.com | Action: GET | Endpoint: /api/invoices/projects | IP: 0:0:0:0:0:0:0:1 | Status: 200
2026-01-25 20:33:40 INFO  - [2026-01-25 20:33:39] User: bhagirath961778@gmail.com | Action: GET | Endpoint: /api/timesheet-tasks/admin-between | IP: 0:0:0:0:0:0:0:1 | Status: 200
2026-01-25 20:33:46 INFO  - [2026-01-25 20:33:46] User: bhagirath961778@gmail.com | Action: GET | Endpoint: /api/timesheet-tasks/admin-between | IP: 0:0:0:0:0:0:0:1 | Status: 200
2026-01-25 20:33:46 INFO  - [2026-01-25 20:33:46] User: bhagirath961778@gmail.com | Action: GET | Endpoint: /api/timesheet-tasks/admin-between | IP: 0:0:0:0:0:0:0:1 | Status: 200
2026-01-25 20:33:46 INFO  - [2026-01-25 20:33:46] User: bhagirath961778@gmail.com | Action: GET | Endpoint: /api/timesheet-tasks/admin-between | IP: 0:0:0:0:0:0:0:1 | Status: 200
2026-01-25 20:33:46 INFO  - [2026-01-25 20:33:46] User: bhagirath961778@gmail.com | Action: GET | Endpoint: /api/timesheet-tasks/admin-between | IP: 0:0:0:0:0:0:0:1 | Status: 200
2026-01-25 20:33:49 INFO  - [2026-01-25 20:33:49] User: bhagirath961778@gmail.com | Action: GET | Endpoint: /api/timesheet-tasks/admin-between | IP: 0:0:0:0:0:0:0:1 | Status: 200
2026-01-25 20:34:11 WARN  - [2026-01-25 20:34:10] User: bhagirath961778@gmail.com | Action: POST | Endpoint: /api/invoices/generate | IP: 0:0:0:0:0:0:0:1 | Status: 500 | Error: Validation failed for argument [0] in public org.springframework.http.ResponseEntity<?> com.Protronserver.Protronserver.Controller.InvoiceController.generateInvoice(com.Protronserver.Protronserver.DTOs.InvoiceRequestDTO): [Field error in object 'invoiceRequestDTO' on field 'rate': rejected value [null]; codes [NotNull.invoiceRequestDTO.rate
2026-01-25 20:39:29 INFO  - [2026-01-25 20:39:29] User: bhagirath961778@gmail.com | Action: GET | Endpoint: /api/tenants/3/users | IP: 0:0:0:0:0:0:0:1 | Status: 200
2026-01-25 20:39:29 INFO  - [2026-01-25 20:39:29] User: bhagirath961778@gmail.com | Action: GET | Endpoint: /api/invoices/projects | IP: 0:0:0:0:0:0:0:1 | Status: 200
2026-01-25 20:43:07 INFO  - [2026-01-25 20:43:07] User: bhagirath961778@gmail.com | Action: GET | Endpoint: /api/tenants/3/users | IP: 0:0:0:0:0:0:0:1 | Status: 200
2026-01-25 20:43:07 INFO  - [2026-01-25 20:43:07] User: bhagirath961778@gmail.com | Action: GET | Endpoint: /api/organizations/type/CUSTOMER | IP: 0:0:0:0:0:0:0:1 | Status: 200
2026-01-25 20:43:07 INFO  - [2026-01-25 20:43:07] User: bhagirath961778@gmail.com | Action: GET | Endpoint: /api/organizations/type/CUSTOMER | IP: 0:0:0:0:0:0:0:1 | Status: 200
2026-01-25 20:43:08 INFO  - [2026-01-25 20:43:07] User: bhagirath961778@gmail.com | Action: GET | Endpoint: /api/invoices/projects | IP: 0:0:0:0:0:0:0:1 | Status: 200
2026-01-25 20:44:35 INFO  - [2026-01-25 20:44:35] User: bhagirath961778@gmail.com | Action: GET | Endpoint: /api/tenants/3/users | IP: 0:0:0:0:0:0:0:1 | Status: 200
2026-01-25 20:44:36 INFO  - [2026-01-25 20:44:35] User: bhagirath961778@gmail.com | Action: GET | Endpoint: /api/invoices/projects | IP: 0:0:0:0:0:0:0:1 | Status: 200
2026-01-25 20:46:25 INFO  - [2026-01-25 20:46:25] User: bhagirath961778@gmail.com | Action: GET | Endpoint: /api/tenants/3/users | IP: 0:0:0:0:0:0:0:1 | Status: 200
2026-01-25 20:46:25 INFO  - [2026-01-25 20:46:25] User: bhagirath961778@gmail.com | Action: GET | Endpoint: /api/organizations/type/CUSTOMER | IP: 0:0:0:0:0:0:0:1 | Status: 200
2026-01-25 20:46:25 INFO  - [2026-01-25 20:46:25] User: bhagirath961778@gmail.com | Action: GET | Endpoint: /api/organizations/type/CUSTOMER | IP: 0:0:0:0:0:0:0:1 | Status: 200
2026-01-25 20:46:25 INFO  - [2026-01-25 20:46:25] User: bhagirath961778@gmail.com | Action: GET | Endpoint: /api/invoices/projects | IP: 0:0:0:0:0:0:0:1 | Status: 200
2026-01-25 20:50:35 INFO  - [2026-01-25 20:50:35] User: bhagirath961778@gmail.com | Action: GET | Endpoint: /api/tenants/3/users | IP: 0:0:0:0:0:0:0:1 | Status: 200
2026-01-25 20:50:36 INFO  - [2026-01-25 20:50:36] User: bhagirath961778@gmail.com | Action: GET | Endpoint: /api/invoices/projects | IP: 0:0:0:0:0:0:0:1 | Status: 200
2026-01-25 20:53:30 INFO  - [2026-01-25 20:53:30] User: bhagirath961778@gmail.com | Action: GET | Endpoint: /api/tenants/3/users | IP: 0:0:0:0:0:0:0:1 | Status: 200
2026-01-25 20:53:30 INFO  - [2026-01-25 20:53:30] User: bhagirath961778@gmail.com | Action: GET | Endpoint: /api/invoices/projects | IP: 0:0:0:0:0:0:0:1 | Status: 200
2026-01-25 20:56:25 INFO  - [2026-01-25 20:56:25] User: bhagirath961778@gmail.com | Action: GET | Endpoint: /api/organizations/type/SUPPLIER | IP: 0:0:0:0:0:0:0:1 | Status: 200
2026-01-25 20:56:25 INFO  - [2026-01-25 20:56:25] User: bhagirath961778@gmail.com | Action: GET | Endpoint: /api/organizations/type/CUSTOMER | IP: 0:0:0:0:0:0:0:1 | Status: 200
2026-01-25 20:56:25 INFO  - [2026-01-25 20:56:25] User: bhagirath961778@gmail.com | Action: GET | Endpoint: /api/tenants/3/users | IP: 0:0:0:0:0:0:0:1 | Status: 200
2026-01-25 20:56:25 INFO  - [2026-01-25 20:56:25] User: bhagirath961778@gmail.com | Action: GET | Endpoint: /api/invoices/projects | IP: 0:0:0:0:0:0:0:1 | Status: 200
2026-01-25 20:56:31 INFO  - [2026-01-25 20:56:31] User: bhagirath961778@gmail.com | Action: GET | Endpoint: /api/tenants/3/users | IP: 0:0:0:0:0:0:0:1 | Status: 200
2026-01-25 20:56:31 INFO  - [2026-01-25 20:56:31] User: bhagirath961778@gmail.com | Action: GET | Endpoint: /api/invoices/projects | IP: 0:0:0:0:0:0:0:1 | Status: 200
2026-01-25 20:58:57 INFO  - [2026-01-25 20:58:57] User: bhagirath961778@gmail.com | Action: GET | Endpoint: /api/organizations/type/CUSTOMER | IP: 0:0:0:0:0:0:0:1 | Status: 200
2026-01-25 20:58:57 INFO  - [2026-01-25 20:58:57] User: bhagirath961778@gmail.com | Action: GET | Endpoint: /api/organizations/type/SUPPLIER | IP: 0:0:0:0:0:0:0:1 | Status: 200
2026-01-25 20:58:57 INFO  - [2026-01-25 20:58:57] User: bhagirath961778@gmail.com | Action: GET | Endpoint: /api/tenants/3/users | IP: 0:0:0:0:0:0:0:1 | Status: 200
2026-01-25 20:58:57 INFO  - [2026-01-25 20:58:57] User: bhagirath961778@gmail.com | Action: GET | Endpoint: /api/invoices/projects | IP: 0:0:0:0:0:0:0:1 | Status: 200
2026-01-25 20:59:02 INFO  - [2026-01-25 20:59:02] User: bhagirath961778@gmail.com | Action: GET | Endpoint: /api/tenants/3/users | IP: 0:0:0:0:0:0:0:1 | Status: 200
2026-01-25 20:59:02 INFO  - [2026-01-25 20:59:02] User: bhagirath961778@gmail.com | Action: GET | Endpoint: /api/invoices/projects | IP: 0:0:0:0:0:0:0:1 | Status: 200
2026-01-25 20:59:29 INFO  - [2026-01-25 20:59:29] User: bhagirath961778@gmail.com | Action: GET | Endpoint: /api/timesheet-tasks/admin-between | IP: 0:0:0:0:0:0:0:1 | Status: 200
2026-01-25 21:02:09 INFO  - [2026-01-25 21:02:09] User: bhagirath961778@gmail.com | Action: GET | Endpoint: /api/tenants/3/users | IP: 0:0:0:0:0:0:0:1 | Status: 200
2026-01-25 21:02:09 INFO  - [2026-01-25 21:02:09] User: bhagirath961778@gmail.com | Action: GET | Endpoint: /api/invoices/projects | IP: 0:0:0:0:0:0:0:1 | Status: 200
2026-01-25 21:02:19 INFO  - [2026-01-25 21:02:19] User: bhagirath961778@gmail.com | Action: GET | Endpoint: /api/tenants/3/users | IP: 0:0:0:0:0:0:0:1 | Status: 200
2026-01-25 21:02:19 INFO  - [2026-01-25 21:02:19] User: bhagirath961778@gmail.com | Action: GET | Endpoint: /api/invoices/projects | IP: 0:0:0:0:0:0:0:1 | Status: 200
2026-01-25 21:04:22 INFO  - [2026-01-25 21:04:22] User: bhagirath961778@gmail.com | Action: GET | Endpoint: /api/tenants/3/users | IP: 0:0:0:0:0:0:0:1 | Status: 200
2026-01-25 21:04:22 INFO  - [2026-01-25 21:04:22] User: bhagirath961778@gmail.com | Action: GET | Endpoint: /api/invoices/projects | IP: 0:0:0:0:0:0:0:1 | Status: 200
2026-01-25 21:04:28 INFO  - [2026-01-25 21:04:28] User: bhagirath961778@gmail.com | Action: GET | Endpoint: /api/tenants/3/users | IP: 0:0:0:0:0:0:0:1 | Status: 200
2026-01-25 21:04:28 INFO  - [2026-01-25 21:04:28] User: bhagirath961778@gmail.com | Action: GET | Endpoint: /api/invoices/projects | IP: 0:0:0:0:0:0:0:1 | Status: 200
2026-01-25 21:05:01 INFO  - [2026-01-25 21:05:01] User: bhagirath961778@gmail.com | Action: GET | Endpoint: /api/tenants/3/users | IP: 0:0:0:0:0:0:0:1 | Status: 200
2026-01-25 21:05:01 INFO  - [2026-01-25 21:05:01] User: bhagirath961778@gmail.com | Action: GET | Endpoint: /api/organizations/type/CUSTOMER | IP: 0:0:0:0:0:0:0:1 | Status: 200
2026-01-25 21:05:01 INFO  - [2026-01-25 21:05:01] User: bhagirath961778@gmail.com | Action: GET | Endpoint: /api/organizations/type/SUPPLIER | IP: 0:0:0:0:0:0:0:1 | Status: 200
2026-01-25 21:05:01 INFO  - [2026-01-25 21:05:01] User: bhagirath961778@gmail.com | Action: GET | Endpoint: /api/organizations/type/CUSTOMER | IP: 0:0:0:0:0:0:0:1 | Status: 200
2026-01-25 21:05:01 INFO  - [2026-01-25 21:05:01] User: bhagirath961778@gmail.com | Action: GET | Endpoint: /api/organizations/type/SUPPLIER | IP: 0:0:0:0:0:0:0:1 | Status: 200
2026-01-25 21:05:01 INFO  - [2026-01-25 21:05:01] User: bhagirath961778@gmail.com | Action: GET | Endpoint: /api/invoices/projects | IP: 0:0:0:0:0:0:0:1 | Status: 200
2026-01-25 21:06:27 INFO  - [2026-01-25 21:06:27] User: bhagirath961778@gmail.com | Action: GET | Endpoint: /api/tenants/3/users | IP: 0:0:0:0:0:0:0:1 | Status: 200
2026-01-25 21:06:27 INFO  - [2026-01-25 21:06:27] User: bhagirath961778@gmail.com | Action: GET | Endpoint: /api/invoices/projects | IP: 0:0:0:0:0:0:0:1 | Status: 200
2026-01-25 21:06:35 INFO  - [2026-01-25 21:06:35] User: bhagirath961778@gmail.com | Action: GET | Endpoint: /api/tenants/3/users | IP: 0:0:0:0:0:0:0:1 | Status: 200
2026-01-25 21:06:35 INFO  - [2026-01-25 21:06:35] User: bhagirath961778@gmail.com | Action: GET | Endpoint: /api/invoices/projects | IP: 0:0:0:0:0:0:0:1 | Status: 200
2026-01-25 21:10:04 INFO  - [2026-01-25 21:10:04] User: bhagirath961778@gmail.com | Action: GET | Endpoint: /api/tenants/3/users | IP: 0:0:0:0:0:0:0:1 | Status: 200
2026-01-25 21:10:04 INFO  - [2026-01-25 21:10:04] User: bhagirath961778@gmail.com | Action: GET | Endpoint: /api/invoices/projects | IP: 0:0:0:0:0:0:0:1 | Status: 200
2026-01-25 21:10:16 INFO  - [2026-01-25 21:10:16] User: bhagirath961778@gmail.com | Action: GET | Endpoint: /api/tenants/3/users | IP: 0:0:0:0:0:0:0:1 | Status: 200
2026-01-25 21:10:16 INFO  - [2026-01-25 21:10:16] User: bhagirath961778@gmail.com | Action: GET | Endpoint: /api/invoices/projects | IP: 0:0:0:0:0:0:0:1 | Status: 200
2026-01-25 21:10:49 WARN  - [2026-01-25 21:10:49] User: bhagirath961778@gmail.com | Action: POST | Endpoint: /api/invoices/generate | IP: 0:0:0:0:0:0:0:1 | Status: 500 | Error: Validation failed for argument [0] in public org.springframework.http.ResponseEntity<?> com.Protronserver.Protronserver.Controller.InvoiceController.generateInvoice(com.Protronserver.Protronserver.DTOs.InvoiceRequestDTO) with 4 errors: [Field error in object 'invoiceRequestDTO' on field 'fromDate': rejected value [null]; codes [NotNull.invoiceRequestDTO.fromDate
2026-01-25 21:13:26 INFO  - [2026-01-25 21:13:26] User: bhagirath961778@gmail.com | Action: GET | Endpoint: /api/organizations/type/SUPPLIER | IP: 0:0:0:0:0:0:0:1 | Status: 200
2026-01-25 21:13:26 INFO  - [2026-01-25 21:13:26] User: bhagirath961778@gmail.com | Action: GET | Endpoint: /api/organizations/type/CUSTOMER | IP: 0:0:0:0:0:0:0:1 | Status: 200
2026-01-25 21:13:26 INFO  - [2026-01-25 21:13:26] User: bhagirath961778@gmail.com | Action: GET | Endpoint: /api/tenants/3/users | IP: 0:0:0:0:0:0:0:1 | Status: 200
2026-01-25 21:13:26 INFO  - [2026-01-25 21:13:26] User: bhagirath961778@gmail.com | Action: GET | Endpoint: /api/invoices/projects | IP: 0:0:0:0:0:0:0:1 | Status: 200
2026-01-25 21:13:33 INFO  - [2026-01-25 21:13:33] User: bhagirath961778@gmail.com | Action: GET | Endpoint: /api/tenants/3/users | IP: 0:0:0:0:0:0:0:1 | Status: 200
2026-01-25 21:13:34 INFO  - [2026-01-25 21:13:34] User: bhagirath961778@gmail.com | Action: GET | Endpoint: /api/invoices/projects | IP: 0:0:0:0:0:0:0:1 | Status: 200
2026-01-25 21:13:59 INFO  - [2026-01-25 21:13:59] User: bhagirath961778@gmail.com | Action: GET | Endpoint: /api/tenants/3/users | IP: 0:0:0:0:0:0:0:1 | Status: 200
2026-01-25 21:14:00 INFO  - [2026-01-25 21:14:00] User: bhagirath961778@gmail.com | Action: GET | Endpoint: /api/invoices/projects | IP: 0:0:0:0:0:0:0:1 | Status: 200
2026-01-25 21:14:20 INFO  - [2026-01-25 21:14:19] User: bhagirath961778@gmail.com | Action: GET | Endpoint: /api/tenants/3/users | IP: 0:0:0:0:0:0:0:1 | Status: 200
2026-01-25 21:14:20 INFO  - [2026-01-25 21:14:20] User: bhagirath961778@gmail.com | Action: GET | Endpoint: /api/invoices/projects | IP: 0:0:0:0:0:0:0:1 | Status: 200
2026-01-25 21:15:14 INFO  - [2026-01-25 21:15:14] User: bhagirath961778@gmail.com | Action: GET | Endpoint: /api/timesheet-tasks/admin-between | IP: 0:0:0:0:0:0:0:1 | Status: 200
2026-01-25 21:15:19 INFO  - [2026-01-25 21:15:19] User: bhagirath961778@gmail.com | Action: GET | Endpoint: /api/timesheet-tasks/admin-between | IP: 0:0:0:0:0:0:0:1 | Status: 200
2026-01-25 21:15:19 INFO  - [2026-01-25 21:15:19] User: bhagirath961778@gmail.com | Action: GET | Endpoint: /api/timesheet-tasks/admin-between | IP: 0:0:0:0:0:0:0:1 | Status: 200
2026-01-25 21:15:25 INFO  - [2026-01-25 21:15:25] User: bhagirath961778@gmail.com | Action: GET | Endpoint: /api/timesheet-tasks/admin-between | IP: 0:0:0:0:0:0:0:1 | Status: 200
2026-01-25 21:15:26 INFO  - [2026-01-25 21:15:26] User: bhagirath961778@gmail.com | Action: GET | Endpoint: /api/timesheet-tasks/admin-between | IP: 0:0:0:0:0:0:0:1 | Status: 200
2026-01-25 21:15:37 WARN  - [2026-01-25 21:15:37] User: bhagirath961778@gmail.com | Action: POST | Endpoint: /api/invoices/generate | IP: 0:0:0:0:0:0:0:1 | Status: 500 | Error: Validation failed for argument [0] in public org.springframework.http.ResponseEntity<?> com.Protronserver.Protronserver.Controller.InvoiceController.generateInvoice(com.Protronserver.Protronserver.DTOs.InvoiceRequestDTO): [Field error in object 'invoiceRequestDTO' on field 'rate': rejected value [null]; codes [NotNull.invoiceRequestDTO.rate
2026-01-25 21:17:14 INFO  - [2026-01-25 21:17:14] User: bhagirath961778@gmail.com | Action: GET | Endpoint: /api/tenants/3/users | IP: 0:0:0:0:0:0:0:1 | Status: 200
2026-01-25 21:17:14 INFO  - [2026-01-25 21:17:14] User: bhagirath961778@gmail.com | Action: GET | Endpoint: /api/invoices/projects | IP: 0:0:0:0:0:0:0:1 | Status: 200
2026-01-25 21:17:36 INFO  - [2026-01-25 21:17:36] User: bhagirath961778@gmail.com | Action: GET | Endpoint: /api/tenants/3/users | IP: 0:0:0:0:0:0:0:1 | Status: 200
2026-01-25 21:17:37 INFO  - [2026-01-25 21:17:37] User: bhagirath961778@gmail.com | Action: GET | Endpoint: /api/invoices/projects | IP: 0:0:0:0:0:0:0:1 | Status: 200
2026-01-25 21:18:00 INFO  - [2026-01-25 21:18:00] User: bhagirath961778@gmail.com | Action: GET | Endpoint: /api/tenants/3/users | IP: 0:0:0:0:0:0:0:1 | Status: 200
2026-01-25 21:18:01 INFO  - [2026-01-25 21:18:01] User: bhagirath961778@gmail.com | Action: GET | Endpoint: /api/invoices/projects | IP: 0:0:0:0:0:0:0:1 | Status: 200
2026-01-25 21:19:31 INFO  - [2026-01-25 21:19:31] User: bhagirath961778@gmail.com | Action: GET | Endpoint: /api/timesheet-tasks/admin-between | IP: 0:0:0:0:0:0:0:1 | Status: 200
2026-01-25 21:19:40 WARN  - [2026-01-25 21:19:40] User: bhagirath961778@gmail.com | Action: POST | Endpoint: /api/invoices/generate | IP: 0:0:0:0:0:0:0:1 | Status: 500 | Error: Validation failed for argument [0] in public org.springframework.http.ResponseEntity<?> com.Protronserver.Protronserver.Controller.InvoiceController.generateInvoice(com.Protronserver.Protronserver.DTOs.InvoiceRequestDTO): [Field error in object 'invoiceRequestDTO' on field 'rate': rejected value [0]; codes [DecimalMin.invoiceRequestDTO.rate
2026-01-25 21:21:40 INFO  - [2026-01-25 21:21:40] User: bhagirath961778@gmail.com | Action: GET | Endpoint: /api/tenants/3/users | IP: 0:0:0:0:0:0:0:1 | Status: 200
2026-01-25 21:21:40 INFO  - [2026-01-25 21:21:40] User: bhagirath961778@gmail.com | Action: GET | Endpoint: /api/invoices/projects | IP: 0:0:0:0:0:0:0:1 | Status: 200
2026-01-25 21:21:47 INFO  - [2026-01-25 21:21:47] User: bhagirath961778@gmail.com | Action: GET | Endpoint: /api/tenants/3/users | IP: 0:0:0:0:0:0:0:1 | Status: 200
2026-01-25 21:21:48 INFO  - [2026-01-25 21:21:48] User: bhagirath961778@gmail.com | Action: GET | Endpoint: /api/invoices/projects | IP: 0:0:0:0:0:0:0:1 | Status: 200
2026-01-25 21:21:52 INFO  - [2026-01-25 21:21:52] User: bhagirath961778@gmail.com | Action: GET | Endpoint: /api/tenants/3/users | IP: 0:0:0:0:0:0:0:1 | Status: 200
2026-01-25 21:21:53 INFO  - [2026-01-25 21:21:53] User: bhagirath961778@gmail.com | Action: GET | Endpoint: /api/invoices/projects | IP: 0:0:0:0:0:0:0:1 | Status: 200
2026-01-25 21:22:00 INFO  - [2026-01-25 21:22:00] User: bhagirath961778@gmail.com | Action: GET | Endpoint: /api/tenants/3/users | IP: 0:0:0:0:0:0:0:1 | Status: 200
2026-01-25 21:22:01 INFO  - [2026-01-25 21:22:01] User: bhagirath961778@gmail.com | Action: GET | Endpoint: /api/invoices/projects | IP: 0:0:0:0:0:0:0:1 | Status: 200
2026-01-25 21:28:26 INFO  - [2026-01-25 21:28:26] User: bhagirath961778@gmail.com | Action: GET | Endpoint: /api/organizations/type/SUPPLIER | IP: 0:0:0:0:0:0:0:1 | Status: 200
2026-01-25 21:28:26 INFO  - [2026-01-25 21:28:26] User: bhagirath961778@gmail.com | Action: GET | Endpoint: /api/organizations/type/CUSTOMER | IP: 0:0:0:0:0:0:0:1 | Status: 200
2026-01-25 21:28:26 INFO  - [2026-01-25 21:28:26] User: bhagirath961778@gmail.com | Action: GET | Endpoint: /api/tenants/3/users | IP: 0:0:0:0:0:0:0:1 | Status: 200
2026-01-25 21:28:26 INFO  - [2026-01-25 21:28:26] User: bhagirath961778@gmail.com | Action: GET | Endpoint: /api/invoices/projects | IP: 0:0:0:0:0:0:0:1 | Status: 200
2026-01-25 21:31:13 INFO  - [2026-01-25 21:31:13] User: bhagirath961778@gmail.com | Action: GET | Endpoint: /api/organizations/type/CUSTOMER | IP: 0:0:0:0:0:0:0:1 | Status: 200
2026-01-25 21:31:13 INFO  - [2026-01-25 21:31:13] User: bhagirath961778@gmail.com | Action: GET | Endpoint: /api/organizations/type/SUPPLIER | IP: 0:0:0:0:0:0:0:1 | Status: 200
2026-01-25 21:31:13 INFO  - [2026-01-25 21:31:13] User: bhagirath961778@gmail.com | Action: GET | Endpoint: /api/tenants/3/users | IP: 0:0:0:0:0:0:0:1 | Status: 200
2026-01-25 21:31:13 INFO  - [2026-01-25 21:31:13] User: bhagirath961778@gmail.com | Action: GET | Endpoint: /api/invoices/projects | IP: 0:0:0:0:0:0:0:1 | Status: 200
2026-01-25 21:32:54 INFO  - [2026-01-25 21:32:54] User: bhagirath961778@gmail.com | Action: GET | Endpoint: /api/tenants/3/users | IP: 0:0:0:0:0:0:0:1 | Status: 200
2026-01-25 21:32:55 INFO  - [2026-01-25 21:32:55] User: bhagirath961778@gmail.com | Action: GET | Endpoint: /api/invoices/projects | IP: 0:0:0:0:0:0:0:1 | Status: 200
2026-01-25 21:33:07 INFO  - [2026-01-25 21:33:07] User: bhagirath961778@gmail.com | Action: GET | Endpoint: /api/tenants/3/users | IP: 0:0:0:0:0:0:0:1 | Status: 200
2026-01-25 21:33:08 INFO  - [2026-01-25 21:33:08] User: bhagirath961778@gmail.com | Action: GET | Endpoint: /api/invoices/projects | IP: 0:0:0:0:0:0:0:1 | Status: 200
2026-01-25 21:33:13 INFO  - [2026-01-25 21:33:13] User: bhagirath961778@gmail.com | Action: GET | Endpoint: /api/tenants/3/users | IP: 0:0:0:0:0:0:0:1 | Status: 200
2026-01-25 21:33:14 INFO  - [2026-01-25 21:33:14] User: bhagirath961778@gmail.com | Action: GET | Endpoint: /api/invoices/projects | IP: 0:0:0:0:0:0:0:1 | Status: 200
2026-01-25 21:33:21 INFO  - [2026-01-25 21:33:21] User: bhagirath961778@gmail.com | Action: GET | Endpoint: /api/tenants/3/users | IP: 0:0:0:0:0:0:0:1 | Status: 200
2026-01-25 21:33:22 INFO  - [2026-01-25 21:33:21] User: bhagirath961778@gmail.com | Action: GET | Endpoint: /api/invoices/projects | IP: 0:0:0:0:0:0:0:1 | Status: 200
2026-01-25 21:34:06 INFO  - [2026-01-25 21:34:06] User: bhagirath961778@gmail.com | Action: GET | Endpoint: /api/tenants/3/users | IP: 0:0:0:0:0:0:0:1 | Status: 200
2026-01-25 21:34:21 INFO  - [2026-01-25 21:34:21] User: bhagirath961778@gmail.com | Action: GET | Endpoint: /api/tenants/3/users | IP: 0:0:0:0:0:0:0:1 | Status: 200
2026-01-25 21:36:18 INFO  - [2026-01-25 21:36:18] User: bhagirath961778@gmail.com | Action: GET | Endpoint: /api/tenants/3/users | IP: 0:0:0:0:0:0:0:1 | Status: 200
2026-01-25 21:36:55 INFO  - [2026-01-25 21:36:55] User: bhagirath961778@gmail.com | Action: GET | Endpoint: /api/timesheet-tasks/admin-between | IP: 0:0:0:0:0:0:0:1 | Status: 200
2026-01-25 21:37:00 INFO  - [2026-01-25 21:37:00] User: bhagirath961778@gmail.com | Action: GET | Endpoint: /api/timesheet-tasks/admin-between | IP: 0:0:0:0:0:0:0:1 | Status: 200
2026-01-25 21:37:00 INFO  - [2026-01-25 21:37:00] User: bhagirath961778@gmail.com | Action: GET | Endpoint: /api/timesheet-tasks/admin-between | IP: 0:0:0:0:0:0:0:1 | Status: 200
2026-01-25 21:37:03 INFO  - [2026-01-25 21:37:03] User: bhagirath961778@gmail.com | Action: GET | Endpoint: /api/timesheet-tasks/admin-between | IP: 0:0:0:0:0:0:0:1 | Status: 200
2026-01-25 21:37:04 INFO  - [2026-01-25 21:37:04] User: bhagirath961778@gmail.com | Action: GET | Endpoint: /api/timesheet-tasks/admin-between | IP: 0:0:0:0:0:0:0:1 | Status: 200
2026-01-25 21:37:15 WARN  - [2026-01-25 21:37:14] User: bhagirath961778@gmail.com | Action: POST | Endpoint: /api/invoices/generate | IP: 0:0:0:0:0:0:0:1 | Status: 500 | Error: Error generating invoice: Failed to create invoice: Cannot invoke "String.equalsIgnoreCase(String)" because the return value of "com.Protronserver.Protronserver.Entities.Invoice.getCountry()" is null
2026-01-25 21:44:44 INFO  - [2026-01-25 21:44:44] User: bhagirath961778@gmail.com | Action: GET | Endpoint: /api/tenants/3/users | IP: 0:0:0:0:0:0:0:1 | Status: 200
2026-01-25 21:44:44 INFO  - [2026-01-25 21:44:44] User: bhagirath961778@gmail.com | Action: GET | Endpoint: /api/organizations/type/SUPPLIER | IP: 0:0:0:0:0:0:0:1 | Status: 200
2026-01-25 21:44:44 INFO  - [2026-01-25 21:44:44] User: bhagirath961778@gmail.com | Action: GET | Endpoint: /api/organizations/type/CUSTOMER | IP: 0:0:0:0:0:0:0:1 | Status: 200
2026-01-25 21:46:05 INFO  - [2026-01-25 21:46:05] User: bhagirath961778@gmail.com | Action: GET | Endpoint: /api/tenants/3/users | IP: 0:0:0:0:0:0:0:1 | Status: 200
2026-01-25 21:46:05 INFO  - [2026-01-25 21:46:05] User: bhagirath961778@gmail.com | Action: GET | Endpoint: /api/users/basicdetails/bhagirath961778@gmail.com | IP: 0:0:0:0:0:0:0:1 | Status: 200
2026-01-25 21:46:06 INFO  - [2026-01-25 21:46:06] User: bhagirath961778@gmail.com | Action: POST | Endpoint: /api/users/logout/6 | IP: 0:0:0:0:0:0:0:1 | Status: 200
2026-01-25 21:46:06 INFO  - [2026-01-25 21:46:06] User: Anonymous | Action: GET | Endpoint: /api/security/public-key | IP: 0:0:0:0:0:0:0:1 | Status: 200
2026-01-25 21:46:06 INFO  - [2026-01-25 21:46:06] User: Anonymous | Action: GET | Endpoint: /api/security/public-key | IP: 0:0:0:0:0:0:0:1 | Status: 200
2026-01-25 21:46:24 INFO  - [2026-01-25 21:46:24] User: Anonymous | Action: GET | Endpoint: /api/security/public-key | IP: 0:0:0:0:0:0:0:1 | Status: 200
2026-01-25 21:46:24 INFO  - [2026-01-25 21:46:24] User: Anonymous | Action: GET | Endpoint: /api/security/public-key | IP: 0:0:0:0:0:0:0:1 | Status: 200
2026-01-25 21:46:38 INFO  - [2026-01-25 21:46:38] User: Anonymous | Action: POST | Endpoint: /api/users/login | IP: 0:0:0:0:0:0:0:1 | Status: 200
2026-01-25 21:46:38 INFO  - [2026-01-25 21:46:38] User: bhagirath961778@gmail.com | Action: GET | Endpoint: /api/users/basicdetails/bhagirath961778@gmail.com | IP: 0:0:0:0:0:0:0:1 | Status: 200
2026-01-25 21:46:39 INFO  - [2026-01-25 21:46:38] User: bhagirath961778@gmail.com | Action: GET | Endpoint: /api/dashboard/monthly-invoice-trend | IP: 0:0:0:0:0:0:0:1 | Status: 200
2026-01-25 21:46:39 INFO  - [2026-01-25 21:46:38] User: bhagirath961778@gmail.com | Action: GET | Endpoint: /api/dashboard/project-values | IP: 0:0:0:0:0:0:0:1 | Status: 200
2026-01-25 21:46:39 INFO  - [2026-01-25 21:46:38] User: bhagirath961778@gmail.com | Action: GET | Endpoint: /api/dashboard/project-team-count | IP: 0:0:0:0:0:0:0:1 | Status: 200
2026-01-25 21:46:39 INFO  - [2026-01-25 21:46:38] User: bhagirath961778@gmail.com | Action: GET | Endpoint: /api/dashboard/project-status-pie | IP: 0:0:0:0:0:0:0:1 | Status: 200
2026-01-25 21:46:39 INFO  - [2026-01-25 21:46:39] User: bhagirath961778@gmail.com | Action: GET | Endpoint: /api/dashboard/po-vs-invoice | IP: 0:0:0:0:0:0:0:1 | Status: 200
2026-01-25 21:46:39 INFO  - [2026-01-25 21:46:38] User: bhagirath961778@gmail.com | Action: GET | Endpoint: /api/dashboard/summary-stats | IP: 127.0.0.1 | Status: 200
2026-01-25 21:46:39 INFO  - [2026-01-25 21:46:39] User: bhagirath961778@gmail.com | Action: GET | Endpoint: /api/users/basicdetails/bhagirath961778@gmail.com | IP: 0:0:0:0:0:0:0:1 | Status: 200
2026-01-25 21:46:39 INFO  - [2026-01-25 21:46:39] User: bhagirath961778@gmail.com | Action: GET | Endpoint: /api/dashboard/monthly-invoice-trend | IP: 0:0:0:0:0:0:0:1 | Status: 200
2026-01-25 21:46:39 INFO  - [2026-01-25 21:46:39] User: bhagirath961778@gmail.com | Action: GET | Endpoint: /api/dashboard/po-vs-invoice | IP: 0:0:0:0:0:0:0:1 | Status: 200
2026-01-25 21:46:39 INFO  - [2026-01-25 21:46:39] User: bhagirath961778@gmail.com | Action: GET | Endpoint: /api/dashboard/project-team-count | IP: 0:0:0:0:0:0:0:1 | Status: 200
2026-01-25 21:46:39 INFO  - [2026-01-25 21:46:39] User: bhagirath961778@gmail.com | Action: GET | Endpoint: /api/dashboard/project-values | IP: 0:0:0:0:0:0:0:1 | Status: 200
2026-01-25 21:46:39 INFO  - [2026-01-25 21:46:39] User: bhagirath961778@gmail.com | Action: GET | Endpoint: /api/dashboard/project-status-pie | IP: 127.0.0.1 | Status: 200
2026-01-25 21:46:39 INFO  - [2026-01-25 21:46:39] User: bhagirath961778@gmail.com | Action: GET | Endpoint: /api/dashboard/summary-stats | IP: 0:0:0:0:0:0:0:1 | Status: 200
2026-01-25 21:46:42 INFO  - [2026-01-25 21:46:42] User: bhagirath961778@gmail.com | Action: GET | Endpoint: /api/budget-lines | IP: 0:0:0:0:0:0:0:1 | Status: 200
2026-01-25 21:46:42 INFO  - [2026-01-25 21:46:42] User: bhagirath961778@gmail.com | Action: GET | Endpoint: /api/po/all | IP: 127.0.0.1 | Status: 200
2026-01-25 21:46:42 INFO  - [2026-01-25 21:46:42] User: bhagirath961778@gmail.com | Action: GET | Endpoint: /api/budget-lines | IP: 0:0:0:0:0:0:0:1 | Status: 200
2026-01-25 21:46:42 INFO  - [2026-01-25 21:46:42] User: bhagirath961778@gmail.com | Action: GET | Endpoint: /api/po/all | IP: 0:0:0:0:0:0:0:1 | Status: 200
2026-01-25 21:46:47 INFO  - [2026-01-25 21:46:47] User: bhagirath961778@gmail.com | Action: GET | Endpoint: /api/invoices | IP: 0:0:0:0:0:0:0:1 | Status: 200
2026-01-25 21:46:47 INFO  - [2026-01-25 21:46:47] User: bhagirath961778@gmail.com | Action: GET | Endpoint: /api/invoices | IP: 0:0:0:0:0:0:0:1 | Status: 200
2026-01-25 21:46:48 INFO  - [2026-01-25 21:46:48] User: bhagirath961778@gmail.com | Action: GET | Endpoint: /api/organizations/type/CUSTOMER | IP: 0:0:0:0:0:0:0:1 | Status: 200
2026-01-25 21:46:48 INFO  - [2026-01-25 21:46:48] User: bhagirath961778@gmail.com | Action: GET | Endpoint: /api/organizations/type/SUPPLIER | IP: 0:0:0:0:0:0:0:1 | Status: 200
2026-01-25 21:46:48 INFO  - [2026-01-25 21:46:48] User: bhagirath961778@gmail.com | Action: GET | Endpoint: /api/tenants/3/users | IP: 127.0.0.1 | Status: 200
2026-01-25 21:46:48 INFO  - [2026-01-25 21:46:48] User: bhagirath961778@gmail.com | Action: GET | Endpoint: /api/organizations/type/SUPPLIER | IP: 0:0:0:0:0:0:0:1 | Status: 200
2026-01-25 21:46:48 INFO  - [2026-01-25 21:46:48] User: bhagirath961778@gmail.com | Action: GET | Endpoint: /api/organizations/type/CUSTOMER | IP: 0:0:0:0:0:0:0:1 | Status: 200
2026-01-25 21:47:32 INFO  - [2026-01-25 21:47:32] User: bhagirath961778@gmail.com | Action: GET | Endpoint: /api/timesheet-tasks/admin-between | IP: 0:0:0:0:0:0:0:1 | Status: 200
2026-01-25 21:47:38 INFO  - [2026-01-25 21:47:38] User: bhagirath961778@gmail.com | Action: GET | Endpoint: /api/timesheet-tasks/admin-between | IP: 0:0:0:0:0:0:0:1 | Status: 200
2026-01-25 21:47:38 INFO  - [2026-01-25 21:47:38] User: bhagirath961778@gmail.com | Action: GET | Endpoint: /api/timesheet-tasks/admin-between | IP: 0:0:0:0:0:0:0:1 | Status: 200
2026-01-25 21:47:40 INFO  - [2026-01-25 21:47:40] User: bhagirath961778@gmail.com | Action: GET | Endpoint: /api/timesheet-tasks/admin-between | IP: 0:0:0:0:0:0:0:1 | Status: 200
2026-01-25 21:47:41 INFO  - [2026-01-25 21:47:41] User: bhagirath961778@gmail.com | Action: GET | Endpoint: /api/timesheet-tasks/admin-between | IP: 0:0:0:0:0:0:0:1 | Status: 200
2026-01-25 21:47:47 WARN  - [2026-01-25 21:47:46] User: bhagirath961778@gmail.com | Action: POST | Endpoint: /api/invoices/generate | IP: 0:0:0:0:0:0:0:1 | Status: 500 | Error: Error generating invoice: Failed to create invoice: could not execute statement [Field 'employee_name' doesn't have a default value] [insert into invoices (attachment1content_type,attachment1data,atta...
2026-01-25 21:52:10 INFO  - [2026-01-25 21:52:10] User: bhagirath961778@gmail.com | Action: GET | Endpoint: /api/tenants/3/users | IP: 0:0:0:0:0:0:0:1 | Status: 200
2026-01-25 21:52:10 INFO  - [2026-01-25 21:52:10] User: bhagirath961778@gmail.com | Action: GET | Endpoint: /api/timesheet-tasks/admin-between | IP: 0:0:0:0:0:0:0:1 | Status: 200
2026-01-25 21:52:10 INFO  - [2026-01-25 21:52:10] User: bhagirath961778@gmail.com | Action: GET | Endpoint: /api/timesheet-tasks/admin-between | IP: 0:0:0:0:0:0:0:1 | Status: 200
2026-01-25 21:52:52 INFO  - [2026-01-25 21:52:52] User: bhagirath961778@gmail.com | Action: GET | Endpoint: /api/tenants/3/users | IP: 0:0:0:0:0:0:0:1 | Status: 200
2026-01-25 21:52:53 INFO  - [2026-01-25 21:52:53] User: bhagirath961778@gmail.com | Action: GET | Endpoint: /api/timesheet-tasks/admin-between | IP: 0:0:0:0:0:0:0:1 | Status: 200
2026-01-25 21:52:53 INFO  - [2026-01-25 21:52:53] User: bhagirath961778@gmail.com | Action: GET | Endpoint: /api/timesheet-tasks/admin-between | IP: 0:0:0:0:0:0:0:1 | Status: 200
2026-01-25 21:52:59 WARN  - [2026-01-25 21:52:59] User: bhagirath961778@gmail.com | Action: POST | Endpoint: /api/invoices/generate | IP: 0:0:0:0:0:0:0:1 | Status: 500 | Error: Error generating invoice: Failed to create invoice: could not execute statement [Field 'employee_name' doesn't have a default value] [insert into invoices (attachment1content_type,attachment1data,atta...
2026-01-25 21:53:13 WARN  - [2026-01-25 21:53:12] User: bhagirath961778@gmail.com | Action: POST | Endpoint: /api/invoices/generate-with-attachments | IP: 0:0:0:0:0:0:0:1 | Status: 500 | Error: Error generating invoice with attachments: Failed to create invoice: could not execute statement [Field 'employee_name' doesn't have a default value] [insert into invoices (attachment1content_type,att...
2026-01-25 21:56:00 INFO  - [2026-01-25 21:56:00] User: bhagirath961778@gmail.com | Action: GET | Endpoint: /api/tenants/3/users | IP: 0:0:0:0:0:0:0:1 | Status: 200
2026-01-25 21:56:00 INFO  - [2026-01-25 21:56:00] User: bhagirath961778@gmail.com | Action: GET | Endpoint: /api/timesheet-tasks/admin-between | IP: 0:0:0:0:0:0:0:1 | Status: 200
2026-01-25 21:56:01 INFO  - [2026-01-25 21:56:01] User: bhagirath961778@gmail.com | Action: GET | Endpoint: /api/timesheet-tasks/admin-between | IP: 0:0:0:0:0:0:0:1 | Status: 200
2026-01-25 21:56:31 INFO  - [2026-01-25 21:56:31] User: bhagirath961778@gmail.com | Action: GET | Endpoint: /api/tenants/3/users | IP: 0:0:0:0:0:0:0:1 | Status: 200
2026-01-25 21:56:31 INFO  - [2026-01-25 21:56:31] User: bhagirath961778@gmail.com | Action: GET | Endpoint: /api/timesheet-tasks/admin-between | IP: 0:0:0:0:0:0:0:1 | Status: 200
2026-01-25 21:56:32 INFO  - [2026-01-25 21:56:32] User: bhagirath961778@gmail.com | Action: GET | Endpoint: /api/timesheet-tasks/admin-between | IP: 0:0:0:0:0:0:0:1 | Status: 200
2026-01-25 21:57:21 INFO  - [2026-01-25 21:57:21] User: bhagirath961778@gmail.com | Action: GET | Endpoint: /api/tenants/3/users | IP: 0:0:0:0:0:0:0:1 | Status: 200
2026-01-25 21:57:22 INFO  - [2026-01-25 21:57:22] User: bhagirath961778@gmail.com | Action: GET | Endpoint: /api/timesheet-tasks/admin-between | IP: 0:0:0:0:0:0:0:1 | Status: 200
2026-01-25 21:57:22 INFO  - [2026-01-25 21:57:22] User: bhagirath961778@gmail.com | Action: GET | Endpoint: /api/timesheet-tasks/admin-between | IP: 0:0:0:0:0:0:0:1 | Status: 200
2026-01-25 21:57:24 WARN  - [2026-01-25 21:57:24] User: bhagirath961778@gmail.com | Action: POST | Endpoint: /api/invoices/generate-with-attachments | IP: 0:0:0:0:0:0:0:1 | Status: 500 | Error: Error generating invoice with attachments: Failed to create invoice: could not execute statement [Field 'employee_name' doesn't have a default value] [insert into invoices (attachment1content_type,att...
2026-01-25 21:57:28 INFO  - [2026-01-25 21:57:28] User: bhagirath961778@gmail.com | Action: POST | Endpoint: /api/users/logout/6 | IP: 0:0:0:0:0:0:0:1 | Status: 200
2026-01-25 21:57:40 INFO  - [2026-01-25 21:57:40] User: bhagirath961778@gmail.com | Action: GET | Endpoint: /api/users/loggedInUser | IP: 0:0:0:0:0:0:0:1 | Status: 200
2026-01-25 21:57:42 INFO  - [2026-01-25 21:57:42] User: bhagirath961778@gmail.com | Action: GET | Endpoint: /api/users/loggedInUser | IP: 0:0:0:0:0:0:0:1 | Status: 200
2026-01-25 21:57:42 INFO  - [2026-01-25 21:57:42] User: bhagirath961778@gmail.com | Action: GET | Endpoint: /api/users/basicdetails/bhagirath961778@gmail.com | IP: 0:0:0:0:0:0:0:1 | Status: 200
2026-01-25 21:57:42 INFO  - [2026-01-25 21:57:42] User: bhagirath961778@gmail.com | Action: GET | Endpoint: /api/po/all | IP: 0:0:0:0:0:0:0:1 | Status: 200
2026-01-25 21:57:42 INFO  - [2026-01-25 21:57:42] User: bhagirath961778@gmail.com | Action: GET | Endpoint: /api/budget-lines | IP: 0:0:0:0:0:0:0:1 | Status: 200
2026-01-25 21:57:42 INFO  - [2026-01-25 21:57:42] User: bhagirath961778@gmail.com | Action: GET | Endpoint: /api/users/basicdetails/bhagirath961778@gmail.com | IP: 0:0:0:0:0:0:0:1 | Status: 200
2026-01-25 21:57:43 INFO  - [2026-01-25 21:57:42] User: bhagirath961778@gmail.com | Action: GET | Endpoint: /api/budget-lines | IP: 0:0:0:0:0:0:0:1 | Status: 200
2026-01-25 21:57:43 INFO  - [2026-01-25 21:57:43] User: bhagirath961778@gmail.com | Action: GET | Endpoint: /api/po/all | IP: 0:0:0:0:0:0:0:1 | Status: 200
2026-01-25 21:57:44 INFO  - [2026-01-25 21:57:44] User: bhagirath961778@gmail.com | Action: GET | Endpoint: /api/invoices | IP: 0:0:0:0:0:0:0:1 | Status: 200
2026-01-25 21:57:44 INFO  - [2026-01-25 21:57:44] User: bhagirath961778@gmail.com | Action: GET | Endpoint: /api/invoices | IP: 0:0:0:0:0:0:0:1 | Status: 200
2026-01-25 21:57:46 INFO  - [2026-01-25 21:57:46] User: bhagirath961778@gmail.com | Action: GET | Endpoint: /api/tenants/3/users | IP: 0:0:0:0:0:0:0:1 | Status: 200
2026-01-25 21:57:46 INFO  - [2026-01-25 21:57:46] User: bhagirath961778@gmail.com | Action: GET | Endpoint: /api/organizations/type/SUPPLIER | IP: 0:0:0:0:0:0:0:1 | Status: 200
2026-01-25 21:57:46 INFO  - [2026-01-25 21:57:46] User: bhagirath961778@gmail.com | Action: GET | Endpoint: /api/organizations/type/CUSTOMER | IP: 0:0:0:0:0:0:0:1 | Status: 200
2026-01-25 21:57:46 INFO  - [2026-01-25 21:57:46] User: bhagirath961778@gmail.com | Action: GET | Endpoint: /api/organizations/type/CUSTOMER | IP: 0:0:0:0:0:0:0:1 | Status: 200
2026-01-25 21:57:46 INFO  - [2026-01-25 21:57:46] User: bhagirath961778@gmail.com | Action: GET | Endpoint: /api/organizations/type/SUPPLIER | IP: 0:0:0:0:0:0:0:1 | Status: 200
2026-01-25 21:58:28 INFO  - [2026-01-25 21:58:28] User: bhagirath961778@gmail.com | Action: GET | Endpoint: /api/timesheet-tasks/admin-between | IP: 0:0:0:0:0:0:0:1 | Status: 200
2026-01-25 21:58:33 INFO  - [2026-01-25 21:58:33] User: bhagirath961778@gmail.com | Action: GET | Endpoint: /api/timesheet-tasks/admin-between | IP: 0:0:0:0:0:0:0:1 | Status: 200
2026-01-25 21:58:33 INFO  - [2026-01-25 21:58:33] User: bhagirath961778@gmail.com | Action: GET | Endpoint: /api/timesheet-tasks/admin-between | IP: 0:0:0:0:0:0:0:1 | Status: 200
2026-01-25 21:58:34 INFO  - [2026-01-25 21:58:34] User: bhagirath961778@gmail.com | Action: GET | Endpoint: /api/timesheet-tasks/admin-between | IP: 0:0:0:0:0:0:0:1 | Status: 200
2026-01-25 21:58:35 INFO  - [2026-01-25 21:58:35] User: bhagirath961778@gmail.com | Action: GET | Endpoint: /api/timesheet-tasks/admin-between | IP: 0:0:0:0:0:0:0:1 | Status: 200
2026-01-25 21:58:40 WARN  - [2026-01-25 21:58:40] User: bhagirath961778@gmail.com | Action: POST | Endpoint: /api/invoices/generate | IP: 0:0:0:0:0:0:0:1 | Status: 500 | Error: Error generating invoice: Failed to create invoice: could not execute statement [Field 'employee_name' doesn't have a default value] [insert into invoices (attachment1content_type,attachment1data,atta...
2026-01-25 22:02:47 INFO  - [2026-01-25 22:02:47] User: Anonymous | Action: GET | Endpoint: /api/security/public-key | IP: 0:0:0:0:0:0:0:1 | Status: 200
2026-01-25 22:02:47 INFO  - [2026-01-25 22:02:47] User: Anonymous | Action: GET | Endpoint: /api/security/public-key | IP: 0:0:0:0:0:0:0:1 | Status: 200
2026-01-25 22:03:10 INFO  - [2026-01-25 22:03:09] User: Anonymous | Action: POST | Endpoint: /api/users/login | IP: 0:0:0:0:0:0:0:1 | Status: 200
2026-01-25 22:03:12 INFO  - [2026-01-25 22:03:11] User: bhagirath961778@gmail.com | Action: GET | Endpoint: /api/dashboard/summary-stats | IP: 0:0:0:0:0:0:0:1 | Status: 200
2026-01-25 22:03:12 INFO  - [2026-01-25 22:03:11] User: bhagirath961778@gmail.com | Action: GET | Endpoint: /api/users/basicdetails/bhagirath961778@gmail.com | IP: 0:0:0:0:0:0:0:1 | Status: 200
2026-01-25 22:03:12 INFO  - [2026-01-25 22:03:11] User: bhagirath961778@gmail.com | Action: GET | Endpoint: /api/dashboard/project-team-count | IP: 0:0:0:0:0:0:0:1 | Status: 200
2026-01-25 22:03:12 INFO  - [2026-01-25 22:03:11] User: bhagirath961778@gmail.com | Action: GET | Endpoint: /api/dashboard/project-values | IP: 0:0:0:0:0:0:0:1 | Status: 200
2026-01-25 22:03:12 INFO  - [2026-01-25 22:03:11] User: bhagirath961778@gmail.com | Action: GET | Endpoint: /api/dashboard/project-status-pie | IP: 0:0:0:0:0:0:0:1 | Status: 200
2026-01-25 22:03:12 INFO  - [2026-01-25 22:03:11] User: bhagirath961778@gmail.com | Action: GET | Endpoint: /api/dashboard/monthly-invoice-trend | IP: 0:0:0:0:0:0:0:1 | Status: 200
2026-01-25 22:03:12 INFO  - [2026-01-25 22:03:12] User: bhagirath961778@gmail.com | Action: GET | Endpoint: /api/dashboard/project-values | IP: 0:0:0:0:0:0:0:1 | Status: 200
2026-01-25 22:03:12 INFO  - [2026-01-25 22:03:12] User: bhagirath961778@gmail.com | Action: GET | Endpoint: /api/dashboard/po-vs-invoice | IP: 0:0:0:0:0:0:0:1 | Status: 200
2026-01-25 22:03:12 INFO  - [2026-01-25 22:03:12] User: bhagirath961778@gmail.com | Action: GET | Endpoint: /api/users/basicdetails/bhagirath961778@gmail.com | IP: 0:0:0:0:0:0:0:1 | Status: 200
2026-01-25 22:03:12 INFO  - [2026-01-25 22:03:12] User: bhagirath961778@gmail.com | Action: GET | Endpoint: /api/dashboard/project-team-count | IP: 0:0:0:0:0:0:0:1 | Status: 200
2026-01-25 22:03:12 INFO  - [2026-01-25 22:03:12] User: bhagirath961778@gmail.com | Action: GET | Endpoint: /api/dashboard/summary-stats | IP: 0:0:0:0:0:0:0:1 | Status: 200
2026-01-25 22:03:12 INFO  - [2026-01-25 22:03:12] User: bhagirath961778@gmail.com | Action: GET | Endpoint: /api/dashboard/project-status-pie | IP: 0:0:0:0:0:0:0:1 | Status: 200
2026-01-25 22:03:12 INFO  - [2026-01-25 22:03:12] User: bhagirath961778@gmail.com | Action: GET | Endpoint: /api/dashboard/po-vs-invoice | IP: 0:0:0:0:0:0:0:1 | Status: 200
2026-01-25 22:03:12 INFO  - [2026-01-25 22:03:12] User: bhagirath961778@gmail.com | Action: GET | Endpoint: /api/dashboard/monthly-invoice-trend | IP: 0:0:0:0:0:0:0:1 | Status: 200
2026-01-25 22:03:19 INFO  - [2026-01-25 22:03:19] User: bhagirath961778@gmail.com | Action: GET | Endpoint: /api/budget-lines | IP: 0:0:0:0:0:0:0:1 | Status: 200
2026-01-25 22:03:19 INFO  - [2026-01-25 22:03:19] User: bhagirath961778@gmail.com | Action: GET | Endpoint: /api/po/all | IP: 0:0:0:0:0:0:0:1 | Status: 200
2026-01-25 22:03:19 INFO  - [2026-01-25 22:03:19] User: bhagirath961778@gmail.com | Action: GET | Endpoint: /api/budget-lines | IP: 0:0:0:0:0:0:0:1 | Status: 200
2026-01-25 22:03:19 INFO  - [2026-01-25 22:03:19] User: bhagirath961778@gmail.com | Action: GET | Endpoint: /api/po/all | IP: 0:0:0:0:0:0:0:1 | Status: 200
2026-01-25 22:03:20 INFO  - [2026-01-25 22:03:20] User: bhagirath961778@gmail.com | Action: GET | Endpoint: /api/invoices | IP: 0:0:0:0:0:0:0:1 | Status: 200
2026-01-25 22:03:20 INFO  - [2026-01-25 22:03:20] User: bhagirath961778@gmail.com | Action: GET | Endpoint: /api/invoices | IP: 0:0:0:0:0:0:0:1 | Status: 200
2026-01-25 22:03:21 INFO  - [2026-01-25 22:03:21] User: bhagirath961778@gmail.com | Action: GET | Endpoint: /api/tenants/3/users | IP: 0:0:0:0:0:0:0:1 | Status: 200
2026-01-25 22:03:22 INFO  - [2026-01-25 22:03:21] User: bhagirath961778@gmail.com | Action: GET | Endpoint: /api/organizations/type/CUSTOMER | IP: 0:0:0:0:0:0:0:1 | Status: 200
2026-01-25 22:03:22 INFO  - [2026-01-25 22:03:21] User: bhagirath961778@gmail.com | Action: GET | Endpoint: /api/organizations/type/SUPPLIER | IP: 0:0:0:0:0:0:0:1 | Status: 200
2026-01-25 22:03:22 INFO  - [2026-01-25 22:03:22] User: bhagirath961778@gmail.com | Action: GET | Endpoint: /api/organizations/type/CUSTOMER | IP: 0:0:0:0:0:0:0:1 | Status: 200
2026-01-25 22:03:22 INFO  - [2026-01-25 22:03:22] User: bhagirath961778@gmail.com | Action: GET | Endpoint: /api/organizations/type/SUPPLIER | IP: 0:0:0:0:0:0:0:1 | Status: 200
2026-01-25 22:04:07 INFO  - [2026-01-25 22:04:07] User: bhagirath961778@gmail.com | Action: GET | Endpoint: /api/timesheet-tasks/admin-between | IP: 0:0:0:0:0:0:0:1 | Status: 200
2026-01-25 22:04:11 INFO  - [2026-01-25 22:04:11] User: bhagirath961778@gmail.com | Action: GET | Endpoint: /api/timesheet-tasks/admin-between | IP: 0:0:0:0:0:0:0:1 | Status: 200
2026-01-25 22:04:11 INFO  - [2026-01-25 22:04:11] User: bhagirath961778@gmail.com | Action: GET | Endpoint: /api/timesheet-tasks/admin-between | IP: 0:0:0:0:0:0:0:1 | Status: 200
2026-01-25 22:04:13 INFO  - [2026-01-25 22:04:13] User: bhagirath961778@gmail.com | Action: GET | Endpoint: /api/timesheet-tasks/admin-between | IP: 0:0:0:0:0:0:0:1 | Status: 200
2026-01-25 22:04:13 INFO  - [2026-01-25 22:04:13] User: bhagirath961778@gmail.com | Action: GET | Endpoint: /api/timesheet-tasks/admin-between | IP: 0:0:0:0:0:0:0:1 | Status: 200
2026-01-25 22:04:19 WARN  - [2026-01-25 22:04:18] User: bhagirath961778@gmail.com | Action: POST | Endpoint: /api/invoices/generate | IP: 0:0:0:0:0:0:0:1 | Status: 500 | Error: Could not write JSON: Document nesting depth (1001) exceeds the maximum allowed (1000
2026-01-25 22:28:36 INFO  - [2026-01-25 22:28:36] User: bhagirath961778@gmail.com | Action: POST | Endpoint: /api/users/logout/6 | IP: 0:0:0:0:0:0:0:1 | Status: 200
